[2025-03-01T13:52:33.437+0000] {local_task_job_runner.py:120} INFO - ::group::Pre task execution logs
[2025-03-01T13:52:33.474+0000] {taskinstance.py:2076} INFO - Dependencies all met for dep_context=non-requeueable deps ti=<TaskInstance: crawl_thegioididong_daily.crawl manual__2025-03-01T13:52:32.153623+00:00 [queued]>
[2025-03-01T13:52:33.486+0000] {taskinstance.py:2076} INFO - Dependencies all met for dep_context=requeueable deps ti=<TaskInstance: crawl_thegioididong_daily.crawl manual__2025-03-01T13:52:32.153623+00:00 [queued]>
[2025-03-01T13:52:33.487+0000] {taskinstance.py:2306} INFO - Starting attempt 1 of 1
[2025-03-01T13:52:33.505+0000] {taskinstance.py:2330} INFO - Executing <Task(BashOperator): crawl> on 2025-03-01 13:52:32.153623+00:00
[2025-03-01T13:52:33.514+0000] {warnings.py:112} WARNING - /home/***/.local/lib/python3.12/site-packages/***/task/task_runner/standard_task_runner.py:62: DeprecationWarning: This process (pid=472) is multi-threaded, use of fork() may lead to deadlocks in the child.
  pid = os.fork()

[2025-03-01T13:52:33.516+0000] {standard_task_runner.py:90} INFO - Running: ['***', 'tasks', 'run', 'crawl_thegioididong_daily', 'crawl', 'manual__2025-03-01T13:52:32.153623+00:00', '--job-id', '109', '--raw', '--subdir', 'DAGS_FOLDER/crawl_daily_tgdd.py', '--cfg-path', '/tmp/tmp9eoij3cs']
[2025-03-01T13:52:33.517+0000] {standard_task_runner.py:64} INFO - Started process 473 to run task
[2025-03-01T13:52:33.518+0000] {standard_task_runner.py:91} INFO - Job 109: Subtask crawl
[2025-03-01T13:52:33.572+0000] {task_command.py:426} INFO - Running <TaskInstance: crawl_thegioididong_daily.crawl manual__2025-03-01T13:52:32.153623+00:00 [running]> on host 934a1bc80592
[2025-03-01T13:52:33.674+0000] {taskinstance.py:2648} INFO - Exporting env vars: AIRFLOW_CTX_DAG_OWNER='***' AIRFLOW_CTX_DAG_ID='crawl_thegioididong_daily' AIRFLOW_CTX_TASK_ID='crawl' AIRFLOW_CTX_EXECUTION_DATE='2025-03-01T13:52:32.153623+00:00' AIRFLOW_CTX_TRY_NUMBER='1' AIRFLOW_CTX_DAG_RUN_ID='manual__2025-03-01T13:52:32.153623+00:00'
[2025-03-01T13:52:33.675+0000] {taskinstance.py:430} INFO - ::endgroup::
[2025-03-01T13:52:33.688+0000] {subprocess.py:63} INFO - Tmp dir root location: /tmp
[2025-03-01T13:52:33.690+0000] {subprocess.py:75} INFO - Running command: ['/usr/bin/bash', '-c', 'cd /opt/***/crawler/tgdd_crawler/tgdd_crawler; scrapy crawl tgdd_crawler -a daily=true; ']
[2025-03-01T13:52:33.700+0000] {subprocess.py:86} INFO - Output:
[2025-03-01T13:52:34.823+0000] {subprocess.py:93} INFO - 2025-03-01 13:52:34 [scrapy.utils.log] INFO: Scrapy 2.12.0 started (bot: scrapybot)
[2025-03-01T13:52:34.826+0000] {subprocess.py:93} INFO - 2025-03-01 13:52:34 [scrapy.utils.log] INFO: Versions: lxml 5.2.2.0, libxml2 2.12.6, cssselect 1.2.0, parsel 1.10.0, w3lib 2.3.1, Twisted 24.11.0, Python 3.12.4 (main, Jul 23 2024, 07:23:20) [GCC 12.2.0], pyOpenSSL 24.1.0 (OpenSSL 3.1.4 24 Oct 2023), cryptography 41.0.7, Platform Linux-5.15.167.4-microsoft-standard-WSL2-x86_64-with-glibc2.36
[2025-03-01T13:52:34.828+0000] {subprocess.py:93} INFO - 2025-03-01 13:52:34 [root] INFO: envihihi: environ({'CELERY_LOG_FILE': '', 'AIRFLOW__CELERY__RESULT_BACKEND': 'db+postgresql://***:***@postgres/***', 'AIRFLOW_CTX_DAG_OWNER': '***', 'DUMB_INIT_SETSID': '0', 'HOSTNAME': '934a1bc80592', 'PYTHON_VERSION': '3.12.4', 'LANGUAGE': 'C.UTF-8', 'JAVA_HOME': '/usr/lib/jvm/java-8-openjdk-amd64', 'CELERY_LOG_REDIRECT': '1', 'AIRFLOW_CTX_DAG_RUN_ID': 'manual__2025-03-01T13:52:32.153623+00:00', 'AIRFLOW_USER_HOME_DIR': '/home/***', 'ADDITIONAL_RUNTIME_APT_DEPS': '', 'PWD': '/opt/***/crawler/tgdd_crawler/tgdd_crawler', 'AIRFLOW__CELERY__BROKER_URL': 'redis://:@redis:6379/0', 'AIRFLOW_VERSION': '2.9.3', 'AIRFLOW__CORE__LOAD_EXAMPLES': 'false', '_MP_FORK_LOGFORMAT_': '[%(asctime)s: %(levelname)s/%(processName)s] %(message)s', 'AIRFLOW__API__AUTH_BACKENDS': '***.api.auth.backend.basic_auth,***.api.auth.backend.session', 'INSTALL_MSSQL_CLIENT': 'true', 'INSTALL_MYSQL_CLIENT_TYPE': 'mariadb', '_AIRFLOW_PARSING_CONTEXT_DAG_ID': 'crawl_thegioididong_daily', 'GUNICORN_CMD_ARGS': '--worker-tmp-dir /dev/shm', 'LD_PRELOAD': '/usr/lib/x86_64-linux-gnu/libstdc++.so.6', 'AIRFLOW_CTX_TRY_NUMBER': '1', 'HOME': '/home/***', 'LANG': 'C.UTF-8', 'VIRTUAL_ENV': '/home/***/.local', 'AIRFLOW_HOME': '/opt/***', 'CELERY_LOG_REDIRECT_LEVEL': 'WARNING', 'GPG_KEY': '7169605F62C751356D054A26A821E680E5FA6305', 'AIRFLOW_CTX_TASK_ID': 'crawl', 'AIRFLOW__DATABASE__SQL_ALCHEMY_CONN': 'postgresql+psycopg2://***:***@postgres/***', 'AIRFLOW_USE_UV': 'false', 'AIRFLOW_CTX_DAG_ID': 'crawl_thegioididong_daily', 'AIRFLOW__CORE__EXECUTOR': 'CeleryExecutor', 'COMMIT_SHA': '', 'AIRFLOW_PIP_VERSION': '24.2', 'AIRFLOW__CORE__DAGS_ARE_PAUSED_AT_CREATION': 'true', 'AIRFLOW_CTX_EXECUTION_DATE': '2025-03-01T13:52:32.153623+00:00', 'HADOOP_HOME': '/opt/hadoop-3.2.1', 'ADDITIONAL_RUNTIME_APT_COMMAND': '', 'AIRFLOW_UV_VERSION': '0.2.31', '_PIP_ADDITIONAL_REQUIREMENTS': '', 'INSTALL_POSTGRES_CLIENT': 'true', 'SHLVL': '0', 'LC_MESSAGES': 'C.UTF-8', 'RUNTIME_APT_DEPS': '', 'PYTHON_PIP_VERSION': '24.0', 'CELERY_LOG_LEVEL': '20', 'RUNTIME_APT_COMMAND': 'echo', '_AIRFLOW_PARSING_CONTEXT_TASK_ID': 'crawl', 'LD_LIBRARY_PATH': '/usr/local/lib', 'LC_CTYPE': 'C.UTF-8', 'AIRFLOW__SCHEDULER__ENABLE_HEALTH_CHECK': 'true', 'PYTHON_GET_PIP_SHA256': 'ee09098395e42eb1f82ef4acb231a767a6ae85504a9cf9983223df0a7cbd35d7', '_MP_FORK_LOGFILE_': '', 'AIRFLOW_INSTALLATION_METHOD': '', 'LC_ALL': 'C.UTF-8', 'PYTHON_GET_PIP_URL': 'https://github.com/pypa/get-pip/raw/e03e1607ad60522cf34a92e834138eb89f57667c/public/get-pip.py', 'INSTALL_MYSQL_CLIENT': 'true', '_MP_FORK_LOGLEVEL_': '20', 'PATH': '/root/bin:/home/***/.local/bin:/usr/local/bin:/usr/local/sbin:/usr/local/bin:/usr/sbin:/usr/bin:/sbin:/bin', 'PYTHON_BASE_IMAGE': 'python:3.12-slim-bookworm', 'AIRFLOW_UID': '50000', 'BUILD_ID': '', 'AIRFLOW__CORE__FERNET_KEY': '', 'DEBIAN_FRONTEND': 'noninteractive', 'OLDPWD': '/tmp/***tmpr_hdzqxk', '_': '/home/***/.local/bin/scrapy', 'SCRAPY_SETTINGS_MODULE': 'tgdd_crawler.settings'})
[2025-03-01T13:52:34.833+0000] {subprocess.py:93} INFO - 2025-03-01 13:52:34 [scrapy.addons] INFO: Enabled addons:
[2025-03-01T13:52:34.834+0000] {subprocess.py:93} INFO - []
[2025-03-01T13:52:34.835+0000] {subprocess.py:93} INFO - 2025-03-01 13:52:34 [scrapy.extensions.telnet] INFO: Telnet Password: 1010dba74febcc90
[2025-03-01T13:52:34.885+0000] {subprocess.py:93} INFO - 2025-03-01 13:52:34 [scrapy.middleware] INFO: Enabled extensions:
[2025-03-01T13:52:34.885+0000] {subprocess.py:93} INFO - ['scrapy.extensions.corestats.CoreStats',
[2025-03-01T13:52:34.886+0000] {subprocess.py:93} INFO -  'scrapy.extensions.telnet.TelnetConsole',
[2025-03-01T13:52:34.886+0000] {subprocess.py:93} INFO -  'scrapy.extensions.memusage.MemoryUsage',
[2025-03-01T13:52:34.887+0000] {subprocess.py:93} INFO -  'scrapy.extensions.logstats.LogStats']
[2025-03-01T13:52:34.888+0000] {subprocess.py:93} INFO - 2025-03-01 13:52:34 [scrapy.crawler] INFO: Overridden settings:
[2025-03-01T13:52:34.888+0000] {subprocess.py:93} INFO - {'DOWNLOAD_DELAY': 0.2,
[2025-03-01T13:52:34.889+0000] {subprocess.py:93} INFO -  'FEED_EXPORT_ENCODING': 'utf-8',
[2025-03-01T13:52:34.889+0000] {subprocess.py:93} INFO -  'LOG_LEVEL': 'INFO',
[2025-03-01T13:52:34.890+0000] {subprocess.py:93} INFO -  'NEWSPIDER_MODULE': 'tgdd_crawler.spiders',
[2025-03-01T13:52:34.890+0000] {subprocess.py:93} INFO -  'SPIDER_MODULES': ['tgdd_crawler.spiders'],
[2025-03-01T13:52:34.891+0000] {subprocess.py:93} INFO -  'TWISTED_REACTOR': 'twisted.internet.asyncioreactor.AsyncioSelectorReactor',
[2025-03-01T13:52:34.891+0000] {subprocess.py:93} INFO -  'USER_AGENT': 'Mozilla/5.0 (Windows NT 10.0; Win64; x64) AppleWebKit/537.36 '
[2025-03-01T13:52:34.892+0000] {subprocess.py:93} INFO -                '(KHTML, like Gecko) Chrome/58.0.3029.110 Safari/537.36'}
[2025-03-01T13:52:34.991+0000] {subprocess.py:93} INFO - 2025-03-01 13:52:34 [scrapy.middleware] INFO: Enabled downloader middlewares:
[2025-03-01T13:52:34.992+0000] {subprocess.py:93} INFO - ['scrapy.downloadermiddlewares.offsite.OffsiteMiddleware',
[2025-03-01T13:52:34.992+0000] {subprocess.py:93} INFO -  'scrapy.downloadermiddlewares.httpauth.HttpAuthMiddleware',
[2025-03-01T13:52:34.993+0000] {subprocess.py:93} INFO -  'scrapy.downloadermiddlewares.downloadtimeout.DownloadTimeoutMiddleware',
[2025-03-01T13:52:34.994+0000] {subprocess.py:93} INFO -  'scrapy.downloadermiddlewares.defaultheaders.DefaultHeadersMiddleware',
[2025-03-01T13:52:34.994+0000] {subprocess.py:93} INFO -  'scrapy.downloadermiddlewares.useragent.UserAgentMiddleware',
[2025-03-01T13:52:34.995+0000] {subprocess.py:93} INFO -  'scrapy.downloadermiddlewares.retry.RetryMiddleware',
[2025-03-01T13:52:34.996+0000] {subprocess.py:93} INFO -  'scrapy.downloadermiddlewares.redirect.MetaRefreshMiddleware',
[2025-03-01T13:52:34.997+0000] {subprocess.py:93} INFO -  'scrapy.downloadermiddlewares.httpcompression.HttpCompressionMiddleware',
[2025-03-01T13:52:34.998+0000] {subprocess.py:93} INFO -  'scrapy.downloadermiddlewares.redirect.RedirectMiddleware',
[2025-03-01T13:52:34.998+0000] {subprocess.py:93} INFO -  'scrapy.downloadermiddlewares.cookies.CookiesMiddleware',
[2025-03-01T13:52:34.999+0000] {subprocess.py:93} INFO -  'scrapy.downloadermiddlewares.httpproxy.HttpProxyMiddleware',
[2025-03-01T13:52:35.000+0000] {subprocess.py:93} INFO -  'scrapy.downloadermiddlewares.stats.DownloaderStats']
[2025-03-01T13:52:35.000+0000] {subprocess.py:93} INFO - 2025-03-01 13:52:34 [scrapy.middleware] INFO: Enabled spider middlewares:
[2025-03-01T13:52:35.001+0000] {subprocess.py:93} INFO - ['scrapy.spidermiddlewares.httperror.HttpErrorMiddleware',
[2025-03-01T13:52:35.001+0000] {subprocess.py:93} INFO -  'scrapy.spidermiddlewares.referer.RefererMiddleware',
[2025-03-01T13:52:35.002+0000] {subprocess.py:93} INFO -  'scrapy.spidermiddlewares.urllength.UrlLengthMiddleware',
[2025-03-01T13:52:35.003+0000] {subprocess.py:93} INFO -  'scrapy.spidermiddlewares.depth.DepthMiddleware']
[2025-03-01T13:52:35.003+0000] {subprocess.py:93} INFO - 2025-03-01 13:52:34 [scrapy.middleware] INFO: Enabled item pipelines:
[2025-03-01T13:52:35.004+0000] {subprocess.py:93} INFO - []
[2025-03-01T13:52:35.005+0000] {subprocess.py:93} INFO - 2025-03-01 13:52:34 [scrapy.core.engine] INFO: Spider opened
[2025-03-01T13:52:35.005+0000] {subprocess.py:93} INFO - 2025-03-01 13:52:34 [scrapy.extensions.logstats] INFO: Crawled 0 pages (at 0 pages/min), scraped 0 items (at 0 items/min)
[2025-03-01T13:52:35.006+0000] {subprocess.py:93} INFO - 2025-03-01 13:52:35 [scrapy.extensions.telnet] INFO: Telnet console listening on 127.0.0.1:6023
[2025-03-01T13:52:35.441+0000] {subprocess.py:93} INFO - 2025-03-01 13:52:35 [root] INFO: lastmod:2020-12-01
[2025-03-01T13:52:35.441+0000] {subprocess.py:93} INFO - 2025-03-01 13:52:35 [root] INFO: lastmod:2020-12-01
[2025-03-01T13:52:35.442+0000] {subprocess.py:93} INFO - 2025-03-01 13:52:35 [root] INFO: lastmod:2020-12-01
[2025-03-01T13:52:35.443+0000] {subprocess.py:93} INFO - 2025-03-01 13:52:35 [root] INFO: lastmod:2020-12-01
[2025-03-01T13:52:35.443+0000] {subprocess.py:93} INFO - 2025-03-01 13:52:35 [root] INFO: lastmod:2020-12-01
[2025-03-01T13:52:35.444+0000] {subprocess.py:93} INFO - 2025-03-01 13:52:35 [root] INFO: lastmod:2020-12-01
[2025-03-01T13:52:35.444+0000] {subprocess.py:93} INFO - 2025-03-01 13:52:35 [root] INFO: lastmod:2020-12-01
[2025-03-01T13:52:35.445+0000] {subprocess.py:93} INFO - 2025-03-01 13:52:35 [root] INFO: lastmod:2020-12-01
[2025-03-01T13:52:35.445+0000] {subprocess.py:93} INFO - 2025-03-01 13:52:35 [root] INFO: lastmod:2020-12-01
[2025-03-01T13:52:35.446+0000] {subprocess.py:93} INFO - 2025-03-01 13:52:35 [root] INFO: lastmod:2020-12-01
[2025-03-01T13:52:35.447+0000] {subprocess.py:93} INFO - 2025-03-01 13:52:35 [root] INFO: lastmod:2020-12-01
[2025-03-01T13:52:35.447+0000] {subprocess.py:93} INFO - 2025-03-01 13:52:35 [root] INFO: lastmod:2020-12-01
[2025-03-01T13:52:35.448+0000] {subprocess.py:93} INFO - 2025-03-01 13:52:35 [root] INFO: lastmod:2020-12-01
[2025-03-01T13:52:35.448+0000] {subprocess.py:93} INFO - 2025-03-01 13:52:35 [root] INFO: lastmod:2020-12-01
[2025-03-01T13:52:35.449+0000] {subprocess.py:93} INFO - 2025-03-01 13:52:35 [root] INFO: lastmod:2020-12-01
[2025-03-01T13:52:35.450+0000] {subprocess.py:93} INFO - 2025-03-01 13:52:35 [root] INFO: lastmod:2020-12-01
[2025-03-01T13:52:35.451+0000] {subprocess.py:93} INFO - 2025-03-01 13:52:35 [root] INFO: lastmod:2020-12-01
[2025-03-01T13:52:35.452+0000] {subprocess.py:93} INFO - 2025-03-01 13:52:35 [root] INFO: lastmod:2020-12-01
[2025-03-01T13:52:35.452+0000] {subprocess.py:93} INFO - 2025-03-01 13:52:35 [root] INFO: lastmod:2020-12-01
[2025-03-01T13:52:35.453+0000] {subprocess.py:93} INFO - 2025-03-01 13:52:35 [root] INFO: lastmod:2020-12-01
[2025-03-01T13:52:35.453+0000] {subprocess.py:93} INFO - 2025-03-01 13:52:35 [root] INFO: lastmod:2020-12-01
[2025-03-01T13:52:35.454+0000] {subprocess.py:93} INFO - 2025-03-01 13:52:35 [root] INFO: lastmod:2020-12-01
[2025-03-01T13:52:35.454+0000] {subprocess.py:93} INFO - 2025-03-01 13:52:35 [root] INFO: lastmod:2020-12-01
[2025-03-01T13:52:35.454+0000] {subprocess.py:93} INFO - 2025-03-01 13:52:35 [root] INFO: lastmod:2020-12-01
[2025-03-01T13:52:35.455+0000] {subprocess.py:93} INFO - 2025-03-01 13:52:35 [root] INFO: lastmod:2020-12-01
[2025-03-01T13:52:35.455+0000] {subprocess.py:93} INFO - 2025-03-01 13:52:35 [root] INFO: lastmod:2020-12-01
[2025-03-01T13:52:35.455+0000] {subprocess.py:93} INFO - 2025-03-01 13:52:35 [root] INFO: lastmod:2020-12-01
[2025-03-01T13:52:35.456+0000] {subprocess.py:93} INFO - 2025-03-01 13:52:35 [root] INFO: lastmod:2020-12-01
[2025-03-01T13:52:35.456+0000] {subprocess.py:93} INFO - 2025-03-01 13:52:35 [root] INFO: lastmod:2020-12-01
[2025-03-01T13:52:35.456+0000] {subprocess.py:93} INFO - 2025-03-01 13:52:35 [root] INFO: lastmod:2020-12-01
[2025-03-01T13:52:35.457+0000] {subprocess.py:93} INFO - 2025-03-01 13:52:35 [root] INFO: lastmod:2020-12-01
[2025-03-01T13:52:35.457+0000] {subprocess.py:93} INFO - 2025-03-01 13:52:35 [root] INFO: lastmod:2020-12-01
[2025-03-01T13:52:35.458+0000] {subprocess.py:93} INFO - 2025-03-01 13:52:35 [root] INFO: lastmod:2020-12-01
[2025-03-01T13:52:35.458+0000] {subprocess.py:93} INFO - 2025-03-01 13:52:35 [root] INFO: lastmod:2020-12-01
[2025-03-01T13:52:35.459+0000] {subprocess.py:93} INFO - 2025-03-01 13:52:35 [root] INFO: lastmod:2020-12-01
[2025-03-01T13:52:35.459+0000] {subprocess.py:93} INFO - 2025-03-01 13:52:35 [root] INFO: lastmod:2020-12-01
[2025-03-01T13:52:35.459+0000] {subprocess.py:93} INFO - 2025-03-01 13:52:35 [root] INFO: lastmod:2020-12-01
[2025-03-01T13:52:35.460+0000] {subprocess.py:93} INFO - 2025-03-01 13:52:35 [root] INFO: lastmod:2020-12-01
[2025-03-01T13:52:35.460+0000] {subprocess.py:93} INFO - 2025-03-01 13:52:35 [root] INFO: lastmod:2020-12-01
[2025-03-01T13:52:35.461+0000] {subprocess.py:93} INFO - 2025-03-01 13:52:35 [root] INFO: lastmod:2020-12-01
[2025-03-01T13:52:35.461+0000] {subprocess.py:93} INFO - 2025-03-01 13:52:35 [root] INFO: lastmod:2020-12-01
[2025-03-01T13:52:35.461+0000] {subprocess.py:93} INFO - 2025-03-01 13:52:35 [root] INFO: lastmod:2020-12-01
[2025-03-01T13:52:35.462+0000] {subprocess.py:93} INFO - 2025-03-01 13:52:35 [root] INFO: lastmod:2020-12-01
[2025-03-01T13:52:35.462+0000] {subprocess.py:93} INFO - 2025-03-01 13:52:35 [root] INFO: lastmod:2020-12-01
[2025-03-01T13:52:35.462+0000] {subprocess.py:93} INFO - 2025-03-01 13:52:35 [root] INFO: lastmod:2020-12-01
[2025-03-01T13:52:35.462+0000] {subprocess.py:93} INFO - 2025-03-01 13:52:35 [root] INFO: lastmod:2020-12-01
[2025-03-01T13:52:35.463+0000] {subprocess.py:93} INFO - 2025-03-01 13:52:35 [root] INFO: lastmod:2020-12-01
[2025-03-01T13:52:35.463+0000] {subprocess.py:93} INFO - 2025-03-01 13:52:35 [root] INFO: lastmod:2020-12-01
[2025-03-01T13:52:35.463+0000] {subprocess.py:93} INFO - 2025-03-01 13:52:35 [root] INFO: lastmod:2020-12-01
[2025-03-01T13:52:35.464+0000] {subprocess.py:93} INFO - 2025-03-01 13:52:35 [root] INFO: lastmod:2020-12-01
[2025-03-01T13:52:35.464+0000] {subprocess.py:93} INFO - 2025-03-01 13:52:35 [root] INFO: lastmod:2020-12-01
[2025-03-01T13:52:35.465+0000] {subprocess.py:93} INFO - 2025-03-01 13:52:35 [root] INFO: lastmod:2020-12-01
[2025-03-01T13:52:35.465+0000] {subprocess.py:93} INFO - 2025-03-01 13:52:35 [root] INFO: lastmod:2020-12-01
[2025-03-01T13:52:35.465+0000] {subprocess.py:93} INFO - 2025-03-01 13:52:35 [root] INFO: lastmod:2020-12-01
[2025-03-01T13:52:35.465+0000] {subprocess.py:93} INFO - 2025-03-01 13:52:35 [root] INFO: lastmod:2020-12-01
[2025-03-01T13:52:35.466+0000] {subprocess.py:93} INFO - 2025-03-01 13:52:35 [root] INFO: lastmod:2020-12-01
[2025-03-01T13:52:35.466+0000] {subprocess.py:93} INFO - 2025-03-01 13:52:35 [root] INFO: lastmod:2020-12-01
[2025-03-01T13:52:35.466+0000] {subprocess.py:93} INFO - 2025-03-01 13:52:35 [root] INFO: lastmod:2020-12-01
[2025-03-01T13:52:35.467+0000] {subprocess.py:93} INFO - 2025-03-01 13:52:35 [root] INFO: lastmod:2020-12-01
[2025-03-01T13:52:35.467+0000] {subprocess.py:93} INFO - 2025-03-01 13:52:35 [root] INFO: lastmod:2020-12-01
[2025-03-01T13:52:35.468+0000] {subprocess.py:93} INFO - 2025-03-01 13:52:35 [root] INFO: lastmod:2020-12-01
[2025-03-01T13:52:35.468+0000] {subprocess.py:93} INFO - 2025-03-01 13:52:35 [root] INFO: lastmod:2020-12-01
[2025-03-01T13:52:35.468+0000] {subprocess.py:93} INFO - 2025-03-01 13:52:35 [root] INFO: lastmod:2020-12-01
[2025-03-01T13:52:35.469+0000] {subprocess.py:93} INFO - 2025-03-01 13:52:35 [root] INFO: lastmod:2020-12-01
[2025-03-01T13:52:35.469+0000] {subprocess.py:93} INFO - 2025-03-01 13:52:35 [root] INFO: lastmod:2020-12-01
[2025-03-01T13:52:35.470+0000] {subprocess.py:93} INFO - 2025-03-01 13:52:35 [root] INFO: lastmod:2020-12-02
[2025-03-01T13:52:35.470+0000] {subprocess.py:93} INFO - 2025-03-01 13:52:35 [root] INFO: lastmod:2020-12-02
[2025-03-01T13:52:35.471+0000] {subprocess.py:93} INFO - 2025-03-01 13:52:35 [root] INFO: lastmod:2020-12-02
[2025-03-01T13:52:35.471+0000] {subprocess.py:93} INFO - 2025-03-01 13:52:35 [root] INFO: lastmod:2020-12-06
[2025-03-01T13:52:35.471+0000] {subprocess.py:93} INFO - 2025-03-01 13:52:35 [root] INFO: lastmod:2020-12-06
[2025-03-01T13:52:35.472+0000] {subprocess.py:93} INFO - 2025-03-01 13:52:35 [root] INFO: lastmod:2020-12-14
[2025-03-01T13:52:35.472+0000] {subprocess.py:93} INFO - 2025-03-01 13:52:35 [root] INFO: lastmod:2020-12-14
[2025-03-01T13:52:35.472+0000] {subprocess.py:93} INFO - 2025-03-01 13:52:35 [root] INFO: lastmod:2020-12-14
[2025-03-01T13:52:35.473+0000] {subprocess.py:93} INFO - 2025-03-01 13:52:35 [root] INFO: lastmod:2020-12-14
[2025-03-01T13:52:35.473+0000] {subprocess.py:93} INFO - 2025-03-01 13:52:35 [root] INFO: lastmod:2020-12-14
[2025-03-01T13:52:35.473+0000] {subprocess.py:93} INFO - 2025-03-01 13:52:35 [root] INFO: lastmod:2020-12-14
[2025-03-01T13:52:35.474+0000] {subprocess.py:93} INFO - 2025-03-01 13:52:35 [root] INFO: lastmod:2020-12-21
[2025-03-01T13:52:35.474+0000] {subprocess.py:93} INFO - 2025-03-01 13:52:35 [root] INFO: lastmod:2020-12-21
[2025-03-01T13:52:35.475+0000] {subprocess.py:93} INFO - 2025-03-01 13:52:35 [root] INFO: lastmod:2020-12-21
[2025-03-01T13:52:35.475+0000] {subprocess.py:93} INFO - 2025-03-01 13:52:35 [root] INFO: lastmod:2020-12-24
[2025-03-01T13:52:35.476+0000] {subprocess.py:93} INFO - 2025-03-01 13:52:35 [root] INFO: lastmod:2020-12-24
[2025-03-01T13:52:35.476+0000] {subprocess.py:93} INFO - 2025-03-01 13:52:35 [root] INFO: lastmod:2020-12-24
[2025-03-01T13:52:35.477+0000] {subprocess.py:93} INFO - 2025-03-01 13:52:35 [root] INFO: lastmod:2020-12-24
[2025-03-01T13:52:35.477+0000] {subprocess.py:93} INFO - 2025-03-01 13:52:35 [root] INFO: lastmod:2020-12-24
[2025-03-01T13:52:35.477+0000] {subprocess.py:93} INFO - 2025-03-01 13:52:35 [root] INFO: lastmod:2020-12-24
[2025-03-01T13:52:35.478+0000] {subprocess.py:93} INFO - 2025-03-01 13:52:35 [root] INFO: lastmod:2020-12-24
[2025-03-01T13:52:35.478+0000] {subprocess.py:93} INFO - 2025-03-01 13:52:35 [root] INFO: lastmod:2020-12-24
[2025-03-01T13:52:35.693+0000] {subprocess.py:93} INFO - 2025-03-01 13:52:35 [root] INFO: lastmod:2020-11-05
[2025-03-01T13:52:35.693+0000] {subprocess.py:93} INFO - 2025-03-01 13:52:35 [root] INFO: lastmod:2020-11-05
[2025-03-01T13:52:35.694+0000] {subprocess.py:93} INFO - 2025-03-01 13:52:35 [root] INFO: lastmod:2020-11-05
[2025-03-01T13:52:35.695+0000] {subprocess.py:93} INFO - 2025-03-01 13:52:35 [root] INFO: lastmod:2020-11-09
[2025-03-01T13:52:35.696+0000] {subprocess.py:93} INFO - 2025-03-01 13:52:35 [root] INFO: lastmod:2020-11-09
[2025-03-01T13:52:35.696+0000] {subprocess.py:93} INFO - 2025-03-01 13:52:35 [root] INFO: lastmod:2020-11-09
[2025-03-01T13:52:35.697+0000] {subprocess.py:93} INFO - 2025-03-01 13:52:35 [root] INFO: lastmod:2020-11-09
[2025-03-01T13:52:35.697+0000] {subprocess.py:93} INFO - 2025-03-01 13:52:35 [root] INFO: lastmod:2020-11-09
[2025-03-01T13:52:35.698+0000] {subprocess.py:93} INFO - 2025-03-01 13:52:35 [root] INFO: lastmod:2020-11-09
[2025-03-01T13:52:35.699+0000] {subprocess.py:93} INFO - 2025-03-01 13:52:35 [root] INFO: lastmod:2020-11-12
[2025-03-01T13:52:35.700+0000] {subprocess.py:93} INFO - 2025-03-01 13:52:35 [root] INFO: lastmod:2020-11-13
[2025-03-01T13:52:35.700+0000] {subprocess.py:93} INFO - 2025-03-01 13:52:35 [root] INFO: lastmod:2020-11-13
[2025-03-01T13:52:35.701+0000] {subprocess.py:93} INFO - 2025-03-01 13:52:35 [root] INFO: lastmod:2020-11-13
[2025-03-01T13:52:35.701+0000] {subprocess.py:93} INFO - 2025-03-01 13:52:35 [root] INFO: lastmod:2020-11-13
[2025-03-01T13:52:35.702+0000] {subprocess.py:93} INFO - 2025-03-01 13:52:35 [root] INFO: lastmod:2020-11-13
[2025-03-01T13:52:35.703+0000] {subprocess.py:93} INFO - 2025-03-01 13:52:35 [root] INFO: lastmod:2020-11-13
[2025-03-01T13:52:35.703+0000] {subprocess.py:93} INFO - 2025-03-01 13:52:35 [root] INFO: lastmod:2020-11-13
[2025-03-01T13:52:35.704+0000] {subprocess.py:93} INFO - 2025-03-01 13:52:35 [root] INFO: lastmod:2020-11-13
[2025-03-01T13:52:35.704+0000] {subprocess.py:93} INFO - 2025-03-01 13:52:35 [root] INFO: lastmod:2020-11-13
[2025-03-01T13:52:35.705+0000] {subprocess.py:93} INFO - 2025-03-01 13:52:35 [root] INFO: lastmod:2020-11-13
[2025-03-01T13:52:35.705+0000] {subprocess.py:93} INFO - 2025-03-01 13:52:35 [root] INFO: lastmod:2020-11-13
[2025-03-01T13:52:35.706+0000] {subprocess.py:93} INFO - 2025-03-01 13:52:35 [root] INFO: lastmod:2020-11-13
[2025-03-01T13:52:35.707+0000] {subprocess.py:93} INFO - 2025-03-01 13:52:35 [root] INFO: lastmod:2020-11-13
[2025-03-01T13:52:35.707+0000] {subprocess.py:93} INFO - 2025-03-01 13:52:35 [root] INFO: lastmod:2020-11-13
[2025-03-01T13:52:35.708+0000] {subprocess.py:93} INFO - 2025-03-01 13:52:35 [root] INFO: lastmod:2020-11-16
[2025-03-01T13:52:35.708+0000] {subprocess.py:93} INFO - 2025-03-01 13:52:35 [root] INFO: lastmod:2020-11-23
[2025-03-01T13:52:35.709+0000] {subprocess.py:93} INFO - 2025-03-01 13:52:35 [root] INFO: lastmod:2020-11-23
[2025-03-01T13:52:35.937+0000] {subprocess.py:93} INFO - 2025-03-01 13:52:35 [root] INFO: lastmod:2020-10-02
[2025-03-01T13:52:35.938+0000] {subprocess.py:93} INFO - 2025-03-01 13:52:35 [root] INFO: lastmod:2020-10-02
[2025-03-01T13:52:35.939+0000] {subprocess.py:93} INFO - 2025-03-01 13:52:35 [root] INFO: lastmod:2020-10-02
[2025-03-01T13:52:35.940+0000] {subprocess.py:93} INFO - 2025-03-01 13:52:35 [root] INFO: lastmod:2020-10-02
[2025-03-01T13:52:35.940+0000] {subprocess.py:93} INFO - 2025-03-01 13:52:35 [root] INFO: lastmod:2020-10-02
[2025-03-01T13:52:35.941+0000] {subprocess.py:93} INFO - 2025-03-01 13:52:35 [root] INFO: lastmod:2020-10-15
[2025-03-01T13:52:35.942+0000] {subprocess.py:93} INFO - 2025-03-01 13:52:35 [root] INFO: lastmod:2020-10-15
[2025-03-01T13:52:35.942+0000] {subprocess.py:93} INFO - 2025-03-01 13:52:35 [root] INFO: lastmod:2020-10-15
[2025-03-01T13:52:35.943+0000] {subprocess.py:93} INFO - 2025-03-01 13:52:35 [root] INFO: lastmod:2020-10-19
[2025-03-01T13:52:35.943+0000] {subprocess.py:93} INFO - 2025-03-01 13:52:35 [root] INFO: lastmod:2020-10-21
[2025-03-01T13:52:35.944+0000] {subprocess.py:93} INFO - 2025-03-01 13:52:35 [root] INFO: lastmod:2020-10-21
[2025-03-01T13:52:35.945+0000] {subprocess.py:93} INFO - 2025-03-01 13:52:35 [root] INFO: lastmod:2020-10-21
[2025-03-01T13:52:35.945+0000] {subprocess.py:93} INFO - 2025-03-01 13:52:35 [root] INFO: lastmod:2020-10-23
[2025-03-01T13:52:35.946+0000] {subprocess.py:93} INFO - 2025-03-01 13:52:35 [root] INFO: lastmod:2020-10-23
[2025-03-01T13:52:35.946+0000] {subprocess.py:93} INFO - 2025-03-01 13:52:35 [root] INFO: lastmod:2020-10-23
[2025-03-01T13:52:35.947+0000] {subprocess.py:93} INFO - 2025-03-01 13:52:35 [root] INFO: lastmod:2020-10-23
[2025-03-01T13:52:35.947+0000] {subprocess.py:93} INFO - 2025-03-01 13:52:35 [root] INFO: lastmod:2020-10-26
[2025-03-01T13:52:35.948+0000] {subprocess.py:93} INFO - 2025-03-01 13:52:35 [root] INFO: lastmod:2020-10-27
[2025-03-01T13:52:35.948+0000] {subprocess.py:93} INFO - 2025-03-01 13:52:35 [root] INFO: lastmod:2020-10-30
[2025-03-01T13:52:36.214+0000] {subprocess.py:93} INFO - 2025-03-01 13:52:36 [root] INFO: lastmod:2020-09-06
[2025-03-01T13:52:36.215+0000] {subprocess.py:93} INFO - 2025-03-01 13:52:36 [root] INFO: lastmod:2020-09-06
[2025-03-01T13:52:36.216+0000] {subprocess.py:93} INFO - 2025-03-01 13:52:36 [root] INFO: lastmod:2020-09-06
[2025-03-01T13:52:36.216+0000] {subprocess.py:93} INFO - 2025-03-01 13:52:36 [root] INFO: lastmod:2020-09-06
[2025-03-01T13:52:36.217+0000] {subprocess.py:93} INFO - 2025-03-01 13:52:36 [root] INFO: lastmod:2020-09-06
[2025-03-01T13:52:36.218+0000] {subprocess.py:93} INFO - 2025-03-01 13:52:36 [root] INFO: lastmod:2020-09-06
[2025-03-01T13:52:36.219+0000] {subprocess.py:93} INFO - 2025-03-01 13:52:36 [root] INFO: lastmod:2020-09-10
[2025-03-01T13:52:36.220+0000] {subprocess.py:93} INFO - 2025-03-01 13:52:36 [root] INFO: lastmod:2020-09-14
[2025-03-01T13:52:36.220+0000] {subprocess.py:93} INFO - 2025-03-01 13:52:36 [root] INFO: lastmod:2020-09-14
[2025-03-01T13:52:36.221+0000] {subprocess.py:93} INFO - 2025-03-01 13:52:36 [root] INFO: lastmod:2020-09-14
[2025-03-01T13:52:36.221+0000] {subprocess.py:93} INFO - 2025-03-01 13:52:36 [root] INFO: lastmod:2020-09-14
[2025-03-01T13:52:36.222+0000] {subprocess.py:93} INFO - 2025-03-01 13:52:36 [root] INFO: lastmod:2020-09-14
[2025-03-01T13:52:36.222+0000] {subprocess.py:93} INFO - 2025-03-01 13:52:36 [root] INFO: lastmod:2020-09-14
[2025-03-01T13:52:36.223+0000] {subprocess.py:93} INFO - 2025-03-01 13:52:36 [root] INFO: lastmod:2020-09-14
[2025-03-01T13:52:36.223+0000] {subprocess.py:93} INFO - 2025-03-01 13:52:36 [root] INFO: lastmod:2020-09-14
[2025-03-01T13:52:36.224+0000] {subprocess.py:93} INFO - 2025-03-01 13:52:36 [root] INFO: lastmod:2020-09-14
[2025-03-01T13:52:36.224+0000] {subprocess.py:93} INFO - 2025-03-01 13:52:36 [root] INFO: lastmod:2020-09-14
[2025-03-01T13:52:36.225+0000] {subprocess.py:93} INFO - 2025-03-01 13:52:36 [root] INFO: lastmod:2020-09-14
[2025-03-01T13:52:36.225+0000] {subprocess.py:93} INFO - 2025-03-01 13:52:36 [root] INFO: lastmod:2020-09-14
[2025-03-01T13:52:36.226+0000] {subprocess.py:93} INFO - 2025-03-01 13:52:36 [root] INFO: lastmod:2020-09-14
[2025-03-01T13:52:36.226+0000] {subprocess.py:93} INFO - 2025-03-01 13:52:36 [root] INFO: lastmod:2020-09-14
[2025-03-01T13:52:36.227+0000] {subprocess.py:93} INFO - 2025-03-01 13:52:36 [root] INFO: lastmod:2020-09-14
[2025-03-01T13:52:36.227+0000] {subprocess.py:93} INFO - 2025-03-01 13:52:36 [root] INFO: lastmod:2020-09-14
[2025-03-01T13:52:36.228+0000] {subprocess.py:93} INFO - 2025-03-01 13:52:36 [root] INFO: lastmod:2020-09-16
[2025-03-01T13:52:36.228+0000] {subprocess.py:93} INFO - 2025-03-01 13:52:36 [root] INFO: lastmod:2020-09-16
[2025-03-01T13:52:36.229+0000] {subprocess.py:93} INFO - 2025-03-01 13:52:36 [root] INFO: lastmod:2020-09-16
[2025-03-01T13:52:36.229+0000] {subprocess.py:93} INFO - 2025-03-01 13:52:36 [root] INFO: lastmod:2020-09-16
[2025-03-01T13:52:36.230+0000] {subprocess.py:93} INFO - 2025-03-01 13:52:36 [root] INFO: lastmod:2020-09-16
[2025-03-01T13:52:36.230+0000] {subprocess.py:93} INFO - 2025-03-01 13:52:36 [root] INFO: lastmod:2020-09-16
[2025-03-01T13:52:36.231+0000] {subprocess.py:93} INFO - 2025-03-01 13:52:36 [root] INFO: lastmod:2020-09-16
[2025-03-01T13:52:36.231+0000] {subprocess.py:93} INFO - 2025-03-01 13:52:36 [root] INFO: lastmod:2020-09-16
[2025-03-01T13:52:36.232+0000] {subprocess.py:93} INFO - 2025-03-01 13:52:36 [root] INFO: lastmod:2020-09-16
[2025-03-01T13:52:36.232+0000] {subprocess.py:93} INFO - 2025-03-01 13:52:36 [root] INFO: lastmod:2020-09-16
[2025-03-01T13:52:36.232+0000] {subprocess.py:93} INFO - 2025-03-01 13:52:36 [root] INFO: lastmod:2020-09-16
[2025-03-01T13:52:36.233+0000] {subprocess.py:93} INFO - 2025-03-01 13:52:36 [root] INFO: lastmod:2020-09-16
[2025-03-01T13:52:36.233+0000] {subprocess.py:93} INFO - 2025-03-01 13:52:36 [root] INFO: lastmod:2020-09-16
[2025-03-01T13:52:36.234+0000] {subprocess.py:93} INFO - 2025-03-01 13:52:36 [root] INFO: lastmod:2020-09-16
[2025-03-01T13:52:36.234+0000] {subprocess.py:93} INFO - 2025-03-01 13:52:36 [root] INFO: lastmod:2020-09-16
[2025-03-01T13:52:36.235+0000] {subprocess.py:93} INFO - 2025-03-01 13:52:36 [root] INFO: lastmod:2020-09-16
[2025-03-01T13:52:36.235+0000] {subprocess.py:93} INFO - 2025-03-01 13:52:36 [root] INFO: lastmod:2020-09-17
[2025-03-01T13:52:36.236+0000] {subprocess.py:93} INFO - 2025-03-01 13:52:36 [root] INFO: lastmod:2020-09-18
[2025-03-01T13:52:36.361+0000] {subprocess.py:93} INFO - 2025-03-01 13:52:36 [root] INFO: lastmod:2020-08-03
[2025-03-01T13:52:36.362+0000] {subprocess.py:93} INFO - 2025-03-01 13:52:36 [root] INFO: lastmod:2020-08-10
[2025-03-01T13:52:36.362+0000] {subprocess.py:93} INFO - 2025-03-01 13:52:36 [root] INFO: lastmod:2020-08-10
[2025-03-01T13:52:36.363+0000] {subprocess.py:93} INFO - 2025-03-01 13:52:36 [root] INFO: lastmod:2020-08-10
[2025-03-01T13:52:36.364+0000] {subprocess.py:93} INFO - 2025-03-01 13:52:36 [root] INFO: lastmod:2020-08-10
[2025-03-01T13:52:36.364+0000] {subprocess.py:93} INFO - 2025-03-01 13:52:36 [root] INFO: lastmod:2020-08-21
[2025-03-01T13:52:36.365+0000] {subprocess.py:93} INFO - 2025-03-01 13:52:36 [root] INFO: lastmod:2020-08-24
[2025-03-01T13:52:36.366+0000] {subprocess.py:93} INFO - 2025-03-01 13:52:36 [root] INFO: lastmod:2020-08-28
[2025-03-01T13:52:36.605+0000] {subprocess.py:93} INFO - 2025-03-01 13:52:36 [root] INFO: lastmod:2020-07-06
[2025-03-01T13:52:36.606+0000] {subprocess.py:93} INFO - 2025-03-01 13:52:36 [root] INFO: lastmod:2020-07-06
[2025-03-01T13:52:36.606+0000] {subprocess.py:93} INFO - 2025-03-01 13:52:36 [root] INFO: lastmod:2020-07-09
[2025-03-01T13:52:36.607+0000] {subprocess.py:93} INFO - 2025-03-01 13:52:36 [root] INFO: lastmod:2020-07-09
[2025-03-01T13:52:36.608+0000] {subprocess.py:93} INFO - 2025-03-01 13:52:36 [root] INFO: lastmod:2020-07-09
[2025-03-01T13:52:36.610+0000] {subprocess.py:93} INFO - 2025-03-01 13:52:36 [root] INFO: lastmod:2020-07-10
[2025-03-01T13:52:36.611+0000] {subprocess.py:93} INFO - 2025-03-01 13:52:36 [root] INFO: lastmod:2020-07-15
[2025-03-01T13:52:36.611+0000] {subprocess.py:93} INFO - 2025-03-01 13:52:36 [root] INFO: lastmod:2020-07-17
[2025-03-01T13:52:36.612+0000] {subprocess.py:93} INFO - 2025-03-01 13:52:36 [root] INFO: lastmod:2020-07-17
[2025-03-01T13:52:36.612+0000] {subprocess.py:93} INFO - 2025-03-01 13:52:36 [root] INFO: lastmod:2020-07-17
[2025-03-01T13:52:36.613+0000] {subprocess.py:93} INFO - 2025-03-01 13:52:36 [root] INFO: lastmod:2020-07-17
[2025-03-01T13:52:36.614+0000] {subprocess.py:93} INFO - 2025-03-01 13:52:36 [root] INFO: lastmod:2020-07-17
[2025-03-01T13:52:36.615+0000] {subprocess.py:93} INFO - 2025-03-01 13:52:36 [root] INFO: lastmod:2020-07-17
[2025-03-01T13:52:36.615+0000] {subprocess.py:93} INFO - 2025-03-01 13:52:36 [root] INFO: lastmod:2020-07-17
[2025-03-01T13:52:36.616+0000] {subprocess.py:93} INFO - 2025-03-01 13:52:36 [root] INFO: lastmod:2020-07-18
[2025-03-01T13:52:36.617+0000] {subprocess.py:93} INFO - 2025-03-01 13:52:36 [root] INFO: lastmod:2020-07-18
[2025-03-01T13:52:36.617+0000] {subprocess.py:93} INFO - 2025-03-01 13:52:36 [root] INFO: lastmod:2020-07-18
[2025-03-01T13:52:36.618+0000] {subprocess.py:93} INFO - 2025-03-01 13:52:36 [root] INFO: lastmod:2020-07-18
[2025-03-01T13:52:36.619+0000] {subprocess.py:93} INFO - 2025-03-01 13:52:36 [root] INFO: lastmod:2020-07-18
[2025-03-01T13:52:36.619+0000] {subprocess.py:93} INFO - 2025-03-01 13:52:36 [root] INFO: lastmod:2020-07-18
[2025-03-01T13:52:36.620+0000] {subprocess.py:93} INFO - 2025-03-01 13:52:36 [root] INFO: lastmod:2020-07-18
[2025-03-01T13:52:36.621+0000] {subprocess.py:93} INFO - 2025-03-01 13:52:36 [root] INFO: lastmod:2020-07-18
[2025-03-01T13:52:36.622+0000] {subprocess.py:93} INFO - 2025-03-01 13:52:36 [root] INFO: lastmod:2020-07-18
[2025-03-01T13:52:36.622+0000] {subprocess.py:93} INFO - 2025-03-01 13:52:36 [root] INFO: lastmod:2020-07-18
[2025-03-01T13:52:36.623+0000] {subprocess.py:93} INFO - 2025-03-01 13:52:36 [root] INFO: lastmod:2020-07-20
[2025-03-01T13:52:36.624+0000] {subprocess.py:93} INFO - 2025-03-01 13:52:36 [root] INFO: lastmod:2020-07-27
[2025-03-01T13:52:36.624+0000] {subprocess.py:93} INFO - 2025-03-01 13:52:36 [root] INFO: lastmod:2020-07-30
[2025-03-01T13:52:36.625+0000] {subprocess.py:93} INFO - 2025-03-01 13:52:36 [root] INFO: lastmod:2020-07-30
[2025-03-01T13:52:36.837+0000] {subprocess.py:93} INFO - 2025-03-01 13:52:36 [root] INFO: lastmod:2020-06-01
[2025-03-01T13:52:36.838+0000] {subprocess.py:93} INFO - 2025-03-01 13:52:36 [root] INFO: lastmod:2020-06-09
[2025-03-01T13:52:36.839+0000] {subprocess.py:93} INFO - 2025-03-01 13:52:36 [root] INFO: lastmod:2020-06-11
[2025-03-01T13:52:36.840+0000] {subprocess.py:93} INFO - 2025-03-01 13:52:36 [root] INFO: lastmod:2020-06-20
[2025-03-01T13:52:36.840+0000] {subprocess.py:93} INFO - 2025-03-01 13:52:36 [root] INFO: lastmod:2020-06-20
[2025-03-01T13:52:36.841+0000] {subprocess.py:93} INFO - 2025-03-01 13:52:36 [root] INFO: lastmod:2020-06-24
[2025-03-01T13:52:37.061+0000] {subprocess.py:93} INFO - 2025-03-01 13:52:37 [root] INFO: lastmod:2020-05-04
[2025-03-01T13:52:37.062+0000] {subprocess.py:93} INFO - 2025-03-01 13:52:37 [root] INFO: lastmod:2020-05-04
[2025-03-01T13:52:37.063+0000] {subprocess.py:93} INFO - 2025-03-01 13:52:37 [root] INFO: lastmod:2020-05-06
[2025-03-01T13:52:37.063+0000] {subprocess.py:93} INFO - 2025-03-01 13:52:37 [root] INFO: lastmod:2020-05-06
[2025-03-01T13:52:37.064+0000] {subprocess.py:93} INFO - 2025-03-01 13:52:37 [root] INFO: lastmod:2020-05-19
[2025-03-01T13:52:37.064+0000] {subprocess.py:93} INFO - 2025-03-01 13:52:37 [root] INFO: lastmod:2020-05-29
[2025-03-01T13:52:37.065+0000] {subprocess.py:93} INFO - 2025-03-01 13:52:37 [root] INFO: lastmod:2020-05-29
[2025-03-01T13:52:37.347+0000] {subprocess.py:93} INFO - 2025-03-01 13:52:37 [root] INFO: lastmod:2020-04-09
[2025-03-01T13:52:37.348+0000] {subprocess.py:93} INFO - 2025-03-01 13:52:37 [root] INFO: lastmod:2020-04-10
[2025-03-01T13:52:37.349+0000] {subprocess.py:93} INFO - 2025-03-01 13:52:37 [root] INFO: lastmod:2020-04-10
[2025-03-01T13:52:37.349+0000] {subprocess.py:93} INFO - 2025-03-01 13:52:37 [root] INFO: lastmod:2020-04-10
[2025-03-01T13:52:37.350+0000] {subprocess.py:93} INFO - 2025-03-01 13:52:37 [root] INFO: lastmod:2020-04-10
[2025-03-01T13:52:37.350+0000] {subprocess.py:93} INFO - 2025-03-01 13:52:37 [root] INFO: lastmod:2020-04-10
[2025-03-01T13:52:37.351+0000] {subprocess.py:93} INFO - 2025-03-01 13:52:37 [root] INFO: lastmod:2020-04-10
[2025-03-01T13:52:37.352+0000] {subprocess.py:93} INFO - 2025-03-01 13:52:37 [root] INFO: lastmod:2020-04-10
[2025-03-01T13:52:37.352+0000] {subprocess.py:93} INFO - 2025-03-01 13:52:37 [root] INFO: lastmod:2020-04-10
[2025-03-01T13:52:37.353+0000] {subprocess.py:93} INFO - 2025-03-01 13:52:37 [root] INFO: lastmod:2020-04-10
[2025-03-01T13:52:37.353+0000] {subprocess.py:93} INFO - 2025-03-01 13:52:37 [root] INFO: lastmod:2020-04-10
[2025-03-01T13:52:37.354+0000] {subprocess.py:93} INFO - 2025-03-01 13:52:37 [root] INFO: lastmod:2020-04-20
[2025-03-01T13:52:37.354+0000] {subprocess.py:93} INFO - 2025-03-01 13:52:37 [root] INFO: lastmod:2020-04-20
[2025-03-01T13:52:37.355+0000] {subprocess.py:93} INFO - 2025-03-01 13:52:37 [root] INFO: lastmod:2020-04-24
[2025-03-01T13:52:37.638+0000] {subprocess.py:93} INFO - 2025-03-01 13:52:37 [root] INFO: lastmod:2020-03-10
[2025-03-01T13:52:37.639+0000] {subprocess.py:93} INFO - 2025-03-01 13:52:37 [root] INFO: lastmod:2020-03-10
[2025-03-01T13:52:37.640+0000] {subprocess.py:93} INFO - 2025-03-01 13:52:37 [root] INFO: lastmod:2020-03-10
[2025-03-01T13:52:37.640+0000] {subprocess.py:93} INFO - 2025-03-01 13:52:37 [root] INFO: lastmod:2020-03-10
[2025-03-01T13:52:37.641+0000] {subprocess.py:93} INFO - 2025-03-01 13:52:37 [root] INFO: lastmod:2020-03-10
[2025-03-01T13:52:37.642+0000] {subprocess.py:93} INFO - 2025-03-01 13:52:37 [root] INFO: lastmod:2020-03-10
[2025-03-01T13:52:37.642+0000] {subprocess.py:93} INFO - 2025-03-01 13:52:37 [root] INFO: lastmod:2020-03-10
[2025-03-01T13:52:37.643+0000] {subprocess.py:93} INFO - 2025-03-01 13:52:37 [root] INFO: lastmod:2020-03-10
[2025-03-01T13:52:37.643+0000] {subprocess.py:93} INFO - 2025-03-01 13:52:37 [root] INFO: lastmod:2020-03-10
[2025-03-01T13:52:37.644+0000] {subprocess.py:93} INFO - 2025-03-01 13:52:37 [root] INFO: lastmod:2020-03-10
[2025-03-01T13:52:37.645+0000] {subprocess.py:93} INFO - 2025-03-01 13:52:37 [root] INFO: lastmod:2020-03-10
[2025-03-01T13:52:37.645+0000] {subprocess.py:93} INFO - 2025-03-01 13:52:37 [root] INFO: lastmod:2020-03-10
[2025-03-01T13:52:37.646+0000] {subprocess.py:93} INFO - 2025-03-01 13:52:37 [root] INFO: lastmod:2020-03-10
[2025-03-01T13:52:37.646+0000] {subprocess.py:93} INFO - 2025-03-01 13:52:37 [root] INFO: lastmod:2020-03-10
[2025-03-01T13:52:37.647+0000] {subprocess.py:93} INFO - 2025-03-01 13:52:37 [root] INFO: lastmod:2020-03-10
[2025-03-01T13:52:37.648+0000] {subprocess.py:93} INFO - 2025-03-01 13:52:37 [root] INFO: lastmod:2020-03-10
[2025-03-01T13:52:37.648+0000] {subprocess.py:93} INFO - 2025-03-01 13:52:37 [root] INFO: lastmod:2020-03-10
[2025-03-01T13:52:37.649+0000] {subprocess.py:93} INFO - 2025-03-01 13:52:37 [root] INFO: lastmod:2020-03-10
[2025-03-01T13:52:37.649+0000] {subprocess.py:93} INFO - 2025-03-01 13:52:37 [root] INFO: lastmod:2020-03-10
[2025-03-01T13:52:37.650+0000] {subprocess.py:93} INFO - 2025-03-01 13:52:37 [root] INFO: lastmod:2020-03-10
[2025-03-01T13:52:37.650+0000] {subprocess.py:93} INFO - 2025-03-01 13:52:37 [root] INFO: lastmod:2020-03-10
[2025-03-01T13:52:37.651+0000] {subprocess.py:93} INFO - 2025-03-01 13:52:37 [root] INFO: lastmod:2020-03-10
[2025-03-01T13:52:37.652+0000] {subprocess.py:93} INFO - 2025-03-01 13:52:37 [root] INFO: lastmod:2020-03-10
[2025-03-01T13:52:37.652+0000] {subprocess.py:93} INFO - 2025-03-01 13:52:37 [root] INFO: lastmod:2020-03-10
[2025-03-01T13:52:37.653+0000] {subprocess.py:93} INFO - 2025-03-01 13:52:37 [root] INFO: lastmod:2020-03-10
[2025-03-01T13:52:37.653+0000] {subprocess.py:93} INFO - 2025-03-01 13:52:37 [root] INFO: lastmod:2020-03-10
[2025-03-01T13:52:37.654+0000] {subprocess.py:93} INFO - 2025-03-01 13:52:37 [root] INFO: lastmod:2020-03-10
[2025-03-01T13:52:37.654+0000] {subprocess.py:93} INFO - 2025-03-01 13:52:37 [root] INFO: lastmod:2020-03-10
[2025-03-01T13:52:37.655+0000] {subprocess.py:93} INFO - 2025-03-01 13:52:37 [root] INFO: lastmod:2020-03-10
[2025-03-01T13:52:37.655+0000] {subprocess.py:93} INFO - 2025-03-01 13:52:37 [root] INFO: lastmod:2020-03-10
[2025-03-01T13:52:37.656+0000] {subprocess.py:93} INFO - 2025-03-01 13:52:37 [root] INFO: lastmod:2020-03-10
[2025-03-01T13:52:37.657+0000] {subprocess.py:93} INFO - 2025-03-01 13:52:37 [root] INFO: lastmod:2020-03-10
[2025-03-01T13:52:37.657+0000] {subprocess.py:93} INFO - 2025-03-01 13:52:37 [root] INFO: lastmod:2020-03-10
[2025-03-01T13:52:37.658+0000] {subprocess.py:93} INFO - 2025-03-01 13:52:37 [root] INFO: lastmod:2020-03-10
[2025-03-01T13:52:37.658+0000] {subprocess.py:93} INFO - 2025-03-01 13:52:37 [root] INFO: lastmod:2020-03-10
[2025-03-01T13:52:37.659+0000] {subprocess.py:93} INFO - 2025-03-01 13:52:37 [root] INFO: lastmod:2020-03-11
[2025-03-01T13:52:37.659+0000] {subprocess.py:93} INFO - 2025-03-01 13:52:37 [root] INFO: lastmod:2020-03-11
[2025-03-01T13:52:37.660+0000] {subprocess.py:93} INFO - 2025-03-01 13:52:37 [root] INFO: lastmod:2020-03-11
[2025-03-01T13:52:37.661+0000] {subprocess.py:93} INFO - 2025-03-01 13:52:37 [root] INFO: lastmod:2020-03-11
[2025-03-01T13:52:37.661+0000] {subprocess.py:93} INFO - 2025-03-01 13:52:37 [root] INFO: lastmod:2020-03-11
[2025-03-01T13:52:37.662+0000] {subprocess.py:93} INFO - 2025-03-01 13:52:37 [root] INFO: lastmod:2020-03-17
[2025-03-01T13:52:37.662+0000] {subprocess.py:93} INFO - 2025-03-01 13:52:37 [root] INFO: lastmod:2020-03-19
[2025-03-01T13:52:37.663+0000] {subprocess.py:93} INFO - 2025-03-01 13:52:37 [root] INFO: lastmod:2020-03-19
[2025-03-01T13:52:37.663+0000] {subprocess.py:93} INFO - 2025-03-01 13:52:37 [root] INFO: lastmod:2020-03-19
[2025-03-01T13:52:37.664+0000] {subprocess.py:93} INFO - 2025-03-01 13:52:37 [root] INFO: lastmod:2020-03-19
[2025-03-01T13:52:37.665+0000] {subprocess.py:93} INFO - 2025-03-01 13:52:37 [root] INFO: lastmod:2020-03-19
[2025-03-01T13:52:37.665+0000] {subprocess.py:93} INFO - 2025-03-01 13:52:37 [root] INFO: lastmod:2020-03-19
[2025-03-01T13:52:37.666+0000] {subprocess.py:93} INFO - 2025-03-01 13:52:37 [root] INFO: lastmod:2020-03-19
[2025-03-01T13:52:37.666+0000] {subprocess.py:93} INFO - 2025-03-01 13:52:37 [root] INFO: lastmod:2020-03-19
[2025-03-01T13:52:37.667+0000] {subprocess.py:93} INFO - 2025-03-01 13:52:37 [root] INFO: lastmod:2020-03-19
[2025-03-01T13:52:37.667+0000] {subprocess.py:93} INFO - 2025-03-01 13:52:37 [root] INFO: lastmod:2020-03-19
[2025-03-01T13:52:37.668+0000] {subprocess.py:93} INFO - 2025-03-01 13:52:37 [root] INFO: lastmod:2020-03-19
[2025-03-01T13:52:37.668+0000] {subprocess.py:93} INFO - 2025-03-01 13:52:37 [root] INFO: lastmod:2020-03-19
[2025-03-01T13:52:37.669+0000] {subprocess.py:93} INFO - 2025-03-01 13:52:37 [root] INFO: lastmod:2020-03-19
[2025-03-01T13:52:37.670+0000] {subprocess.py:93} INFO - 2025-03-01 13:52:37 [root] INFO: lastmod:2020-03-19
[2025-03-01T13:52:37.670+0000] {subprocess.py:93} INFO - 2025-03-01 13:52:37 [root] INFO: lastmod:2020-03-19
[2025-03-01T13:52:37.671+0000] {subprocess.py:93} INFO - 2025-03-01 13:52:37 [root] INFO: lastmod:2020-03-19
[2025-03-01T13:52:37.671+0000] {subprocess.py:93} INFO - 2025-03-01 13:52:37 [root] INFO: lastmod:2020-03-19
[2025-03-01T13:52:37.672+0000] {subprocess.py:93} INFO - 2025-03-01 13:52:37 [root] INFO: lastmod:2020-03-19
[2025-03-01T13:52:37.672+0000] {subprocess.py:93} INFO - 2025-03-01 13:52:37 [root] INFO: lastmod:2020-03-19
[2025-03-01T13:52:37.673+0000] {subprocess.py:93} INFO - 2025-03-01 13:52:37 [root] INFO: lastmod:2020-03-19
[2025-03-01T13:52:37.674+0000] {subprocess.py:93} INFO - 2025-03-01 13:52:37 [root] INFO: lastmod:2020-03-19
[2025-03-01T13:52:37.674+0000] {subprocess.py:93} INFO - 2025-03-01 13:52:37 [root] INFO: lastmod:2020-03-19
[2025-03-01T13:52:37.675+0000] {subprocess.py:93} INFO - 2025-03-01 13:52:37 [root] INFO: lastmod:2020-03-19
[2025-03-01T13:52:37.675+0000] {subprocess.py:93} INFO - 2025-03-01 13:52:37 [root] INFO: lastmod:2020-03-19
[2025-03-01T13:52:37.676+0000] {subprocess.py:93} INFO - 2025-03-01 13:52:37 [root] INFO: lastmod:2020-03-19
[2025-03-01T13:52:37.676+0000] {subprocess.py:93} INFO - 2025-03-01 13:52:37 [root] INFO: lastmod:2020-03-24
[2025-03-01T13:52:37.677+0000] {subprocess.py:93} INFO - 2025-03-01 13:52:37 [root] INFO: lastmod:2020-03-25
[2025-03-01T13:52:37.678+0000] {subprocess.py:93} INFO - 2025-03-01 13:52:37 [root] INFO: lastmod:2020-03-27
[2025-03-01T13:52:37.807+0000] {subprocess.py:93} INFO - 2025-03-01 13:52:37 [root] INFO: lastmod:2020-02-07
[2025-03-01T13:52:37.808+0000] {subprocess.py:93} INFO - 2025-03-01 13:52:37 [root] INFO: lastmod:2020-02-07
[2025-03-01T13:52:37.809+0000] {subprocess.py:93} INFO - 2025-03-01 13:52:37 [root] INFO: lastmod:2020-02-18
[2025-03-01T13:52:37.809+0000] {subprocess.py:93} INFO - 2025-03-01 13:52:37 [root] INFO: lastmod:2020-02-18
[2025-03-01T13:52:37.810+0000] {subprocess.py:93} INFO - 2025-03-01 13:52:37 [root] INFO: lastmod:2020-02-18
[2025-03-01T13:52:37.811+0000] {subprocess.py:93} INFO - 2025-03-01 13:52:37 [root] INFO: lastmod:2020-02-18
[2025-03-01T13:52:37.977+0000] {subprocess.py:93} INFO - 2025-03-01 13:52:37 [root] INFO: lastmod:2020-01-02
[2025-03-01T13:52:37.978+0000] {subprocess.py:93} INFO - 2025-03-01 13:52:37 [root] INFO: lastmod:2020-01-02
[2025-03-01T13:52:37.979+0000] {subprocess.py:93} INFO - 2025-03-01 13:52:37 [root] INFO: lastmod:2020-01-08
[2025-03-01T13:52:37.979+0000] {subprocess.py:93} INFO - 2025-03-01 13:52:37 [root] INFO: lastmod:2020-01-08
[2025-03-01T13:52:37.980+0000] {subprocess.py:93} INFO - 2025-03-01 13:52:37 [root] INFO: lastmod:2020-01-08
[2025-03-01T13:52:37.981+0000] {subprocess.py:93} INFO - 2025-03-01 13:52:37 [root] INFO: lastmod:2020-01-08
[2025-03-01T13:52:37.981+0000] {subprocess.py:93} INFO - 2025-03-01 13:52:37 [root] INFO: lastmod:2020-01-10
[2025-03-01T13:52:37.982+0000] {subprocess.py:93} INFO - 2025-03-01 13:52:37 [root] INFO: lastmod:2020-01-17
[2025-03-01T13:52:37.982+0000] {subprocess.py:93} INFO - 2025-03-01 13:52:37 [root] INFO: lastmod:2020-01-19
[2025-03-01T13:52:37.983+0000] {subprocess.py:93} INFO - 2025-03-01 13:52:37 [root] INFO: lastmod:2020-01-19
[2025-03-01T13:52:37.984+0000] {subprocess.py:93} INFO - 2025-03-01 13:52:37 [root] INFO: lastmod:2020-01-21
[2025-03-01T13:52:37.984+0000] {subprocess.py:93} INFO - 2025-03-01 13:52:37 [root] INFO: lastmod:2020-01-21
[2025-03-01T13:52:38.175+0000] {subprocess.py:93} INFO - 2025-03-01 13:52:38 [root] INFO: lastmod:2019-12-01
[2025-03-01T13:52:38.176+0000] {subprocess.py:93} INFO - 2025-03-01 13:52:38 [root] INFO: lastmod:2019-12-01
[2025-03-01T13:52:38.177+0000] {subprocess.py:93} INFO - 2025-03-01 13:52:38 [root] INFO: lastmod:2019-12-01
[2025-03-01T13:52:38.178+0000] {subprocess.py:93} INFO - 2025-03-01 13:52:38 [root] INFO: lastmod:2019-12-09
[2025-03-01T13:52:38.178+0000] {subprocess.py:93} INFO - 2025-03-01 13:52:38 [root] INFO: lastmod:2019-12-09
[2025-03-01T13:52:38.179+0000] {subprocess.py:93} INFO - 2025-03-01 13:52:38 [root] INFO: lastmod:2019-12-09
[2025-03-01T13:52:38.179+0000] {subprocess.py:93} INFO - 2025-03-01 13:52:38 [root] INFO: lastmod:2019-12-09
[2025-03-01T13:52:38.180+0000] {subprocess.py:93} INFO - 2025-03-01 13:52:38 [root] INFO: lastmod:2019-12-13
[2025-03-01T13:52:38.181+0000] {subprocess.py:93} INFO - 2025-03-01 13:52:38 [root] INFO: lastmod:2019-12-13
[2025-03-01T13:52:38.181+0000] {subprocess.py:93} INFO - 2025-03-01 13:52:38 [root] INFO: lastmod:2019-12-30
[2025-03-01T13:52:38.469+0000] {subprocess.py:93} INFO - 2025-03-01 13:52:38 [root] INFO: lastmod:2019-11-05
[2025-03-01T13:52:38.470+0000] {subprocess.py:93} INFO - 2025-03-01 13:52:38 [root] INFO: lastmod:2019-11-05
[2025-03-01T13:52:38.470+0000] {subprocess.py:93} INFO - 2025-03-01 13:52:38 [root] INFO: lastmod:2019-11-05
[2025-03-01T13:52:38.471+0000] {subprocess.py:93} INFO - 2025-03-01 13:52:38 [root] INFO: lastmod:2019-11-05
[2025-03-01T13:52:38.472+0000] {subprocess.py:93} INFO - 2025-03-01 13:52:38 [root] INFO: lastmod:2019-11-05
[2025-03-01T13:52:38.472+0000] {subprocess.py:93} INFO - 2025-03-01 13:52:38 [root] INFO: lastmod:2019-11-05
[2025-03-01T13:52:38.473+0000] {subprocess.py:93} INFO - 2025-03-01 13:52:38 [root] INFO: lastmod:2019-11-05
[2025-03-01T13:52:38.473+0000] {subprocess.py:93} INFO - 2025-03-01 13:52:38 [root] INFO: lastmod:2019-11-05
[2025-03-01T13:52:38.474+0000] {subprocess.py:93} INFO - 2025-03-01 13:52:38 [root] INFO: lastmod:2019-11-05
[2025-03-01T13:52:38.475+0000] {subprocess.py:93} INFO - 2025-03-01 13:52:38 [root] INFO: lastmod:2019-11-06
[2025-03-01T13:52:38.476+0000] {subprocess.py:93} INFO - 2025-03-01 13:52:38 [root] INFO: lastmod:2019-11-06
[2025-03-01T13:52:38.476+0000] {subprocess.py:93} INFO - 2025-03-01 13:52:38 [root] INFO: lastmod:2019-11-06
[2025-03-01T13:52:38.477+0000] {subprocess.py:93} INFO - 2025-03-01 13:52:38 [root] INFO: lastmod:2019-11-06
[2025-03-01T13:52:38.478+0000] {subprocess.py:93} INFO - 2025-03-01 13:52:38 [root] INFO: lastmod:2019-11-06
[2025-03-01T13:52:38.478+0000] {subprocess.py:93} INFO - 2025-03-01 13:52:38 [root] INFO: lastmod:2019-11-06
[2025-03-01T13:52:38.479+0000] {subprocess.py:93} INFO - 2025-03-01 13:52:38 [root] INFO: lastmod:2019-11-06
[2025-03-01T13:52:38.479+0000] {subprocess.py:93} INFO - 2025-03-01 13:52:38 [root] INFO: lastmod:2019-11-06
[2025-03-01T13:52:38.480+0000] {subprocess.py:93} INFO - 2025-03-01 13:52:38 [root] INFO: lastmod:2019-11-06
[2025-03-01T13:52:38.481+0000] {subprocess.py:93} INFO - 2025-03-01 13:52:38 [root] INFO: lastmod:2019-11-06
[2025-03-01T13:52:38.481+0000] {subprocess.py:93} INFO - 2025-03-01 13:52:38 [root] INFO: lastmod:2019-11-06
[2025-03-01T13:52:38.482+0000] {subprocess.py:93} INFO - 2025-03-01 13:52:38 [root] INFO: lastmod:2019-11-12
[2025-03-01T13:52:38.482+0000] {subprocess.py:93} INFO - 2025-03-01 13:52:38 [root] INFO: lastmod:2019-11-12
[2025-03-01T13:52:38.483+0000] {subprocess.py:93} INFO - 2025-03-01 13:52:38 [root] INFO: lastmod:2019-11-18
[2025-03-01T13:52:38.484+0000] {subprocess.py:93} INFO - 2025-03-01 13:52:38 [root] INFO: lastmod:2019-11-18
[2025-03-01T13:52:38.484+0000] {subprocess.py:93} INFO - 2025-03-01 13:52:38 [root] INFO: lastmod:2019-11-19
[2025-03-01T13:52:38.485+0000] {subprocess.py:93} INFO - 2025-03-01 13:52:38 [root] INFO: lastmod:2019-11-19
[2025-03-01T13:52:38.485+0000] {subprocess.py:93} INFO - 2025-03-01 13:52:38 [root] INFO: lastmod:2019-11-19
[2025-03-01T13:52:38.485+0000] {subprocess.py:93} INFO - 2025-03-01 13:52:38 [root] INFO: lastmod:2019-11-19
[2025-03-01T13:52:38.486+0000] {subprocess.py:93} INFO - 2025-03-01 13:52:38 [root] INFO: lastmod:2019-11-26
[2025-03-01T13:52:38.486+0000] {subprocess.py:93} INFO - 2025-03-01 13:52:38 [root] INFO: lastmod:2019-11-26
[2025-03-01T13:52:38.486+0000] {subprocess.py:93} INFO - 2025-03-01 13:52:38 [root] INFO: lastmod:2019-11-28
[2025-03-01T13:52:38.487+0000] {subprocess.py:93} INFO - 2025-03-01 13:52:38 [root] INFO: lastmod:2019-11-28
[2025-03-01T13:52:38.740+0000] {subprocess.py:93} INFO - 2025-03-01 13:52:38 [root] INFO: lastmod:2019-10-01
[2025-03-01T13:52:38.741+0000] {subprocess.py:93} INFO - 2025-03-01 13:52:38 [root] INFO: lastmod:2019-10-01
[2025-03-01T13:52:38.742+0000] {subprocess.py:93} INFO - 2025-03-01 13:52:38 [root] INFO: lastmod:2019-10-02
[2025-03-01T13:52:38.743+0000] {subprocess.py:93} INFO - 2025-03-01 13:52:38 [root] INFO: lastmod:2019-10-02
[2025-03-01T13:52:38.743+0000] {subprocess.py:93} INFO - 2025-03-01 13:52:38 [root] INFO: lastmod:2019-10-21
[2025-03-01T13:52:38.744+0000] {subprocess.py:93} INFO - 2025-03-01 13:52:38 [root] INFO: lastmod:2019-10-21
[2025-03-01T13:52:38.745+0000] {subprocess.py:93} INFO - 2025-03-01 13:52:38 [root] INFO: lastmod:2019-10-23
[2025-03-01T13:52:38.745+0000] {subprocess.py:93} INFO - 2025-03-01 13:52:38 [root] INFO: lastmod:2019-10-24
[2025-03-01T13:52:38.746+0000] {subprocess.py:93} INFO - 2025-03-01 13:52:38 [root] INFO: lastmod:2019-10-24
[2025-03-01T13:52:38.746+0000] {subprocess.py:93} INFO - 2025-03-01 13:52:38 [root] INFO: lastmod:2019-10-30
[2025-03-01T13:52:38.747+0000] {subprocess.py:93} INFO - 2025-03-01 13:52:38 [root] INFO: lastmod:2019-10-30
[2025-03-01T13:52:38.747+0000] {subprocess.py:93} INFO - 2025-03-01 13:52:38 [root] INFO: lastmod:2019-10-31
[2025-03-01T13:52:38.748+0000] {subprocess.py:93} INFO - 2025-03-01 13:52:38 [root] INFO: lastmod:2019-10-31
[2025-03-01T13:52:38.748+0000] {subprocess.py:93} INFO - 2025-03-01 13:52:38 [root] INFO: lastmod:2019-10-31
[2025-03-01T13:52:38.749+0000] {subprocess.py:93} INFO - 2025-03-01 13:52:38 [root] INFO: lastmod:2019-10-31
[2025-03-01T13:52:38.749+0000] {subprocess.py:93} INFO - 2025-03-01 13:52:38 [root] INFO: lastmod:2019-10-31
[2025-03-01T13:52:38.750+0000] {subprocess.py:93} INFO - 2025-03-01 13:52:38 [root] INFO: lastmod:2019-10-31
[2025-03-01T13:52:39.038+0000] {subprocess.py:93} INFO - 2025-03-01 13:52:39 [root] INFO: lastmod:2019-09-05
[2025-03-01T13:52:39.040+0000] {subprocess.py:93} INFO - 2025-03-01 13:52:39 [root] INFO: lastmod:2019-09-10
[2025-03-01T13:52:39.041+0000] {subprocess.py:93} INFO - 2025-03-01 13:52:39 [root] INFO: lastmod:2019-09-10
[2025-03-01T13:52:39.041+0000] {subprocess.py:93} INFO - 2025-03-01 13:52:39 [root] INFO: lastmod:2019-09-10
[2025-03-01T13:52:39.042+0000] {subprocess.py:93} INFO - 2025-03-01 13:52:39 [root] INFO: lastmod:2019-09-10
[2025-03-01T13:52:39.043+0000] {subprocess.py:93} INFO - 2025-03-01 13:52:39 [root] INFO: lastmod:2019-09-10
[2025-03-01T13:52:39.043+0000] {subprocess.py:93} INFO - 2025-03-01 13:52:39 [root] INFO: lastmod:2019-09-10
[2025-03-01T13:52:39.044+0000] {subprocess.py:93} INFO - 2025-03-01 13:52:39 [root] INFO: lastmod:2019-09-10
[2025-03-01T13:52:39.045+0000] {subprocess.py:93} INFO - 2025-03-01 13:52:39 [root] INFO: lastmod:2019-09-10
[2025-03-01T13:52:39.045+0000] {subprocess.py:93} INFO - 2025-03-01 13:52:39 [root] INFO: lastmod:2019-09-10
[2025-03-01T13:52:39.046+0000] {subprocess.py:93} INFO - 2025-03-01 13:52:39 [root] INFO: lastmod:2019-09-10
[2025-03-01T13:52:39.046+0000] {subprocess.py:93} INFO - 2025-03-01 13:52:39 [root] INFO: lastmod:2019-09-10
[2025-03-01T13:52:39.047+0000] {subprocess.py:93} INFO - 2025-03-01 13:52:39 [root] INFO: lastmod:2019-09-10
[2025-03-01T13:52:39.048+0000] {subprocess.py:93} INFO - 2025-03-01 13:52:39 [root] INFO: lastmod:2019-09-10
[2025-03-01T13:52:39.049+0000] {subprocess.py:93} INFO - 2025-03-01 13:52:39 [root] INFO: lastmod:2019-09-10
[2025-03-01T13:52:39.049+0000] {subprocess.py:93} INFO - 2025-03-01 13:52:39 [root] INFO: lastmod:2019-09-10
[2025-03-01T13:52:39.050+0000] {subprocess.py:93} INFO - 2025-03-01 13:52:39 [root] INFO: lastmod:2019-09-11
[2025-03-01T13:52:39.051+0000] {subprocess.py:93} INFO - 2025-03-01 13:52:39 [root] INFO: lastmod:2019-09-12
[2025-03-01T13:52:39.051+0000] {subprocess.py:93} INFO - 2025-03-01 13:52:39 [root] INFO: lastmod:2019-09-12
[2025-03-01T13:52:39.052+0000] {subprocess.py:93} INFO - 2025-03-01 13:52:39 [root] INFO: lastmod:2019-09-12
[2025-03-01T13:52:39.052+0000] {subprocess.py:93} INFO - 2025-03-01 13:52:39 [root] INFO: lastmod:2019-09-12
[2025-03-01T13:52:39.053+0000] {subprocess.py:93} INFO - 2025-03-01 13:52:39 [root] INFO: lastmod:2019-09-17
[2025-03-01T13:52:39.054+0000] {subprocess.py:93} INFO - 2025-03-01 13:52:39 [root] INFO: lastmod:2019-09-24
[2025-03-01T13:52:39.054+0000] {subprocess.py:93} INFO - 2025-03-01 13:52:39 [root] INFO: lastmod:2019-09-30
[2025-03-01T13:52:39.055+0000] {subprocess.py:93} INFO - 2025-03-01 13:52:39 [root] INFO: lastmod:2019-09-30
[2025-03-01T13:52:39.312+0000] {subprocess.py:93} INFO - 2025-03-01 13:52:39 [root] INFO: lastmod:2025-02-04
[2025-03-01T13:52:39.313+0000] {subprocess.py:93} INFO - 2025-03-01 13:52:39 [root] INFO: lastmod:2025-02-06
[2025-03-01T13:52:39.314+0000] {subprocess.py:93} INFO - 2025-03-01 13:52:39 [root] INFO: lastmod:2025-02-07
[2025-03-01T13:52:39.315+0000] {subprocess.py:93} INFO - 2025-03-01 13:52:39 [root] INFO: lastmod:2025-02-07
[2025-03-01T13:52:39.315+0000] {subprocess.py:93} INFO - 2025-03-01 13:52:39 [root] INFO: lastmod:2025-02-07
[2025-03-01T13:52:39.316+0000] {subprocess.py:93} INFO - 2025-03-01 13:52:39 [root] INFO: lastmod:2025-02-07
[2025-03-01T13:52:39.317+0000] {subprocess.py:93} INFO - 2025-03-01 13:52:39 [root] INFO: lastmod:2025-02-07
[2025-03-01T13:52:39.317+0000] {subprocess.py:93} INFO - 2025-03-01 13:52:39 [root] INFO: lastmod:2025-02-07
[2025-03-01T13:52:39.318+0000] {subprocess.py:93} INFO - 2025-03-01 13:52:39 [root] INFO: lastmod:2025-02-07
[2025-03-01T13:52:39.319+0000] {subprocess.py:93} INFO - 2025-03-01 13:52:39 [root] INFO: lastmod:2025-02-07
[2025-03-01T13:52:39.320+0000] {subprocess.py:93} INFO - 2025-03-01 13:52:39 [root] INFO: lastmod:2025-02-07
[2025-03-01T13:52:39.320+0000] {subprocess.py:93} INFO - 2025-03-01 13:52:39 [root] INFO: lastmod:2025-02-07
[2025-03-01T13:52:39.321+0000] {subprocess.py:93} INFO - 2025-03-01 13:52:39 [root] INFO: lastmod:2025-02-07
[2025-03-01T13:52:39.321+0000] {subprocess.py:93} INFO - 2025-03-01 13:52:39 [root] INFO: lastmod:2025-02-07
[2025-03-01T13:52:39.322+0000] {subprocess.py:93} INFO - 2025-03-01 13:52:39 [root] INFO: lastmod:2025-02-07
[2025-03-01T13:52:39.323+0000] {subprocess.py:93} INFO - 2025-03-01 13:52:39 [root] INFO: lastmod:2025-02-07
[2025-03-01T13:52:39.323+0000] {subprocess.py:93} INFO - 2025-03-01 13:52:39 [root] INFO: lastmod:2025-02-08
[2025-03-01T13:52:39.324+0000] {subprocess.py:93} INFO - 2025-03-01 13:52:39 [root] INFO: lastmod:2025-02-08
[2025-03-01T13:52:39.325+0000] {subprocess.py:93} INFO - 2025-03-01 13:52:39 [root] INFO: lastmod:2025-02-08
[2025-03-01T13:52:39.325+0000] {subprocess.py:93} INFO - 2025-03-01 13:52:39 [root] INFO: lastmod:2025-02-08
[2025-03-01T13:52:39.326+0000] {subprocess.py:93} INFO - 2025-03-01 13:52:39 [root] INFO: lastmod:2025-02-08
[2025-03-01T13:52:39.327+0000] {subprocess.py:93} INFO - 2025-03-01 13:52:39 [root] INFO: lastmod:2025-02-08
[2025-03-01T13:52:39.328+0000] {subprocess.py:93} INFO - 2025-03-01 13:52:39 [root] INFO: lastmod:2025-02-08
[2025-03-01T13:52:39.329+0000] {subprocess.py:93} INFO - 2025-03-01 13:52:39 [root] INFO: lastmod:2025-02-08
[2025-03-01T13:52:39.329+0000] {subprocess.py:93} INFO - 2025-03-01 13:52:39 [root] INFO: lastmod:2025-02-08
[2025-03-01T13:52:39.330+0000] {subprocess.py:93} INFO - 2025-03-01 13:52:39 [root] INFO: lastmod:2025-02-08
[2025-03-01T13:52:39.331+0000] {subprocess.py:93} INFO - 2025-03-01 13:52:39 [root] INFO: lastmod:2025-02-08
[2025-03-01T13:52:39.331+0000] {subprocess.py:93} INFO - 2025-03-01 13:52:39 [root] INFO: lastmod:2025-02-08
[2025-03-01T13:52:39.332+0000] {subprocess.py:93} INFO - 2025-03-01 13:52:39 [root] INFO: lastmod:2025-02-08
[2025-03-01T13:52:39.332+0000] {subprocess.py:93} INFO - 2025-03-01 13:52:39 [root] INFO: lastmod:2025-02-10
[2025-03-01T13:52:39.333+0000] {subprocess.py:93} INFO - 2025-03-01 13:52:39 [root] INFO: lastmod:2025-02-10
[2025-03-01T13:52:39.333+0000] {subprocess.py:93} INFO - 2025-03-01 13:52:39 [root] INFO: lastmod:2025-02-10
[2025-03-01T13:52:39.334+0000] {subprocess.py:93} INFO - 2025-03-01 13:52:39 [root] INFO: lastmod:2025-02-10
[2025-03-01T13:52:39.334+0000] {subprocess.py:93} INFO - 2025-03-01 13:52:39 [root] INFO: lastmod:2025-02-11
[2025-03-01T13:52:39.334+0000] {subprocess.py:93} INFO - 2025-03-01 13:52:39 [root] INFO: lastmod:2025-02-11
[2025-03-01T13:52:39.335+0000] {subprocess.py:93} INFO - 2025-03-01 13:52:39 [root] INFO: lastmod:2025-02-11
[2025-03-01T13:52:39.335+0000] {subprocess.py:93} INFO - 2025-03-01 13:52:39 [root] INFO: lastmod:2025-02-11
[2025-03-01T13:52:39.336+0000] {subprocess.py:93} INFO - 2025-03-01 13:52:39 [root] INFO: lastmod:2025-02-11
[2025-03-01T13:52:39.336+0000] {subprocess.py:93} INFO - 2025-03-01 13:52:39 [root] INFO: lastmod:2025-02-11
[2025-03-01T13:52:39.337+0000] {subprocess.py:93} INFO - 2025-03-01 13:52:39 [root] INFO: lastmod:2025-02-11
[2025-03-01T13:52:39.337+0000] {subprocess.py:93} INFO - 2025-03-01 13:52:39 [root] INFO: lastmod:2025-02-11
[2025-03-01T13:52:39.337+0000] {subprocess.py:93} INFO - 2025-03-01 13:52:39 [root] INFO: lastmod:2025-02-11
[2025-03-01T13:52:39.338+0000] {subprocess.py:93} INFO - 2025-03-01 13:52:39 [root] INFO: lastmod:2025-02-11
[2025-03-01T13:52:39.338+0000] {subprocess.py:93} INFO - 2025-03-01 13:52:39 [root] INFO: lastmod:2025-02-11
[2025-03-01T13:52:39.338+0000] {subprocess.py:93} INFO - 2025-03-01 13:52:39 [root] INFO: lastmod:2025-02-11
[2025-03-01T13:52:39.339+0000] {subprocess.py:93} INFO - 2025-03-01 13:52:39 [root] INFO: lastmod:2025-02-11
[2025-03-01T13:52:39.339+0000] {subprocess.py:93} INFO - 2025-03-01 13:52:39 [root] INFO: lastmod:2025-02-11
[2025-03-01T13:52:39.340+0000] {subprocess.py:93} INFO - 2025-03-01 13:52:39 [root] INFO: lastmod:2025-02-11
[2025-03-01T13:52:39.340+0000] {subprocess.py:93} INFO - 2025-03-01 13:52:39 [root] INFO: lastmod:2025-02-11
[2025-03-01T13:52:39.341+0000] {subprocess.py:93} INFO - 2025-03-01 13:52:39 [root] INFO: lastmod:2025-02-12
[2025-03-01T13:52:39.341+0000] {subprocess.py:93} INFO - 2025-03-01 13:52:39 [root] INFO: lastmod:2025-02-12
[2025-03-01T13:52:39.342+0000] {subprocess.py:93} INFO - 2025-03-01 13:52:39 [root] INFO: lastmod:2025-02-12
[2025-03-01T13:52:39.342+0000] {subprocess.py:93} INFO - 2025-03-01 13:52:39 [root] INFO: lastmod:2025-02-12
[2025-03-01T13:52:39.342+0000] {subprocess.py:93} INFO - 2025-03-01 13:52:39 [root] INFO: lastmod:2025-02-14
[2025-03-01T13:52:39.343+0000] {subprocess.py:93} INFO - 2025-03-01 13:52:39 [root] INFO: lastmod:2025-02-14
[2025-03-01T13:52:39.343+0000] {subprocess.py:93} INFO - 2025-03-01 13:52:39 [root] INFO: lastmod:2025-02-14
[2025-03-01T13:52:39.344+0000] {subprocess.py:93} INFO - 2025-03-01 13:52:39 [root] INFO: lastmod:2025-02-17
[2025-03-01T13:52:39.344+0000] {subprocess.py:93} INFO - 2025-03-01 13:52:39 [root] INFO: lastmod:2025-02-17
[2025-03-01T13:52:39.345+0000] {subprocess.py:93} INFO - 2025-03-01 13:52:39 [root] INFO: lastmod:2025-02-17
[2025-03-01T13:52:39.345+0000] {subprocess.py:93} INFO - 2025-03-01 13:52:39 [root] INFO: lastmod:2025-02-17
[2025-03-01T13:52:39.345+0000] {subprocess.py:93} INFO - 2025-03-01 13:52:39 [root] INFO: lastmod:2025-02-17
[2025-03-01T13:52:39.346+0000] {subprocess.py:93} INFO - 2025-03-01 13:52:39 [root] INFO: lastmod:2025-02-19
[2025-03-01T13:52:39.346+0000] {subprocess.py:93} INFO - 2025-03-01 13:52:39 [root] INFO: lastmod:2025-02-19
[2025-03-01T13:52:39.347+0000] {subprocess.py:93} INFO - 2025-03-01 13:52:39 [root] INFO: lastmod:2025-02-19
[2025-03-01T13:52:39.347+0000] {subprocess.py:93} INFO - 2025-03-01 13:52:39 [root] INFO: lastmod:2025-02-19
[2025-03-01T13:52:39.347+0000] {subprocess.py:93} INFO - 2025-03-01 13:52:39 [root] INFO: lastmod:2025-02-19
[2025-03-01T13:52:39.348+0000] {subprocess.py:93} INFO - 2025-03-01 13:52:39 [root] INFO: lastmod:2025-02-19
[2025-03-01T13:52:39.348+0000] {subprocess.py:93} INFO - 2025-03-01 13:52:39 [root] INFO: lastmod:2025-02-19
[2025-03-01T13:52:39.348+0000] {subprocess.py:93} INFO - 2025-03-01 13:52:39 [root] INFO: lastmod:2025-02-19
[2025-03-01T13:52:39.349+0000] {subprocess.py:93} INFO - 2025-03-01 13:52:39 [root] INFO: lastmod:2025-02-19
[2025-03-01T13:52:39.349+0000] {subprocess.py:93} INFO - 2025-03-01 13:52:39 [root] INFO: lastmod:2025-02-19
[2025-03-01T13:52:39.350+0000] {subprocess.py:93} INFO - 2025-03-01 13:52:39 [root] INFO: lastmod:2025-02-19
[2025-03-01T13:52:39.350+0000] {subprocess.py:93} INFO - 2025-03-01 13:52:39 [root] INFO: lastmod:2025-02-19
[2025-03-01T13:52:39.350+0000] {subprocess.py:93} INFO - 2025-03-01 13:52:39 [root] INFO: lastmod:2025-02-19
[2025-03-01T13:52:39.351+0000] {subprocess.py:93} INFO - 2025-03-01 13:52:39 [root] INFO: lastmod:2025-02-24
[2025-03-01T13:52:39.351+0000] {subprocess.py:93} INFO - 2025-03-01 13:52:39 [root] INFO: lastmod:2025-02-24
[2025-03-01T13:52:39.351+0000] {subprocess.py:93} INFO - 2025-03-01 13:52:39 [root] INFO: lastmod:2025-02-24
[2025-03-01T13:52:39.352+0000] {subprocess.py:93} INFO - 2025-03-01 13:52:39 [root] INFO: lastmod:2025-02-24
[2025-03-01T13:52:39.352+0000] {subprocess.py:93} INFO - 2025-03-01 13:52:39 [root] INFO: lastmod:2025-02-24
[2025-03-01T13:52:39.352+0000] {subprocess.py:93} INFO - 2025-03-01 13:52:39 [root] INFO: lastmod:2025-02-24
[2025-03-01T13:52:39.353+0000] {subprocess.py:93} INFO - 2025-03-01 13:52:39 [root] INFO: lastmod:2025-02-24
[2025-03-01T13:52:39.353+0000] {subprocess.py:93} INFO - 2025-03-01 13:52:39 [root] INFO: lastmod:2025-02-24
[2025-03-01T13:52:39.354+0000] {subprocess.py:93} INFO - 2025-03-01 13:52:39 [root] INFO: lastmod:2025-02-25
[2025-03-01T13:52:39.354+0000] {subprocess.py:93} INFO - 2025-03-01 13:52:39 [root] INFO: lastmod:2025-02-25
[2025-03-01T13:52:39.354+0000] {subprocess.py:93} INFO - 2025-03-01 13:52:39 [root] INFO: lastmod:2025-02-25
[2025-03-01T13:52:39.355+0000] {subprocess.py:93} INFO - 2025-03-01 13:52:39 [root] INFO: lastmod:2025-02-27
[2025-03-01T13:52:39.355+0000] {subprocess.py:93} INFO - 2025-03-01 13:52:39 [root] INFO: lastmod:2025-02-27
[2025-03-01T13:52:39.762+0000] {subprocess.py:93} INFO - 2025-03-01 13:52:39 [root] INFO: URL: https://www.thegioididong.com/tui-chong-soc/tui-chong-soc-laptop-14-inch-co-ngan-phu-evalu-lmp-t004d
[2025-03-01T13:52:39.770+0000] {subprocess.py:93} INFO - 2025-03-01 13:52:39 [root] INFO: cnt: 1
[2025-03-01T13:52:40.030+0000] {subprocess.py:93} INFO - 2025-03-01 13:52:40 [root] INFO: URL: https://www.thegioididong.com/laptop/apple-macbook-air-2020-mgn63saa
[2025-03-01T13:52:40.054+0000] {subprocess.py:93} INFO - 2025-03-01 13:52:40 [root] INFO: cnt: 2
[2025-03-01T13:52:40.157+0000] {subprocess.py:93} INFO - 2025-03-01 13:52:40 [scrapy.spidermiddlewares.httperror] INFO: Ignoring response <404 https://www.thegioididong.com//chao-nhom-chong-dinh-van-da-day-tu-24cm-delites-ce>: HTTP status code is not handled or not allowed
[2025-03-01T13:52:40.514+0000] {subprocess.py:93} INFO - 2025-03-01 13:52:40 [root] INFO: URL: https://www.thegioididong.com/dong-ho-deo-tay/skmei-sk-1483-hong-dam
[2025-03-01T13:52:40.524+0000] {subprocess.py:93} INFO - 2025-03-01 13:52:40 [root] INFO: cnt: 3
[2025-03-01T13:52:40.758+0000] {subprocess.py:93} INFO - 2025-03-01 13:52:40 [root] INFO: URL: https://www.thegioididong.com/thiet-bi-mang/bo-phat-wifi-mesh-chuan-ac1200-tenda-nova-mw3
[2025-03-01T13:52:40.770+0000] {subprocess.py:93} INFO - 2025-03-01 13:52:40 [root] INFO: cnt: 4
[2025-03-01T13:52:40.887+0000] {subprocess.py:93} INFO - 2025-03-01 13:52:40 [root] INFO: URL: https://www.thegioididong.com/chuot-may-tinh/chuot-bluetooth-gaming-corsair-harpoon-rgb-den
[2025-03-01T13:52:40.899+0000] {subprocess.py:93} INFO - 2025-03-01 13:52:40 [root] INFO: cnt: 5
[2025-03-01T13:52:41.212+0000] {subprocess.py:93} INFO - 2025-03-01 13:52:41 [root] INFO: URL: https://www.thegioididong.com/hub-chuyen-doi/adapter-chuyen-doi-usb-c-6-in-1-hyperdrive-hd22e
[2025-03-01T13:52:41.221+0000] {subprocess.py:93} INFO - 2025-03-01 13:52:41 [root] INFO: cnt: 6
[2025-03-01T13:52:41.482+0000] {subprocess.py:93} INFO - 2025-03-01 13:52:41 [root] INFO: URL: https://www.thegioididong.com/loa-laptop/loa-thanh-samsung-hw-t420
[2025-03-01T13:52:41.497+0000] {subprocess.py:93} INFO - 2025-03-01 13:52:41 [root] INFO: cnt: 7
[2025-03-01T13:52:41.758+0000] {subprocess.py:93} INFO - 2025-03-01 13:52:41 [root] INFO: URL: https://www.thegioididong.com/tui-dung-airpods/tui-dung-airpods-1-2-silicone-kem-moc-jm-sn07
[2025-03-01T13:52:41.767+0000] {subprocess.py:93} INFO - 2025-03-01 13:52:41 [root] INFO: cnt: 8
[2025-03-01T13:52:41.802+0000] {subprocess.py:93} INFO - 2025-03-01 13:52:41 [scrapy.spidermiddlewares.httperror] INFO: Ignoring response <404 https://www.thegioididong.com//gree-gwc12pb-k3d0p4>: HTTP status code is not handled or not allowed
[2025-03-01T13:52:42.166+0000] {subprocess.py:93} INFO - 2025-03-01 13:52:42 [root] INFO: URL: https://www.thegioididong.com/day-dong-ho/day-da-dong-ho-size-16-mm-den-f1200-41
[2025-03-01T13:52:42.174+0000] {subprocess.py:93} INFO - 2025-03-01 13:52:42 [root] INFO: cnt: 9
[2025-03-01T13:52:42.383+0000] {subprocess.py:93} INFO - 2025-03-01 13:52:42 [root] INFO: URL: https://www.thegioididong.com/op-lung-flipcover/op-lung-iphone-11-nhua-deo-contrast-silicone-jm-mi
[2025-03-01T13:52:42.391+0000] {subprocess.py:93} INFO - 2025-03-01 13:52:42 [root] INFO: cnt: 10
[2025-03-01T13:52:42.671+0000] {subprocess.py:93} INFO - 2025-03-01 13:52:42 [root] INFO: URL: https://www.thegioididong.com/cap-dien-thoai/cap-lightning-1m-apple-mxly2
[2025-03-01T13:52:42.682+0000] {subprocess.py:93} INFO - 2025-03-01 13:52:42 [root] INFO: cnt: 11
[2025-03-01T13:52:42.948+0000] {subprocess.py:93} INFO - 2025-03-01 13:52:42 [root] INFO: URL: https://www.thegioididong.com/cap-dien-thoai/cap-micro-1m-evalu-ltm-01-do-den
[2025-03-01T13:52:42.962+0000] {subprocess.py:93} INFO - 2025-03-01 13:52:42 [root] INFO: cnt: 12
[2025-03-01T13:52:43.114+0000] {subprocess.py:93} INFO - 2025-03-01 13:52:43 [root] INFO: URL: https://www.thegioididong.com/dong-ho-deo-tay/q-q-m154j002y-unisex
[2025-03-01T13:52:43.126+0000] {subprocess.py:93} INFO - 2025-03-01 13:52:43 [root] INFO: cnt: 13
[2025-03-01T13:52:43.354+0000] {subprocess.py:93} INFO - 2025-03-01 13:52:43 [root] INFO: URL: https://www.thegioididong.com/op-lung-flipcover/op-lung-iphone-11-cung-vien-deo-srtg270-meo-trang
[2025-03-01T13:52:43.362+0000] {subprocess.py:93} INFO - 2025-03-01 13:52:43 [root] INFO: cnt: 14
[2025-03-01T13:52:44.001+0000] {subprocess.py:93} INFO - 2025-03-01 13:52:44 [root] INFO: URL: https://www.thegioididong.com/laptop/msi-raider-18-hx-ai-a2xwig-ultra-9-033vn
[2025-03-01T13:52:44.016+0000] {subprocess.py:93} INFO - 2025-03-01 13:52:44 [root] INFO: cnt: 15
[2025-03-01T13:52:44.085+0000] {subprocess.py:93} INFO - 2025-03-01 13:52:44 [root] INFO: URL: https://www.thegioididong.com/laptop/msi-stealth-18-hx-ai-a2xwig-ultra-9-017vn
[2025-03-01T13:52:44.101+0000] {subprocess.py:93} INFO - 2025-03-01 13:52:44 [root] INFO: cnt: 16
[2025-03-01T13:52:44.185+0000] {subprocess.py:93} INFO - 2025-03-01 13:52:44 [root] INFO: URL: https://www.thegioididong.com/laptop/msi-vector-16-hx-ai-a2xwig-ultra-9-062vn
[2025-03-01T13:52:44.201+0000] {subprocess.py:93} INFO - 2025-03-01 13:52:44 [root] INFO: cnt: 17
[2025-03-01T13:52:44.351+0000] {subprocess.py:93} INFO - 2025-03-01 13:52:44 [root] INFO: URL: https://www.thegioididong.com/laptop/msi-titan-18-hx-ai-a2xwig-ultra-9-090vn
[2025-03-01T13:52:44.376+0000] {subprocess.py:93} INFO - 2025-03-01 13:52:44 [root] INFO: cnt: 18
[2025-03-01T13:52:44.593+0000] {subprocess.py:93} INFO - 2025-03-01 13:52:44 [root] INFO: URL: https://www.thegioididong.com/laptop/msi-titan-18-hx-ai-a2xwjg-ultra-9-035vn
[2025-03-01T13:52:44.608+0000] {subprocess.py:93} INFO - 2025-03-01 13:52:44 [root] INFO: cnt: 19
[2025-03-01T13:52:45.187+0000] {subprocess.py:93} INFO - 2025-03-01 13:52:45 [root] INFO: URL: https://www.thegioididong.com/may-tinh-bang/lenovo-tab-wifi
[2025-03-01T13:52:45.198+0000] {subprocess.py:93} INFO - 2025-03-01 13:52:45 [root] INFO: cnt: 20
[2025-03-01T13:52:45.380+0000] {subprocess.py:93} INFO - 2025-03-01 13:52:45 [root] INFO: URL: https://www.thegioididong.com/laptop/acer-aspire-lite-al14-52m-54cj-i5-nxj39sv002
[2025-03-01T13:52:45.390+0000] {subprocess.py:93} INFO - 2025-03-01 13:52:45 [root] INFO: cnt: 21
[2025-03-01T13:52:45.408+0000] {subprocess.py:93} INFO - 2025-03-01 13:52:45 [root] INFO: URL: https://www.thegioididong.com/may-tinh-bang/lenovo-tab-4g
[2025-03-01T13:52:45.418+0000] {subprocess.py:93} INFO - 2025-03-01 13:52:45 [root] INFO: cnt: 22
[2025-03-01T13:52:45.538+0000] {subprocess.py:93} INFO - 2025-03-01 13:52:45 [root] INFO: URL: https://www.thegioididong.com/dong-ho-thong-minh/garmin-instinct-e-45mm
[2025-03-01T13:52:45.552+0000] {subprocess.py:93} INFO - 2025-03-01 13:52:45 [root] INFO: cnt: 23
[2025-03-01T13:52:45.834+0000] {subprocess.py:93} INFO - 2025-03-01 13:52:45 [root] INFO: URL: https://www.thegioididong.com/dong-ho-thong-minh/garmin-instinct-3-50mm
[2025-03-01T13:52:45.871+0000] {subprocess.py:93} INFO - 2025-03-01 13:52:45 [root] INFO: cnt: 24
[2025-03-01T13:52:46.058+0000] {subprocess.py:93} INFO - 2025-03-01 13:52:46 [root] INFO: URL: https://www.thegioididong.com/dong-ho-thong-minh/garmin-instinct-3-45mm
[2025-03-01T13:52:46.097+0000] {subprocess.py:93} INFO - 2025-03-01 13:52:46 [root] INFO: cnt: 25
[2025-03-01T13:52:46.231+0000] {subprocess.py:93} INFO - 2025-03-01 13:52:46 [root] INFO: URL: https://www.thegioididong.com/dong-ho-thong-minh/garmin-instinct-3-solar-50mm
[2025-03-01T13:52:46.254+0000] {subprocess.py:93} INFO - 2025-03-01 13:52:46 [root] INFO: cnt: 26
[2025-03-01T13:52:46.454+0000] {subprocess.py:93} INFO - 2025-03-01 13:52:46 [root] INFO: URL: https://www.thegioididong.com/dong-ho-thong-minh/garmin-instinct-3-solar-45mm
[2025-03-01T13:52:46.470+0000] {subprocess.py:93} INFO - 2025-03-01 13:52:46 [root] INFO: cnt: 27
[2025-03-01T13:52:46.765+0000] {subprocess.py:93} INFO - 2025-03-01 13:52:46 [root] INFO: URL: https://www.thegioididong.com/dtdd/iphone-16e-512gb
[2025-03-01T13:52:46.784+0000] {subprocess.py:93} INFO - 2025-03-01 13:52:46 [root] INFO: cnt: 28
[2025-03-01T13:52:46.898+0000] {subprocess.py:93} INFO - 2025-03-01 13:52:46 [root] INFO: URL: https://www.thegioididong.com/dtdd/iphone-16e-256gb
[2025-03-01T13:52:46.914+0000] {subprocess.py:93} INFO - 2025-03-01 13:52:46 [root] INFO: cnt: 29
[2025-03-01T13:52:47.147+0000] {subprocess.py:93} INFO - 2025-03-01 13:52:47 [root] INFO: URL: https://www.thegioididong.com/dtdd/iphone-16e
[2025-03-01T13:52:47.160+0000] {subprocess.py:93} INFO - 2025-03-01 13:52:47 [root] INFO: cnt: 30
[2025-03-01T13:52:47.419+0000] {subprocess.py:93} INFO - 2025-03-01 13:52:47 [root] INFO: URL: https://www.thegioididong.com/dtdd/xiaomi-15-ultra-trang
[2025-03-01T13:52:47.428+0000] {subprocess.py:93} INFO - 2025-03-01 13:52:47 [scrapy.core.scraper] ERROR: Spider error processing <GET https://www.thegioididong.com/dtdd/xiaomi-15-ultra-trang> (referer: https://www.thegioididong.com/newsitemap/sitemap-product-2025-2?page=1)
[2025-03-01T13:52:47.429+0000] {subprocess.py:93} INFO - Traceback (most recent call last):
[2025-03-01T13:52:47.429+0000] {subprocess.py:93} INFO -   File "/home/***/.local/lib/python3.12/site-packages/twisted/internet/defer.py", line 1088, in _runCallbacks
[2025-03-01T13:52:47.430+0000] {subprocess.py:93} INFO -     current.result = callback(  # type: ignore[misc]
[2025-03-01T13:52:47.431+0000] {subprocess.py:93} INFO -                      ^^^^^^^^^^^^^^^^^^^^^^^^^^^^^^^
[2025-03-01T13:52:47.431+0000] {subprocess.py:93} INFO -   File "/opt/***/crawler/tgdd_crawler/tgdd_crawler/spiders/my_spider.py", line 69, in parse_detail_product
[2025-03-01T13:52:47.432+0000] {subprocess.py:93} INFO -     productld = json.loads(response.xpath('//*[@id="productld"]/text()').get())
[2025-03-01T13:52:47.432+0000] {subprocess.py:93} INFO -                 ^^^^^^^^^^^^^^^^^^^^^^^^^^^^^^^^^^^^^^^^^^^^^^^^^^^^^^^^^^^^^^^
[2025-03-01T13:52:47.433+0000] {subprocess.py:93} INFO -   File "/usr/local/lib/python3.12/json/__init__.py", line 339, in loads
[2025-03-01T13:52:47.433+0000] {subprocess.py:93} INFO -     raise TypeError(f'the JSON object must be str, bytes or bytearray, '
[2025-03-01T13:52:47.434+0000] {subprocess.py:93} INFO - TypeError: the JSON object must be str, bytes or bytearray, not NoneType
[2025-03-01T13:52:47.645+0000] {subprocess.py:93} INFO - 2025-03-01 13:52:47 [root] INFO: URL: https://www.thegioididong.com/laptop/asus-zenbook-a14-ux3407qa-x1-26-100-qd299ws
[2025-03-01T13:52:47.657+0000] {subprocess.py:93} INFO - 2025-03-01 13:52:47 [scrapy.core.scraper] ERROR: Spider error processing <GET https://www.thegioididong.com/laptop/asus-zenbook-a14-ux3407qa-x1-26-100-qd299ws> (referer: https://www.thegioididong.com/newsitemap/sitemap-product-2025-2?page=1)
[2025-03-01T13:52:47.657+0000] {subprocess.py:93} INFO - Traceback (most recent call last):
[2025-03-01T13:52:47.658+0000] {subprocess.py:93} INFO -   File "/home/***/.local/lib/python3.12/site-packages/twisted/internet/defer.py", line 1088, in _runCallbacks
[2025-03-01T13:52:47.659+0000] {subprocess.py:93} INFO -     current.result = callback(  # type: ignore[misc]
[2025-03-01T13:52:47.659+0000] {subprocess.py:93} INFO -                      ^^^^^^^^^^^^^^^^^^^^^^^^^^^^^^^
[2025-03-01T13:52:47.660+0000] {subprocess.py:93} INFO -   File "/opt/***/crawler/tgdd_crawler/tgdd_crawler/spiders/my_spider.py", line 69, in parse_detail_product
[2025-03-01T13:52:47.661+0000] {subprocess.py:93} INFO -     productld = json.loads(response.xpath('//*[@id="productld"]/text()').get())
[2025-03-01T13:52:47.661+0000] {subprocess.py:93} INFO -                 ^^^^^^^^^^^^^^^^^^^^^^^^^^^^^^^^^^^^^^^^^^^^^^^^^^^^^^^^^^^^^^^
[2025-03-01T13:52:47.662+0000] {subprocess.py:93} INFO -   File "/usr/local/lib/python3.12/json/__init__.py", line 339, in loads
[2025-03-01T13:52:47.663+0000] {subprocess.py:93} INFO -     raise TypeError(f'the JSON object must be str, bytes or bytearray, '
[2025-03-01T13:52:47.664+0000] {subprocess.py:93} INFO - TypeError: the JSON object must be str, bytes or bytearray, not NoneType
[2025-03-01T13:52:47.978+0000] {subprocess.py:93} INFO - 2025-03-01 13:52:47 [root] INFO: URL: https://www.thegioididong.com/laptop/asus-vivobook-16-m1607ka-r7-ai-350-mb091ws
[2025-03-01T13:52:47.991+0000] {subprocess.py:93} INFO - 2025-03-01 13:52:47 [root] INFO: cnt: 31
[2025-03-01T13:52:48.237+0000] {subprocess.py:93} INFO - 2025-03-01 13:52:48 [root] INFO: URL: https://www.thegioididong.com/laptop/asus-zenbook-duo-ux8406ca-ultra-9-pz109ws
[2025-03-01T13:52:48.247+0000] {subprocess.py:93} INFO - 2025-03-01 13:52:48 [root] INFO: cnt: 32
[2025-03-01T13:52:48.456+0000] {subprocess.py:93} INFO - 2025-03-01 13:52:48 [root] INFO: URL: https://www.thegioididong.com/laptop/asus-zenbook-14-ux3405ca-ultra-7-pz368ws
[2025-03-01T13:52:48.466+0000] {subprocess.py:93} INFO - 2025-03-01 13:52:48 [root] INFO: cnt: 33
[2025-03-01T13:52:48.627+0000] {subprocess.py:93} INFO - 2025-03-01 13:52:48 [root] INFO: URL: https://www.thegioididong.com/laptop/asus-zenbook-14-ux3405ca-ultra-5-pz187ws
[2025-03-01T13:52:48.649+0000] {subprocess.py:93} INFO - 2025-03-01 13:52:48 [root] INFO: cnt: 34
[2025-03-01T13:52:48.815+0000] {subprocess.py:93} INFO - 2025-03-01 13:52:48 [root] INFO: URL: https://www.thegioididong.com/laptop/asus-vivobook-16-x1605va-i7-mb1875ws
[2025-03-01T13:52:48.829+0000] {subprocess.py:93} INFO - 2025-03-01 13:52:48 [root] INFO: cnt: 35
[2025-03-01T13:52:49.104+0000] {subprocess.py:93} INFO - 2025-03-01 13:52:49 [root] INFO: URL: https://www.thegioididong.com/laptop/asus-vivobook-16-x1605va-i5-mb1876ws
[2025-03-01T13:52:49.115+0000] {subprocess.py:93} INFO - 2025-03-01 13:52:49 [root] INFO: cnt: 36
[2025-03-01T13:52:49.767+0000] {subprocess.py:93} INFO - 2025-03-01 13:52:49 [root] INFO: URL: https://www.thegioididong.com/laptop/macbook-air-13-inch-m2-16gb-512gb-70w
[2025-03-01T13:52:49.781+0000] {subprocess.py:93} INFO - 2025-03-01 13:52:49 [root] INFO: cnt: 37
[2025-03-01T13:52:49.924+0000] {subprocess.py:93} INFO - 2025-03-01 13:52:49 [root] INFO: URL: https://www.thegioididong.com/sac-dtdd/pin-sac-du-phong-20000mah-type-c-pd-22-5w-baseus-lipow-ppjp312
[2025-03-01T13:52:49.934+0000] {subprocess.py:93} INFO - 2025-03-01 13:52:49 [root] INFO: cnt: 38
[2025-03-01T13:52:50.159+0000] {subprocess.py:93} INFO - 2025-03-01 13:52:50 [root] INFO: URL: https://www.thegioididong.com/laptop/asus-vivobook-15-x1504va-i3-nj1634w
[2025-03-01T13:52:50.177+0000] {subprocess.py:93} INFO - 2025-03-01 13:52:50 [root] INFO: cnt: 39
[2025-03-01T13:52:50.245+0000] {subprocess.py:93} INFO - 2025-03-01 13:52:50 [root] INFO: URL: https://www.thegioididong.com/laptop/gigabyte-aorus-16x-x6lag-i7-9rx6lasgddjixdvn010
[2025-03-01T13:52:50.258+0000] {subprocess.py:93} INFO - 2025-03-01 13:52:50 [root] INFO: cnt: 40
[2025-03-01T13:52:50.476+0000] {subprocess.py:93} INFO - 2025-03-01 13:52:50 [root] INFO: URL: https://www.thegioididong.com/laptop/gigabyte-g6-kf-rc56-i7-9rc56kf0hjjanivn000
[2025-03-01T13:52:50.489+0000] {subprocess.py:93} INFO - 2025-03-01 13:52:50 [root] INFO: cnt: 41
[2025-03-01T13:52:50.733+0000] {subprocess.py:93} INFO - 2025-03-01 13:52:50 [root] INFO: URL: https://www.thegioididong.com/laptop/gigabyte-g5-mf5-rc555-i7-9rc55mf5fjiinivn000
[2025-03-01T13:52:50.749+0000] {subprocess.py:93} INFO - 2025-03-01 13:52:50 [root] INFO: cnt: 42
[2025-03-01T13:52:51.225+0000] {subprocess.py:93} INFO - 2025-03-01 13:52:51 [root] INFO: URL: https://www.thegioididong.com/laptop/gigabyte-g5-mf5-rc555-i5-9rc55mf5feiaa1vn0c0
[2025-03-01T13:52:51.235+0000] {subprocess.py:93} INFO - 2025-03-01 13:52:51 [root] INFO: cnt: 43
[2025-03-01T13:52:51.511+0000] {subprocess.py:93} INFO - 2025-03-01 13:52:51 [root] INFO: URL: https://www.thegioididong.com/phan-mem/esim-du-lich-bluecom-south-korea-8gb-15-ngay
[2025-03-01T13:52:51.518+0000] {subprocess.py:93} INFO - 2025-03-01 13:52:51 [root] INFO: cnt: 44
[2025-03-01T13:52:51.552+0000] {subprocess.py:93} INFO - 2025-03-01 13:52:51 [root] INFO: URL: https://www.thegioididong.com/phan-mem/esim-du-lich-bluecom-thailand-4gb-7-ngay
[2025-03-01T13:52:51.559+0000] {subprocess.py:93} INFO - 2025-03-01 13:52:51 [root] INFO: cnt: 45
[2025-03-01T13:52:51.601+0000] {subprocess.py:93} INFO - 2025-03-01 13:52:51 [root] INFO: URL: https://www.thegioididong.com/phan-mem/esim-du-lich-bluecom-china-1gb-ngay-3-ngay
[2025-03-01T13:52:51.608+0000] {subprocess.py:93} INFO - 2025-03-01 13:52:51 [root] INFO: cnt: 46
[2025-03-01T13:52:51.807+0000] {subprocess.py:93} INFO - 2025-03-01 13:52:51 [root] INFO: URL: https://www.thegioididong.com/may-tinh-bang/xiaomi-pad-7-8gb-256gb
[2025-03-01T13:52:51.815+0000] {subprocess.py:93} INFO - 2025-03-01 13:52:51 [scrapy.core.scraper] ERROR: Spider error processing <GET https://www.thegioididong.com/may-tinh-bang/xiaomi-pad-7-8gb-256gb> (referer: https://www.thegioididong.com/newsitemap/sitemap-product-2025-2?page=1)
[2025-03-01T13:52:51.816+0000] {subprocess.py:93} INFO - Traceback (most recent call last):
[2025-03-01T13:52:51.817+0000] {subprocess.py:93} INFO -   File "/home/***/.local/lib/python3.12/site-packages/twisted/internet/defer.py", line 1088, in _runCallbacks
[2025-03-01T13:52:51.817+0000] {subprocess.py:93} INFO -     current.result = callback(  # type: ignore[misc]
[2025-03-01T13:52:51.818+0000] {subprocess.py:93} INFO -                      ^^^^^^^^^^^^^^^^^^^^^^^^^^^^^^^
[2025-03-01T13:52:51.818+0000] {subprocess.py:93} INFO -   File "/opt/***/crawler/tgdd_crawler/tgdd_crawler/spiders/my_spider.py", line 69, in parse_detail_product
[2025-03-01T13:52:51.819+0000] {subprocess.py:93} INFO -     productld = json.loads(response.xpath('//*[@id="productld"]/text()').get())
[2025-03-01T13:52:51.819+0000] {subprocess.py:93} INFO -                 ^^^^^^^^^^^^^^^^^^^^^^^^^^^^^^^^^^^^^^^^^^^^^^^^^^^^^^^^^^^^^^^
[2025-03-01T13:52:51.820+0000] {subprocess.py:93} INFO -   File "/usr/local/lib/python3.12/json/__init__.py", line 339, in loads
[2025-03-01T13:52:51.820+0000] {subprocess.py:93} INFO -     raise TypeError(f'the JSON object must be str, bytes or bytearray, '
[2025-03-01T13:52:51.821+0000] {subprocess.py:93} INFO - TypeError: the JSON object must be str, bytes or bytearray, not NoneType
[2025-03-01T13:52:52.183+0000] {subprocess.py:93} INFO - 2025-03-01 13:52:52 [root] INFO: URL: https://www.thegioididong.com/may-tinh-bang/xiaomi-pad-7
[2025-03-01T13:52:52.191+0000] {subprocess.py:93} INFO - 2025-03-01 13:52:52 [scrapy.core.scraper] ERROR: Spider error processing <GET https://www.thegioididong.com/may-tinh-bang/xiaomi-pad-7> (referer: https://www.thegioididong.com/newsitemap/sitemap-product-2025-2?page=1)
[2025-03-01T13:52:52.192+0000] {subprocess.py:93} INFO - Traceback (most recent call last):
[2025-03-01T13:52:52.193+0000] {subprocess.py:93} INFO -   File "/home/***/.local/lib/python3.12/site-packages/twisted/internet/defer.py", line 1088, in _runCallbacks
[2025-03-01T13:52:52.193+0000] {subprocess.py:93} INFO -     current.result = callback(  # type: ignore[misc]
[2025-03-01T13:52:52.194+0000] {subprocess.py:93} INFO -                      ^^^^^^^^^^^^^^^^^^^^^^^^^^^^^^^
[2025-03-01T13:52:52.194+0000] {subprocess.py:93} INFO -   File "/opt/***/crawler/tgdd_crawler/tgdd_crawler/spiders/my_spider.py", line 69, in parse_detail_product
[2025-03-01T13:52:52.195+0000] {subprocess.py:93} INFO -     productld = json.loads(response.xpath('//*[@id="productld"]/text()').get())
[2025-03-01T13:52:52.196+0000] {subprocess.py:93} INFO -                 ^^^^^^^^^^^^^^^^^^^^^^^^^^^^^^^^^^^^^^^^^^^^^^^^^^^^^^^^^^^^^^^
[2025-03-01T13:52:52.196+0000] {subprocess.py:93} INFO -   File "/usr/local/lib/python3.12/json/__init__.py", line 339, in loads
[2025-03-01T13:52:52.197+0000] {subprocess.py:93} INFO -     raise TypeError(f'the JSON object must be str, bytes or bytearray, '
[2025-03-01T13:52:52.198+0000] {subprocess.py:93} INFO - TypeError: the JSON object must be str, bytes or bytearray, not NoneType
[2025-03-01T13:52:52.395+0000] {subprocess.py:93} INFO - 2025-03-01 13:52:52 [root] INFO: URL: https://www.thegioididong.com/may-tinh-bang/xiaomi-pad-7-pro
[2025-03-01T13:52:52.403+0000] {subprocess.py:93} INFO - 2025-03-01 13:52:52 [scrapy.core.scraper] ERROR: Spider error processing <GET https://www.thegioididong.com/may-tinh-bang/xiaomi-pad-7-pro> (referer: https://www.thegioididong.com/newsitemap/sitemap-product-2025-2?page=1)
[2025-03-01T13:52:52.404+0000] {subprocess.py:93} INFO - Traceback (most recent call last):
[2025-03-01T13:52:52.406+0000] {subprocess.py:93} INFO -   File "/home/***/.local/lib/python3.12/site-packages/twisted/internet/defer.py", line 1088, in _runCallbacks
[2025-03-01T13:52:52.406+0000] {subprocess.py:93} INFO -     current.result = callback(  # type: ignore[misc]
[2025-03-01T13:52:52.407+0000] {subprocess.py:93} INFO -                      ^^^^^^^^^^^^^^^^^^^^^^^^^^^^^^^
[2025-03-01T13:52:52.408+0000] {subprocess.py:93} INFO -   File "/opt/***/crawler/tgdd_crawler/tgdd_crawler/spiders/my_spider.py", line 69, in parse_detail_product
[2025-03-01T13:52:52.408+0000] {subprocess.py:93} INFO -     productld = json.loads(response.xpath('//*[@id="productld"]/text()').get())
[2025-03-01T13:52:52.409+0000] {subprocess.py:93} INFO -                 ^^^^^^^^^^^^^^^^^^^^^^^^^^^^^^^^^^^^^^^^^^^^^^^^^^^^^^^^^^^^^^^
[2025-03-01T13:52:52.410+0000] {subprocess.py:93} INFO -   File "/usr/local/lib/python3.12/json/__init__.py", line 339, in loads
[2025-03-01T13:52:52.410+0000] {subprocess.py:93} INFO -     raise TypeError(f'the JSON object must be str, bytes or bytearray, '
[2025-03-01T13:52:52.411+0000] {subprocess.py:93} INFO - TypeError: the JSON object must be str, bytes or bytearray, not NoneType
[2025-03-01T13:52:52.609+0000] {subprocess.py:93} INFO - 2025-03-01 13:52:52 [root] INFO: URL: https://www.thegioididong.com/may-tinh-bang/xiaomi-pad-7-pro-12gb-512gb
[2025-03-01T13:52:52.617+0000] {subprocess.py:93} INFO - 2025-03-01 13:52:52 [scrapy.core.scraper] ERROR: Spider error processing <GET https://www.thegioididong.com/may-tinh-bang/xiaomi-pad-7-pro-12gb-512gb> (referer: https://www.thegioididong.com/newsitemap/sitemap-product-2025-2?page=1)
[2025-03-01T13:52:52.618+0000] {subprocess.py:93} INFO - Traceback (most recent call last):
[2025-03-01T13:52:52.619+0000] {subprocess.py:93} INFO -   File "/home/***/.local/lib/python3.12/site-packages/twisted/internet/defer.py", line 1088, in _runCallbacks
[2025-03-01T13:52:52.619+0000] {subprocess.py:93} INFO -     current.result = callback(  # type: ignore[misc]
[2025-03-01T13:52:52.620+0000] {subprocess.py:93} INFO -                      ^^^^^^^^^^^^^^^^^^^^^^^^^^^^^^^
[2025-03-01T13:52:52.621+0000] {subprocess.py:93} INFO -   File "/opt/***/crawler/tgdd_crawler/tgdd_crawler/spiders/my_spider.py", line 69, in parse_detail_product
[2025-03-01T13:52:52.621+0000] {subprocess.py:93} INFO -     productld = json.loads(response.xpath('//*[@id="productld"]/text()').get())
[2025-03-01T13:52:52.622+0000] {subprocess.py:93} INFO -                 ^^^^^^^^^^^^^^^^^^^^^^^^^^^^^^^^^^^^^^^^^^^^^^^^^^^^^^^^^^^^^^^
[2025-03-01T13:52:52.623+0000] {subprocess.py:93} INFO -   File "/usr/local/lib/python3.12/json/__init__.py", line 339, in loads
[2025-03-01T13:52:52.623+0000] {subprocess.py:93} INFO -     raise TypeError(f'the JSON object must be str, bytes or bytearray, '
[2025-03-01T13:52:52.624+0000] {subprocess.py:93} INFO - TypeError: the JSON object must be str, bytes or bytearray, not NoneType
[2025-03-01T13:52:52.885+0000] {subprocess.py:93} INFO - 2025-03-01 13:52:52 [root] INFO: URL: https://www.thegioididong.com/laptop/lenovo-yoga-7-2in1-14iml9-ultra-7-83dj001fvn
[2025-03-01T13:52:52.909+0000] {subprocess.py:93} INFO - 2025-03-01 13:52:52 [root] INFO: cnt: 47
[2025-03-01T13:52:53.099+0000] {subprocess.py:93} INFO - 2025-03-01 13:52:53 [root] INFO: URL: https://www.thegioididong.com/loa-laptop/mobell-mk-6790a-800w
[2025-03-01T13:52:53.115+0000] {subprocess.py:93} INFO - 2025-03-01 13:52:53 [root] INFO: cnt: 48
[2025-03-01T13:52:53.398+0000] {subprocess.py:93} INFO - 2025-03-01 13:52:53 [root] INFO: URL: https://www.thegioididong.com/laptop/lenovo-thinkpad-x13-ultra-7-21lu004tvn
[2025-03-01T13:52:53.410+0000] {subprocess.py:93} INFO - 2025-03-01 13:52:53 [root] INFO: cnt: 49
[2025-03-01T13:52:53.678+0000] {subprocess.py:93} INFO - 2025-03-01 13:52:53 [root] INFO: URL: https://www.thegioididong.com/laptop/lenovo-thinkpad-t14s-ultra-5-21ls005rvn
[2025-03-01T13:52:53.690+0000] {subprocess.py:93} INFO - 2025-03-01 13:52:53 [root] INFO: cnt: 50
[2025-03-01T13:52:53.757+0000] {local_task_job_runner.py:313} WARNING - State of this instance has been externally set to failed. Terminating instance.
[2025-03-01T13:52:53.758+0000] {local_task_job_runner.py:222} INFO - ::endgroup::
[2025-03-01T13:52:53.759+0000] {process_utils.py:132} INFO - Sending 15 to group 473. PIDs of all processes in the group: [474, 473]
[2025-03-01T13:52:53.760+0000] {process_utils.py:87} INFO - Sending the signal 15 to group 473
[2025-03-01T13:52:53.761+0000] {taskinstance.py:2611} ERROR - Received SIGTERM. Terminating subprocesses.
[2025-03-01T13:52:53.761+0000] {subprocess.py:104} INFO - Sending SIGTERM signal to process group
[2025-03-01T13:52:53.762+0000] {taskinstance.py:441} INFO - ::group::Post task execution logs
[2025-03-01T13:52:54.296+0000] {process_utils.py:80} INFO - Process psutil.Process(pid=473, status='terminated', exitcode=0, started='13:52:32') (473) terminated with exit code 0
[2025-03-01T13:52:58.167+0000] {process_utils.py:80} INFO - Process psutil.Process(pid=474, status='terminated', started='13:52:32') (474) terminated with exit code None
