[2025-02-24T08:28:00.806+0000] {processor.py:161} INFO - Started process (PID=49) to work on /opt/airflow/dags/crawl_daily_tgdd.py
[2025-02-24T08:28:00.807+0000] {processor.py:830} INFO - Processing file /opt/airflow/dags/crawl_daily_tgdd.py for tasks to queue
[2025-02-24T08:28:00.810+0000] {logging_mixin.py:188} INFO - [2025-02-24T08:28:00.810+0000] {dagbag.py:545} INFO - Filling up the DagBag from /opt/airflow/dags/crawl_daily_tgdd.py
[2025-02-24T08:28:00.837+0000] {processor.py:840} INFO - DAG(s) 'crawl_thegioididong_daily' retrieved from /opt/airflow/dags/crawl_daily_tgdd.py
[2025-02-24T08:28:00.891+0000] {logging_mixin.py:188} INFO - [2025-02-24T08:28:00.890+0000] {dag.py:3089} INFO - Sync 1 DAGs
[2025-02-24T08:28:00.938+0000] {logging_mixin.py:188} INFO - [2025-02-24T08:28:00.938+0000] {dag.py:3947} INFO - Setting next_dagrun for crawl_thegioididong_daily to 2025-02-24 00:00:00+00:00, run_after=2025-02-25 00:00:00+00:00
[2025-02-24T08:28:00.969+0000] {processor.py:183} INFO - Processing /opt/airflow/dags/crawl_daily_tgdd.py took 0.170 seconds
[2025-02-24T08:28:31.821+0000] {processor.py:161} INFO - Started process (PID=57) to work on /opt/airflow/dags/crawl_daily_tgdd.py
[2025-02-24T08:28:31.822+0000] {processor.py:830} INFO - Processing file /opt/airflow/dags/crawl_daily_tgdd.py for tasks to queue
[2025-02-24T08:28:31.825+0000] {logging_mixin.py:188} INFO - [2025-02-24T08:28:31.825+0000] {dagbag.py:545} INFO - Filling up the DagBag from /opt/airflow/dags/crawl_daily_tgdd.py
[2025-02-24T08:28:31.864+0000] {processor.py:840} INFO - DAG(s) 'crawl_thegioididong_daily' retrieved from /opt/airflow/dags/crawl_daily_tgdd.py
[2025-02-24T08:28:32.087+0000] {logging_mixin.py:188} INFO - [2025-02-24T08:28:32.086+0000] {dag.py:3089} INFO - Sync 1 DAGs
[2025-02-24T08:28:32.137+0000] {logging_mixin.py:188} INFO - [2025-02-24T08:28:32.137+0000] {dag.py:3947} INFO - Setting next_dagrun for crawl_thegioididong_daily to 2025-02-24 00:00:00+00:00, run_after=2025-02-25 00:00:00+00:00
[2025-02-24T08:28:32.167+0000] {processor.py:183} INFO - Processing /opt/airflow/dags/crawl_daily_tgdd.py took 0.350 seconds
[2025-02-24T08:29:02.669+0000] {processor.py:161} INFO - Started process (PID=71) to work on /opt/airflow/dags/crawl_daily_tgdd.py
[2025-02-24T08:29:02.670+0000] {processor.py:830} INFO - Processing file /opt/airflow/dags/crawl_daily_tgdd.py for tasks to queue
[2025-02-24T08:29:02.673+0000] {logging_mixin.py:188} INFO - [2025-02-24T08:29:02.673+0000] {dagbag.py:545} INFO - Filling up the DagBag from /opt/airflow/dags/crawl_daily_tgdd.py
[2025-02-24T08:29:02.694+0000] {processor.py:840} INFO - DAG(s) 'crawl_thegioididong_daily' retrieved from /opt/airflow/dags/crawl_daily_tgdd.py
[2025-02-24T08:29:02.725+0000] {logging_mixin.py:188} INFO - [2025-02-24T08:29:02.725+0000] {dag.py:3089} INFO - Sync 1 DAGs
[2025-02-24T08:29:02.755+0000] {logging_mixin.py:188} INFO - [2025-02-24T08:29:02.754+0000] {dag.py:3947} INFO - Setting next_dagrun for crawl_thegioididong_daily to 2025-02-24 00:00:00+00:00, run_after=2025-02-25 00:00:00+00:00
[2025-02-24T08:29:02.785+0000] {processor.py:183} INFO - Processing /opt/airflow/dags/crawl_daily_tgdd.py took 0.122 seconds
[2025-02-24T08:29:33.481+0000] {processor.py:161} INFO - Started process (PID=79) to work on /opt/airflow/dags/crawl_daily_tgdd.py
[2025-02-24T08:29:33.482+0000] {processor.py:830} INFO - Processing file /opt/airflow/dags/crawl_daily_tgdd.py for tasks to queue
[2025-02-24T08:29:33.484+0000] {logging_mixin.py:188} INFO - [2025-02-24T08:29:33.484+0000] {dagbag.py:545} INFO - Filling up the DagBag from /opt/airflow/dags/crawl_daily_tgdd.py
[2025-02-24T08:29:33.506+0000] {processor.py:840} INFO - DAG(s) 'crawl_thegioididong_daily' retrieved from /opt/airflow/dags/crawl_daily_tgdd.py
[2025-02-24T08:29:33.534+0000] {logging_mixin.py:188} INFO - [2025-02-24T08:29:33.534+0000] {dag.py:3089} INFO - Sync 1 DAGs
[2025-02-24T08:29:33.560+0000] {logging_mixin.py:188} INFO - [2025-02-24T08:29:33.560+0000] {dag.py:3947} INFO - Setting next_dagrun for crawl_thegioididong_daily to 2025-02-24 00:00:00+00:00, run_after=2025-02-25 00:00:00+00:00
[2025-02-24T08:29:33.585+0000] {processor.py:183} INFO - Processing /opt/airflow/dags/crawl_daily_tgdd.py took 0.110 seconds
[2025-02-24T08:30:04.544+0000] {processor.py:161} INFO - Started process (PID=87) to work on /opt/airflow/dags/crawl_daily_tgdd.py
[2025-02-24T08:30:04.546+0000] {processor.py:830} INFO - Processing file /opt/airflow/dags/crawl_daily_tgdd.py for tasks to queue
[2025-02-24T08:30:04.549+0000] {logging_mixin.py:188} INFO - [2025-02-24T08:30:04.548+0000] {dagbag.py:545} INFO - Filling up the DagBag from /opt/airflow/dags/crawl_daily_tgdd.py
[2025-02-24T08:30:04.578+0000] {processor.py:840} INFO - DAG(s) 'crawl_thegioididong_daily' retrieved from /opt/airflow/dags/crawl_daily_tgdd.py
[2025-02-24T08:30:04.623+0000] {logging_mixin.py:188} INFO - [2025-02-24T08:30:04.622+0000] {dag.py:3089} INFO - Sync 1 DAGs
[2025-02-24T08:30:04.660+0000] {logging_mixin.py:188} INFO - [2025-02-24T08:30:04.660+0000] {dag.py:3947} INFO - Setting next_dagrun for crawl_thegioididong_daily to 2025-02-24 00:00:00+00:00, run_after=2025-02-25 00:00:00+00:00
[2025-02-24T08:30:04.695+0000] {processor.py:183} INFO - Processing /opt/airflow/dags/crawl_daily_tgdd.py took 0.157 seconds
[2025-02-24T08:30:35.472+0000] {processor.py:161} INFO - Started process (PID=95) to work on /opt/airflow/dags/crawl_daily_tgdd.py
[2025-02-24T08:30:35.473+0000] {processor.py:830} INFO - Processing file /opt/airflow/dags/crawl_daily_tgdd.py for tasks to queue
[2025-02-24T08:30:35.476+0000] {logging_mixin.py:188} INFO - [2025-02-24T08:30:35.475+0000] {dagbag.py:545} INFO - Filling up the DagBag from /opt/airflow/dags/crawl_daily_tgdd.py
[2025-02-24T08:30:35.499+0000] {processor.py:840} INFO - DAG(s) 'crawl_thegioididong_daily' retrieved from /opt/airflow/dags/crawl_daily_tgdd.py
[2025-02-24T08:30:35.604+0000] {logging_mixin.py:188} INFO - [2025-02-24T08:30:35.603+0000] {dag.py:3089} INFO - Sync 1 DAGs
[2025-02-24T08:30:35.641+0000] {logging_mixin.py:188} INFO - [2025-02-24T08:30:35.641+0000] {dag.py:3947} INFO - Setting next_dagrun for crawl_thegioididong_daily to 2025-02-24 00:00:00+00:00, run_after=2025-02-25 00:00:00+00:00
[2025-02-24T08:30:35.662+0000] {processor.py:183} INFO - Processing /opt/airflow/dags/crawl_daily_tgdd.py took 0.195 seconds
[2025-02-24T08:31:06.243+0000] {processor.py:161} INFO - Started process (PID=103) to work on /opt/airflow/dags/crawl_daily_tgdd.py
[2025-02-24T08:31:06.244+0000] {processor.py:830} INFO - Processing file /opt/airflow/dags/crawl_daily_tgdd.py for tasks to queue
[2025-02-24T08:31:06.247+0000] {logging_mixin.py:188} INFO - [2025-02-24T08:31:06.246+0000] {dagbag.py:545} INFO - Filling up the DagBag from /opt/airflow/dags/crawl_daily_tgdd.py
[2025-02-24T08:31:06.269+0000] {processor.py:840} INFO - DAG(s) 'crawl_thegioididong_daily' retrieved from /opt/airflow/dags/crawl_daily_tgdd.py
[2025-02-24T08:31:06.294+0000] {logging_mixin.py:188} INFO - [2025-02-24T08:31:06.294+0000] {dag.py:3089} INFO - Sync 1 DAGs
[2025-02-24T08:31:06.320+0000] {logging_mixin.py:188} INFO - [2025-02-24T08:31:06.319+0000] {dag.py:3947} INFO - Setting next_dagrun for crawl_thegioididong_daily to 2025-02-24 00:00:00+00:00, run_after=2025-02-25 00:00:00+00:00
[2025-02-24T08:31:06.344+0000] {processor.py:183} INFO - Processing /opt/airflow/dags/crawl_daily_tgdd.py took 0.106 seconds
[2025-02-24T08:31:37.135+0000] {processor.py:161} INFO - Started process (PID=111) to work on /opt/airflow/dags/crawl_daily_tgdd.py
[2025-02-24T08:31:37.136+0000] {processor.py:830} INFO - Processing file /opt/airflow/dags/crawl_daily_tgdd.py for tasks to queue
[2025-02-24T08:31:37.139+0000] {logging_mixin.py:188} INFO - [2025-02-24T08:31:37.139+0000] {dagbag.py:545} INFO - Filling up the DagBag from /opt/airflow/dags/crawl_daily_tgdd.py
[2025-02-24T08:31:37.173+0000] {processor.py:840} INFO - DAG(s) 'crawl_thegioididong_daily' retrieved from /opt/airflow/dags/crawl_daily_tgdd.py
[2025-02-24T08:31:37.206+0000] {logging_mixin.py:188} INFO - [2025-02-24T08:31:37.206+0000] {dag.py:3089} INFO - Sync 1 DAGs
[2025-02-24T08:31:37.235+0000] {logging_mixin.py:188} INFO - [2025-02-24T08:31:37.235+0000] {dag.py:3947} INFO - Setting next_dagrun for crawl_thegioididong_daily to 2025-02-24 00:00:00+00:00, run_after=2025-02-25 00:00:00+00:00
[2025-02-24T08:31:37.262+0000] {processor.py:183} INFO - Processing /opt/airflow/dags/crawl_daily_tgdd.py took 0.133 seconds
[2025-02-24T08:32:08.170+0000] {processor.py:161} INFO - Started process (PID=119) to work on /opt/airflow/dags/crawl_daily_tgdd.py
[2025-02-24T08:32:08.171+0000] {processor.py:830} INFO - Processing file /opt/airflow/dags/crawl_daily_tgdd.py for tasks to queue
[2025-02-24T08:32:08.175+0000] {logging_mixin.py:188} INFO - [2025-02-24T08:32:08.174+0000] {dagbag.py:545} INFO - Filling up the DagBag from /opt/airflow/dags/crawl_daily_tgdd.py
[2025-02-24T08:32:08.204+0000] {processor.py:840} INFO - DAG(s) 'crawl_thegioididong_daily' retrieved from /opt/airflow/dags/crawl_daily_tgdd.py
[2025-02-24T08:32:08.241+0000] {logging_mixin.py:188} INFO - [2025-02-24T08:32:08.240+0000] {dag.py:3089} INFO - Sync 1 DAGs
[2025-02-24T08:32:08.277+0000] {logging_mixin.py:188} INFO - [2025-02-24T08:32:08.277+0000] {dag.py:3947} INFO - Setting next_dagrun for crawl_thegioididong_daily to 2025-02-24 00:00:00+00:00, run_after=2025-02-25 00:00:00+00:00
[2025-02-24T08:32:08.308+0000] {processor.py:183} INFO - Processing /opt/airflow/dags/crawl_daily_tgdd.py took 0.144 seconds
[2025-02-24T08:32:39.159+0000] {processor.py:161} INFO - Started process (PID=127) to work on /opt/airflow/dags/crawl_daily_tgdd.py
[2025-02-24T08:32:39.160+0000] {processor.py:830} INFO - Processing file /opt/airflow/dags/crawl_daily_tgdd.py for tasks to queue
[2025-02-24T08:32:39.162+0000] {logging_mixin.py:188} INFO - [2025-02-24T08:32:39.162+0000] {dagbag.py:545} INFO - Filling up the DagBag from /opt/airflow/dags/crawl_daily_tgdd.py
[2025-02-24T08:32:39.188+0000] {processor.py:840} INFO - DAG(s) 'crawl_thegioididong_daily' retrieved from /opt/airflow/dags/crawl_daily_tgdd.py
[2025-02-24T08:32:39.224+0000] {logging_mixin.py:188} INFO - [2025-02-24T08:32:39.223+0000] {dag.py:3089} INFO - Sync 1 DAGs
[2025-02-24T08:32:39.269+0000] {logging_mixin.py:188} INFO - [2025-02-24T08:32:39.268+0000] {dag.py:3947} INFO - Setting next_dagrun for crawl_thegioididong_daily to 2025-02-24 00:00:00+00:00, run_after=2025-02-25 00:00:00+00:00
[2025-02-24T08:32:39.301+0000] {processor.py:183} INFO - Processing /opt/airflow/dags/crawl_daily_tgdd.py took 0.148 seconds
[2025-02-24T08:33:10.183+0000] {processor.py:161} INFO - Started process (PID=135) to work on /opt/airflow/dags/crawl_daily_tgdd.py
[2025-02-24T08:33:10.185+0000] {processor.py:830} INFO - Processing file /opt/airflow/dags/crawl_daily_tgdd.py for tasks to queue
[2025-02-24T08:33:10.187+0000] {logging_mixin.py:188} INFO - [2025-02-24T08:33:10.186+0000] {dagbag.py:545} INFO - Filling up the DagBag from /opt/airflow/dags/crawl_daily_tgdd.py
[2025-02-24T08:33:10.209+0000] {processor.py:840} INFO - DAG(s) 'crawl_thegioididong_daily' retrieved from /opt/airflow/dags/crawl_daily_tgdd.py
[2025-02-24T08:33:10.234+0000] {logging_mixin.py:188} INFO - [2025-02-24T08:33:10.234+0000] {dag.py:3089} INFO - Sync 1 DAGs
[2025-02-24T08:33:10.260+0000] {logging_mixin.py:188} INFO - [2025-02-24T08:33:10.259+0000] {dag.py:3947} INFO - Setting next_dagrun for crawl_thegioididong_daily to 2025-02-24 00:00:00+00:00, run_after=2025-02-25 00:00:00+00:00
[2025-02-24T08:33:10.288+0000] {processor.py:183} INFO - Processing /opt/airflow/dags/crawl_daily_tgdd.py took 0.109 seconds
[2025-02-24T08:33:41.085+0000] {processor.py:161} INFO - Started process (PID=149) to work on /opt/airflow/dags/crawl_daily_tgdd.py
[2025-02-24T08:33:41.087+0000] {processor.py:830} INFO - Processing file /opt/airflow/dags/crawl_daily_tgdd.py for tasks to queue
[2025-02-24T08:33:41.090+0000] {logging_mixin.py:188} INFO - [2025-02-24T08:33:41.089+0000] {dagbag.py:545} INFO - Filling up the DagBag from /opt/airflow/dags/crawl_daily_tgdd.py
[2025-02-24T08:33:41.111+0000] {processor.py:840} INFO - DAG(s) 'crawl_thegioididong_daily' retrieved from /opt/airflow/dags/crawl_daily_tgdd.py
[2025-02-24T08:33:41.141+0000] {logging_mixin.py:188} INFO - [2025-02-24T08:33:41.141+0000] {dag.py:3089} INFO - Sync 1 DAGs
[2025-02-24T08:33:41.171+0000] {logging_mixin.py:188} INFO - [2025-02-24T08:33:41.170+0000] {dag.py:3947} INFO - Setting next_dagrun for crawl_thegioididong_daily to 2025-02-24 00:00:00+00:00, run_after=2025-02-25 00:00:00+00:00
[2025-02-24T08:33:41.192+0000] {processor.py:183} INFO - Processing /opt/airflow/dags/crawl_daily_tgdd.py took 0.113 seconds
[2025-02-24T08:34:12.070+0000] {processor.py:161} INFO - Started process (PID=157) to work on /opt/airflow/dags/crawl_daily_tgdd.py
[2025-02-24T08:34:12.071+0000] {processor.py:830} INFO - Processing file /opt/airflow/dags/crawl_daily_tgdd.py for tasks to queue
[2025-02-24T08:34:12.078+0000] {logging_mixin.py:188} INFO - [2025-02-24T08:34:12.077+0000] {dagbag.py:545} INFO - Filling up the DagBag from /opt/airflow/dags/crawl_daily_tgdd.py
[2025-02-24T08:34:12.126+0000] {processor.py:840} INFO - DAG(s) 'crawl_thegioididong_daily' retrieved from /opt/airflow/dags/crawl_daily_tgdd.py
[2025-02-24T08:34:12.235+0000] {logging_mixin.py:188} INFO - [2025-02-24T08:34:12.234+0000] {dag.py:3089} INFO - Sync 1 DAGs
[2025-02-24T08:34:12.306+0000] {logging_mixin.py:188} INFO - [2025-02-24T08:34:12.306+0000] {dag.py:3947} INFO - Setting next_dagrun for crawl_thegioididong_daily to 2025-02-24 00:00:00+00:00, run_after=2025-02-25 00:00:00+00:00
[2025-02-24T08:34:12.355+0000] {processor.py:183} INFO - Processing /opt/airflow/dags/crawl_daily_tgdd.py took 0.293 seconds
[2025-02-24T08:34:42.688+0000] {processor.py:161} INFO - Started process (PID=159) to work on /opt/airflow/dags/crawl_daily_tgdd.py
[2025-02-24T08:34:43.054+0000] {processor.py:830} INFO - Processing file /opt/airflow/dags/crawl_daily_tgdd.py for tasks to queue
[2025-02-24T08:34:43.773+0000] {logging_mixin.py:188} INFO - [2025-02-24T08:34:43.438+0000] {dagbag.py:545} INFO - Filling up the DagBag from /opt/airflow/dags/crawl_daily_tgdd.py
[2025-02-24T08:35:03.152+0000] {processor.py:840} INFO - DAG(s) 'crawl_thegioididong_daily' retrieved from /opt/airflow/dags/crawl_daily_tgdd.py
[2025-02-24T08:35:18.458+0000] {logging_mixin.py:188} INFO - [2025-02-24T08:35:18.431+0000] {dag.py:3089} INFO - Sync 1 DAGs
[2025-02-24T08:35:19.086+0000] {logging_mixin.py:188} INFO - [2025-02-24T08:35:19.072+0000] {dag.py:3947} INFO - Setting next_dagrun for crawl_thegioididong_daily to 2025-02-24 00:00:00+00:00, run_after=2025-02-25 00:00:00+00:00
[2025-02-24T08:35:19.265+0000] {processor.py:183} INFO - Processing /opt/airflow/dags/crawl_daily_tgdd.py took 41.794 seconds
[2025-02-24T08:35:53.580+0000] {processor.py:161} INFO - Started process (PID=174) to work on /opt/airflow/dags/crawl_daily_tgdd.py
[2025-02-24T08:35:53.599+0000] {processor.py:830} INFO - Processing file /opt/airflow/dags/crawl_daily_tgdd.py for tasks to queue
[2025-02-24T08:35:53.638+0000] {logging_mixin.py:188} INFO - [2025-02-24T08:35:53.619+0000] {dagbag.py:545} INFO - Filling up the DagBag from /opt/airflow/dags/crawl_daily_tgdd.py
[2025-02-24T08:35:54.080+0000] {processor.py:840} INFO - DAG(s) 'crawl_thegioididong_daily' retrieved from /opt/airflow/dags/crawl_daily_tgdd.py
[2025-02-24T08:36:04.110+0000] {logging_mixin.py:188} INFO - [2025-02-24T08:36:03.376+0000] {dag.py:3089} INFO - Sync 1 DAGs
[2025-02-24T08:36:15.290+0000] {logging_mixin.py:188} INFO - [2025-02-24T08:36:15.286+0000] {dag.py:3947} INFO - Setting next_dagrun for crawl_thegioididong_daily to 2025-02-24 00:00:00+00:00, run_after=2025-02-25 00:00:00+00:00
[2025-02-24T08:36:16.288+0000] {processor.py:183} INFO - Processing /opt/airflow/dags/crawl_daily_tgdd.py took 25.273 seconds
[2025-02-24T08:36:52.190+0000] {processor.py:161} INFO - Started process (PID=182) to work on /opt/airflow/dags/crawl_daily_tgdd.py
[2025-02-24T08:36:53.235+0000] {processor.py:830} INFO - Processing file /opt/airflow/dags/crawl_daily_tgdd.py for tasks to queue
[2025-02-24T08:36:58.897+0000] {logging_mixin.py:188} INFO - [2025-02-24T08:36:57.504+0000] {dagbag.py:545} INFO - Filling up the DagBag from /opt/airflow/dags/crawl_daily_tgdd.py
[2025-02-24T08:38:01.256+0000] {logging_mixin.py:188} INFO - [2025-02-24T08:37:35.945+0000] {timeout.py:68} ERROR - Process timed out, PID: 182
[2025-02-24T08:41:45.367+0000] {processor.py:161} INFO - Started process (PID=184) to work on /opt/airflow/dags/crawl_daily_tgdd.py
[2025-02-24T08:41:45.463+0000] {processor.py:830} INFO - Processing file /opt/airflow/dags/crawl_daily_tgdd.py for tasks to queue
[2025-02-24T08:41:45.570+0000] {logging_mixin.py:188} INFO - [2025-02-24T08:41:45.545+0000] {dagbag.py:545} INFO - Filling up the DagBag from /opt/airflow/dags/crawl_daily_tgdd.py
[2025-02-24T08:41:46.489+0000] {processor.py:840} INFO - DAG(s) 'crawl_thegioididong_daily' retrieved from /opt/airflow/dags/crawl_daily_tgdd.py
[2025-02-24T08:41:49.368+0000] {logging_mixin.py:188} INFO - [2025-02-24T08:41:49.355+0000] {dag.py:3089} INFO - Sync 1 DAGs
[2025-02-24T08:41:51.556+0000] {logging_mixin.py:188} INFO - [2025-02-24T08:41:51.491+0000] {dag.py:3947} INFO - Setting next_dagrun for crawl_thegioididong_daily to 2025-02-24 00:00:00+00:00, run_after=2025-02-25 00:00:00+00:00
[2025-02-24T08:43:37.770+0000] {processor.py:161} INFO - Started process (PID=197) to work on /opt/airflow/dags/crawl_daily_tgdd.py
[2025-02-24T08:43:37.773+0000] {processor.py:830} INFO - Processing file /opt/airflow/dags/crawl_daily_tgdd.py for tasks to queue
[2025-02-24T08:43:37.775+0000] {logging_mixin.py:188} INFO - [2025-02-24T08:43:37.774+0000] {dagbag.py:545} INFO - Filling up the DagBag from /opt/airflow/dags/crawl_daily_tgdd.py
[2025-02-24T08:43:37.856+0000] {processor.py:840} INFO - DAG(s) 'crawl_thegioididong_daily' retrieved from /opt/airflow/dags/crawl_daily_tgdd.py
[2025-02-24T08:43:37.943+0000] {logging_mixin.py:188} INFO - [2025-02-24T08:43:37.942+0000] {dag.py:3089} INFO - Sync 1 DAGs
[2025-02-24T08:43:38.124+0000] {logging_mixin.py:188} INFO - [2025-02-24T08:43:38.124+0000] {dag.py:3947} INFO - Setting next_dagrun for crawl_thegioididong_daily to 2025-02-24 00:00:00+00:00, run_after=2025-02-25 00:00:00+00:00
[2025-02-24T08:43:38.184+0000] {processor.py:183} INFO - Processing /opt/airflow/dags/crawl_daily_tgdd.py took 0.475 seconds
[2025-02-24T08:44:08.524+0000] {processor.py:161} INFO - Started process (PID=205) to work on /opt/airflow/dags/crawl_daily_tgdd.py
[2025-02-24T08:44:08.526+0000] {processor.py:830} INFO - Processing file /opt/airflow/dags/crawl_daily_tgdd.py for tasks to queue
[2025-02-24T08:44:08.527+0000] {logging_mixin.py:188} INFO - [2025-02-24T08:44:08.526+0000] {dagbag.py:545} INFO - Filling up the DagBag from /opt/airflow/dags/crawl_daily_tgdd.py
[2025-02-24T08:44:08.552+0000] {processor.py:840} INFO - DAG(s) 'crawl_thegioididong_daily' retrieved from /opt/airflow/dags/crawl_daily_tgdd.py
[2025-02-24T08:44:08.585+0000] {logging_mixin.py:188} INFO - [2025-02-24T08:44:08.585+0000] {dag.py:3089} INFO - Sync 1 DAGs
[2025-02-24T08:44:08.614+0000] {logging_mixin.py:188} INFO - [2025-02-24T08:44:08.614+0000] {dag.py:3947} INFO - Setting next_dagrun for crawl_thegioididong_daily to 2025-02-24 00:00:00+00:00, run_after=2025-02-25 00:00:00+00:00
[2025-02-24T08:44:08.638+0000] {processor.py:183} INFO - Processing /opt/airflow/dags/crawl_daily_tgdd.py took 0.120 seconds
[2025-02-24T08:44:39.604+0000] {processor.py:161} INFO - Started process (PID=213) to work on /opt/airflow/dags/crawl_daily_tgdd.py
[2025-02-24T08:44:39.605+0000] {processor.py:830} INFO - Processing file /opt/airflow/dags/crawl_daily_tgdd.py for tasks to queue
[2025-02-24T08:44:39.606+0000] {logging_mixin.py:188} INFO - [2025-02-24T08:44:39.606+0000] {dagbag.py:545} INFO - Filling up the DagBag from /opt/airflow/dags/crawl_daily_tgdd.py
[2025-02-24T08:44:39.630+0000] {processor.py:840} INFO - DAG(s) 'crawl_thegioididong_daily' retrieved from /opt/airflow/dags/crawl_daily_tgdd.py
[2025-02-24T08:44:39.661+0000] {logging_mixin.py:188} INFO - [2025-02-24T08:44:39.661+0000] {dag.py:3089} INFO - Sync 1 DAGs
[2025-02-24T08:44:39.683+0000] {logging_mixin.py:188} INFO - [2025-02-24T08:44:39.683+0000] {dag.py:3947} INFO - Setting next_dagrun for crawl_thegioididong_daily to 2025-02-24 00:00:00+00:00, run_after=2025-02-25 00:00:00+00:00
[2025-02-24T08:44:39.705+0000] {processor.py:183} INFO - Processing /opt/airflow/dags/crawl_daily_tgdd.py took 0.106 seconds
