[2025-02-24T08:28:00.797+0000] {processor.py:161} INFO - Started process (PID=48) to work on /opt/airflow/dags/crawl_full_tgdd.py
[2025-02-24T08:28:00.799+0000] {processor.py:830} INFO - Processing file /opt/airflow/dags/crawl_full_tgdd.py for tasks to queue
[2025-02-24T08:28:00.801+0000] {logging_mixin.py:188} INFO - [2025-02-24T08:28:00.801+0000] {dagbag.py:545} INFO - Filling up the DagBag from /opt/airflow/dags/crawl_full_tgdd.py
[2025-02-24T08:28:00.827+0000] {processor.py:840} INFO - DAG(s) 'crawl_thegioididong_full' retrieved from /opt/airflow/dags/crawl_full_tgdd.py
[2025-02-24T08:28:00.882+0000] {logging_mixin.py:188} INFO - [2025-02-24T08:28:00.882+0000] {dag.py:3089} INFO - Sync 1 DAGs
[2025-02-24T08:28:00.926+0000] {logging_mixin.py:188} INFO - [2025-02-24T08:28:00.925+0000] {dag.py:3947} INFO - Setting next_dagrun for crawl_thegioididong_full to None, run_after=None
[2025-02-24T08:28:00.958+0000] {processor.py:183} INFO - Processing /opt/airflow/dags/crawl_full_tgdd.py took 0.167 seconds
[2025-02-24T08:28:31.817+0000] {processor.py:161} INFO - Started process (PID=56) to work on /opt/airflow/dags/crawl_full_tgdd.py
[2025-02-24T08:28:31.818+0000] {processor.py:830} INFO - Processing file /opt/airflow/dags/crawl_full_tgdd.py for tasks to queue
[2025-02-24T08:28:31.821+0000] {logging_mixin.py:188} INFO - [2025-02-24T08:28:31.821+0000] {dagbag.py:545} INFO - Filling up the DagBag from /opt/airflow/dags/crawl_full_tgdd.py
[2025-02-24T08:28:31.877+0000] {processor.py:840} INFO - DAG(s) 'crawl_thegioididong_full' retrieved from /opt/airflow/dags/crawl_full_tgdd.py
[2025-02-24T08:28:32.101+0000] {logging_mixin.py:188} INFO - [2025-02-24T08:28:32.101+0000] {dag.py:3089} INFO - Sync 1 DAGs
[2025-02-24T08:28:32.148+0000] {logging_mixin.py:188} INFO - [2025-02-24T08:28:32.147+0000] {dag.py:3947} INFO - Setting next_dagrun for crawl_thegioididong_full to None, run_after=None
[2025-02-24T08:28:32.167+0000] {processor.py:183} INFO - Processing /opt/airflow/dags/crawl_full_tgdd.py took 0.357 seconds
[2025-02-24T08:29:02.666+0000] {processor.py:161} INFO - Started process (PID=70) to work on /opt/airflow/dags/crawl_full_tgdd.py
[2025-02-24T08:29:02.667+0000] {processor.py:830} INFO - Processing file /opt/airflow/dags/crawl_full_tgdd.py for tasks to queue
[2025-02-24T08:29:02.670+0000] {logging_mixin.py:188} INFO - [2025-02-24T08:29:02.670+0000] {dagbag.py:545} INFO - Filling up the DagBag from /opt/airflow/dags/crawl_full_tgdd.py
[2025-02-24T08:29:02.692+0000] {processor.py:840} INFO - DAG(s) 'crawl_thegioididong_full' retrieved from /opt/airflow/dags/crawl_full_tgdd.py
[2025-02-24T08:29:02.725+0000] {logging_mixin.py:188} INFO - [2025-02-24T08:29:02.725+0000] {dag.py:3089} INFO - Sync 1 DAGs
[2025-02-24T08:29:02.752+0000] {logging_mixin.py:188} INFO - [2025-02-24T08:29:02.752+0000] {dag.py:3947} INFO - Setting next_dagrun for crawl_thegioididong_full to None, run_after=None
[2025-02-24T08:29:02.782+0000] {processor.py:183} INFO - Processing /opt/airflow/dags/crawl_full_tgdd.py took 0.122 seconds
[2025-02-24T08:29:33.477+0000] {processor.py:161} INFO - Started process (PID=78) to work on /opt/airflow/dags/crawl_full_tgdd.py
[2025-02-24T08:29:33.478+0000] {processor.py:830} INFO - Processing file /opt/airflow/dags/crawl_full_tgdd.py for tasks to queue
[2025-02-24T08:29:33.480+0000] {logging_mixin.py:188} INFO - [2025-02-24T08:29:33.480+0000] {dagbag.py:545} INFO - Filling up the DagBag from /opt/airflow/dags/crawl_full_tgdd.py
[2025-02-24T08:29:33.504+0000] {processor.py:840} INFO - DAG(s) 'crawl_thegioididong_full' retrieved from /opt/airflow/dags/crawl_full_tgdd.py
[2025-02-24T08:29:33.534+0000] {logging_mixin.py:188} INFO - [2025-02-24T08:29:33.534+0000] {dag.py:3089} INFO - Sync 1 DAGs
[2025-02-24T08:29:33.558+0000] {logging_mixin.py:188} INFO - [2025-02-24T08:29:33.558+0000] {dag.py:3947} INFO - Setting next_dagrun for crawl_thegioididong_full to None, run_after=None
[2025-02-24T08:29:33.583+0000] {processor.py:183} INFO - Processing /opt/airflow/dags/crawl_full_tgdd.py took 0.113 seconds
[2025-02-24T08:30:04.540+0000] {processor.py:161} INFO - Started process (PID=86) to work on /opt/airflow/dags/crawl_full_tgdd.py
[2025-02-24T08:30:04.541+0000] {processor.py:830} INFO - Processing file /opt/airflow/dags/crawl_full_tgdd.py for tasks to queue
[2025-02-24T08:30:04.544+0000] {logging_mixin.py:188} INFO - [2025-02-24T08:30:04.544+0000] {dagbag.py:545} INFO - Filling up the DagBag from /opt/airflow/dags/crawl_full_tgdd.py
[2025-02-24T08:30:04.569+0000] {processor.py:840} INFO - DAG(s) 'crawl_thegioididong_full' retrieved from /opt/airflow/dags/crawl_full_tgdd.py
[2025-02-24T08:30:04.618+0000] {logging_mixin.py:188} INFO - [2025-02-24T08:30:04.618+0000] {dag.py:3089} INFO - Sync 1 DAGs
[2025-02-24T08:30:04.654+0000] {logging_mixin.py:188} INFO - [2025-02-24T08:30:04.654+0000] {dag.py:3947} INFO - Setting next_dagrun for crawl_thegioididong_full to None, run_after=None
[2025-02-24T08:30:04.684+0000] {processor.py:183} INFO - Processing /opt/airflow/dags/crawl_full_tgdd.py took 0.150 seconds
[2025-02-24T08:30:35.466+0000] {processor.py:161} INFO - Started process (PID=94) to work on /opt/airflow/dags/crawl_full_tgdd.py
[2025-02-24T08:30:35.467+0000] {processor.py:830} INFO - Processing file /opt/airflow/dags/crawl_full_tgdd.py for tasks to queue
[2025-02-24T08:30:35.469+0000] {logging_mixin.py:188} INFO - [2025-02-24T08:30:35.469+0000] {dagbag.py:545} INFO - Filling up the DagBag from /opt/airflow/dags/crawl_full_tgdd.py
[2025-02-24T08:30:35.490+0000] {processor.py:840} INFO - DAG(s) 'crawl_thegioididong_full' retrieved from /opt/airflow/dags/crawl_full_tgdd.py
[2025-02-24T08:30:35.604+0000] {logging_mixin.py:188} INFO - [2025-02-24T08:30:35.603+0000] {dag.py:3089} INFO - Sync 1 DAGs
[2025-02-24T08:30:35.641+0000] {logging_mixin.py:188} INFO - [2025-02-24T08:30:35.640+0000] {dag.py:3947} INFO - Setting next_dagrun for crawl_thegioididong_full to None, run_after=None
[2025-02-24T08:30:35.662+0000] {processor.py:183} INFO - Processing /opt/airflow/dags/crawl_full_tgdd.py took 0.203 seconds
[2025-02-24T08:31:06.237+0000] {processor.py:161} INFO - Started process (PID=102) to work on /opt/airflow/dags/crawl_full_tgdd.py
[2025-02-24T08:31:06.238+0000] {processor.py:830} INFO - Processing file /opt/airflow/dags/crawl_full_tgdd.py for tasks to queue
[2025-02-24T08:31:06.240+0000] {logging_mixin.py:188} INFO - [2025-02-24T08:31:06.240+0000] {dagbag.py:545} INFO - Filling up the DagBag from /opt/airflow/dags/crawl_full_tgdd.py
[2025-02-24T08:31:06.261+0000] {processor.py:840} INFO - DAG(s) 'crawl_thegioididong_full' retrieved from /opt/airflow/dags/crawl_full_tgdd.py
[2025-02-24T08:31:06.285+0000] {logging_mixin.py:188} INFO - [2025-02-24T08:31:06.285+0000] {dag.py:3089} INFO - Sync 1 DAGs
[2025-02-24T08:31:06.306+0000] {logging_mixin.py:188} INFO - [2025-02-24T08:31:06.306+0000] {dag.py:3947} INFO - Setting next_dagrun for crawl_thegioididong_full to None, run_after=None
[2025-02-24T08:31:06.329+0000] {processor.py:183} INFO - Processing /opt/airflow/dags/crawl_full_tgdd.py took 0.097 seconds
[2025-02-24T08:31:37.127+0000] {processor.py:161} INFO - Started process (PID=110) to work on /opt/airflow/dags/crawl_full_tgdd.py
[2025-02-24T08:31:37.128+0000] {processor.py:830} INFO - Processing file /opt/airflow/dags/crawl_full_tgdd.py for tasks to queue
[2025-02-24T08:31:37.131+0000] {logging_mixin.py:188} INFO - [2025-02-24T08:31:37.131+0000] {dagbag.py:545} INFO - Filling up the DagBag from /opt/airflow/dags/crawl_full_tgdd.py
[2025-02-24T08:31:37.161+0000] {processor.py:840} INFO - DAG(s) 'crawl_thegioididong_full' retrieved from /opt/airflow/dags/crawl_full_tgdd.py
[2025-02-24T08:31:37.195+0000] {logging_mixin.py:188} INFO - [2025-02-24T08:31:37.195+0000] {dag.py:3089} INFO - Sync 1 DAGs
[2025-02-24T08:31:37.224+0000] {logging_mixin.py:188} INFO - [2025-02-24T08:31:37.224+0000] {dag.py:3947} INFO - Setting next_dagrun for crawl_thegioididong_full to None, run_after=None
[2025-02-24T08:31:37.253+0000] {processor.py:183} INFO - Processing /opt/airflow/dags/crawl_full_tgdd.py took 0.133 seconds
[2025-02-24T08:32:08.160+0000] {processor.py:161} INFO - Started process (PID=118) to work on /opt/airflow/dags/crawl_full_tgdd.py
[2025-02-24T08:32:08.161+0000] {processor.py:830} INFO - Processing file /opt/airflow/dags/crawl_full_tgdd.py for tasks to queue
[2025-02-24T08:32:08.164+0000] {logging_mixin.py:188} INFO - [2025-02-24T08:32:08.164+0000] {dagbag.py:545} INFO - Filling up the DagBag from /opt/airflow/dags/crawl_full_tgdd.py
[2025-02-24T08:32:08.193+0000] {processor.py:840} INFO - DAG(s) 'crawl_thegioididong_full' retrieved from /opt/airflow/dags/crawl_full_tgdd.py
[2025-02-24T08:32:08.233+0000] {logging_mixin.py:188} INFO - [2025-02-24T08:32:08.233+0000] {dag.py:3089} INFO - Sync 1 DAGs
[2025-02-24T08:32:08.270+0000] {logging_mixin.py:188} INFO - [2025-02-24T08:32:08.270+0000] {dag.py:3947} INFO - Setting next_dagrun for crawl_thegioididong_full to None, run_after=None
[2025-02-24T08:32:08.298+0000] {processor.py:183} INFO - Processing /opt/airflow/dags/crawl_full_tgdd.py took 0.145 seconds
[2025-02-24T08:32:39.152+0000] {processor.py:161} INFO - Started process (PID=126) to work on /opt/airflow/dags/crawl_full_tgdd.py
[2025-02-24T08:32:39.153+0000] {processor.py:830} INFO - Processing file /opt/airflow/dags/crawl_full_tgdd.py for tasks to queue
[2025-02-24T08:32:39.156+0000] {logging_mixin.py:188} INFO - [2025-02-24T08:32:39.155+0000] {dagbag.py:545} INFO - Filling up the DagBag from /opt/airflow/dags/crawl_full_tgdd.py
[2025-02-24T08:32:39.180+0000] {processor.py:840} INFO - DAG(s) 'crawl_thegioididong_full' retrieved from /opt/airflow/dags/crawl_full_tgdd.py
[2025-02-24T08:32:39.212+0000] {logging_mixin.py:188} INFO - [2025-02-24T08:32:39.212+0000] {dag.py:3089} INFO - Sync 1 DAGs
[2025-02-24T08:32:39.252+0000] {logging_mixin.py:188} INFO - [2025-02-24T08:32:39.252+0000] {dag.py:3947} INFO - Setting next_dagrun for crawl_thegioididong_full to None, run_after=None
[2025-02-24T08:32:39.286+0000] {processor.py:183} INFO - Processing /opt/airflow/dags/crawl_full_tgdd.py took 0.141 seconds
[2025-02-24T08:33:10.178+0000] {processor.py:161} INFO - Started process (PID=134) to work on /opt/airflow/dags/crawl_full_tgdd.py
[2025-02-24T08:33:10.179+0000] {processor.py:830} INFO - Processing file /opt/airflow/dags/crawl_full_tgdd.py for tasks to queue
[2025-02-24T08:33:10.181+0000] {logging_mixin.py:188} INFO - [2025-02-24T08:33:10.181+0000] {dagbag.py:545} INFO - Filling up the DagBag from /opt/airflow/dags/crawl_full_tgdd.py
[2025-02-24T08:33:10.202+0000] {processor.py:840} INFO - DAG(s) 'crawl_thegioididong_full' retrieved from /opt/airflow/dags/crawl_full_tgdd.py
[2025-02-24T08:33:10.229+0000] {logging_mixin.py:188} INFO - [2025-02-24T08:33:10.228+0000] {dag.py:3089} INFO - Sync 1 DAGs
[2025-02-24T08:33:10.251+0000] {logging_mixin.py:188} INFO - [2025-02-24T08:33:10.250+0000] {dag.py:3947} INFO - Setting next_dagrun for crawl_thegioididong_full to None, run_after=None
[2025-02-24T08:33:10.277+0000] {processor.py:183} INFO - Processing /opt/airflow/dags/crawl_full_tgdd.py took 0.104 seconds
[2025-02-24T08:33:41.082+0000] {processor.py:161} INFO - Started process (PID=148) to work on /opt/airflow/dags/crawl_full_tgdd.py
[2025-02-24T08:33:41.083+0000] {processor.py:830} INFO - Processing file /opt/airflow/dags/crawl_full_tgdd.py for tasks to queue
[2025-02-24T08:33:41.085+0000] {logging_mixin.py:188} INFO - [2025-02-24T08:33:41.085+0000] {dagbag.py:545} INFO - Filling up the DagBag from /opt/airflow/dags/crawl_full_tgdd.py
[2025-02-24T08:33:41.106+0000] {processor.py:840} INFO - DAG(s) 'crawl_thegioididong_full' retrieved from /opt/airflow/dags/crawl_full_tgdd.py
[2025-02-24T08:33:41.136+0000] {logging_mixin.py:188} INFO - [2025-02-24T08:33:41.136+0000] {dag.py:3089} INFO - Sync 1 DAGs
[2025-02-24T08:33:41.162+0000] {logging_mixin.py:188} INFO - [2025-02-24T08:33:41.162+0000] {dag.py:3947} INFO - Setting next_dagrun for crawl_thegioididong_full to None, run_after=None
[2025-02-24T08:33:41.187+0000] {processor.py:183} INFO - Processing /opt/airflow/dags/crawl_full_tgdd.py took 0.111 seconds
[2025-02-24T08:34:12.066+0000] {processor.py:161} INFO - Started process (PID=156) to work on /opt/airflow/dags/crawl_full_tgdd.py
[2025-02-24T08:34:12.068+0000] {processor.py:830} INFO - Processing file /opt/airflow/dags/crawl_full_tgdd.py for tasks to queue
[2025-02-24T08:34:12.078+0000] {logging_mixin.py:188} INFO - [2025-02-24T08:34:12.073+0000] {dagbag.py:545} INFO - Filling up the DagBag from /opt/airflow/dags/crawl_full_tgdd.py
[2025-02-24T08:34:12.132+0000] {processor.py:840} INFO - DAG(s) 'crawl_thegioididong_full' retrieved from /opt/airflow/dags/crawl_full_tgdd.py
[2025-02-24T08:34:12.244+0000] {logging_mixin.py:188} INFO - [2025-02-24T08:34:12.243+0000] {dag.py:3089} INFO - Sync 1 DAGs
[2025-02-24T08:34:12.309+0000] {logging_mixin.py:188} INFO - [2025-02-24T08:34:12.309+0000] {dag.py:3947} INFO - Setting next_dagrun for crawl_thegioididong_full to None, run_after=None
[2025-02-24T08:34:12.354+0000] {processor.py:183} INFO - Processing /opt/airflow/dags/crawl_full_tgdd.py took 0.301 seconds
[2025-02-24T08:34:42.686+0000] {processor.py:161} INFO - Started process (PID=158) to work on /opt/airflow/dags/crawl_full_tgdd.py
[2025-02-24T08:34:43.054+0000] {processor.py:830} INFO - Processing file /opt/airflow/dags/crawl_full_tgdd.py for tasks to queue
[2025-02-24T08:34:43.773+0000] {logging_mixin.py:188} INFO - [2025-02-24T08:34:43.437+0000] {dagbag.py:545} INFO - Filling up the DagBag from /opt/airflow/dags/crawl_full_tgdd.py
[2025-02-24T08:34:48.830+0000] {processor.py:840} INFO - DAG(s) 'crawl_thegioididong_full' retrieved from /opt/airflow/dags/crawl_full_tgdd.py
[2025-02-24T08:35:18.551+0000] {logging_mixin.py:188} INFO - [2025-02-24T08:35:18.550+0000] {dag.py:3089} INFO - Sync 1 DAGs
[2025-02-24T08:35:19.078+0000] {logging_mixin.py:188} INFO - [2025-02-24T08:35:19.048+0000] {dag.py:3947} INFO - Setting next_dagrun for crawl_thegioididong_full to None, run_after=None
[2025-02-24T08:35:19.260+0000] {processor.py:183} INFO - Processing /opt/airflow/dags/crawl_full_tgdd.py took 41.792 seconds
[2025-02-24T08:35:53.580+0000] {processor.py:161} INFO - Started process (PID=173) to work on /opt/airflow/dags/crawl_full_tgdd.py
[2025-02-24T08:35:53.599+0000] {processor.py:830} INFO - Processing file /opt/airflow/dags/crawl_full_tgdd.py for tasks to queue
[2025-02-24T08:35:53.637+0000] {logging_mixin.py:188} INFO - [2025-02-24T08:35:53.612+0000] {dagbag.py:545} INFO - Filling up the DagBag from /opt/airflow/dags/crawl_full_tgdd.py
[2025-02-24T08:35:54.078+0000] {processor.py:840} INFO - DAG(s) 'crawl_thegioididong_full' retrieved from /opt/airflow/dags/crawl_full_tgdd.py
[2025-02-24T08:36:04.118+0000] {logging_mixin.py:188} INFO - [2025-02-24T08:36:03.424+0000] {dag.py:3089} INFO - Sync 1 DAGs
[2025-02-24T08:36:15.290+0000] {logging_mixin.py:188} INFO - [2025-02-24T08:36:15.266+0000] {dag.py:3947} INFO - Setting next_dagrun for crawl_thegioididong_full to None, run_after=None
[2025-02-24T08:36:16.288+0000] {processor.py:183} INFO - Processing /opt/airflow/dags/crawl_full_tgdd.py took 25.295 seconds
[2025-02-24T08:36:52.191+0000] {processor.py:161} INFO - Started process (PID=181) to work on /opt/airflow/dags/crawl_full_tgdd.py
[2025-02-24T08:36:53.235+0000] {processor.py:830} INFO - Processing file /opt/airflow/dags/crawl_full_tgdd.py for tasks to queue
[2025-02-24T08:36:58.897+0000] {logging_mixin.py:188} INFO - [2025-02-24T08:36:57.504+0000] {dagbag.py:545} INFO - Filling up the DagBag from /opt/airflow/dags/crawl_full_tgdd.py
[2025-02-24T08:40:53.347+0000] {processor.py:840} INFO - DAG(s) 'crawl_thegioididong_full' retrieved from /opt/airflow/dags/crawl_full_tgdd.py
[2025-02-24T08:41:45.380+0000] {processor.py:161} INFO - Started process (PID=183) to work on /opt/airflow/dags/crawl_full_tgdd.py
[2025-02-24T08:41:45.489+0000] {processor.py:830} INFO - Processing file /opt/airflow/dags/crawl_full_tgdd.py for tasks to queue
[2025-02-24T08:41:45.571+0000] {logging_mixin.py:188} INFO - [2025-02-24T08:41:45.545+0000] {dagbag.py:545} INFO - Filling up the DagBag from /opt/airflow/dags/crawl_full_tgdd.py
[2025-02-24T08:41:46.489+0000] {processor.py:840} INFO - DAG(s) 'crawl_thegioididong_full' retrieved from /opt/airflow/dags/crawl_full_tgdd.py
[2025-02-24T08:41:49.370+0000] {logging_mixin.py:188} INFO - [2025-02-24T08:41:49.356+0000] {dag.py:3089} INFO - Sync 1 DAGs
[2025-02-24T08:41:51.516+0000] {logging_mixin.py:188} INFO - [2025-02-24T08:41:51.412+0000] {dag.py:3947} INFO - Setting next_dagrun for crawl_thegioididong_full to None, run_after=None
[2025-02-24T08:43:37.777+0000] {processor.py:161} INFO - Started process (PID=196) to work on /opt/airflow/dags/crawl_full_tgdd.py
[2025-02-24T08:43:37.778+0000] {processor.py:830} INFO - Processing file /opt/airflow/dags/crawl_full_tgdd.py for tasks to queue
[2025-02-24T08:43:37.781+0000] {logging_mixin.py:188} INFO - [2025-02-24T08:43:37.780+0000] {dagbag.py:545} INFO - Filling up the DagBag from /opt/airflow/dags/crawl_full_tgdd.py
[2025-02-24T08:43:37.872+0000] {processor.py:840} INFO - DAG(s) 'crawl_thegioididong_full' retrieved from /opt/airflow/dags/crawl_full_tgdd.py
[2025-02-24T08:43:37.943+0000] {logging_mixin.py:188} INFO - [2025-02-24T08:43:37.942+0000] {dag.py:3089} INFO - Sync 1 DAGs
[2025-02-24T08:43:38.108+0000] {logging_mixin.py:188} INFO - [2025-02-24T08:43:38.108+0000] {dag.py:3947} INFO - Setting next_dagrun for crawl_thegioididong_full to None, run_after=None
[2025-02-24T08:43:38.179+0000] {processor.py:183} INFO - Processing /opt/airflow/dags/crawl_full_tgdd.py took 0.471 seconds
[2025-02-24T08:44:08.520+0000] {processor.py:161} INFO - Started process (PID=204) to work on /opt/airflow/dags/crawl_full_tgdd.py
[2025-02-24T08:44:08.522+0000] {processor.py:830} INFO - Processing file /opt/airflow/dags/crawl_full_tgdd.py for tasks to queue
[2025-02-24T08:44:08.524+0000] {logging_mixin.py:188} INFO - [2025-02-24T08:44:08.523+0000] {dagbag.py:545} INFO - Filling up the DagBag from /opt/airflow/dags/crawl_full_tgdd.py
[2025-02-24T08:44:08.550+0000] {processor.py:840} INFO - DAG(s) 'crawl_thegioididong_full' retrieved from /opt/airflow/dags/crawl_full_tgdd.py
[2025-02-24T08:44:08.582+0000] {logging_mixin.py:188} INFO - [2025-02-24T08:44:08.581+0000] {dag.py:3089} INFO - Sync 1 DAGs
[2025-02-24T08:44:08.609+0000] {logging_mixin.py:188} INFO - [2025-02-24T08:44:08.608+0000] {dag.py:3947} INFO - Setting next_dagrun for crawl_thegioididong_full to None, run_after=None
[2025-02-24T08:44:08.633+0000] {processor.py:183} INFO - Processing /opt/airflow/dags/crawl_full_tgdd.py took 0.123 seconds
[2025-02-24T08:44:39.600+0000] {processor.py:161} INFO - Started process (PID=212) to work on /opt/airflow/dags/crawl_full_tgdd.py
[2025-02-24T08:44:39.600+0000] {processor.py:830} INFO - Processing file /opt/airflow/dags/crawl_full_tgdd.py for tasks to queue
[2025-02-24T08:44:39.601+0000] {logging_mixin.py:188} INFO - [2025-02-24T08:44:39.601+0000] {dagbag.py:545} INFO - Filling up the DagBag from /opt/airflow/dags/crawl_full_tgdd.py
[2025-02-24T08:44:39.623+0000] {processor.py:840} INFO - DAG(s) 'crawl_thegioididong_full' retrieved from /opt/airflow/dags/crawl_full_tgdd.py
[2025-02-24T08:44:39.654+0000] {logging_mixin.py:188} INFO - [2025-02-24T08:44:39.654+0000] {dag.py:3089} INFO - Sync 1 DAGs
[2025-02-24T08:44:39.676+0000] {logging_mixin.py:188} INFO - [2025-02-24T08:44:39.676+0000] {dag.py:3947} INFO - Setting next_dagrun for crawl_thegioididong_full to None, run_after=None
[2025-02-24T08:44:39.697+0000] {processor.py:183} INFO - Processing /opt/airflow/dags/crawl_full_tgdd.py took 0.104 seconds
