[2025-02-23T18:43:28.356+0000] {processor.py:161} INFO - Started process (PID=41) to work on /opt/airflow/dags/crawl_full_tgdd.py
[2025-02-23T18:43:28.358+0000] {processor.py:830} INFO - Processing file /opt/airflow/dags/crawl_full_tgdd.py for tasks to queue
[2025-02-23T18:43:28.361+0000] {logging_mixin.py:188} INFO - [2025-02-23T18:43:28.361+0000] {dagbag.py:545} INFO - Filling up the DagBag from /opt/airflow/dags/crawl_full_tgdd.py
[2025-02-23T18:43:28.387+0000] {processor.py:840} INFO - DAG(s) 'crawl_thegioididong_daily' retrieved from /opt/airflow/dags/crawl_full_tgdd.py
[2025-02-23T18:43:28.427+0000] {logging_mixin.py:188} INFO - [2025-02-23T18:43:28.427+0000] {dag.py:3089} INFO - Sync 1 DAGs
[2025-02-23T18:43:28.467+0000] {logging_mixin.py:188} INFO - [2025-02-23T18:43:28.467+0000] {dag.py:3947} INFO - Setting next_dagrun for crawl_thegioididong_daily to None, run_after=None
[2025-02-23T18:43:28.508+0000] {processor.py:183} INFO - Processing /opt/airflow/dags/crawl_full_tgdd.py took 0.164 seconds
[2025-02-23T18:43:59.132+0000] {processor.py:161} INFO - Started process (PID=55) to work on /opt/airflow/dags/crawl_full_tgdd.py
[2025-02-23T18:43:59.133+0000] {processor.py:830} INFO - Processing file /opt/airflow/dags/crawl_full_tgdd.py for tasks to queue
[2025-02-23T18:43:59.142+0000] {logging_mixin.py:188} INFO - [2025-02-23T18:43:59.142+0000] {dagbag.py:545} INFO - Filling up the DagBag from /opt/airflow/dags/crawl_full_tgdd.py
[2025-02-23T18:43:59.182+0000] {processor.py:840} INFO - DAG(s) 'crawl_thegioididong_daily' retrieved from /opt/airflow/dags/crawl_full_tgdd.py
[2025-02-23T18:43:59.419+0000] {logging_mixin.py:188} INFO - [2025-02-23T18:43:59.419+0000] {dag.py:3089} INFO - Sync 1 DAGs
[2025-02-23T18:43:59.451+0000] {logging_mixin.py:188} INFO - [2025-02-23T18:43:59.451+0000] {dag.py:3947} INFO - Setting next_dagrun for crawl_thegioididong_daily to None, run_after=None
[2025-02-23T18:43:59.476+0000] {processor.py:183} INFO - Processing /opt/airflow/dags/crawl_full_tgdd.py took 0.354 seconds
[2025-02-23T18:44:30.135+0000] {processor.py:161} INFO - Started process (PID=63) to work on /opt/airflow/dags/crawl_full_tgdd.py
[2025-02-23T18:44:30.136+0000] {processor.py:830} INFO - Processing file /opt/airflow/dags/crawl_full_tgdd.py for tasks to queue
[2025-02-23T18:44:30.139+0000] {logging_mixin.py:188} INFO - [2025-02-23T18:44:30.139+0000] {dagbag.py:545} INFO - Filling up the DagBag from /opt/airflow/dags/crawl_full_tgdd.py
[2025-02-23T18:44:30.163+0000] {processor.py:840} INFO - DAG(s) 'crawl_thegioididong_daily' retrieved from /opt/airflow/dags/crawl_full_tgdd.py
[2025-02-23T18:44:30.206+0000] {logging_mixin.py:188} INFO - [2025-02-23T18:44:30.205+0000] {dag.py:3089} INFO - Sync 1 DAGs
[2025-02-23T18:44:30.251+0000] {logging_mixin.py:188} INFO - [2025-02-23T18:44:30.250+0000] {dag.py:3947} INFO - Setting next_dagrun for crawl_thegioididong_daily to None, run_after=None
[2025-02-23T18:44:30.294+0000] {processor.py:183} INFO - Processing /opt/airflow/dags/crawl_full_tgdd.py took 0.166 seconds
[2025-02-23T18:45:00.914+0000] {processor.py:161} INFO - Started process (PID=71) to work on /opt/airflow/dags/crawl_full_tgdd.py
[2025-02-23T18:45:00.915+0000] {processor.py:830} INFO - Processing file /opt/airflow/dags/crawl_full_tgdd.py for tasks to queue
[2025-02-23T18:45:00.918+0000] {logging_mixin.py:188} INFO - [2025-02-23T18:45:00.918+0000] {dagbag.py:545} INFO - Filling up the DagBag from /opt/airflow/dags/crawl_full_tgdd.py
[2025-02-23T18:45:00.960+0000] {processor.py:840} INFO - DAG(s) 'crawl_thegioididong_daily' retrieved from /opt/airflow/dags/crawl_full_tgdd.py
[2025-02-23T18:45:01.141+0000] {logging_mixin.py:188} INFO - [2025-02-23T18:45:01.141+0000] {dag.py:3089} INFO - Sync 1 DAGs
[2025-02-23T18:45:01.179+0000] {logging_mixin.py:188} INFO - [2025-02-23T18:45:01.178+0000] {dag.py:3947} INFO - Setting next_dagrun for crawl_thegioididong_daily to None, run_after=None
[2025-02-23T18:45:01.216+0000] {processor.py:183} INFO - Processing /opt/airflow/dags/crawl_full_tgdd.py took 0.320 seconds
[2025-02-23T18:45:31.469+0000] {processor.py:161} INFO - Started process (PID=79) to work on /opt/airflow/dags/crawl_full_tgdd.py
[2025-02-23T18:45:31.471+0000] {processor.py:830} INFO - Processing file /opt/airflow/dags/crawl_full_tgdd.py for tasks to queue
[2025-02-23T18:45:31.474+0000] {logging_mixin.py:188} INFO - [2025-02-23T18:45:31.473+0000] {dagbag.py:545} INFO - Filling up the DagBag from /opt/airflow/dags/crawl_full_tgdd.py
[2025-02-23T18:45:31.499+0000] {processor.py:840} INFO - DAG(s) 'crawl_thegioididong_daily' retrieved from /opt/airflow/dags/crawl_full_tgdd.py
[2025-02-23T18:45:31.526+0000] {logging_mixin.py:188} INFO - [2025-02-23T18:45:31.526+0000] {dag.py:3089} INFO - Sync 1 DAGs
[2025-02-23T18:45:31.557+0000] {logging_mixin.py:188} INFO - [2025-02-23T18:45:31.556+0000] {dag.py:3947} INFO - Setting next_dagrun for crawl_thegioididong_daily to None, run_after=None
[2025-02-23T18:45:31.577+0000] {processor.py:183} INFO - Processing /opt/airflow/dags/crawl_full_tgdd.py took 0.116 seconds
[2025-02-23T18:45:59.338+0000] {processor.py:161} INFO - Started process (PID=87) to work on /opt/airflow/dags/crawl_full_tgdd.py
[2025-02-23T18:45:59.340+0000] {processor.py:830} INFO - Processing file /opt/airflow/dags/crawl_full_tgdd.py for tasks to queue
[2025-02-23T18:45:59.342+0000] {logging_mixin.py:188} INFO - [2025-02-23T18:45:59.341+0000] {dagbag.py:545} INFO - Filling up the DagBag from /opt/airflow/dags/crawl_full_tgdd.py
[2025-02-23T18:45:59.380+0000] {processor.py:840} INFO - DAG(s) 'crawl_thegioididong_full' retrieved from /opt/airflow/dags/crawl_full_tgdd.py
[2025-02-23T18:45:59.521+0000] {logging_mixin.py:188} INFO - [2025-02-23T18:45:59.520+0000] {dag.py:3089} INFO - Sync 1 DAGs
[2025-02-23T18:45:59.549+0000] {logging_mixin.py:188} INFO - [2025-02-23T18:45:59.549+0000] {dag.py:3947} INFO - Setting next_dagrun for crawl_thegioididong_full to 2025-01-01 00:00:00+00:00, run_after=2025-01-01 00:00:00+00:00
[2025-02-23T18:45:59.592+0000] {processor.py:183} INFO - Processing /opt/airflow/dags/crawl_full_tgdd.py took 0.260 seconds
[2025-02-23T18:46:29.918+0000] {processor.py:161} INFO - Started process (PID=95) to work on /opt/airflow/dags/crawl_full_tgdd.py
[2025-02-23T18:46:29.919+0000] {processor.py:830} INFO - Processing file /opt/airflow/dags/crawl_full_tgdd.py for tasks to queue
[2025-02-23T18:46:29.922+0000] {logging_mixin.py:188} INFO - [2025-02-23T18:46:29.921+0000] {dagbag.py:545} INFO - Filling up the DagBag from /opt/airflow/dags/crawl_full_tgdd.py
[2025-02-23T18:46:29.945+0000] {processor.py:840} INFO - DAG(s) 'crawl_thegioididong_full' retrieved from /opt/airflow/dags/crawl_full_tgdd.py
[2025-02-23T18:46:29.973+0000] {logging_mixin.py:188} INFO - [2025-02-23T18:46:29.973+0000] {dag.py:3089} INFO - Sync 1 DAGs
[2025-02-23T18:46:30.004+0000] {logging_mixin.py:188} INFO - [2025-02-23T18:46:30.004+0000] {dag.py:3947} INFO - Setting next_dagrun for crawl_thegioididong_full to None, run_after=None
[2025-02-23T18:46:30.028+0000] {processor.py:183} INFO - Processing /opt/airflow/dags/crawl_full_tgdd.py took 0.116 seconds
[2025-02-23T18:47:00.666+0000] {processor.py:161} INFO - Started process (PID=103) to work on /opt/airflow/dags/crawl_full_tgdd.py
[2025-02-23T18:47:00.667+0000] {processor.py:830} INFO - Processing file /opt/airflow/dags/crawl_full_tgdd.py for tasks to queue
[2025-02-23T18:47:00.669+0000] {logging_mixin.py:188} INFO - [2025-02-23T18:47:00.669+0000] {dagbag.py:545} INFO - Filling up the DagBag from /opt/airflow/dags/crawl_full_tgdd.py
[2025-02-23T18:47:00.693+0000] {processor.py:840} INFO - DAG(s) 'crawl_thegioididong_full' retrieved from /opt/airflow/dags/crawl_full_tgdd.py
[2025-02-23T18:47:00.719+0000] {logging_mixin.py:188} INFO - [2025-02-23T18:47:00.718+0000] {dag.py:3089} INFO - Sync 1 DAGs
[2025-02-23T18:47:00.738+0000] {logging_mixin.py:188} INFO - [2025-02-23T18:47:00.737+0000] {dag.py:3947} INFO - Setting next_dagrun for crawl_thegioididong_full to None, run_after=None
[2025-02-23T18:47:00.766+0000] {processor.py:183} INFO - Processing /opt/airflow/dags/crawl_full_tgdd.py took 0.104 seconds
[2025-02-23T18:47:31.327+0000] {processor.py:161} INFO - Started process (PID=111) to work on /opt/airflow/dags/crawl_full_tgdd.py
[2025-02-23T18:47:31.329+0000] {processor.py:830} INFO - Processing file /opt/airflow/dags/crawl_full_tgdd.py for tasks to queue
[2025-02-23T18:47:31.331+0000] {logging_mixin.py:188} INFO - [2025-02-23T18:47:31.331+0000] {dagbag.py:545} INFO - Filling up the DagBag from /opt/airflow/dags/crawl_full_tgdd.py
[2025-02-23T18:47:31.360+0000] {processor.py:840} INFO - DAG(s) 'crawl_thegioididong_full' retrieved from /opt/airflow/dags/crawl_full_tgdd.py
[2025-02-23T18:47:31.394+0000] {logging_mixin.py:188} INFO - [2025-02-23T18:47:31.394+0000] {dag.py:3089} INFO - Sync 1 DAGs
[2025-02-23T18:47:31.417+0000] {logging_mixin.py:188} INFO - [2025-02-23T18:47:31.417+0000] {dag.py:3947} INFO - Setting next_dagrun for crawl_thegioididong_full to None, run_after=None
[2025-02-23T18:47:31.442+0000] {processor.py:183} INFO - Processing /opt/airflow/dags/crawl_full_tgdd.py took 0.119 seconds
[2025-02-23T18:48:02.009+0000] {processor.py:161} INFO - Started process (PID=119) to work on /opt/airflow/dags/crawl_full_tgdd.py
[2025-02-23T18:48:02.010+0000] {processor.py:830} INFO - Processing file /opt/airflow/dags/crawl_full_tgdd.py for tasks to queue
[2025-02-23T18:48:02.012+0000] {logging_mixin.py:188} INFO - [2025-02-23T18:48:02.012+0000] {dagbag.py:545} INFO - Filling up the DagBag from /opt/airflow/dags/crawl_full_tgdd.py
[2025-02-23T18:48:02.037+0000] {processor.py:840} INFO - DAG(s) 'crawl_thegioididong_full' retrieved from /opt/airflow/dags/crawl_full_tgdd.py
[2025-02-23T18:48:02.076+0000] {logging_mixin.py:188} INFO - [2025-02-23T18:48:02.075+0000] {dag.py:3089} INFO - Sync 1 DAGs
[2025-02-23T18:48:02.098+0000] {logging_mixin.py:188} INFO - [2025-02-23T18:48:02.098+0000] {dag.py:3947} INFO - Setting next_dagrun for crawl_thegioididong_full to None, run_after=None
[2025-02-23T18:48:02.121+0000] {processor.py:183} INFO - Processing /opt/airflow/dags/crawl_full_tgdd.py took 0.118 seconds
[2025-02-23T18:48:32.744+0000] {processor.py:161} INFO - Started process (PID=127) to work on /opt/airflow/dags/crawl_full_tgdd.py
[2025-02-23T18:48:32.745+0000] {processor.py:830} INFO - Processing file /opt/airflow/dags/crawl_full_tgdd.py for tasks to queue
[2025-02-23T18:48:32.749+0000] {logging_mixin.py:188} INFO - [2025-02-23T18:48:32.748+0000] {dagbag.py:545} INFO - Filling up the DagBag from /opt/airflow/dags/crawl_full_tgdd.py
[2025-02-23T18:48:32.774+0000] {processor.py:840} INFO - DAG(s) 'crawl_thegioididong_full' retrieved from /opt/airflow/dags/crawl_full_tgdd.py
[2025-02-23T18:48:32.806+0000] {logging_mixin.py:188} INFO - [2025-02-23T18:48:32.806+0000] {dag.py:3089} INFO - Sync 1 DAGs
[2025-02-23T18:48:32.835+0000] {logging_mixin.py:188} INFO - [2025-02-23T18:48:32.835+0000] {dag.py:3947} INFO - Setting next_dagrun for crawl_thegioididong_full to None, run_after=None
[2025-02-23T18:48:32.859+0000] {processor.py:183} INFO - Processing /opt/airflow/dags/crawl_full_tgdd.py took 0.122 seconds
[2025-02-23T18:49:03.411+0000] {processor.py:161} INFO - Started process (PID=135) to work on /opt/airflow/dags/crawl_full_tgdd.py
[2025-02-23T18:49:03.412+0000] {processor.py:830} INFO - Processing file /opt/airflow/dags/crawl_full_tgdd.py for tasks to queue
[2025-02-23T18:49:03.415+0000] {logging_mixin.py:188} INFO - [2025-02-23T18:49:03.414+0000] {dagbag.py:545} INFO - Filling up the DagBag from /opt/airflow/dags/crawl_full_tgdd.py
[2025-02-23T18:49:03.440+0000] {processor.py:840} INFO - DAG(s) 'crawl_thegioididong_full' retrieved from /opt/airflow/dags/crawl_full_tgdd.py
[2025-02-23T18:49:03.466+0000] {logging_mixin.py:188} INFO - [2025-02-23T18:49:03.465+0000] {dag.py:3089} INFO - Sync 1 DAGs
[2025-02-23T18:49:03.485+0000] {logging_mixin.py:188} INFO - [2025-02-23T18:49:03.484+0000] {dag.py:3947} INFO - Setting next_dagrun for crawl_thegioididong_full to None, run_after=None
[2025-02-23T18:49:03.507+0000] {processor.py:183} INFO - Processing /opt/airflow/dags/crawl_full_tgdd.py took 0.104 seconds
[2025-02-23T18:49:33.822+0000] {processor.py:161} INFO - Started process (PID=143) to work on /opt/airflow/dags/crawl_full_tgdd.py
[2025-02-23T18:49:33.824+0000] {processor.py:830} INFO - Processing file /opt/airflow/dags/crawl_full_tgdd.py for tasks to queue
[2025-02-23T18:49:33.826+0000] {logging_mixin.py:188} INFO - [2025-02-23T18:49:33.825+0000] {dagbag.py:545} INFO - Filling up the DagBag from /opt/airflow/dags/crawl_full_tgdd.py
[2025-02-23T18:49:33.871+0000] {processor.py:840} INFO - DAG(s) 'crawl_thegioididong_full' retrieved from /opt/airflow/dags/crawl_full_tgdd.py
[2025-02-23T18:49:33.930+0000] {logging_mixin.py:188} INFO - [2025-02-23T18:49:33.930+0000] {dag.py:3089} INFO - Sync 1 DAGs
[2025-02-23T18:49:33.993+0000] {logging_mixin.py:188} INFO - [2025-02-23T18:49:33.993+0000] {dag.py:3947} INFO - Setting next_dagrun for crawl_thegioididong_full to None, run_after=None
[2025-02-23T18:49:34.022+0000] {processor.py:183} INFO - Processing /opt/airflow/dags/crawl_full_tgdd.py took 0.219 seconds
[2025-02-23T18:50:04.189+0000] {processor.py:161} INFO - Started process (PID=151) to work on /opt/airflow/dags/crawl_full_tgdd.py
[2025-02-23T18:50:04.190+0000] {processor.py:830} INFO - Processing file /opt/airflow/dags/crawl_full_tgdd.py for tasks to queue
[2025-02-23T18:50:04.193+0000] {logging_mixin.py:188} INFO - [2025-02-23T18:50:04.192+0000] {dagbag.py:545} INFO - Filling up the DagBag from /opt/airflow/dags/crawl_full_tgdd.py
[2025-02-23T18:50:04.223+0000] {processor.py:840} INFO - DAG(s) 'crawl_thegioididong_full' retrieved from /opt/airflow/dags/crawl_full_tgdd.py
[2025-02-23T18:50:04.256+0000] {logging_mixin.py:188} INFO - [2025-02-23T18:50:04.256+0000] {dag.py:3089} INFO - Sync 1 DAGs
[2025-02-23T18:50:04.289+0000] {logging_mixin.py:188} INFO - [2025-02-23T18:50:04.288+0000] {dag.py:3947} INFO - Setting next_dagrun for crawl_thegioididong_full to None, run_after=None
[2025-02-23T18:50:04.315+0000] {processor.py:183} INFO - Processing /opt/airflow/dags/crawl_full_tgdd.py took 0.134 seconds
[2025-02-23T18:50:34.904+0000] {processor.py:161} INFO - Started process (PID=159) to work on /opt/airflow/dags/crawl_full_tgdd.py
[2025-02-23T18:50:34.906+0000] {processor.py:830} INFO - Processing file /opt/airflow/dags/crawl_full_tgdd.py for tasks to queue
[2025-02-23T18:50:34.908+0000] {logging_mixin.py:188} INFO - [2025-02-23T18:50:34.908+0000] {dagbag.py:545} INFO - Filling up the DagBag from /opt/airflow/dags/crawl_full_tgdd.py
[2025-02-23T18:50:34.935+0000] {processor.py:840} INFO - DAG(s) 'crawl_thegioididong_full' retrieved from /opt/airflow/dags/crawl_full_tgdd.py
[2025-02-23T18:50:34.970+0000] {logging_mixin.py:188} INFO - [2025-02-23T18:50:34.970+0000] {dag.py:3089} INFO - Sync 1 DAGs
[2025-02-23T18:50:34.998+0000] {logging_mixin.py:188} INFO - [2025-02-23T18:50:34.998+0000] {dag.py:3947} INFO - Setting next_dagrun for crawl_thegioididong_full to None, run_after=None
[2025-02-23T18:50:35.026+0000] {processor.py:183} INFO - Processing /opt/airflow/dags/crawl_full_tgdd.py took 0.133 seconds
[2025-02-23T18:51:05.558+0000] {processor.py:161} INFO - Started process (PID=173) to work on /opt/airflow/dags/crawl_full_tgdd.py
[2025-02-23T18:51:05.559+0000] {processor.py:830} INFO - Processing file /opt/airflow/dags/crawl_full_tgdd.py for tasks to queue
[2025-02-23T18:51:05.562+0000] {logging_mixin.py:188} INFO - [2025-02-23T18:51:05.562+0000] {dagbag.py:545} INFO - Filling up the DagBag from /opt/airflow/dags/crawl_full_tgdd.py
[2025-02-23T18:51:05.594+0000] {processor.py:840} INFO - DAG(s) 'crawl_thegioididong_full' retrieved from /opt/airflow/dags/crawl_full_tgdd.py
[2025-02-23T18:51:05.629+0000] {logging_mixin.py:188} INFO - [2025-02-23T18:51:05.628+0000] {dag.py:3089} INFO - Sync 1 DAGs
[2025-02-23T18:51:05.656+0000] {logging_mixin.py:188} INFO - [2025-02-23T18:51:05.656+0000] {dag.py:3947} INFO - Setting next_dagrun for crawl_thegioididong_full to None, run_after=None
[2025-02-23T18:51:05.681+0000] {processor.py:183} INFO - Processing /opt/airflow/dags/crawl_full_tgdd.py took 0.130 seconds
[2025-02-23T18:51:36.213+0000] {processor.py:161} INFO - Started process (PID=181) to work on /opt/airflow/dags/crawl_full_tgdd.py
[2025-02-23T18:51:36.214+0000] {processor.py:830} INFO - Processing file /opt/airflow/dags/crawl_full_tgdd.py for tasks to queue
[2025-02-23T18:51:36.217+0000] {logging_mixin.py:188} INFO - [2025-02-23T18:51:36.217+0000] {dagbag.py:545} INFO - Filling up the DagBag from /opt/airflow/dags/crawl_full_tgdd.py
[2025-02-23T18:51:36.240+0000] {processor.py:840} INFO - DAG(s) 'crawl_thegioididong_full' retrieved from /opt/airflow/dags/crawl_full_tgdd.py
[2025-02-23T18:51:36.273+0000] {logging_mixin.py:188} INFO - [2025-02-23T18:51:36.273+0000] {dag.py:3089} INFO - Sync 1 DAGs
[2025-02-23T18:51:36.295+0000] {logging_mixin.py:188} INFO - [2025-02-23T18:51:36.295+0000] {dag.py:3947} INFO - Setting next_dagrun for crawl_thegioididong_full to None, run_after=None
[2025-02-23T18:51:36.319+0000] {processor.py:183} INFO - Processing /opt/airflow/dags/crawl_full_tgdd.py took 0.114 seconds
[2025-02-23T18:52:06.814+0000] {processor.py:161} INFO - Started process (PID=189) to work on /opt/airflow/dags/crawl_full_tgdd.py
[2025-02-23T18:52:06.815+0000] {processor.py:830} INFO - Processing file /opt/airflow/dags/crawl_full_tgdd.py for tasks to queue
[2025-02-23T18:52:06.817+0000] {logging_mixin.py:188} INFO - [2025-02-23T18:52:06.817+0000] {dagbag.py:545} INFO - Filling up the DagBag from /opt/airflow/dags/crawl_full_tgdd.py
[2025-02-23T18:52:06.840+0000] {processor.py:840} INFO - DAG(s) 'crawl_thegioididong_full' retrieved from /opt/airflow/dags/crawl_full_tgdd.py
[2025-02-23T18:52:06.867+0000] {logging_mixin.py:188} INFO - [2025-02-23T18:52:06.867+0000] {dag.py:3089} INFO - Sync 1 DAGs
[2025-02-23T18:52:06.893+0000] {logging_mixin.py:188} INFO - [2025-02-23T18:52:06.892+0000] {dag.py:3947} INFO - Setting next_dagrun for crawl_thegioididong_full to None, run_after=None
[2025-02-23T18:52:06.915+0000] {processor.py:183} INFO - Processing /opt/airflow/dags/crawl_full_tgdd.py took 0.109 seconds
[2025-02-23T18:52:37.333+0000] {processor.py:161} INFO - Started process (PID=197) to work on /opt/airflow/dags/crawl_full_tgdd.py
[2025-02-23T18:52:37.334+0000] {processor.py:830} INFO - Processing file /opt/airflow/dags/crawl_full_tgdd.py for tasks to queue
[2025-02-23T18:52:37.336+0000] {logging_mixin.py:188} INFO - [2025-02-23T18:52:37.336+0000] {dagbag.py:545} INFO - Filling up the DagBag from /opt/airflow/dags/crawl_full_tgdd.py
[2025-02-23T18:52:37.359+0000] {processor.py:840} INFO - DAG(s) 'crawl_thegioididong_full' retrieved from /opt/airflow/dags/crawl_full_tgdd.py
[2025-02-23T18:52:37.388+0000] {logging_mixin.py:188} INFO - [2025-02-23T18:52:37.388+0000] {dag.py:3089} INFO - Sync 1 DAGs
[2025-02-23T18:52:37.409+0000] {logging_mixin.py:188} INFO - [2025-02-23T18:52:37.408+0000] {dag.py:3947} INFO - Setting next_dagrun for crawl_thegioididong_full to None, run_after=None
[2025-02-23T18:52:37.432+0000] {processor.py:183} INFO - Processing /opt/airflow/dags/crawl_full_tgdd.py took 0.108 seconds
[2025-02-23T18:53:08.060+0000] {processor.py:161} INFO - Started process (PID=205) to work on /opt/airflow/dags/crawl_full_tgdd.py
[2025-02-23T18:53:08.061+0000] {processor.py:830} INFO - Processing file /opt/airflow/dags/crawl_full_tgdd.py for tasks to queue
[2025-02-23T18:53:08.064+0000] {logging_mixin.py:188} INFO - [2025-02-23T18:53:08.064+0000] {dagbag.py:545} INFO - Filling up the DagBag from /opt/airflow/dags/crawl_full_tgdd.py
[2025-02-23T18:53:08.087+0000] {processor.py:840} INFO - DAG(s) 'crawl_thegioididong_full' retrieved from /opt/airflow/dags/crawl_full_tgdd.py
[2025-02-23T18:53:08.136+0000] {logging_mixin.py:188} INFO - [2025-02-23T18:53:08.135+0000] {dag.py:3089} INFO - Sync 1 DAGs
[2025-02-23T18:53:08.173+0000] {logging_mixin.py:188} INFO - [2025-02-23T18:53:08.172+0000] {dag.py:3947} INFO - Setting next_dagrun for crawl_thegioididong_full to None, run_after=None
[2025-02-23T18:53:08.210+0000] {processor.py:183} INFO - Processing /opt/airflow/dags/crawl_full_tgdd.py took 0.177 seconds
[2025-02-23T18:53:38.664+0000] {processor.py:161} INFO - Started process (PID=213) to work on /opt/airflow/dags/crawl_full_tgdd.py
[2025-02-23T18:53:38.665+0000] {processor.py:830} INFO - Processing file /opt/airflow/dags/crawl_full_tgdd.py for tasks to queue
[2025-02-23T18:53:38.667+0000] {logging_mixin.py:188} INFO - [2025-02-23T18:53:38.667+0000] {dagbag.py:545} INFO - Filling up the DagBag from /opt/airflow/dags/crawl_full_tgdd.py
[2025-02-23T18:53:38.690+0000] {processor.py:840} INFO - DAG(s) 'crawl_thegioididong_full' retrieved from /opt/airflow/dags/crawl_full_tgdd.py
[2025-02-23T18:53:38.717+0000] {logging_mixin.py:188} INFO - [2025-02-23T18:53:38.716+0000] {dag.py:3089} INFO - Sync 1 DAGs
[2025-02-23T18:53:38.737+0000] {logging_mixin.py:188} INFO - [2025-02-23T18:53:38.737+0000] {dag.py:3947} INFO - Setting next_dagrun for crawl_thegioididong_full to None, run_after=None
[2025-02-23T18:53:38.758+0000] {processor.py:183} INFO - Processing /opt/airflow/dags/crawl_full_tgdd.py took 0.101 seconds
[2025-02-23T18:54:09.207+0000] {processor.py:161} INFO - Started process (PID=221) to work on /opt/airflow/dags/crawl_full_tgdd.py
[2025-02-23T18:54:09.208+0000] {processor.py:830} INFO - Processing file /opt/airflow/dags/crawl_full_tgdd.py for tasks to queue
[2025-02-23T18:54:09.210+0000] {logging_mixin.py:188} INFO - [2025-02-23T18:54:09.210+0000] {dagbag.py:545} INFO - Filling up the DagBag from /opt/airflow/dags/crawl_full_tgdd.py
[2025-02-23T18:54:09.232+0000] {processor.py:840} INFO - DAG(s) 'crawl_thegioididong_full' retrieved from /opt/airflow/dags/crawl_full_tgdd.py
[2025-02-23T18:54:09.257+0000] {logging_mixin.py:188} INFO - [2025-02-23T18:54:09.256+0000] {dag.py:3089} INFO - Sync 1 DAGs
[2025-02-23T18:54:09.274+0000] {logging_mixin.py:188} INFO - [2025-02-23T18:54:09.274+0000] {dag.py:3947} INFO - Setting next_dagrun for crawl_thegioididong_full to None, run_after=None
[2025-02-23T18:54:09.294+0000] {processor.py:183} INFO - Processing /opt/airflow/dags/crawl_full_tgdd.py took 0.095 seconds
[2025-02-23T18:54:39.753+0000] {processor.py:161} INFO - Started process (PID=229) to work on /opt/airflow/dags/crawl_full_tgdd.py
[2025-02-23T18:54:39.755+0000] {processor.py:830} INFO - Processing file /opt/airflow/dags/crawl_full_tgdd.py for tasks to queue
[2025-02-23T18:54:39.758+0000] {logging_mixin.py:188} INFO - [2025-02-23T18:54:39.758+0000] {dagbag.py:545} INFO - Filling up the DagBag from /opt/airflow/dags/crawl_full_tgdd.py
[2025-02-23T18:54:39.792+0000] {processor.py:840} INFO - DAG(s) 'crawl_thegioididong_full' retrieved from /opt/airflow/dags/crawl_full_tgdd.py
[2025-02-23T18:54:39.888+0000] {logging_mixin.py:188} INFO - [2025-02-23T18:54:39.887+0000] {dag.py:3089} INFO - Sync 1 DAGs
[2025-02-23T18:54:39.959+0000] {logging_mixin.py:188} INFO - [2025-02-23T18:54:39.959+0000] {dag.py:3947} INFO - Setting next_dagrun for crawl_thegioididong_full to None, run_after=None
[2025-02-23T18:54:40.019+0000] {processor.py:183} INFO - Processing /opt/airflow/dags/crawl_full_tgdd.py took 0.281 seconds
[2025-02-23T18:55:10.421+0000] {processor.py:161} INFO - Started process (PID=237) to work on /opt/airflow/dags/crawl_full_tgdd.py
[2025-02-23T18:55:10.423+0000] {processor.py:830} INFO - Processing file /opt/airflow/dags/crawl_full_tgdd.py for tasks to queue
[2025-02-23T18:55:10.431+0000] {logging_mixin.py:188} INFO - [2025-02-23T18:55:10.428+0000] {dagbag.py:545} INFO - Filling up the DagBag from /opt/airflow/dags/crawl_full_tgdd.py
[2025-02-23T18:55:10.490+0000] {processor.py:840} INFO - DAG(s) 'crawl_thegioididong_full' retrieved from /opt/airflow/dags/crawl_full_tgdd.py
[2025-02-23T18:55:10.579+0000] {logging_mixin.py:188} INFO - [2025-02-23T18:55:10.578+0000] {dag.py:3089} INFO - Sync 1 DAGs
[2025-02-23T18:55:10.601+0000] {logging_mixin.py:188} INFO - [2025-02-23T18:55:10.601+0000] {dag.py:3947} INFO - Setting next_dagrun for crawl_thegioididong_full to None, run_after=None
[2025-02-23T18:55:10.625+0000] {processor.py:183} INFO - Processing /opt/airflow/dags/crawl_full_tgdd.py took 0.221 seconds
[2025-02-23T18:55:41.243+0000] {processor.py:161} INFO - Started process (PID=245) to work on /opt/airflow/dags/crawl_full_tgdd.py
[2025-02-23T18:55:41.244+0000] {processor.py:830} INFO - Processing file /opt/airflow/dags/crawl_full_tgdd.py for tasks to queue
[2025-02-23T18:55:41.247+0000] {logging_mixin.py:188} INFO - [2025-02-23T18:55:41.246+0000] {dagbag.py:545} INFO - Filling up the DagBag from /opt/airflow/dags/crawl_full_tgdd.py
[2025-02-23T18:55:41.275+0000] {processor.py:840} INFO - DAG(s) 'crawl_thegioididong_full' retrieved from /opt/airflow/dags/crawl_full_tgdd.py
[2025-02-23T18:55:41.315+0000] {logging_mixin.py:188} INFO - [2025-02-23T18:55:41.315+0000] {dag.py:3089} INFO - Sync 1 DAGs
[2025-02-23T18:55:41.347+0000] {logging_mixin.py:188} INFO - [2025-02-23T18:55:41.346+0000] {dag.py:3947} INFO - Setting next_dagrun for crawl_thegioididong_full to None, run_after=None
[2025-02-23T18:55:41.369+0000] {processor.py:183} INFO - Processing /opt/airflow/dags/crawl_full_tgdd.py took 0.138 seconds
[2025-02-23T18:56:11.743+0000] {processor.py:161} INFO - Started process (PID=253) to work on /opt/airflow/dags/crawl_full_tgdd.py
[2025-02-23T18:56:11.744+0000] {processor.py:830} INFO - Processing file /opt/airflow/dags/crawl_full_tgdd.py for tasks to queue
[2025-02-23T18:56:11.747+0000] {logging_mixin.py:188} INFO - [2025-02-23T18:56:11.746+0000] {dagbag.py:545} INFO - Filling up the DagBag from /opt/airflow/dags/crawl_full_tgdd.py
[2025-02-23T18:56:11.769+0000] {processor.py:840} INFO - DAG(s) 'crawl_thegioididong_full' retrieved from /opt/airflow/dags/crawl_full_tgdd.py
[2025-02-23T18:56:11.805+0000] {logging_mixin.py:188} INFO - [2025-02-23T18:56:11.805+0000] {dag.py:3089} INFO - Sync 1 DAGs
[2025-02-23T18:56:11.834+0000] {logging_mixin.py:188} INFO - [2025-02-23T18:56:11.834+0000] {dag.py:3947} INFO - Setting next_dagrun for crawl_thegioididong_full to None, run_after=None
[2025-02-23T18:56:11.865+0000] {processor.py:183} INFO - Processing /opt/airflow/dags/crawl_full_tgdd.py took 0.131 seconds
[2025-02-23T18:56:42.378+0000] {processor.py:161} INFO - Started process (PID=261) to work on /opt/airflow/dags/crawl_full_tgdd.py
[2025-02-23T18:56:42.379+0000] {processor.py:830} INFO - Processing file /opt/airflow/dags/crawl_full_tgdd.py for tasks to queue
[2025-02-23T18:56:42.381+0000] {logging_mixin.py:188} INFO - [2025-02-23T18:56:42.381+0000] {dagbag.py:545} INFO - Filling up the DagBag from /opt/airflow/dags/crawl_full_tgdd.py
[2025-02-23T18:56:42.411+0000] {processor.py:840} INFO - DAG(s) 'crawl_thegioididong_full' retrieved from /opt/airflow/dags/crawl_full_tgdd.py
[2025-02-23T18:56:42.448+0000] {logging_mixin.py:188} INFO - [2025-02-23T18:56:42.448+0000] {dag.py:3089} INFO - Sync 1 DAGs
[2025-02-23T18:56:42.472+0000] {logging_mixin.py:188} INFO - [2025-02-23T18:56:42.471+0000] {dag.py:3947} INFO - Setting next_dagrun for crawl_thegioididong_full to None, run_after=None
[2025-02-23T18:56:42.495+0000] {processor.py:183} INFO - Processing /opt/airflow/dags/crawl_full_tgdd.py took 0.126 seconds
[2025-02-23T18:57:12.939+0000] {processor.py:161} INFO - Started process (PID=269) to work on /opt/airflow/dags/crawl_full_tgdd.py
[2025-02-23T18:57:12.940+0000] {processor.py:830} INFO - Processing file /opt/airflow/dags/crawl_full_tgdd.py for tasks to queue
[2025-02-23T18:57:12.943+0000] {logging_mixin.py:188} INFO - [2025-02-23T18:57:12.942+0000] {dagbag.py:545} INFO - Filling up the DagBag from /opt/airflow/dags/crawl_full_tgdd.py
[2025-02-23T18:57:12.963+0000] {processor.py:840} INFO - DAG(s) 'crawl_thegioididong_full' retrieved from /opt/airflow/dags/crawl_full_tgdd.py
[2025-02-23T18:57:13.000+0000] {logging_mixin.py:188} INFO - [2025-02-23T18:57:13.000+0000] {dag.py:3089} INFO - Sync 1 DAGs
[2025-02-23T18:57:13.029+0000] {logging_mixin.py:188} INFO - [2025-02-23T18:57:13.028+0000] {dag.py:3947} INFO - Setting next_dagrun for crawl_thegioididong_full to None, run_after=None
[2025-02-23T18:57:13.058+0000] {processor.py:183} INFO - Processing /opt/airflow/dags/crawl_full_tgdd.py took 0.127 seconds
[2025-02-23T18:57:43.817+0000] {processor.py:161} INFO - Started process (PID=283) to work on /opt/airflow/dags/crawl_full_tgdd.py
[2025-02-23T18:57:43.819+0000] {processor.py:830} INFO - Processing file /opt/airflow/dags/crawl_full_tgdd.py for tasks to queue
[2025-02-23T18:57:43.824+0000] {logging_mixin.py:188} INFO - [2025-02-23T18:57:43.823+0000] {dagbag.py:545} INFO - Filling up the DagBag from /opt/airflow/dags/crawl_full_tgdd.py
[2025-02-23T18:57:43.859+0000] {processor.py:840} INFO - DAG(s) 'crawl_thegioididong_full' retrieved from /opt/airflow/dags/crawl_full_tgdd.py
[2025-02-23T18:57:43.896+0000] {logging_mixin.py:188} INFO - [2025-02-23T18:57:43.896+0000] {dag.py:3089} INFO - Sync 1 DAGs
[2025-02-23T18:57:43.924+0000] {logging_mixin.py:188} INFO - [2025-02-23T18:57:43.923+0000] {dag.py:3947} INFO - Setting next_dagrun for crawl_thegioididong_full to None, run_after=None
[2025-02-23T18:57:43.950+0000] {processor.py:183} INFO - Processing /opt/airflow/dags/crawl_full_tgdd.py took 0.148 seconds
[2025-02-23T18:58:14.409+0000] {processor.py:161} INFO - Started process (PID=291) to work on /opt/airflow/dags/crawl_full_tgdd.py
[2025-02-23T18:58:14.410+0000] {processor.py:830} INFO - Processing file /opt/airflow/dags/crawl_full_tgdd.py for tasks to queue
[2025-02-23T18:58:14.413+0000] {logging_mixin.py:188} INFO - [2025-02-23T18:58:14.412+0000] {dagbag.py:545} INFO - Filling up the DagBag from /opt/airflow/dags/crawl_full_tgdd.py
[2025-02-23T18:58:14.435+0000] {processor.py:840} INFO - DAG(s) 'crawl_thegioididong_full' retrieved from /opt/airflow/dags/crawl_full_tgdd.py
[2025-02-23T18:58:14.468+0000] {logging_mixin.py:188} INFO - [2025-02-23T18:58:14.468+0000] {dag.py:3089} INFO - Sync 1 DAGs
[2025-02-23T18:58:14.506+0000] {logging_mixin.py:188} INFO - [2025-02-23T18:58:14.506+0000] {dag.py:3947} INFO - Setting next_dagrun for crawl_thegioididong_full to None, run_after=None
[2025-02-23T18:58:14.540+0000] {processor.py:183} INFO - Processing /opt/airflow/dags/crawl_full_tgdd.py took 0.140 seconds
[2025-02-23T18:58:45.141+0000] {processor.py:161} INFO - Started process (PID=299) to work on /opt/airflow/dags/crawl_full_tgdd.py
[2025-02-23T18:58:45.142+0000] {processor.py:830} INFO - Processing file /opt/airflow/dags/crawl_full_tgdd.py for tasks to queue
[2025-02-23T18:58:45.145+0000] {logging_mixin.py:188} INFO - [2025-02-23T18:58:45.144+0000] {dagbag.py:545} INFO - Filling up the DagBag from /opt/airflow/dags/crawl_full_tgdd.py
[2025-02-23T18:58:45.167+0000] {processor.py:840} INFO - DAG(s) 'crawl_thegioididong_full' retrieved from /opt/airflow/dags/crawl_full_tgdd.py
[2025-02-23T18:58:45.194+0000] {logging_mixin.py:188} INFO - [2025-02-23T18:58:45.194+0000] {dag.py:3089} INFO - Sync 1 DAGs
[2025-02-23T18:58:45.217+0000] {logging_mixin.py:188} INFO - [2025-02-23T18:58:45.216+0000] {dag.py:3947} INFO - Setting next_dagrun for crawl_thegioididong_full to None, run_after=None
[2025-02-23T18:58:45.240+0000] {processor.py:183} INFO - Processing /opt/airflow/dags/crawl_full_tgdd.py took 0.106 seconds
[2025-02-23T18:59:15.664+0000] {processor.py:161} INFO - Started process (PID=307) to work on /opt/airflow/dags/crawl_full_tgdd.py
[2025-02-23T18:59:15.665+0000] {processor.py:830} INFO - Processing file /opt/airflow/dags/crawl_full_tgdd.py for tasks to queue
[2025-02-23T18:59:15.668+0000] {logging_mixin.py:188} INFO - [2025-02-23T18:59:15.667+0000] {dagbag.py:545} INFO - Filling up the DagBag from /opt/airflow/dags/crawl_full_tgdd.py
[2025-02-23T18:59:15.693+0000] {processor.py:840} INFO - DAG(s) 'crawl_thegioididong_full' retrieved from /opt/airflow/dags/crawl_full_tgdd.py
[2025-02-23T18:59:15.725+0000] {logging_mixin.py:188} INFO - [2025-02-23T18:59:15.725+0000] {dag.py:3089} INFO - Sync 1 DAGs
[2025-02-23T18:59:15.751+0000] {logging_mixin.py:188} INFO - [2025-02-23T18:59:15.751+0000] {dag.py:3947} INFO - Setting next_dagrun for crawl_thegioididong_full to None, run_after=None
[2025-02-23T18:59:15.781+0000] {processor.py:183} INFO - Processing /opt/airflow/dags/crawl_full_tgdd.py took 0.123 seconds
[2025-02-23T18:59:46.237+0000] {processor.py:161} INFO - Started process (PID=315) to work on /opt/airflow/dags/crawl_full_tgdd.py
[2025-02-23T18:59:46.238+0000] {processor.py:830} INFO - Processing file /opt/airflow/dags/crawl_full_tgdd.py for tasks to queue
[2025-02-23T18:59:46.240+0000] {logging_mixin.py:188} INFO - [2025-02-23T18:59:46.239+0000] {dagbag.py:545} INFO - Filling up the DagBag from /opt/airflow/dags/crawl_full_tgdd.py
[2025-02-23T18:59:46.261+0000] {processor.py:840} INFO - DAG(s) 'crawl_thegioididong_full' retrieved from /opt/airflow/dags/crawl_full_tgdd.py
[2025-02-23T18:59:46.287+0000] {logging_mixin.py:188} INFO - [2025-02-23T18:59:46.287+0000] {dag.py:3089} INFO - Sync 1 DAGs
[2025-02-23T18:59:46.306+0000] {logging_mixin.py:188} INFO - [2025-02-23T18:59:46.306+0000] {dag.py:3947} INFO - Setting next_dagrun for crawl_thegioididong_full to None, run_after=None
[2025-02-23T18:59:46.328+0000] {processor.py:183} INFO - Processing /opt/airflow/dags/crawl_full_tgdd.py took 0.098 seconds
[2025-02-23T19:00:16.755+0000] {processor.py:161} INFO - Started process (PID=323) to work on /opt/airflow/dags/crawl_full_tgdd.py
[2025-02-23T19:00:16.756+0000] {processor.py:830} INFO - Processing file /opt/airflow/dags/crawl_full_tgdd.py for tasks to queue
[2025-02-23T19:00:16.759+0000] {logging_mixin.py:188} INFO - [2025-02-23T19:00:16.758+0000] {dagbag.py:545} INFO - Filling up the DagBag from /opt/airflow/dags/crawl_full_tgdd.py
[2025-02-23T19:00:16.782+0000] {processor.py:840} INFO - DAG(s) 'crawl_thegioididong_full' retrieved from /opt/airflow/dags/crawl_full_tgdd.py
[2025-02-23T19:00:16.812+0000] {logging_mixin.py:188} INFO - [2025-02-23T19:00:16.812+0000] {dag.py:3089} INFO - Sync 1 DAGs
[2025-02-23T19:00:16.836+0000] {logging_mixin.py:188} INFO - [2025-02-23T19:00:16.835+0000] {dag.py:3947} INFO - Setting next_dagrun for crawl_thegioididong_full to None, run_after=None
[2025-02-23T19:00:16.860+0000] {processor.py:183} INFO - Processing /opt/airflow/dags/crawl_full_tgdd.py took 0.114 seconds
[2025-02-23T19:00:47.289+0000] {processor.py:161} INFO - Started process (PID=331) to work on /opt/airflow/dags/crawl_full_tgdd.py
[2025-02-23T19:00:47.291+0000] {processor.py:830} INFO - Processing file /opt/airflow/dags/crawl_full_tgdd.py for tasks to queue
[2025-02-23T19:00:47.294+0000] {logging_mixin.py:188} INFO - [2025-02-23T19:00:47.294+0000] {dagbag.py:545} INFO - Filling up the DagBag from /opt/airflow/dags/crawl_full_tgdd.py
[2025-02-23T19:00:47.320+0000] {processor.py:840} INFO - DAG(s) 'crawl_thegioididong_full' retrieved from /opt/airflow/dags/crawl_full_tgdd.py
[2025-02-23T19:00:47.353+0000] {logging_mixin.py:188} INFO - [2025-02-23T19:00:47.353+0000] {dag.py:3089} INFO - Sync 1 DAGs
[2025-02-23T19:00:47.379+0000] {logging_mixin.py:188} INFO - [2025-02-23T19:00:47.379+0000] {dag.py:3947} INFO - Setting next_dagrun for crawl_thegioididong_full to None, run_after=None
[2025-02-23T19:00:47.406+0000] {processor.py:183} INFO - Processing /opt/airflow/dags/crawl_full_tgdd.py took 0.125 seconds
[2025-02-23T19:01:17.911+0000] {processor.py:161} INFO - Started process (PID=339) to work on /opt/airflow/dags/crawl_full_tgdd.py
[2025-02-23T19:01:17.912+0000] {processor.py:830} INFO - Processing file /opt/airflow/dags/crawl_full_tgdd.py for tasks to queue
[2025-02-23T19:01:17.915+0000] {logging_mixin.py:188} INFO - [2025-02-23T19:01:17.915+0000] {dagbag.py:545} INFO - Filling up the DagBag from /opt/airflow/dags/crawl_full_tgdd.py
[2025-02-23T19:01:17.942+0000] {processor.py:840} INFO - DAG(s) 'crawl_thegioididong_full' retrieved from /opt/airflow/dags/crawl_full_tgdd.py
[2025-02-23T19:01:17.978+0000] {logging_mixin.py:188} INFO - [2025-02-23T19:01:17.977+0000] {dag.py:3089} INFO - Sync 1 DAGs
[2025-02-23T19:01:18.008+0000] {logging_mixin.py:188} INFO - [2025-02-23T19:01:18.007+0000] {dag.py:3947} INFO - Setting next_dagrun for crawl_thegioididong_full to None, run_after=None
[2025-02-23T19:01:18.046+0000] {processor.py:183} INFO - Processing /opt/airflow/dags/crawl_full_tgdd.py took 0.143 seconds
[2025-02-23T19:01:48.409+0000] {processor.py:161} INFO - Started process (PID=347) to work on /opt/airflow/dags/crawl_full_tgdd.py
[2025-02-23T19:01:48.410+0000] {processor.py:830} INFO - Processing file /opt/airflow/dags/crawl_full_tgdd.py for tasks to queue
[2025-02-23T19:01:48.413+0000] {logging_mixin.py:188} INFO - [2025-02-23T19:01:48.412+0000] {dagbag.py:545} INFO - Filling up the DagBag from /opt/airflow/dags/crawl_full_tgdd.py
[2025-02-23T19:01:48.433+0000] {processor.py:840} INFO - DAG(s) 'crawl_thegioididong_full' retrieved from /opt/airflow/dags/crawl_full_tgdd.py
[2025-02-23T19:01:48.465+0000] {logging_mixin.py:188} INFO - [2025-02-23T19:01:48.464+0000] {dag.py:3089} INFO - Sync 1 DAGs
[2025-02-23T19:01:48.494+0000] {logging_mixin.py:188} INFO - [2025-02-23T19:01:48.494+0000] {dag.py:3947} INFO - Setting next_dagrun for crawl_thegioididong_full to None, run_after=None
[2025-02-23T19:01:48.523+0000] {processor.py:183} INFO - Processing /opt/airflow/dags/crawl_full_tgdd.py took 0.121 seconds
[2025-02-23T19:02:19.043+0000] {processor.py:161} INFO - Started process (PID=355) to work on /opt/airflow/dags/crawl_full_tgdd.py
[2025-02-23T19:02:19.044+0000] {processor.py:830} INFO - Processing file /opt/airflow/dags/crawl_full_tgdd.py for tasks to queue
[2025-02-23T19:02:19.046+0000] {logging_mixin.py:188} INFO - [2025-02-23T19:02:19.046+0000] {dagbag.py:545} INFO - Filling up the DagBag from /opt/airflow/dags/crawl_full_tgdd.py
[2025-02-23T19:02:19.067+0000] {processor.py:840} INFO - DAG(s) 'crawl_thegioididong_full' retrieved from /opt/airflow/dags/crawl_full_tgdd.py
[2025-02-23T19:02:19.095+0000] {logging_mixin.py:188} INFO - [2025-02-23T19:02:19.095+0000] {dag.py:3089} INFO - Sync 1 DAGs
[2025-02-23T19:02:19.118+0000] {logging_mixin.py:188} INFO - [2025-02-23T19:02:19.118+0000] {dag.py:3947} INFO - Setting next_dagrun for crawl_thegioididong_full to None, run_after=None
[2025-02-23T19:02:19.140+0000] {processor.py:183} INFO - Processing /opt/airflow/dags/crawl_full_tgdd.py took 0.105 seconds
[2025-02-23T19:02:49.526+0000] {processor.py:161} INFO - Started process (PID=363) to work on /opt/airflow/dags/crawl_full_tgdd.py
[2025-02-23T19:02:49.527+0000] {processor.py:830} INFO - Processing file /opt/airflow/dags/crawl_full_tgdd.py for tasks to queue
[2025-02-23T19:02:49.529+0000] {logging_mixin.py:188} INFO - [2025-02-23T19:02:49.529+0000] {dagbag.py:545} INFO - Filling up the DagBag from /opt/airflow/dags/crawl_full_tgdd.py
[2025-02-23T19:02:49.555+0000] {processor.py:840} INFO - DAG(s) 'crawl_thegioididong_full' retrieved from /opt/airflow/dags/crawl_full_tgdd.py
[2025-02-23T19:02:49.581+0000] {logging_mixin.py:188} INFO - [2025-02-23T19:02:49.581+0000] {dag.py:3089} INFO - Sync 1 DAGs
[2025-02-23T19:02:49.600+0000] {logging_mixin.py:188} INFO - [2025-02-23T19:02:49.600+0000] {dag.py:3947} INFO - Setting next_dagrun for crawl_thegioididong_full to None, run_after=None
[2025-02-23T19:02:49.622+0000] {processor.py:183} INFO - Processing /opt/airflow/dags/crawl_full_tgdd.py took 0.104 seconds
[2025-02-23T19:03:20.027+0000] {processor.py:161} INFO - Started process (PID=371) to work on /opt/airflow/dags/crawl_full_tgdd.py
[2025-02-23T19:03:20.056+0000] {processor.py:830} INFO - Processing file /opt/airflow/dags/crawl_full_tgdd.py for tasks to queue
[2025-02-23T19:03:20.066+0000] {logging_mixin.py:188} INFO - [2025-02-23T19:03:20.065+0000] {dagbag.py:545} INFO - Filling up the DagBag from /opt/airflow/dags/crawl_full_tgdd.py
[2025-02-23T19:03:20.094+0000] {processor.py:840} INFO - DAG(s) 'crawl_thegioididong_full' retrieved from /opt/airflow/dags/crawl_full_tgdd.py
[2025-02-23T19:03:20.120+0000] {logging_mixin.py:188} INFO - [2025-02-23T19:03:20.119+0000] {dag.py:3089} INFO - Sync 1 DAGs
[2025-02-23T19:03:20.138+0000] {logging_mixin.py:188} INFO - [2025-02-23T19:03:20.138+0000] {dag.py:3947} INFO - Setting next_dagrun for crawl_thegioididong_full to None, run_after=None
[2025-02-23T19:03:20.158+0000] {processor.py:183} INFO - Processing /opt/airflow/dags/crawl_full_tgdd.py took 0.148 seconds
[2025-02-23T19:03:50.639+0000] {processor.py:161} INFO - Started process (PID=385) to work on /opt/airflow/dags/crawl_full_tgdd.py
[2025-02-23T19:03:50.641+0000] {processor.py:830} INFO - Processing file /opt/airflow/dags/crawl_full_tgdd.py for tasks to queue
[2025-02-23T19:03:50.644+0000] {logging_mixin.py:188} INFO - [2025-02-23T19:03:50.643+0000] {dagbag.py:545} INFO - Filling up the DagBag from /opt/airflow/dags/crawl_full_tgdd.py
[2025-02-23T19:03:50.669+0000] {processor.py:840} INFO - DAG(s) 'crawl_thegioididong_full' retrieved from /opt/airflow/dags/crawl_full_tgdd.py
[2025-02-23T19:03:50.701+0000] {logging_mixin.py:188} INFO - [2025-02-23T19:03:50.701+0000] {dag.py:3089} INFO - Sync 1 DAGs
[2025-02-23T19:03:50.725+0000] {logging_mixin.py:188} INFO - [2025-02-23T19:03:50.724+0000] {dag.py:3947} INFO - Setting next_dagrun for crawl_thegioididong_full to None, run_after=None
[2025-02-23T19:03:50.751+0000] {processor.py:183} INFO - Processing /opt/airflow/dags/crawl_full_tgdd.py took 0.121 seconds
[2025-02-23T19:04:21.078+0000] {processor.py:161} INFO - Started process (PID=393) to work on /opt/airflow/dags/crawl_full_tgdd.py
[2025-02-23T19:04:21.080+0000] {processor.py:830} INFO - Processing file /opt/airflow/dags/crawl_full_tgdd.py for tasks to queue
[2025-02-23T19:04:21.083+0000] {logging_mixin.py:188} INFO - [2025-02-23T19:04:21.083+0000] {dagbag.py:545} INFO - Filling up the DagBag from /opt/airflow/dags/crawl_full_tgdd.py
[2025-02-23T19:04:21.109+0000] {processor.py:840} INFO - DAG(s) 'crawl_thegioididong_full' retrieved from /opt/airflow/dags/crawl_full_tgdd.py
[2025-02-23T19:04:21.137+0000] {logging_mixin.py:188} INFO - [2025-02-23T19:04:21.137+0000] {dag.py:3089} INFO - Sync 1 DAGs
[2025-02-23T19:04:21.160+0000] {logging_mixin.py:188} INFO - [2025-02-23T19:04:21.160+0000] {dag.py:3947} INFO - Setting next_dagrun for crawl_thegioididong_full to None, run_after=None
[2025-02-23T19:04:21.181+0000] {processor.py:183} INFO - Processing /opt/airflow/dags/crawl_full_tgdd.py took 0.111 seconds
[2025-02-23T19:04:51.360+0000] {processor.py:161} INFO - Started process (PID=401) to work on /opt/airflow/dags/crawl_full_tgdd.py
[2025-02-23T19:04:51.361+0000] {processor.py:830} INFO - Processing file /opt/airflow/dags/crawl_full_tgdd.py for tasks to queue
[2025-02-23T19:04:51.364+0000] {logging_mixin.py:188} INFO - [2025-02-23T19:04:51.364+0000] {dagbag.py:545} INFO - Filling up the DagBag from /opt/airflow/dags/crawl_full_tgdd.py
[2025-02-23T19:04:51.389+0000] {processor.py:840} INFO - DAG(s) 'crawl_thegioididong_full' retrieved from /opt/airflow/dags/crawl_full_tgdd.py
[2025-02-23T19:04:51.421+0000] {logging_mixin.py:188} INFO - [2025-02-23T19:04:51.421+0000] {dag.py:3089} INFO - Sync 1 DAGs
[2025-02-23T19:04:51.445+0000] {logging_mixin.py:188} INFO - [2025-02-23T19:04:51.445+0000] {dag.py:3947} INFO - Setting next_dagrun for crawl_thegioididong_full to None, run_after=None
[2025-02-23T19:04:51.467+0000] {processor.py:183} INFO - Processing /opt/airflow/dags/crawl_full_tgdd.py took 0.117 seconds
[2025-02-23T19:05:21.901+0000] {processor.py:161} INFO - Started process (PID=409) to work on /opt/airflow/dags/crawl_full_tgdd.py
[2025-02-23T19:05:21.903+0000] {processor.py:830} INFO - Processing file /opt/airflow/dags/crawl_full_tgdd.py for tasks to queue
[2025-02-23T19:05:21.905+0000] {logging_mixin.py:188} INFO - [2025-02-23T19:05:21.904+0000] {dagbag.py:545} INFO - Filling up the DagBag from /opt/airflow/dags/crawl_full_tgdd.py
[2025-02-23T19:05:21.927+0000] {processor.py:840} INFO - DAG(s) 'crawl_thegioididong_full' retrieved from /opt/airflow/dags/crawl_full_tgdd.py
[2025-02-23T19:05:21.958+0000] {logging_mixin.py:188} INFO - [2025-02-23T19:05:21.957+0000] {dag.py:3089} INFO - Sync 1 DAGs
[2025-02-23T19:05:21.988+0000] {logging_mixin.py:188} INFO - [2025-02-23T19:05:21.987+0000] {dag.py:3947} INFO - Setting next_dagrun for crawl_thegioididong_full to None, run_after=None
[2025-02-23T19:05:22.012+0000] {processor.py:183} INFO - Processing /opt/airflow/dags/crawl_full_tgdd.py took 0.122 seconds
[2025-02-23T19:05:52.821+0000] {processor.py:161} INFO - Started process (PID=417) to work on /opt/airflow/dags/crawl_full_tgdd.py
[2025-02-23T19:05:52.822+0000] {processor.py:830} INFO - Processing file /opt/airflow/dags/crawl_full_tgdd.py for tasks to queue
[2025-02-23T19:05:52.824+0000] {logging_mixin.py:188} INFO - [2025-02-23T19:05:52.824+0000] {dagbag.py:545} INFO - Filling up the DagBag from /opt/airflow/dags/crawl_full_tgdd.py
[2025-02-23T19:05:52.847+0000] {processor.py:840} INFO - DAG(s) 'crawl_thegioididong_full' retrieved from /opt/airflow/dags/crawl_full_tgdd.py
[2025-02-23T19:05:52.874+0000] {logging_mixin.py:188} INFO - [2025-02-23T19:05:52.874+0000] {dag.py:3089} INFO - Sync 1 DAGs
[2025-02-23T19:05:52.897+0000] {logging_mixin.py:188} INFO - [2025-02-23T19:05:52.896+0000] {dag.py:3947} INFO - Setting next_dagrun for crawl_thegioididong_full to None, run_after=None
[2025-02-23T19:05:52.920+0000] {processor.py:183} INFO - Processing /opt/airflow/dags/crawl_full_tgdd.py took 0.108 seconds
[2025-02-23T19:06:23.371+0000] {processor.py:161} INFO - Started process (PID=425) to work on /opt/airflow/dags/crawl_full_tgdd.py
[2025-02-23T19:06:23.372+0000] {processor.py:830} INFO - Processing file /opt/airflow/dags/crawl_full_tgdd.py for tasks to queue
[2025-02-23T19:06:23.374+0000] {logging_mixin.py:188} INFO - [2025-02-23T19:06:23.374+0000] {dagbag.py:545} INFO - Filling up the DagBag from /opt/airflow/dags/crawl_full_tgdd.py
[2025-02-23T19:06:23.397+0000] {processor.py:840} INFO - DAG(s) 'crawl_thegioididong_full' retrieved from /opt/airflow/dags/crawl_full_tgdd.py
[2025-02-23T19:06:23.426+0000] {logging_mixin.py:188} INFO - [2025-02-23T19:06:23.425+0000] {dag.py:3089} INFO - Sync 1 DAGs
[2025-02-23T19:06:23.448+0000] {logging_mixin.py:188} INFO - [2025-02-23T19:06:23.448+0000] {dag.py:3947} INFO - Setting next_dagrun for crawl_thegioididong_full to None, run_after=None
[2025-02-23T19:06:23.472+0000] {processor.py:183} INFO - Processing /opt/airflow/dags/crawl_full_tgdd.py took 0.109 seconds
[2025-02-23T19:06:53.842+0000] {processor.py:161} INFO - Started process (PID=433) to work on /opt/airflow/dags/crawl_full_tgdd.py
[2025-02-23T19:06:53.843+0000] {processor.py:830} INFO - Processing file /opt/airflow/dags/crawl_full_tgdd.py for tasks to queue
[2025-02-23T19:06:53.845+0000] {logging_mixin.py:188} INFO - [2025-02-23T19:06:53.844+0000] {dagbag.py:545} INFO - Filling up the DagBag from /opt/airflow/dags/crawl_full_tgdd.py
[2025-02-23T19:06:53.868+0000] {processor.py:840} INFO - DAG(s) 'crawl_thegioididong_full' retrieved from /opt/airflow/dags/crawl_full_tgdd.py
[2025-02-23T19:06:53.895+0000] {logging_mixin.py:188} INFO - [2025-02-23T19:06:53.895+0000] {dag.py:3089} INFO - Sync 1 DAGs
[2025-02-23T19:06:53.917+0000] {logging_mixin.py:188} INFO - [2025-02-23T19:06:53.917+0000] {dag.py:3947} INFO - Setting next_dagrun for crawl_thegioididong_full to None, run_after=None
[2025-02-23T19:06:53.943+0000] {processor.py:183} INFO - Processing /opt/airflow/dags/crawl_full_tgdd.py took 0.108 seconds
[2025-02-23T19:07:24.326+0000] {processor.py:161} INFO - Started process (PID=441) to work on /opt/airflow/dags/crawl_full_tgdd.py
[2025-02-23T19:07:24.327+0000] {processor.py:830} INFO - Processing file /opt/airflow/dags/crawl_full_tgdd.py for tasks to queue
[2025-02-23T19:07:24.329+0000] {logging_mixin.py:188} INFO - [2025-02-23T19:07:24.328+0000] {dagbag.py:545} INFO - Filling up the DagBag from /opt/airflow/dags/crawl_full_tgdd.py
[2025-02-23T19:07:24.352+0000] {processor.py:840} INFO - DAG(s) 'crawl_thegioididong_full' retrieved from /opt/airflow/dags/crawl_full_tgdd.py
[2025-02-23T19:07:24.379+0000] {logging_mixin.py:188} INFO - [2025-02-23T19:07:24.379+0000] {dag.py:3089} INFO - Sync 1 DAGs
[2025-02-23T19:07:24.402+0000] {logging_mixin.py:188} INFO - [2025-02-23T19:07:24.402+0000] {dag.py:3947} INFO - Setting next_dagrun for crawl_thegioididong_full to None, run_after=None
[2025-02-23T19:07:24.430+0000] {processor.py:183} INFO - Processing /opt/airflow/dags/crawl_full_tgdd.py took 0.112 seconds
[2025-02-23T19:07:55.002+0000] {processor.py:161} INFO - Started process (PID=449) to work on /opt/airflow/dags/crawl_full_tgdd.py
[2025-02-23T19:07:55.003+0000] {processor.py:830} INFO - Processing file /opt/airflow/dags/crawl_full_tgdd.py for tasks to queue
[2025-02-23T19:07:55.006+0000] {logging_mixin.py:188} INFO - [2025-02-23T19:07:55.006+0000] {dagbag.py:545} INFO - Filling up the DagBag from /opt/airflow/dags/crawl_full_tgdd.py
[2025-02-23T19:07:55.033+0000] {processor.py:840} INFO - DAG(s) 'crawl_thegioididong_full' retrieved from /opt/airflow/dags/crawl_full_tgdd.py
[2025-02-23T19:07:55.059+0000] {logging_mixin.py:188} INFO - [2025-02-23T19:07:55.059+0000] {dag.py:3089} INFO - Sync 1 DAGs
[2025-02-23T19:07:55.080+0000] {logging_mixin.py:188} INFO - [2025-02-23T19:07:55.080+0000] {dag.py:3947} INFO - Setting next_dagrun for crawl_thegioididong_full to None, run_after=None
[2025-02-23T19:07:55.100+0000] {processor.py:183} INFO - Processing /opt/airflow/dags/crawl_full_tgdd.py took 0.108 seconds
[2025-02-23T19:08:25.539+0000] {processor.py:161} INFO - Started process (PID=457) to work on /opt/airflow/dags/crawl_full_tgdd.py
[2025-02-23T19:08:25.540+0000] {processor.py:830} INFO - Processing file /opt/airflow/dags/crawl_full_tgdd.py for tasks to queue
[2025-02-23T19:08:25.543+0000] {logging_mixin.py:188} INFO - [2025-02-23T19:08:25.542+0000] {dagbag.py:545} INFO - Filling up the DagBag from /opt/airflow/dags/crawl_full_tgdd.py
[2025-02-23T19:08:25.567+0000] {processor.py:840} INFO - DAG(s) 'crawl_thegioididong_full' retrieved from /opt/airflow/dags/crawl_full_tgdd.py
[2025-02-23T19:08:25.594+0000] {logging_mixin.py:188} INFO - [2025-02-23T19:08:25.593+0000] {dag.py:3089} INFO - Sync 1 DAGs
[2025-02-23T19:08:25.613+0000] {logging_mixin.py:188} INFO - [2025-02-23T19:08:25.613+0000] {dag.py:3947} INFO - Setting next_dagrun for crawl_thegioididong_full to None, run_after=None
[2025-02-23T19:08:25.635+0000] {processor.py:183} INFO - Processing /opt/airflow/dags/crawl_full_tgdd.py took 0.104 seconds
[2025-02-23T19:08:56.075+0000] {processor.py:161} INFO - Started process (PID=465) to work on /opt/airflow/dags/crawl_full_tgdd.py
[2025-02-23T19:08:56.077+0000] {processor.py:830} INFO - Processing file /opt/airflow/dags/crawl_full_tgdd.py for tasks to queue
[2025-02-23T19:08:56.079+0000] {logging_mixin.py:188} INFO - [2025-02-23T19:08:56.079+0000] {dagbag.py:545} INFO - Filling up the DagBag from /opt/airflow/dags/crawl_full_tgdd.py
[2025-02-23T19:08:56.106+0000] {processor.py:840} INFO - DAG(s) 'crawl_thegioididong_full' retrieved from /opt/airflow/dags/crawl_full_tgdd.py
[2025-02-23T19:08:56.137+0000] {logging_mixin.py:188} INFO - [2025-02-23T19:08:56.137+0000] {dag.py:3089} INFO - Sync 1 DAGs
[2025-02-23T19:08:56.161+0000] {logging_mixin.py:188} INFO - [2025-02-23T19:08:56.161+0000] {dag.py:3947} INFO - Setting next_dagrun for crawl_thegioididong_full to None, run_after=None
[2025-02-23T19:08:56.185+0000] {processor.py:183} INFO - Processing /opt/airflow/dags/crawl_full_tgdd.py took 0.117 seconds
[2025-02-23T19:09:26.698+0000] {processor.py:161} INFO - Started process (PID=473) to work on /opt/airflow/dags/crawl_full_tgdd.py
[2025-02-23T19:09:26.700+0000] {processor.py:830} INFO - Processing file /opt/airflow/dags/crawl_full_tgdd.py for tasks to queue
[2025-02-23T19:09:26.702+0000] {logging_mixin.py:188} INFO - [2025-02-23T19:09:26.701+0000] {dagbag.py:545} INFO - Filling up the DagBag from /opt/airflow/dags/crawl_full_tgdd.py
[2025-02-23T19:09:26.723+0000] {processor.py:840} INFO - DAG(s) 'crawl_thegioididong_full' retrieved from /opt/airflow/dags/crawl_full_tgdd.py
[2025-02-23T19:09:26.750+0000] {logging_mixin.py:188} INFO - [2025-02-23T19:09:26.749+0000] {dag.py:3089} INFO - Sync 1 DAGs
[2025-02-23T19:09:26.771+0000] {logging_mixin.py:188} INFO - [2025-02-23T19:09:26.770+0000] {dag.py:3947} INFO - Setting next_dagrun for crawl_thegioididong_full to None, run_after=None
[2025-02-23T19:09:26.795+0000] {processor.py:183} INFO - Processing /opt/airflow/dags/crawl_full_tgdd.py took 0.104 seconds
[2025-02-23T19:09:57.225+0000] {processor.py:161} INFO - Started process (PID=487) to work on /opt/airflow/dags/crawl_full_tgdd.py
[2025-02-23T19:09:57.227+0000] {processor.py:830} INFO - Processing file /opt/airflow/dags/crawl_full_tgdd.py for tasks to queue
[2025-02-23T19:09:57.231+0000] {logging_mixin.py:188} INFO - [2025-02-23T19:09:57.229+0000] {dagbag.py:545} INFO - Filling up the DagBag from /opt/airflow/dags/crawl_full_tgdd.py
[2025-02-23T19:09:57.260+0000] {processor.py:840} INFO - DAG(s) 'crawl_thegioididong_full' retrieved from /opt/airflow/dags/crawl_full_tgdd.py
[2025-02-23T19:09:57.297+0000] {logging_mixin.py:188} INFO - [2025-02-23T19:09:57.296+0000] {dag.py:3089} INFO - Sync 1 DAGs
[2025-02-23T19:09:57.329+0000] {logging_mixin.py:188} INFO - [2025-02-23T19:09:57.328+0000] {dag.py:3947} INFO - Setting next_dagrun for crawl_thegioididong_full to None, run_after=None
[2025-02-23T19:09:57.356+0000] {processor.py:183} INFO - Processing /opt/airflow/dags/crawl_full_tgdd.py took 0.144 seconds
[2025-02-23T19:10:27.594+0000] {processor.py:161} INFO - Started process (PID=495) to work on /opt/airflow/dags/crawl_full_tgdd.py
[2025-02-23T19:10:27.595+0000] {processor.py:830} INFO - Processing file /opt/airflow/dags/crawl_full_tgdd.py for tasks to queue
[2025-02-23T19:10:27.598+0000] {logging_mixin.py:188} INFO - [2025-02-23T19:10:27.597+0000] {dagbag.py:545} INFO - Filling up the DagBag from /opt/airflow/dags/crawl_full_tgdd.py
[2025-02-23T19:10:27.626+0000] {processor.py:840} INFO - DAG(s) 'crawl_thegioididong_full' retrieved from /opt/airflow/dags/crawl_full_tgdd.py
[2025-02-23T19:10:27.660+0000] {logging_mixin.py:188} INFO - [2025-02-23T19:10:27.660+0000] {dag.py:3089} INFO - Sync 1 DAGs
[2025-02-23T19:10:27.689+0000] {logging_mixin.py:188} INFO - [2025-02-23T19:10:27.689+0000] {dag.py:3947} INFO - Setting next_dagrun for crawl_thegioididong_full to None, run_after=None
[2025-02-23T19:10:27.720+0000] {processor.py:183} INFO - Processing /opt/airflow/dags/crawl_full_tgdd.py took 0.136 seconds
[2025-02-23T19:10:58.172+0000] {processor.py:161} INFO - Started process (PID=503) to work on /opt/airflow/dags/crawl_full_tgdd.py
[2025-02-23T19:10:58.174+0000] {processor.py:830} INFO - Processing file /opt/airflow/dags/crawl_full_tgdd.py for tasks to queue
[2025-02-23T19:10:58.177+0000] {logging_mixin.py:188} INFO - [2025-02-23T19:10:58.176+0000] {dagbag.py:545} INFO - Filling up the DagBag from /opt/airflow/dags/crawl_full_tgdd.py
[2025-02-23T19:10:58.201+0000] {processor.py:840} INFO - DAG(s) 'crawl_thegioididong_full' retrieved from /opt/airflow/dags/crawl_full_tgdd.py
[2025-02-23T19:10:58.235+0000] {logging_mixin.py:188} INFO - [2025-02-23T19:10:58.235+0000] {dag.py:3089} INFO - Sync 1 DAGs
[2025-02-23T19:10:58.259+0000] {logging_mixin.py:188} INFO - [2025-02-23T19:10:58.259+0000] {dag.py:3947} INFO - Setting next_dagrun for crawl_thegioididong_full to None, run_after=None
[2025-02-23T19:10:58.284+0000] {processor.py:183} INFO - Processing /opt/airflow/dags/crawl_full_tgdd.py took 0.120 seconds
[2025-02-23T19:11:28.647+0000] {processor.py:161} INFO - Started process (PID=511) to work on /opt/airflow/dags/crawl_full_tgdd.py
[2025-02-23T19:11:28.648+0000] {processor.py:830} INFO - Processing file /opt/airflow/dags/crawl_full_tgdd.py for tasks to queue
[2025-02-23T19:11:28.650+0000] {logging_mixin.py:188} INFO - [2025-02-23T19:11:28.649+0000] {dagbag.py:545} INFO - Filling up the DagBag from /opt/airflow/dags/crawl_full_tgdd.py
[2025-02-23T19:11:28.673+0000] {processor.py:840} INFO - DAG(s) 'crawl_thegioididong_full' retrieved from /opt/airflow/dags/crawl_full_tgdd.py
[2025-02-23T19:11:28.700+0000] {logging_mixin.py:188} INFO - [2025-02-23T19:11:28.700+0000] {dag.py:3089} INFO - Sync 1 DAGs
[2025-02-23T19:11:28.725+0000] {logging_mixin.py:188} INFO - [2025-02-23T19:11:28.725+0000] {dag.py:3947} INFO - Setting next_dagrun for crawl_thegioididong_full to None, run_after=None
[2025-02-23T19:11:28.750+0000] {processor.py:183} INFO - Processing /opt/airflow/dags/crawl_full_tgdd.py took 0.111 seconds
[2025-02-23T19:11:59.346+0000] {processor.py:161} INFO - Started process (PID=519) to work on /opt/airflow/dags/crawl_full_tgdd.py
[2025-02-23T19:11:59.347+0000] {processor.py:830} INFO - Processing file /opt/airflow/dags/crawl_full_tgdd.py for tasks to queue
[2025-02-23T19:11:59.350+0000] {logging_mixin.py:188} INFO - [2025-02-23T19:11:59.350+0000] {dagbag.py:545} INFO - Filling up the DagBag from /opt/airflow/dags/crawl_full_tgdd.py
[2025-02-23T19:11:59.378+0000] {processor.py:840} INFO - DAG(s) 'crawl_thegioididong_full' retrieved from /opt/airflow/dags/crawl_full_tgdd.py
[2025-02-23T19:11:59.412+0000] {logging_mixin.py:188} INFO - [2025-02-23T19:11:59.412+0000] {dag.py:3089} INFO - Sync 1 DAGs
[2025-02-23T19:11:59.438+0000] {logging_mixin.py:188} INFO - [2025-02-23T19:11:59.438+0000] {dag.py:3947} INFO - Setting next_dagrun for crawl_thegioididong_full to None, run_after=None
[2025-02-23T19:11:59.463+0000] {processor.py:183} INFO - Processing /opt/airflow/dags/crawl_full_tgdd.py took 0.125 seconds
[2025-02-23T19:12:29.882+0000] {processor.py:161} INFO - Started process (PID=527) to work on /opt/airflow/dags/crawl_full_tgdd.py
[2025-02-23T19:12:29.883+0000] {processor.py:830} INFO - Processing file /opt/airflow/dags/crawl_full_tgdd.py for tasks to queue
[2025-02-23T19:12:29.885+0000] {logging_mixin.py:188} INFO - [2025-02-23T19:12:29.884+0000] {dagbag.py:545} INFO - Filling up the DagBag from /opt/airflow/dags/crawl_full_tgdd.py
[2025-02-23T19:12:29.907+0000] {processor.py:840} INFO - DAG(s) 'crawl_thegioididong_full' retrieved from /opt/airflow/dags/crawl_full_tgdd.py
[2025-02-23T19:12:29.934+0000] {logging_mixin.py:188} INFO - [2025-02-23T19:12:29.934+0000] {dag.py:3089} INFO - Sync 1 DAGs
[2025-02-23T19:12:29.957+0000] {logging_mixin.py:188} INFO - [2025-02-23T19:12:29.956+0000] {dag.py:3947} INFO - Setting next_dagrun for crawl_thegioididong_full to None, run_after=None
[2025-02-23T19:12:29.980+0000] {processor.py:183} INFO - Processing /opt/airflow/dags/crawl_full_tgdd.py took 0.106 seconds
[2025-02-23T19:13:00.438+0000] {processor.py:161} INFO - Started process (PID=535) to work on /opt/airflow/dags/crawl_full_tgdd.py
[2025-02-23T19:13:00.439+0000] {processor.py:830} INFO - Processing file /opt/airflow/dags/crawl_full_tgdd.py for tasks to queue
[2025-02-23T19:13:00.442+0000] {logging_mixin.py:188} INFO - [2025-02-23T19:13:00.441+0000] {dagbag.py:545} INFO - Filling up the DagBag from /opt/airflow/dags/crawl_full_tgdd.py
[2025-02-23T19:13:00.465+0000] {processor.py:840} INFO - DAG(s) 'crawl_thegioididong_full' retrieved from /opt/airflow/dags/crawl_full_tgdd.py
[2025-02-23T19:13:00.493+0000] {logging_mixin.py:188} INFO - [2025-02-23T19:13:00.492+0000] {dag.py:3089} INFO - Sync 1 DAGs
[2025-02-23T19:13:00.517+0000] {logging_mixin.py:188} INFO - [2025-02-23T19:13:00.517+0000] {dag.py:3947} INFO - Setting next_dagrun for crawl_thegioididong_full to None, run_after=None
[2025-02-23T19:13:00.538+0000] {processor.py:183} INFO - Processing /opt/airflow/dags/crawl_full_tgdd.py took 0.108 seconds
[2025-02-23T19:13:31.075+0000] {processor.py:161} INFO - Started process (PID=543) to work on /opt/airflow/dags/crawl_full_tgdd.py
[2025-02-23T19:13:31.077+0000] {processor.py:830} INFO - Processing file /opt/airflow/dags/crawl_full_tgdd.py for tasks to queue
[2025-02-23T19:13:31.079+0000] {logging_mixin.py:188} INFO - [2025-02-23T19:13:31.079+0000] {dagbag.py:545} INFO - Filling up the DagBag from /opt/airflow/dags/crawl_full_tgdd.py
[2025-02-23T19:13:31.110+0000] {processor.py:840} INFO - DAG(s) 'crawl_thegioididong_full' retrieved from /opt/airflow/dags/crawl_full_tgdd.py
[2025-02-23T19:13:31.145+0000] {logging_mixin.py:188} INFO - [2025-02-23T19:13:31.145+0000] {dag.py:3089} INFO - Sync 1 DAGs
[2025-02-23T19:13:31.169+0000] {logging_mixin.py:188} INFO - [2025-02-23T19:13:31.169+0000] {dag.py:3947} INFO - Setting next_dagrun for crawl_thegioididong_full to None, run_after=None
[2025-02-23T19:13:31.194+0000] {processor.py:183} INFO - Processing /opt/airflow/dags/crawl_full_tgdd.py took 0.132 seconds
[2025-02-23T19:14:01.512+0000] {processor.py:161} INFO - Started process (PID=551) to work on /opt/airflow/dags/crawl_full_tgdd.py
[2025-02-23T19:14:01.514+0000] {processor.py:830} INFO - Processing file /opt/airflow/dags/crawl_full_tgdd.py for tasks to queue
[2025-02-23T19:14:01.517+0000] {logging_mixin.py:188} INFO - [2025-02-23T19:14:01.517+0000] {dagbag.py:545} INFO - Filling up the DagBag from /opt/airflow/dags/crawl_full_tgdd.py
[2025-02-23T19:14:01.547+0000] {processor.py:840} INFO - DAG(s) 'crawl_thegioididong_full' retrieved from /opt/airflow/dags/crawl_full_tgdd.py
[2025-02-23T19:14:01.581+0000] {logging_mixin.py:188} INFO - [2025-02-23T19:14:01.580+0000] {dag.py:3089} INFO - Sync 1 DAGs
[2025-02-23T19:14:01.604+0000] {logging_mixin.py:188} INFO - [2025-02-23T19:14:01.603+0000] {dag.py:3947} INFO - Setting next_dagrun for crawl_thegioididong_full to None, run_after=None
[2025-02-23T19:14:01.629+0000] {processor.py:183} INFO - Processing /opt/airflow/dags/crawl_full_tgdd.py took 0.126 seconds
[2025-02-23T19:14:32.211+0000] {processor.py:161} INFO - Started process (PID=559) to work on /opt/airflow/dags/crawl_full_tgdd.py
[2025-02-23T19:14:32.212+0000] {processor.py:830} INFO - Processing file /opt/airflow/dags/crawl_full_tgdd.py for tasks to queue
[2025-02-23T19:14:32.214+0000] {logging_mixin.py:188} INFO - [2025-02-23T19:14:32.213+0000] {dagbag.py:545} INFO - Filling up the DagBag from /opt/airflow/dags/crawl_full_tgdd.py
[2025-02-23T19:14:32.237+0000] {processor.py:840} INFO - DAG(s) 'crawl_thegioididong_full' retrieved from /opt/airflow/dags/crawl_full_tgdd.py
[2025-02-23T19:14:32.269+0000] {logging_mixin.py:188} INFO - [2025-02-23T19:14:32.268+0000] {dag.py:3089} INFO - Sync 1 DAGs
[2025-02-23T19:14:32.292+0000] {logging_mixin.py:188} INFO - [2025-02-23T19:14:32.291+0000] {dag.py:3947} INFO - Setting next_dagrun for crawl_thegioididong_full to None, run_after=None
[2025-02-23T19:14:32.316+0000] {processor.py:183} INFO - Processing /opt/airflow/dags/crawl_full_tgdd.py took 0.112 seconds
[2025-02-23T19:15:02.742+0000] {processor.py:161} INFO - Started process (PID=567) to work on /opt/airflow/dags/crawl_full_tgdd.py
[2025-02-23T19:15:02.743+0000] {processor.py:830} INFO - Processing file /opt/airflow/dags/crawl_full_tgdd.py for tasks to queue
[2025-02-23T19:15:02.745+0000] {logging_mixin.py:188} INFO - [2025-02-23T19:15:02.745+0000] {dagbag.py:545} INFO - Filling up the DagBag from /opt/airflow/dags/crawl_full_tgdd.py
[2025-02-23T19:15:02.765+0000] {processor.py:840} INFO - DAG(s) 'crawl_thegioididong_full' retrieved from /opt/airflow/dags/crawl_full_tgdd.py
[2025-02-23T19:15:02.791+0000] {logging_mixin.py:188} INFO - [2025-02-23T19:15:02.790+0000] {dag.py:3089} INFO - Sync 1 DAGs
[2025-02-23T19:15:02.811+0000] {logging_mixin.py:188} INFO - [2025-02-23T19:15:02.811+0000] {dag.py:3947} INFO - Setting next_dagrun for crawl_thegioididong_full to None, run_after=None
[2025-02-23T19:15:02.837+0000] {processor.py:183} INFO - Processing /opt/airflow/dags/crawl_full_tgdd.py took 0.101 seconds
[2025-02-23T19:15:33.277+0000] {processor.py:161} INFO - Started process (PID=575) to work on /opt/airflow/dags/crawl_full_tgdd.py
[2025-02-23T19:15:33.278+0000] {processor.py:830} INFO - Processing file /opt/airflow/dags/crawl_full_tgdd.py for tasks to queue
[2025-02-23T19:15:33.280+0000] {logging_mixin.py:188} INFO - [2025-02-23T19:15:33.280+0000] {dagbag.py:545} INFO - Filling up the DagBag from /opt/airflow/dags/crawl_full_tgdd.py
[2025-02-23T19:15:33.307+0000] {processor.py:840} INFO - DAG(s) 'crawl_thegioididong_full' retrieved from /opt/airflow/dags/crawl_full_tgdd.py
[2025-02-23T19:15:33.360+0000] {logging_mixin.py:188} INFO - [2025-02-23T19:15:33.360+0000] {dag.py:3089} INFO - Sync 1 DAGs
[2025-02-23T19:15:33.397+0000] {logging_mixin.py:188} INFO - [2025-02-23T19:15:33.396+0000] {dag.py:3947} INFO - Setting next_dagrun for crawl_thegioididong_full to None, run_after=None
[2025-02-23T19:15:33.419+0000] {processor.py:183} INFO - Processing /opt/airflow/dags/crawl_full_tgdd.py took 0.150 seconds
[2025-02-23T19:16:03.804+0000] {processor.py:161} INFO - Started process (PID=583) to work on /opt/airflow/dags/crawl_full_tgdd.py
[2025-02-23T19:16:03.806+0000] {processor.py:830} INFO - Processing file /opt/airflow/dags/crawl_full_tgdd.py for tasks to queue
[2025-02-23T19:16:03.808+0000] {logging_mixin.py:188} INFO - [2025-02-23T19:16:03.808+0000] {dagbag.py:545} INFO - Filling up the DagBag from /opt/airflow/dags/crawl_full_tgdd.py
[2025-02-23T19:16:03.830+0000] {processor.py:840} INFO - DAG(s) 'crawl_thegioididong_full' retrieved from /opt/airflow/dags/crawl_full_tgdd.py
[2025-02-23T19:16:03.858+0000] {logging_mixin.py:188} INFO - [2025-02-23T19:16:03.858+0000] {dag.py:3089} INFO - Sync 1 DAGs
[2025-02-23T19:16:03.878+0000] {logging_mixin.py:188} INFO - [2025-02-23T19:16:03.877+0000] {dag.py:3947} INFO - Setting next_dagrun for crawl_thegioididong_full to None, run_after=None
[2025-02-23T19:16:03.902+0000] {processor.py:183} INFO - Processing /opt/airflow/dags/crawl_full_tgdd.py took 0.105 seconds
[2025-02-23T19:16:34.530+0000] {processor.py:161} INFO - Started process (PID=597) to work on /opt/airflow/dags/crawl_full_tgdd.py
[2025-02-23T19:16:34.532+0000] {processor.py:830} INFO - Processing file /opt/airflow/dags/crawl_full_tgdd.py for tasks to queue
[2025-02-23T19:16:34.534+0000] {logging_mixin.py:188} INFO - [2025-02-23T19:16:34.534+0000] {dagbag.py:545} INFO - Filling up the DagBag from /opt/airflow/dags/crawl_full_tgdd.py
[2025-02-23T19:16:34.562+0000] {processor.py:840} INFO - DAG(s) 'crawl_thegioididong_full' retrieved from /opt/airflow/dags/crawl_full_tgdd.py
[2025-02-23T19:16:34.598+0000] {logging_mixin.py:188} INFO - [2025-02-23T19:16:34.597+0000] {dag.py:3089} INFO - Sync 1 DAGs
[2025-02-23T19:16:34.627+0000] {logging_mixin.py:188} INFO - [2025-02-23T19:16:34.627+0000] {dag.py:3947} INFO - Setting next_dagrun for crawl_thegioididong_full to None, run_after=None
[2025-02-23T19:16:34.655+0000] {processor.py:183} INFO - Processing /opt/airflow/dags/crawl_full_tgdd.py took 0.134 seconds
[2025-02-23T19:17:04.846+0000] {processor.py:161} INFO - Started process (PID=605) to work on /opt/airflow/dags/crawl_full_tgdd.py
[2025-02-23T19:17:04.847+0000] {processor.py:830} INFO - Processing file /opt/airflow/dags/crawl_full_tgdd.py for tasks to queue
[2025-02-23T19:17:04.850+0000] {logging_mixin.py:188} INFO - [2025-02-23T19:17:04.850+0000] {dagbag.py:545} INFO - Filling up the DagBag from /opt/airflow/dags/crawl_full_tgdd.py
[2025-02-23T19:17:04.876+0000] {processor.py:840} INFO - DAG(s) 'crawl_thegioididong_full' retrieved from /opt/airflow/dags/crawl_full_tgdd.py
[2025-02-23T19:17:04.911+0000] {logging_mixin.py:188} INFO - [2025-02-23T19:17:04.910+0000] {dag.py:3089} INFO - Sync 1 DAGs
[2025-02-23T19:17:04.939+0000] {logging_mixin.py:188} INFO - [2025-02-23T19:17:04.939+0000] {dag.py:3947} INFO - Setting next_dagrun for crawl_thegioididong_full to None, run_after=None
[2025-02-23T19:17:04.969+0000] {processor.py:183} INFO - Processing /opt/airflow/dags/crawl_full_tgdd.py took 0.132 seconds
[2025-02-23T19:17:35.284+0000] {processor.py:161} INFO - Started process (PID=613) to work on /opt/airflow/dags/crawl_full_tgdd.py
[2025-02-23T19:17:35.285+0000] {processor.py:830} INFO - Processing file /opt/airflow/dags/crawl_full_tgdd.py for tasks to queue
[2025-02-23T19:17:35.288+0000] {logging_mixin.py:188} INFO - [2025-02-23T19:17:35.287+0000] {dagbag.py:545} INFO - Filling up the DagBag from /opt/airflow/dags/crawl_full_tgdd.py
[2025-02-23T19:17:35.311+0000] {processor.py:840} INFO - DAG(s) 'crawl_thegioididong_full' retrieved from /opt/airflow/dags/crawl_full_tgdd.py
[2025-02-23T19:17:35.338+0000] {logging_mixin.py:188} INFO - [2025-02-23T19:17:35.338+0000] {dag.py:3089} INFO - Sync 1 DAGs
[2025-02-23T19:17:35.359+0000] {logging_mixin.py:188} INFO - [2025-02-23T19:17:35.359+0000] {dag.py:3947} INFO - Setting next_dagrun for crawl_thegioididong_full to None, run_after=None
[2025-02-23T19:17:35.381+0000] {processor.py:183} INFO - Processing /opt/airflow/dags/crawl_full_tgdd.py took 0.105 seconds
[2025-02-23T19:18:05.727+0000] {processor.py:161} INFO - Started process (PID=621) to work on /opt/airflow/dags/crawl_full_tgdd.py
[2025-02-23T19:18:05.728+0000] {processor.py:830} INFO - Processing file /opt/airflow/dags/crawl_full_tgdd.py for tasks to queue
[2025-02-23T19:18:05.730+0000] {logging_mixin.py:188} INFO - [2025-02-23T19:18:05.729+0000] {dagbag.py:545} INFO - Filling up the DagBag from /opt/airflow/dags/crawl_full_tgdd.py
[2025-02-23T19:18:05.748+0000] {processor.py:840} INFO - DAG(s) 'crawl_thegioididong_full' retrieved from /opt/airflow/dags/crawl_full_tgdd.py
[2025-02-23T19:18:05.773+0000] {logging_mixin.py:188} INFO - [2025-02-23T19:18:05.773+0000] {dag.py:3089} INFO - Sync 1 DAGs
[2025-02-23T19:18:05.791+0000] {logging_mixin.py:188} INFO - [2025-02-23T19:18:05.791+0000] {dag.py:3947} INFO - Setting next_dagrun for crawl_thegioididong_full to None, run_after=None
[2025-02-23T19:18:05.812+0000] {processor.py:183} INFO - Processing /opt/airflow/dags/crawl_full_tgdd.py took 0.092 seconds
[2025-02-23T19:18:36.543+0000] {processor.py:161} INFO - Started process (PID=629) to work on /opt/airflow/dags/crawl_full_tgdd.py
[2025-02-23T19:18:36.544+0000] {processor.py:830} INFO - Processing file /opt/airflow/dags/crawl_full_tgdd.py for tasks to queue
[2025-02-23T19:18:36.547+0000] {logging_mixin.py:188} INFO - [2025-02-23T19:18:36.547+0000] {dagbag.py:545} INFO - Filling up the DagBag from /opt/airflow/dags/crawl_full_tgdd.py
[2025-02-23T19:18:36.576+0000] {processor.py:840} INFO - DAG(s) 'crawl_thegioididong_full' retrieved from /opt/airflow/dags/crawl_full_tgdd.py
[2025-02-23T19:18:36.604+0000] {logging_mixin.py:188} INFO - [2025-02-23T19:18:36.604+0000] {dag.py:3089} INFO - Sync 1 DAGs
[2025-02-23T19:18:36.626+0000] {logging_mixin.py:188} INFO - [2025-02-23T19:18:36.625+0000] {dag.py:3947} INFO - Setting next_dagrun for crawl_thegioididong_full to None, run_after=None
[2025-02-23T19:18:36.648+0000] {processor.py:183} INFO - Processing /opt/airflow/dags/crawl_full_tgdd.py took 0.120 seconds
[2025-02-23T19:19:07.227+0000] {processor.py:161} INFO - Started process (PID=638) to work on /opt/airflow/dags/crawl_full_tgdd.py
[2025-02-23T19:19:07.228+0000] {processor.py:830} INFO - Processing file /opt/airflow/dags/crawl_full_tgdd.py for tasks to queue
[2025-02-23T19:19:07.231+0000] {logging_mixin.py:188} INFO - [2025-02-23T19:19:07.231+0000] {dagbag.py:545} INFO - Filling up the DagBag from /opt/airflow/dags/crawl_full_tgdd.py
[2025-02-23T19:19:07.257+0000] {processor.py:840} INFO - DAG(s) 'crawl_thegioididong_full' retrieved from /opt/airflow/dags/crawl_full_tgdd.py
[2025-02-23T19:19:07.285+0000] {logging_mixin.py:188} INFO - [2025-02-23T19:19:07.284+0000] {dag.py:3089} INFO - Sync 1 DAGs
[2025-02-23T19:19:07.305+0000] {logging_mixin.py:188} INFO - [2025-02-23T19:19:07.305+0000] {dag.py:3947} INFO - Setting next_dagrun for crawl_thegioididong_full to None, run_after=None
[2025-02-23T19:19:07.328+0000] {processor.py:183} INFO - Processing /opt/airflow/dags/crawl_full_tgdd.py took 0.108 seconds
[2025-02-23T19:19:37.764+0000] {processor.py:161} INFO - Started process (PID=646) to work on /opt/airflow/dags/crawl_full_tgdd.py
[2025-02-23T19:19:37.766+0000] {processor.py:830} INFO - Processing file /opt/airflow/dags/crawl_full_tgdd.py for tasks to queue
[2025-02-23T19:19:37.768+0000] {logging_mixin.py:188} INFO - [2025-02-23T19:19:37.767+0000] {dagbag.py:545} INFO - Filling up the DagBag from /opt/airflow/dags/crawl_full_tgdd.py
[2025-02-23T19:19:37.791+0000] {processor.py:840} INFO - DAG(s) 'crawl_thegioididong_full' retrieved from /opt/airflow/dags/crawl_full_tgdd.py
[2025-02-23T19:19:37.818+0000] {logging_mixin.py:188} INFO - [2025-02-23T19:19:37.817+0000] {dag.py:3089} INFO - Sync 1 DAGs
[2025-02-23T19:19:35.946+0000] {logging_mixin.py:188} INFO - [2025-02-23T19:19:35.946+0000] {dag.py:3947} INFO - Setting next_dagrun for crawl_thegioididong_full to None, run_after=None
[2025-02-23T19:19:35.969+0000] {processor.py:183} INFO - Processing /opt/airflow/dags/crawl_full_tgdd.py took 0.104 seconds
[2025-02-23T19:20:06.269+0000] {processor.py:161} INFO - Started process (PID=654) to work on /opt/airflow/dags/crawl_full_tgdd.py
[2025-02-23T19:20:06.271+0000] {processor.py:830} INFO - Processing file /opt/airflow/dags/crawl_full_tgdd.py for tasks to queue
[2025-02-23T19:20:06.273+0000] {logging_mixin.py:188} INFO - [2025-02-23T19:20:06.272+0000] {dagbag.py:545} INFO - Filling up the DagBag from /opt/airflow/dags/crawl_full_tgdd.py
[2025-02-23T19:20:06.297+0000] {processor.py:840} INFO - DAG(s) 'crawl_thegioididong_full' retrieved from /opt/airflow/dags/crawl_full_tgdd.py
[2025-02-23T19:20:06.327+0000] {logging_mixin.py:188} INFO - [2025-02-23T19:20:06.327+0000] {dag.py:3089} INFO - Sync 1 DAGs
[2025-02-23T19:20:06.359+0000] {logging_mixin.py:188} INFO - [2025-02-23T19:20:06.359+0000] {dag.py:3947} INFO - Setting next_dagrun for crawl_thegioididong_full to None, run_after=None
[2025-02-23T19:20:06.389+0000] {processor.py:183} INFO - Processing /opt/airflow/dags/crawl_full_tgdd.py took 0.128 seconds
[2025-02-23T19:20:36.852+0000] {processor.py:161} INFO - Started process (PID=662) to work on /opt/airflow/dags/crawl_full_tgdd.py
[2025-02-23T19:20:36.854+0000] {processor.py:830} INFO - Processing file /opt/airflow/dags/crawl_full_tgdd.py for tasks to queue
[2025-02-23T19:20:36.858+0000] {logging_mixin.py:188} INFO - [2025-02-23T19:20:36.857+0000] {dagbag.py:545} INFO - Filling up the DagBag from /opt/airflow/dags/crawl_full_tgdd.py
[2025-02-23T19:20:36.909+0000] {processor.py:840} INFO - DAG(s) 'crawl_thegioididong_full' retrieved from /opt/airflow/dags/crawl_full_tgdd.py
[2025-02-23T19:20:36.990+0000] {logging_mixin.py:188} INFO - [2025-02-23T19:20:36.990+0000] {dag.py:3089} INFO - Sync 1 DAGs
[2025-02-23T19:20:37.043+0000] {logging_mixin.py:188} INFO - [2025-02-23T19:20:37.043+0000] {dag.py:3947} INFO - Setting next_dagrun for crawl_thegioididong_full to None, run_after=None
[2025-02-23T19:20:37.101+0000] {processor.py:183} INFO - Processing /opt/airflow/dags/crawl_full_tgdd.py took 0.269 seconds
[2025-02-23T19:21:07.325+0000] {processor.py:161} INFO - Started process (PID=670) to work on /opt/airflow/dags/crawl_full_tgdd.py
[2025-02-23T19:21:07.326+0000] {processor.py:830} INFO - Processing file /opt/airflow/dags/crawl_full_tgdd.py for tasks to queue
[2025-02-23T19:21:07.329+0000] {logging_mixin.py:188} INFO - [2025-02-23T19:21:07.328+0000] {dagbag.py:545} INFO - Filling up the DagBag from /opt/airflow/dags/crawl_full_tgdd.py
[2025-02-23T19:21:07.353+0000] {processor.py:840} INFO - DAG(s) 'crawl_thegioididong_full' retrieved from /opt/airflow/dags/crawl_full_tgdd.py
[2025-02-23T19:21:07.380+0000] {logging_mixin.py:188} INFO - [2025-02-23T19:21:07.380+0000] {dag.py:3089} INFO - Sync 1 DAGs
[2025-02-23T19:21:07.401+0000] {logging_mixin.py:188} INFO - [2025-02-23T19:21:07.400+0000] {dag.py:3947} INFO - Setting next_dagrun for crawl_thegioididong_full to None, run_after=None
[2025-02-23T19:21:07.423+0000] {processor.py:183} INFO - Processing /opt/airflow/dags/crawl_full_tgdd.py took 0.106 seconds
[2025-02-23T19:21:37.955+0000] {processor.py:161} INFO - Started process (PID=678) to work on /opt/airflow/dags/crawl_full_tgdd.py
[2025-02-23T19:21:37.958+0000] {processor.py:830} INFO - Processing file /opt/airflow/dags/crawl_full_tgdd.py for tasks to queue
[2025-02-23T19:21:37.960+0000] {logging_mixin.py:188} INFO - [2025-02-23T19:21:37.960+0000] {dagbag.py:545} INFO - Filling up the DagBag from /opt/airflow/dags/crawl_full_tgdd.py
[2025-02-23T19:21:37.988+0000] {processor.py:840} INFO - DAG(s) 'crawl_thegioididong_full' retrieved from /opt/airflow/dags/crawl_full_tgdd.py
[2025-02-23T19:21:38.026+0000] {logging_mixin.py:188} INFO - [2025-02-23T19:21:38.025+0000] {dag.py:3089} INFO - Sync 1 DAGs
[2025-02-23T19:21:38.056+0000] {logging_mixin.py:188} INFO - [2025-02-23T19:21:38.056+0000] {dag.py:3947} INFO - Setting next_dagrun for crawl_thegioididong_full to None, run_after=None
[2025-02-23T19:21:38.077+0000] {processor.py:183} INFO - Processing /opt/airflow/dags/crawl_full_tgdd.py took 0.133 seconds
[2025-02-23T19:22:08.418+0000] {processor.py:161} INFO - Started process (PID=686) to work on /opt/airflow/dags/crawl_full_tgdd.py
[2025-02-23T19:22:08.419+0000] {processor.py:830} INFO - Processing file /opt/airflow/dags/crawl_full_tgdd.py for tasks to queue
[2025-02-23T19:22:08.421+0000] {logging_mixin.py:188} INFO - [2025-02-23T19:22:08.421+0000] {dagbag.py:545} INFO - Filling up the DagBag from /opt/airflow/dags/crawl_full_tgdd.py
[2025-02-23T19:22:08.444+0000] {processor.py:840} INFO - DAG(s) 'crawl_thegioididong_full' retrieved from /opt/airflow/dags/crawl_full_tgdd.py
[2025-02-23T19:22:08.473+0000] {logging_mixin.py:188} INFO - [2025-02-23T19:22:08.473+0000] {dag.py:3089} INFO - Sync 1 DAGs
[2025-02-23T19:22:08.494+0000] {logging_mixin.py:188} INFO - [2025-02-23T19:22:08.494+0000] {dag.py:3947} INFO - Setting next_dagrun for crawl_thegioididong_full to None, run_after=None
[2025-02-23T19:22:08.518+0000] {processor.py:183} INFO - Processing /opt/airflow/dags/crawl_full_tgdd.py took 0.108 seconds
[2025-02-23T19:22:38.906+0000] {processor.py:161} INFO - Started process (PID=694) to work on /opt/airflow/dags/crawl_full_tgdd.py
[2025-02-23T19:22:38.907+0000] {processor.py:830} INFO - Processing file /opt/airflow/dags/crawl_full_tgdd.py for tasks to queue
[2025-02-23T19:22:38.910+0000] {logging_mixin.py:188} INFO - [2025-02-23T19:22:38.909+0000] {dagbag.py:545} INFO - Filling up the DagBag from /opt/airflow/dags/crawl_full_tgdd.py
[2025-02-23T19:22:38.932+0000] {processor.py:840} INFO - DAG(s) 'crawl_thegioididong_full' retrieved from /opt/airflow/dags/crawl_full_tgdd.py
[2025-02-23T19:22:38.966+0000] {logging_mixin.py:188} INFO - [2025-02-23T19:22:38.965+0000] {dag.py:3089} INFO - Sync 1 DAGs
[2025-02-23T19:22:38.995+0000] {logging_mixin.py:188} INFO - [2025-02-23T19:22:38.994+0000] {dag.py:3947} INFO - Setting next_dagrun for crawl_thegioididong_full to None, run_after=None
[2025-02-23T19:22:39.022+0000] {processor.py:183} INFO - Processing /opt/airflow/dags/crawl_full_tgdd.py took 0.125 seconds
[2025-02-23T19:23:09.338+0000] {processor.py:161} INFO - Started process (PID=702) to work on /opt/airflow/dags/crawl_full_tgdd.py
[2025-02-23T19:23:09.340+0000] {processor.py:830} INFO - Processing file /opt/airflow/dags/crawl_full_tgdd.py for tasks to queue
[2025-02-23T19:23:09.342+0000] {logging_mixin.py:188} INFO - [2025-02-23T19:23:09.342+0000] {dagbag.py:545} INFO - Filling up the DagBag from /opt/airflow/dags/crawl_full_tgdd.py
[2025-02-23T19:23:09.366+0000] {processor.py:840} INFO - DAG(s) 'crawl_thegioididong_full' retrieved from /opt/airflow/dags/crawl_full_tgdd.py
[2025-02-23T19:23:09.403+0000] {logging_mixin.py:188} INFO - [2025-02-23T19:23:09.403+0000] {dag.py:3089} INFO - Sync 1 DAGs
[2025-02-23T19:23:09.431+0000] {logging_mixin.py:188} INFO - [2025-02-23T19:23:09.431+0000] {dag.py:3947} INFO - Setting next_dagrun for crawl_thegioididong_full to None, run_after=None
[2025-02-23T19:23:09.453+0000] {processor.py:183} INFO - Processing /opt/airflow/dags/crawl_full_tgdd.py took 0.126 seconds
[2025-02-23T19:23:39.967+0000] {processor.py:161} INFO - Started process (PID=716) to work on /opt/airflow/dags/crawl_full_tgdd.py
[2025-02-23T19:23:39.968+0000] {processor.py:830} INFO - Processing file /opt/airflow/dags/crawl_full_tgdd.py for tasks to queue
[2025-02-23T19:23:39.970+0000] {logging_mixin.py:188} INFO - [2025-02-23T19:23:39.970+0000] {dagbag.py:545} INFO - Filling up the DagBag from /opt/airflow/dags/crawl_full_tgdd.py
[2025-02-23T19:23:39.996+0000] {processor.py:840} INFO - DAG(s) 'crawl_thegioididong_full' retrieved from /opt/airflow/dags/crawl_full_tgdd.py
[2025-02-23T19:23:40.032+0000] {logging_mixin.py:188} INFO - [2025-02-23T19:23:40.032+0000] {dag.py:3089} INFO - Sync 1 DAGs
[2025-02-23T19:23:40.063+0000] {logging_mixin.py:188} INFO - [2025-02-23T19:23:40.062+0000] {dag.py:3947} INFO - Setting next_dagrun for crawl_thegioididong_full to None, run_after=None
[2025-02-23T19:23:40.090+0000] {processor.py:183} INFO - Processing /opt/airflow/dags/crawl_full_tgdd.py took 0.134 seconds
[2025-02-23T19:24:10.557+0000] {processor.py:161} INFO - Started process (PID=724) to work on /opt/airflow/dags/crawl_full_tgdd.py
[2025-02-23T19:24:10.558+0000] {processor.py:830} INFO - Processing file /opt/airflow/dags/crawl_full_tgdd.py for tasks to queue
[2025-02-23T19:24:10.561+0000] {logging_mixin.py:188} INFO - [2025-02-23T19:24:10.561+0000] {dagbag.py:545} INFO - Filling up the DagBag from /opt/airflow/dags/crawl_full_tgdd.py
[2025-02-23T19:24:10.587+0000] {processor.py:840} INFO - DAG(s) 'crawl_thegioididong_full' retrieved from /opt/airflow/dags/crawl_full_tgdd.py
[2025-02-23T19:24:10.623+0000] {logging_mixin.py:188} INFO - [2025-02-23T19:24:10.623+0000] {dag.py:3089} INFO - Sync 1 DAGs
[2025-02-23T19:24:10.659+0000] {logging_mixin.py:188} INFO - [2025-02-23T19:24:10.659+0000] {dag.py:3947} INFO - Setting next_dagrun for crawl_thegioididong_full to None, run_after=None
[2025-02-23T19:24:10.684+0000] {processor.py:183} INFO - Processing /opt/airflow/dags/crawl_full_tgdd.py took 0.136 seconds
