[2025-02-23T18:43:28.366+0000] {processor.py:161} INFO - Started process (PID=42) to work on /opt/airflow/dags/crawl_daily_tgdd.py
[2025-02-23T18:43:28.367+0000] {processor.py:830} INFO - Processing file /opt/airflow/dags/crawl_daily_tgdd.py for tasks to queue
[2025-02-23T18:43:28.370+0000] {logging_mixin.py:188} INFO - [2025-02-23T18:43:28.370+0000] {dagbag.py:545} INFO - Filling up the DagBag from /opt/airflow/dags/crawl_daily_tgdd.py
[2025-02-23T18:43:28.396+0000] {processor.py:840} INFO - DAG(s) 'crawl_thegioididong_daily' retrieved from /opt/airflow/dags/crawl_daily_tgdd.py
[2025-02-23T18:43:28.432+0000] {logging_mixin.py:188} INFO - [2025-02-23T18:43:28.432+0000] {dag.py:3089} INFO - Sync 1 DAGs
[2025-02-23T18:43:28.515+0000] {logging_mixin.py:188} INFO - [2025-02-23T18:43:28.515+0000] {dag.py:3947} INFO - Setting next_dagrun for crawl_thegioididong_daily to 2025-02-23 00:00:00+00:00, run_after=2025-02-24 00:00:00+00:00
[2025-02-23T18:43:28.549+0000] {processor.py:183} INFO - Processing /opt/airflow/dags/crawl_daily_tgdd.py took 0.192 seconds
[2025-02-23T18:43:59.140+0000] {processor.py:161} INFO - Started process (PID=56) to work on /opt/airflow/dags/crawl_daily_tgdd.py
[2025-02-23T18:43:59.141+0000] {processor.py:830} INFO - Processing file /opt/airflow/dags/crawl_daily_tgdd.py for tasks to queue
[2025-02-23T18:43:59.152+0000] {logging_mixin.py:188} INFO - [2025-02-23T18:43:59.151+0000] {dagbag.py:545} INFO - Filling up the DagBag from /opt/airflow/dags/crawl_daily_tgdd.py
[2025-02-23T18:43:59.186+0000] {processor.py:840} INFO - DAG(s) 'crawl_thegioididong_daily' retrieved from /opt/airflow/dags/crawl_daily_tgdd.py
[2025-02-23T18:43:59.417+0000] {logging_mixin.py:188} INFO - [2025-02-23T18:43:59.416+0000] {dag.py:3089} INFO - Sync 1 DAGs
[2025-02-23T18:43:59.483+0000] {logging_mixin.py:188} INFO - [2025-02-23T18:43:59.483+0000] {dag.py:3947} INFO - Setting next_dagrun for crawl_thegioididong_daily to 2025-02-23 00:00:00+00:00, run_after=2025-02-24 00:00:00+00:00
[2025-02-23T18:43:59.515+0000] {processor.py:183} INFO - Processing /opt/airflow/dags/crawl_daily_tgdd.py took 0.382 seconds
[2025-02-23T18:44:30.141+0000] {processor.py:161} INFO - Started process (PID=64) to work on /opt/airflow/dags/crawl_daily_tgdd.py
[2025-02-23T18:44:30.143+0000] {processor.py:830} INFO - Processing file /opt/airflow/dags/crawl_daily_tgdd.py for tasks to queue
[2025-02-23T18:44:30.145+0000] {logging_mixin.py:188} INFO - [2025-02-23T18:44:30.145+0000] {dagbag.py:545} INFO - Filling up the DagBag from /opt/airflow/dags/crawl_daily_tgdd.py
[2025-02-23T18:44:30.170+0000] {processor.py:840} INFO - DAG(s) 'crawl_thegioididong_daily' retrieved from /opt/airflow/dags/crawl_daily_tgdd.py
[2025-02-23T18:44:30.376+0000] {logging_mixin.py:188} INFO - [2025-02-23T18:44:30.369+0000] {dag.py:3089} INFO - Sync 1 DAGs
[2025-02-23T18:44:30.451+0000] {logging_mixin.py:188} INFO - [2025-02-23T18:44:30.451+0000] {dag.py:3947} INFO - Setting next_dagrun for crawl_thegioididong_daily to 2025-02-23 00:00:00+00:00, run_after=2025-02-24 00:00:00+00:00
[2025-02-23T18:44:30.509+0000] {processor.py:183} INFO - Processing /opt/airflow/dags/crawl_daily_tgdd.py took 0.374 seconds
[2025-02-23T18:45:00.916+0000] {processor.py:161} INFO - Started process (PID=72) to work on /opt/airflow/dags/crawl_daily_tgdd.py
[2025-02-23T18:45:00.918+0000] {processor.py:830} INFO - Processing file /opt/airflow/dags/crawl_daily_tgdd.py for tasks to queue
[2025-02-23T18:45:00.929+0000] {logging_mixin.py:188} INFO - [2025-02-23T18:45:00.928+0000] {dagbag.py:545} INFO - Filling up the DagBag from /opt/airflow/dags/crawl_daily_tgdd.py
[2025-02-23T18:45:00.965+0000] {processor.py:840} INFO - DAG(s) 'crawl_thegioididong_daily' retrieved from /opt/airflow/dags/crawl_daily_tgdd.py
[2025-02-23T18:45:00.998+0000] {logging_mixin.py:188} INFO - [2025-02-23T18:45:00.998+0000] {dag.py:3089} INFO - Sync 1 DAGs
[2025-02-23T18:45:01.049+0000] {logging_mixin.py:188} INFO - [2025-02-23T18:45:01.049+0000] {dag.py:3947} INFO - Setting next_dagrun for crawl_thegioididong_daily to 2025-02-23 00:00:00+00:00, run_after=2025-02-24 00:00:00+00:00
[2025-02-23T18:45:01.081+0000] {processor.py:183} INFO - Processing /opt/airflow/dags/crawl_daily_tgdd.py took 0.173 seconds
[2025-02-23T18:45:31.479+0000] {processor.py:161} INFO - Started process (PID=80) to work on /opt/airflow/dags/crawl_daily_tgdd.py
[2025-02-23T18:45:31.480+0000] {processor.py:830} INFO - Processing file /opt/airflow/dags/crawl_daily_tgdd.py for tasks to queue
[2025-02-23T18:45:31.483+0000] {logging_mixin.py:188} INFO - [2025-02-23T18:45:31.482+0000] {dagbag.py:545} INFO - Filling up the DagBag from /opt/airflow/dags/crawl_daily_tgdd.py
[2025-02-23T18:45:31.506+0000] {processor.py:840} INFO - DAG(s) 'crawl_thegioididong_daily' retrieved from /opt/airflow/dags/crawl_daily_tgdd.py
[2025-02-23T18:45:31.611+0000] {logging_mixin.py:188} INFO - [2025-02-23T18:45:31.611+0000] {dag.py:3089} INFO - Sync 1 DAGs
[2025-02-23T18:45:31.630+0000] {logging_mixin.py:188} INFO - [2025-02-23T18:45:31.630+0000] {dag.py:3947} INFO - Setting next_dagrun for crawl_thegioididong_daily to 2025-02-23 00:00:00+00:00, run_after=2025-02-24 00:00:00+00:00
[2025-02-23T18:45:31.654+0000] {processor.py:183} INFO - Processing /opt/airflow/dags/crawl_daily_tgdd.py took 0.183 seconds
[2025-02-23T18:46:02.390+0000] {processor.py:161} INFO - Started process (PID=88) to work on /opt/airflow/dags/crawl_daily_tgdd.py
[2025-02-23T18:46:02.391+0000] {processor.py:830} INFO - Processing file /opt/airflow/dags/crawl_daily_tgdd.py for tasks to queue
[2025-02-23T18:46:02.394+0000] {logging_mixin.py:188} INFO - [2025-02-23T18:46:02.393+0000] {dagbag.py:545} INFO - Filling up the DagBag from /opt/airflow/dags/crawl_daily_tgdd.py
[2025-02-23T18:46:02.424+0000] {processor.py:840} INFO - DAG(s) 'crawl_thegioididong_daily' retrieved from /opt/airflow/dags/crawl_daily_tgdd.py
[2025-02-23T18:46:02.456+0000] {logging_mixin.py:188} INFO - [2025-02-23T18:46:02.455+0000] {dag.py:3089} INFO - Sync 1 DAGs
[2025-02-23T18:46:02.479+0000] {logging_mixin.py:188} INFO - [2025-02-23T18:46:02.479+0000] {dag.py:3947} INFO - Setting next_dagrun for crawl_thegioididong_daily to 2025-02-23 00:00:00+00:00, run_after=2025-02-24 00:00:00+00:00
[2025-02-23T18:46:02.503+0000] {processor.py:183} INFO - Processing /opt/airflow/dags/crawl_daily_tgdd.py took 0.119 seconds
[2025-02-23T18:46:32.949+0000] {processor.py:161} INFO - Started process (PID=96) to work on /opt/airflow/dags/crawl_daily_tgdd.py
[2025-02-23T18:46:32.951+0000] {processor.py:830} INFO - Processing file /opt/airflow/dags/crawl_daily_tgdd.py for tasks to queue
[2025-02-23T18:46:32.954+0000] {logging_mixin.py:188} INFO - [2025-02-23T18:46:32.953+0000] {dagbag.py:545} INFO - Filling up the DagBag from /opt/airflow/dags/crawl_daily_tgdd.py
[2025-02-23T18:46:32.981+0000] {processor.py:840} INFO - DAG(s) 'crawl_thegioididong_daily' retrieved from /opt/airflow/dags/crawl_daily_tgdd.py
[2025-02-23T18:46:33.012+0000] {logging_mixin.py:188} INFO - [2025-02-23T18:46:33.011+0000] {dag.py:3089} INFO - Sync 1 DAGs
[2025-02-23T18:46:33.037+0000] {logging_mixin.py:188} INFO - [2025-02-23T18:46:33.037+0000] {dag.py:3947} INFO - Setting next_dagrun for crawl_thegioididong_daily to 2025-02-23 00:00:00+00:00, run_after=2025-02-24 00:00:00+00:00
[2025-02-23T18:46:33.064+0000] {processor.py:183} INFO - Processing /opt/airflow/dags/crawl_daily_tgdd.py took 0.121 seconds
[2025-02-23T18:47:03.706+0000] {processor.py:161} INFO - Started process (PID=104) to work on /opt/airflow/dags/crawl_daily_tgdd.py
[2025-02-23T18:47:03.707+0000] {processor.py:830} INFO - Processing file /opt/airflow/dags/crawl_daily_tgdd.py for tasks to queue
[2025-02-23T18:47:03.709+0000] {logging_mixin.py:188} INFO - [2025-02-23T18:47:03.709+0000] {dagbag.py:545} INFO - Filling up the DagBag from /opt/airflow/dags/crawl_daily_tgdd.py
[2025-02-23T18:47:03.730+0000] {processor.py:840} INFO - DAG(s) 'crawl_thegioididong_daily' retrieved from /opt/airflow/dags/crawl_daily_tgdd.py
[2025-02-23T18:47:03.758+0000] {logging_mixin.py:188} INFO - [2025-02-23T18:47:03.758+0000] {dag.py:3089} INFO - Sync 1 DAGs
[2025-02-23T18:47:03.789+0000] {logging_mixin.py:188} INFO - [2025-02-23T18:47:03.789+0000] {dag.py:3947} INFO - Setting next_dagrun for crawl_thegioididong_daily to 2025-02-23 00:00:00+00:00, run_after=2025-02-24 00:00:00+00:00
[2025-02-23T18:47:03.810+0000] {processor.py:183} INFO - Processing /opt/airflow/dags/crawl_daily_tgdd.py took 0.109 seconds
[2025-02-23T18:47:34.381+0000] {processor.py:161} INFO - Started process (PID=112) to work on /opt/airflow/dags/crawl_daily_tgdd.py
[2025-02-23T18:47:34.382+0000] {processor.py:830} INFO - Processing file /opt/airflow/dags/crawl_daily_tgdd.py for tasks to queue
[2025-02-23T18:47:34.387+0000] {logging_mixin.py:188} INFO - [2025-02-23T18:47:34.386+0000] {dagbag.py:545} INFO - Filling up the DagBag from /opt/airflow/dags/crawl_daily_tgdd.py
[2025-02-23T18:47:34.412+0000] {processor.py:840} INFO - DAG(s) 'crawl_thegioididong_daily' retrieved from /opt/airflow/dags/crawl_daily_tgdd.py
[2025-02-23T18:47:34.442+0000] {logging_mixin.py:188} INFO - [2025-02-23T18:47:34.441+0000] {dag.py:3089} INFO - Sync 1 DAGs
[2025-02-23T18:47:34.466+0000] {logging_mixin.py:188} INFO - [2025-02-23T18:47:34.466+0000] {dag.py:3947} INFO - Setting next_dagrun for crawl_thegioididong_daily to 2025-02-23 00:00:00+00:00, run_after=2025-02-24 00:00:00+00:00
[2025-02-23T18:47:34.491+0000] {processor.py:183} INFO - Processing /opt/airflow/dags/crawl_daily_tgdd.py took 0.119 seconds
[2025-02-23T18:48:05.056+0000] {processor.py:161} INFO - Started process (PID=120) to work on /opt/airflow/dags/crawl_daily_tgdd.py
[2025-02-23T18:48:05.057+0000] {processor.py:830} INFO - Processing file /opt/airflow/dags/crawl_daily_tgdd.py for tasks to queue
[2025-02-23T18:48:05.060+0000] {logging_mixin.py:188} INFO - [2025-02-23T18:48:05.059+0000] {dagbag.py:545} INFO - Filling up the DagBag from /opt/airflow/dags/crawl_daily_tgdd.py
[2025-02-23T18:48:05.085+0000] {processor.py:840} INFO - DAG(s) 'crawl_thegioididong_daily' retrieved from /opt/airflow/dags/crawl_daily_tgdd.py
[2025-02-23T18:48:05.113+0000] {logging_mixin.py:188} INFO - [2025-02-23T18:48:05.113+0000] {dag.py:3089} INFO - Sync 1 DAGs
[2025-02-23T18:48:05.135+0000] {logging_mixin.py:188} INFO - [2025-02-23T18:48:05.135+0000] {dag.py:3947} INFO - Setting next_dagrun for crawl_thegioididong_daily to 2025-02-23 00:00:00+00:00, run_after=2025-02-24 00:00:00+00:00
[2025-02-23T18:48:05.156+0000] {processor.py:183} INFO - Processing /opt/airflow/dags/crawl_daily_tgdd.py took 0.106 seconds
[2025-02-23T18:48:35.794+0000] {processor.py:161} INFO - Started process (PID=128) to work on /opt/airflow/dags/crawl_daily_tgdd.py
[2025-02-23T18:48:35.796+0000] {processor.py:830} INFO - Processing file /opt/airflow/dags/crawl_daily_tgdd.py for tasks to queue
[2025-02-23T18:48:35.798+0000] {logging_mixin.py:188} INFO - [2025-02-23T18:48:35.797+0000] {dagbag.py:545} INFO - Filling up the DagBag from /opt/airflow/dags/crawl_daily_tgdd.py
[2025-02-23T18:48:35.826+0000] {processor.py:840} INFO - DAG(s) 'crawl_thegioididong_daily' retrieved from /opt/airflow/dags/crawl_daily_tgdd.py
[2025-02-23T18:48:35.853+0000] {logging_mixin.py:188} INFO - [2025-02-23T18:48:35.853+0000] {dag.py:3089} INFO - Sync 1 DAGs
[2025-02-23T18:48:35.878+0000] {logging_mixin.py:188} INFO - [2025-02-23T18:48:35.877+0000] {dag.py:3947} INFO - Setting next_dagrun for crawl_thegioididong_daily to 2025-02-23 00:00:00+00:00, run_after=2025-02-24 00:00:00+00:00
[2025-02-23T18:48:35.900+0000] {processor.py:183} INFO - Processing /opt/airflow/dags/crawl_daily_tgdd.py took 0.113 seconds
[2025-02-23T18:49:06.456+0000] {processor.py:161} INFO - Started process (PID=136) to work on /opt/airflow/dags/crawl_daily_tgdd.py
[2025-02-23T18:49:06.457+0000] {processor.py:830} INFO - Processing file /opt/airflow/dags/crawl_daily_tgdd.py for tasks to queue
[2025-02-23T18:49:06.460+0000] {logging_mixin.py:188} INFO - [2025-02-23T18:49:06.459+0000] {dagbag.py:545} INFO - Filling up the DagBag from /opt/airflow/dags/crawl_daily_tgdd.py
[2025-02-23T18:49:06.488+0000] {processor.py:840} INFO - DAG(s) 'crawl_thegioididong_daily' retrieved from /opt/airflow/dags/crawl_daily_tgdd.py
[2025-02-23T18:49:06.518+0000] {logging_mixin.py:188} INFO - [2025-02-23T18:49:06.517+0000] {dag.py:3089} INFO - Sync 1 DAGs
[2025-02-23T18:49:06.543+0000] {logging_mixin.py:188} INFO - [2025-02-23T18:49:06.543+0000] {dag.py:3947} INFO - Setting next_dagrun for crawl_thegioididong_daily to 2025-02-23 00:00:00+00:00, run_after=2025-02-24 00:00:00+00:00
[2025-02-23T18:49:06.569+0000] {processor.py:183} INFO - Processing /opt/airflow/dags/crawl_daily_tgdd.py took 0.123 seconds
[2025-02-23T18:49:36.856+0000] {processor.py:161} INFO - Started process (PID=144) to work on /opt/airflow/dags/crawl_daily_tgdd.py
[2025-02-23T18:49:36.857+0000] {processor.py:830} INFO - Processing file /opt/airflow/dags/crawl_daily_tgdd.py for tasks to queue
[2025-02-23T18:49:36.859+0000] {logging_mixin.py:188} INFO - [2025-02-23T18:49:36.859+0000] {dagbag.py:545} INFO - Filling up the DagBag from /opt/airflow/dags/crawl_daily_tgdd.py
[2025-02-23T18:49:36.890+0000] {processor.py:840} INFO - DAG(s) 'crawl_thegioididong_daily' retrieved from /opt/airflow/dags/crawl_daily_tgdd.py
[2025-02-23T18:49:36.920+0000] {logging_mixin.py:188} INFO - [2025-02-23T18:49:36.920+0000] {dag.py:3089} INFO - Sync 1 DAGs
[2025-02-23T18:49:36.945+0000] {logging_mixin.py:188} INFO - [2025-02-23T18:49:36.944+0000] {dag.py:3947} INFO - Setting next_dagrun for crawl_thegioididong_daily to 2025-02-23 00:00:00+00:00, run_after=2025-02-24 00:00:00+00:00
[2025-02-23T18:49:36.966+0000] {processor.py:183} INFO - Processing /opt/airflow/dags/crawl_daily_tgdd.py took 0.119 seconds
[2025-02-23T18:50:07.344+0000] {processor.py:161} INFO - Started process (PID=152) to work on /opt/airflow/dags/crawl_daily_tgdd.py
[2025-02-23T18:50:07.349+0000] {processor.py:830} INFO - Processing file /opt/airflow/dags/crawl_daily_tgdd.py for tasks to queue
[2025-02-23T18:50:07.351+0000] {logging_mixin.py:188} INFO - [2025-02-23T18:50:07.351+0000] {dagbag.py:545} INFO - Filling up the DagBag from /opt/airflow/dags/crawl_daily_tgdd.py
[2025-02-23T18:50:07.374+0000] {processor.py:840} INFO - DAG(s) 'crawl_thegioididong_daily' retrieved from /opt/airflow/dags/crawl_daily_tgdd.py
[2025-02-23T18:50:07.398+0000] {logging_mixin.py:188} INFO - [2025-02-23T18:50:07.398+0000] {dag.py:3089} INFO - Sync 1 DAGs
[2025-02-23T18:50:07.418+0000] {logging_mixin.py:188} INFO - [2025-02-23T18:50:07.418+0000] {dag.py:3947} INFO - Setting next_dagrun for crawl_thegioididong_daily to 2025-02-23 00:00:00+00:00, run_after=2025-02-24 00:00:00+00:00
[2025-02-23T18:50:07.443+0000] {processor.py:183} INFO - Processing /opt/airflow/dags/crawl_daily_tgdd.py took 0.110 seconds
[2025-02-23T18:50:38.011+0000] {processor.py:161} INFO - Started process (PID=166) to work on /opt/airflow/dags/crawl_daily_tgdd.py
[2025-02-23T18:50:38.012+0000] {processor.py:830} INFO - Processing file /opt/airflow/dags/crawl_daily_tgdd.py for tasks to queue
[2025-02-23T18:50:38.014+0000] {logging_mixin.py:188} INFO - [2025-02-23T18:50:38.014+0000] {dagbag.py:545} INFO - Filling up the DagBag from /opt/airflow/dags/crawl_daily_tgdd.py
[2025-02-23T18:50:38.038+0000] {processor.py:840} INFO - DAG(s) 'crawl_thegioididong_daily' retrieved from /opt/airflow/dags/crawl_daily_tgdd.py
[2025-02-23T18:50:38.073+0000] {logging_mixin.py:188} INFO - [2025-02-23T18:50:38.072+0000] {dag.py:3089} INFO - Sync 1 DAGs
[2025-02-23T18:50:38.103+0000] {logging_mixin.py:188} INFO - [2025-02-23T18:50:38.103+0000] {dag.py:3947} INFO - Setting next_dagrun for crawl_thegioididong_daily to 2025-02-23 00:00:00+00:00, run_after=2025-02-24 00:00:00+00:00
[2025-02-23T18:50:38.126+0000] {processor.py:183} INFO - Processing /opt/airflow/dags/crawl_daily_tgdd.py took 0.123 seconds
[2025-02-23T18:51:08.606+0000] {processor.py:161} INFO - Started process (PID=174) to work on /opt/airflow/dags/crawl_daily_tgdd.py
[2025-02-23T18:51:08.607+0000] {processor.py:830} INFO - Processing file /opt/airflow/dags/crawl_daily_tgdd.py for tasks to queue
[2025-02-23T18:51:08.611+0000] {logging_mixin.py:188} INFO - [2025-02-23T18:51:08.610+0000] {dagbag.py:545} INFO - Filling up the DagBag from /opt/airflow/dags/crawl_daily_tgdd.py
[2025-02-23T18:51:08.636+0000] {processor.py:840} INFO - DAG(s) 'crawl_thegioididong_daily' retrieved from /opt/airflow/dags/crawl_daily_tgdd.py
[2025-02-23T18:51:08.684+0000] {logging_mixin.py:188} INFO - [2025-02-23T18:51:08.684+0000] {dag.py:3089} INFO - Sync 1 DAGs
[2025-02-23T18:51:08.716+0000] {logging_mixin.py:188} INFO - [2025-02-23T18:51:08.716+0000] {dag.py:3947} INFO - Setting next_dagrun for crawl_thegioididong_daily to 2025-02-23 00:00:00+00:00, run_after=2025-02-24 00:00:00+00:00
[2025-02-23T18:51:08.742+0000] {processor.py:183} INFO - Processing /opt/airflow/dags/crawl_daily_tgdd.py took 0.147 seconds
[2025-02-23T18:51:39.258+0000] {processor.py:161} INFO - Started process (PID=182) to work on /opt/airflow/dags/crawl_daily_tgdd.py
[2025-02-23T18:51:39.259+0000] {processor.py:830} INFO - Processing file /opt/airflow/dags/crawl_daily_tgdd.py for tasks to queue
[2025-02-23T18:51:39.261+0000] {logging_mixin.py:188} INFO - [2025-02-23T18:51:39.261+0000] {dagbag.py:545} INFO - Filling up the DagBag from /opt/airflow/dags/crawl_daily_tgdd.py
[2025-02-23T18:51:39.293+0000] {processor.py:840} INFO - DAG(s) 'crawl_thegioididong_daily' retrieved from /opt/airflow/dags/crawl_daily_tgdd.py
[2025-02-23T18:51:39.326+0000] {logging_mixin.py:188} INFO - [2025-02-23T18:51:39.326+0000] {dag.py:3089} INFO - Sync 1 DAGs
[2025-02-23T18:51:39.357+0000] {logging_mixin.py:188} INFO - [2025-02-23T18:51:39.357+0000] {dag.py:3947} INFO - Setting next_dagrun for crawl_thegioididong_daily to 2025-02-23 00:00:00+00:00, run_after=2025-02-24 00:00:00+00:00
[2025-02-23T18:51:39.386+0000] {processor.py:183} INFO - Processing /opt/airflow/dags/crawl_daily_tgdd.py took 0.135 seconds
[2025-02-23T18:52:09.854+0000] {processor.py:161} INFO - Started process (PID=190) to work on /opt/airflow/dags/crawl_daily_tgdd.py
[2025-02-23T18:52:09.855+0000] {processor.py:830} INFO - Processing file /opt/airflow/dags/crawl_daily_tgdd.py for tasks to queue
[2025-02-23T18:52:09.857+0000] {logging_mixin.py:188} INFO - [2025-02-23T18:52:09.857+0000] {dagbag.py:545} INFO - Filling up the DagBag from /opt/airflow/dags/crawl_daily_tgdd.py
[2025-02-23T18:52:09.888+0000] {processor.py:840} INFO - DAG(s) 'crawl_thegioididong_daily' retrieved from /opt/airflow/dags/crawl_daily_tgdd.py
[2025-02-23T18:52:09.916+0000] {logging_mixin.py:188} INFO - [2025-02-23T18:52:09.916+0000] {dag.py:3089} INFO - Sync 1 DAGs
[2025-02-23T18:52:09.941+0000] {logging_mixin.py:188} INFO - [2025-02-23T18:52:09.940+0000] {dag.py:3947} INFO - Setting next_dagrun for crawl_thegioididong_daily to 2025-02-23 00:00:00+00:00, run_after=2025-02-24 00:00:00+00:00
[2025-02-23T18:52:09.966+0000] {processor.py:183} INFO - Processing /opt/airflow/dags/crawl_daily_tgdd.py took 0.120 seconds
[2025-02-23T18:52:40.399+0000] {processor.py:161} INFO - Started process (PID=198) to work on /opt/airflow/dags/crawl_daily_tgdd.py
[2025-02-23T18:52:40.401+0000] {processor.py:830} INFO - Processing file /opt/airflow/dags/crawl_daily_tgdd.py for tasks to queue
[2025-02-23T18:52:40.404+0000] {logging_mixin.py:188} INFO - [2025-02-23T18:52:40.403+0000] {dagbag.py:545} INFO - Filling up the DagBag from /opt/airflow/dags/crawl_daily_tgdd.py
[2025-02-23T18:52:40.428+0000] {processor.py:840} INFO - DAG(s) 'crawl_thegioididong_daily' retrieved from /opt/airflow/dags/crawl_daily_tgdd.py
[2025-02-23T18:52:40.456+0000] {logging_mixin.py:188} INFO - [2025-02-23T18:52:40.456+0000] {dag.py:3089} INFO - Sync 1 DAGs
[2025-02-23T18:52:40.488+0000] {logging_mixin.py:188} INFO - [2025-02-23T18:52:40.488+0000] {dag.py:3947} INFO - Setting next_dagrun for crawl_thegioididong_daily to 2025-02-23 00:00:00+00:00, run_after=2025-02-24 00:00:00+00:00
[2025-02-23T18:52:40.512+0000] {processor.py:183} INFO - Processing /opt/airflow/dags/crawl_daily_tgdd.py took 0.121 seconds
[2025-02-23T18:53:11.090+0000] {processor.py:161} INFO - Started process (PID=206) to work on /opt/airflow/dags/crawl_daily_tgdd.py
[2025-02-23T18:53:11.092+0000] {processor.py:830} INFO - Processing file /opt/airflow/dags/crawl_daily_tgdd.py for tasks to queue
[2025-02-23T18:53:11.094+0000] {logging_mixin.py:188} INFO - [2025-02-23T18:53:11.094+0000] {dagbag.py:545} INFO - Filling up the DagBag from /opt/airflow/dags/crawl_daily_tgdd.py
[2025-02-23T18:53:11.123+0000] {processor.py:840} INFO - DAG(s) 'crawl_thegioididong_daily' retrieved from /opt/airflow/dags/crawl_daily_tgdd.py
[2025-02-23T18:53:11.152+0000] {logging_mixin.py:188} INFO - [2025-02-23T18:53:11.152+0000] {dag.py:3089} INFO - Sync 1 DAGs
[2025-02-23T18:53:11.174+0000] {logging_mixin.py:188} INFO - [2025-02-23T18:53:11.174+0000] {dag.py:3947} INFO - Setting next_dagrun for crawl_thegioididong_daily to 2025-02-23 00:00:00+00:00, run_after=2025-02-24 00:00:00+00:00
[2025-02-23T18:53:11.198+0000] {processor.py:183} INFO - Processing /opt/airflow/dags/crawl_daily_tgdd.py took 0.116 seconds
[2025-02-23T18:53:41.733+0000] {processor.py:161} INFO - Started process (PID=214) to work on /opt/airflow/dags/crawl_daily_tgdd.py
[2025-02-23T18:53:41.734+0000] {processor.py:830} INFO - Processing file /opt/airflow/dags/crawl_daily_tgdd.py for tasks to queue
[2025-02-23T18:53:41.736+0000] {logging_mixin.py:188} INFO - [2025-02-23T18:53:41.736+0000] {dagbag.py:545} INFO - Filling up the DagBag from /opt/airflow/dags/crawl_daily_tgdd.py
[2025-02-23T18:53:41.764+0000] {processor.py:840} INFO - DAG(s) 'crawl_thegioididong_daily' retrieved from /opt/airflow/dags/crawl_daily_tgdd.py
[2025-02-23T18:53:41.792+0000] {logging_mixin.py:188} INFO - [2025-02-23T18:53:41.791+0000] {dag.py:3089} INFO - Sync 1 DAGs
[2025-02-23T18:53:41.815+0000] {logging_mixin.py:188} INFO - [2025-02-23T18:53:41.815+0000] {dag.py:3947} INFO - Setting next_dagrun for crawl_thegioididong_daily to 2025-02-23 00:00:00+00:00, run_after=2025-02-24 00:00:00+00:00
[2025-02-23T18:53:41.837+0000] {processor.py:183} INFO - Processing /opt/airflow/dags/crawl_daily_tgdd.py took 0.116 seconds
[2025-02-23T18:54:12.256+0000] {processor.py:161} INFO - Started process (PID=222) to work on /opt/airflow/dags/crawl_daily_tgdd.py
[2025-02-23T18:54:12.257+0000] {processor.py:830} INFO - Processing file /opt/airflow/dags/crawl_daily_tgdd.py for tasks to queue
[2025-02-23T18:54:12.259+0000] {logging_mixin.py:188} INFO - [2025-02-23T18:54:12.259+0000] {dagbag.py:545} INFO - Filling up the DagBag from /opt/airflow/dags/crawl_daily_tgdd.py
[2025-02-23T18:54:12.286+0000] {processor.py:840} INFO - DAG(s) 'crawl_thegioididong_daily' retrieved from /opt/airflow/dags/crawl_daily_tgdd.py
[2025-02-23T18:54:12.323+0000] {logging_mixin.py:188} INFO - [2025-02-23T18:54:12.323+0000] {dag.py:3089} INFO - Sync 1 DAGs
[2025-02-23T18:54:12.347+0000] {logging_mixin.py:188} INFO - [2025-02-23T18:54:12.346+0000] {dag.py:3947} INFO - Setting next_dagrun for crawl_thegioididong_daily to 2025-02-23 00:00:00+00:00, run_after=2025-02-24 00:00:00+00:00
[2025-02-23T18:54:12.370+0000] {processor.py:183} INFO - Processing /opt/airflow/dags/crawl_daily_tgdd.py took 0.125 seconds
[2025-02-23T18:54:42.845+0000] {processor.py:161} INFO - Started process (PID=230) to work on /opt/airflow/dags/crawl_daily_tgdd.py
[2025-02-23T18:54:42.852+0000] {processor.py:830} INFO - Processing file /opt/airflow/dags/crawl_daily_tgdd.py for tasks to queue
[2025-02-23T18:54:42.877+0000] {logging_mixin.py:188} INFO - [2025-02-23T18:54:42.874+0000] {dagbag.py:545} INFO - Filling up the DagBag from /opt/airflow/dags/crawl_daily_tgdd.py
[2025-02-23T18:54:42.985+0000] {processor.py:840} INFO - DAG(s) 'crawl_thegioididong_daily' retrieved from /opt/airflow/dags/crawl_daily_tgdd.py
[2025-02-23T18:54:43.074+0000] {logging_mixin.py:188} INFO - [2025-02-23T18:54:43.074+0000] {dag.py:3089} INFO - Sync 1 DAGs
[2025-02-23T18:54:43.178+0000] {logging_mixin.py:188} INFO - [2025-02-23T18:54:43.178+0000] {dag.py:3947} INFO - Setting next_dagrun for crawl_thegioididong_daily to 2025-02-23 00:00:00+00:00, run_after=2025-02-24 00:00:00+00:00
[2025-02-23T18:54:43.230+0000] {processor.py:183} INFO - Processing /opt/airflow/dags/crawl_daily_tgdd.py took 0.420 seconds
[2025-02-23T18:55:13.612+0000] {processor.py:161} INFO - Started process (PID=238) to work on /opt/airflow/dags/crawl_daily_tgdd.py
[2025-02-23T18:55:13.613+0000] {processor.py:830} INFO - Processing file /opt/airflow/dags/crawl_daily_tgdd.py for tasks to queue
[2025-02-23T18:55:13.615+0000] {logging_mixin.py:188} INFO - [2025-02-23T18:55:13.615+0000] {dagbag.py:545} INFO - Filling up the DagBag from /opt/airflow/dags/crawl_daily_tgdd.py
[2025-02-23T18:55:13.642+0000] {processor.py:840} INFO - DAG(s) 'crawl_thegioididong_daily' retrieved from /opt/airflow/dags/crawl_daily_tgdd.py
[2025-02-23T18:55:13.669+0000] {logging_mixin.py:188} INFO - [2025-02-23T18:55:13.668+0000] {dag.py:3089} INFO - Sync 1 DAGs
[2025-02-23T18:55:13.704+0000] {logging_mixin.py:188} INFO - [2025-02-23T18:55:13.704+0000] {dag.py:3947} INFO - Setting next_dagrun for crawl_thegioididong_daily to 2025-02-23 00:00:00+00:00, run_after=2025-02-24 00:00:00+00:00
[2025-02-23T18:55:13.727+0000] {processor.py:183} INFO - Processing /opt/airflow/dags/crawl_daily_tgdd.py took 0.123 seconds
[2025-02-23T18:55:44.275+0000] {processor.py:161} INFO - Started process (PID=246) to work on /opt/airflow/dags/crawl_daily_tgdd.py
[2025-02-23T18:55:44.277+0000] {processor.py:830} INFO - Processing file /opt/airflow/dags/crawl_daily_tgdd.py for tasks to queue
[2025-02-23T18:55:44.280+0000] {logging_mixin.py:188} INFO - [2025-02-23T18:55:44.279+0000] {dagbag.py:545} INFO - Filling up the DagBag from /opt/airflow/dags/crawl_daily_tgdd.py
[2025-02-23T18:55:44.307+0000] {processor.py:840} INFO - DAG(s) 'crawl_thegioididong_daily' retrieved from /opt/airflow/dags/crawl_daily_tgdd.py
[2025-02-23T18:55:44.338+0000] {logging_mixin.py:188} INFO - [2025-02-23T18:55:44.337+0000] {dag.py:3089} INFO - Sync 1 DAGs
[2025-02-23T18:55:44.362+0000] {logging_mixin.py:188} INFO - [2025-02-23T18:55:44.362+0000] {dag.py:3947} INFO - Setting next_dagrun for crawl_thegioididong_daily to 2025-02-23 00:00:00+00:00, run_after=2025-02-24 00:00:00+00:00
[2025-02-23T18:55:44.387+0000] {processor.py:183} INFO - Processing /opt/airflow/dags/crawl_daily_tgdd.py took 0.120 seconds
[2025-02-23T18:56:14.858+0000] {processor.py:161} INFO - Started process (PID=254) to work on /opt/airflow/dags/crawl_daily_tgdd.py
[2025-02-23T18:56:14.859+0000] {processor.py:830} INFO - Processing file /opt/airflow/dags/crawl_daily_tgdd.py for tasks to queue
[2025-02-23T18:56:14.862+0000] {logging_mixin.py:188} INFO - [2025-02-23T18:56:14.861+0000] {dagbag.py:545} INFO - Filling up the DagBag from /opt/airflow/dags/crawl_daily_tgdd.py
[2025-02-23T18:56:14.885+0000] {processor.py:840} INFO - DAG(s) 'crawl_thegioididong_daily' retrieved from /opt/airflow/dags/crawl_daily_tgdd.py
[2025-02-23T18:56:14.913+0000] {logging_mixin.py:188} INFO - [2025-02-23T18:56:14.913+0000] {dag.py:3089} INFO - Sync 1 DAGs
[2025-02-23T18:56:14.934+0000] {logging_mixin.py:188} INFO - [2025-02-23T18:56:14.934+0000] {dag.py:3947} INFO - Setting next_dagrun for crawl_thegioididong_daily to 2025-02-23 00:00:00+00:00, run_after=2025-02-24 00:00:00+00:00
[2025-02-23T18:56:14.958+0000] {processor.py:183} INFO - Processing /opt/airflow/dags/crawl_daily_tgdd.py took 0.108 seconds
[2025-02-23T18:56:45.425+0000] {processor.py:161} INFO - Started process (PID=268) to work on /opt/airflow/dags/crawl_daily_tgdd.py
[2025-02-23T18:56:45.427+0000] {processor.py:830} INFO - Processing file /opt/airflow/dags/crawl_daily_tgdd.py for tasks to queue
[2025-02-23T18:56:45.429+0000] {logging_mixin.py:188} INFO - [2025-02-23T18:56:45.429+0000] {dagbag.py:545} INFO - Filling up the DagBag from /opt/airflow/dags/crawl_daily_tgdd.py
[2025-02-23T18:56:45.460+0000] {processor.py:840} INFO - DAG(s) 'crawl_thegioididong_daily' retrieved from /opt/airflow/dags/crawl_daily_tgdd.py
[2025-02-23T18:56:45.491+0000] {logging_mixin.py:188} INFO - [2025-02-23T18:56:45.490+0000] {dag.py:3089} INFO - Sync 1 DAGs
[2025-02-23T18:56:45.514+0000] {logging_mixin.py:188} INFO - [2025-02-23T18:56:45.513+0000] {dag.py:3947} INFO - Setting next_dagrun for crawl_thegioididong_daily to 2025-02-23 00:00:00+00:00, run_after=2025-02-24 00:00:00+00:00
[2025-02-23T18:56:45.536+0000] {processor.py:183} INFO - Processing /opt/airflow/dags/crawl_daily_tgdd.py took 0.118 seconds
[2025-02-23T18:57:16.001+0000] {processor.py:161} INFO - Started process (PID=276) to work on /opt/airflow/dags/crawl_daily_tgdd.py
[2025-02-23T18:57:16.006+0000] {processor.py:830} INFO - Processing file /opt/airflow/dags/crawl_daily_tgdd.py for tasks to queue
[2025-02-23T18:57:16.009+0000] {logging_mixin.py:188} INFO - [2025-02-23T18:57:16.008+0000] {dagbag.py:545} INFO - Filling up the DagBag from /opt/airflow/dags/crawl_daily_tgdd.py
[2025-02-23T18:57:16.046+0000] {processor.py:840} INFO - DAG(s) 'crawl_thegioididong_daily' retrieved from /opt/airflow/dags/crawl_daily_tgdd.py
[2025-02-23T18:57:16.090+0000] {logging_mixin.py:188} INFO - [2025-02-23T18:57:16.090+0000] {dag.py:3089} INFO - Sync 1 DAGs
[2025-02-23T18:57:16.126+0000] {logging_mixin.py:188} INFO - [2025-02-23T18:57:16.126+0000] {dag.py:3947} INFO - Setting next_dagrun for crawl_thegioididong_daily to 2025-02-23 00:00:00+00:00, run_after=2025-02-24 00:00:00+00:00
[2025-02-23T18:57:16.157+0000] {processor.py:183} INFO - Processing /opt/airflow/dags/crawl_daily_tgdd.py took 0.170 seconds
[2025-02-23T18:57:46.865+0000] {processor.py:161} INFO - Started process (PID=284) to work on /opt/airflow/dags/crawl_daily_tgdd.py
[2025-02-23T18:57:46.866+0000] {processor.py:830} INFO - Processing file /opt/airflow/dags/crawl_daily_tgdd.py for tasks to queue
[2025-02-23T18:57:46.869+0000] {logging_mixin.py:188} INFO - [2025-02-23T18:57:46.868+0000] {dagbag.py:545} INFO - Filling up the DagBag from /opt/airflow/dags/crawl_daily_tgdd.py
[2025-02-23T18:57:46.898+0000] {processor.py:840} INFO - DAG(s) 'crawl_thegioididong_daily' retrieved from /opt/airflow/dags/crawl_daily_tgdd.py
[2025-02-23T18:57:46.932+0000] {logging_mixin.py:188} INFO - [2025-02-23T18:57:46.931+0000] {dag.py:3089} INFO - Sync 1 DAGs
[2025-02-23T18:57:46.960+0000] {logging_mixin.py:188} INFO - [2025-02-23T18:57:46.959+0000] {dag.py:3947} INFO - Setting next_dagrun for crawl_thegioididong_daily to 2025-02-23 00:00:00+00:00, run_after=2025-02-24 00:00:00+00:00
[2025-02-23T18:57:46.988+0000] {processor.py:183} INFO - Processing /opt/airflow/dags/crawl_daily_tgdd.py took 0.135 seconds
[2025-02-23T18:58:17.456+0000] {processor.py:161} INFO - Started process (PID=292) to work on /opt/airflow/dags/crawl_daily_tgdd.py
[2025-02-23T18:58:17.457+0000] {processor.py:830} INFO - Processing file /opt/airflow/dags/crawl_daily_tgdd.py for tasks to queue
[2025-02-23T18:58:17.461+0000] {logging_mixin.py:188} INFO - [2025-02-23T18:58:17.460+0000] {dagbag.py:545} INFO - Filling up the DagBag from /opt/airflow/dags/crawl_daily_tgdd.py
[2025-02-23T18:58:17.488+0000] {processor.py:840} INFO - DAG(s) 'crawl_thegioididong_daily' retrieved from /opt/airflow/dags/crawl_daily_tgdd.py
[2025-02-23T18:58:17.528+0000] {logging_mixin.py:188} INFO - [2025-02-23T18:58:17.527+0000] {dag.py:3089} INFO - Sync 1 DAGs
[2025-02-23T18:58:17.563+0000] {logging_mixin.py:188} INFO - [2025-02-23T18:58:17.562+0000] {dag.py:3947} INFO - Setting next_dagrun for crawl_thegioididong_daily to 2025-02-23 00:00:00+00:00, run_after=2025-02-24 00:00:00+00:00
[2025-02-23T18:58:17.594+0000] {processor.py:183} INFO - Processing /opt/airflow/dags/crawl_daily_tgdd.py took 0.146 seconds
[2025-02-23T18:58:48.192+0000] {processor.py:161} INFO - Started process (PID=300) to work on /opt/airflow/dags/crawl_daily_tgdd.py
[2025-02-23T18:58:48.193+0000] {processor.py:830} INFO - Processing file /opt/airflow/dags/crawl_daily_tgdd.py for tasks to queue
[2025-02-23T18:58:48.195+0000] {logging_mixin.py:188} INFO - [2025-02-23T18:58:48.194+0000] {dagbag.py:545} INFO - Filling up the DagBag from /opt/airflow/dags/crawl_daily_tgdd.py
[2025-02-23T18:58:48.220+0000] {processor.py:840} INFO - DAG(s) 'crawl_thegioididong_daily' retrieved from /opt/airflow/dags/crawl_daily_tgdd.py
[2025-02-23T18:58:48.253+0000] {logging_mixin.py:188} INFO - [2025-02-23T18:58:48.253+0000] {dag.py:3089} INFO - Sync 1 DAGs
[2025-02-23T18:58:48.280+0000] {logging_mixin.py:188} INFO - [2025-02-23T18:58:48.279+0000] {dag.py:3947} INFO - Setting next_dagrun for crawl_thegioididong_daily to 2025-02-23 00:00:00+00:00, run_after=2025-02-24 00:00:00+00:00
[2025-02-23T18:58:48.302+0000] {processor.py:183} INFO - Processing /opt/airflow/dags/crawl_daily_tgdd.py took 0.118 seconds
[2025-02-23T18:59:18.723+0000] {processor.py:161} INFO - Started process (PID=308) to work on /opt/airflow/dags/crawl_daily_tgdd.py
[2025-02-23T18:59:18.724+0000] {processor.py:830} INFO - Processing file /opt/airflow/dags/crawl_daily_tgdd.py for tasks to queue
[2025-02-23T18:59:18.727+0000] {logging_mixin.py:188} INFO - [2025-02-23T18:59:18.726+0000] {dagbag.py:545} INFO - Filling up the DagBag from /opt/airflow/dags/crawl_daily_tgdd.py
[2025-02-23T18:59:18.761+0000] {processor.py:840} INFO - DAG(s) 'crawl_thegioididong_daily' retrieved from /opt/airflow/dags/crawl_daily_tgdd.py
[2025-02-23T18:59:18.788+0000] {logging_mixin.py:188} INFO - [2025-02-23T18:59:18.788+0000] {dag.py:3089} INFO - Sync 1 DAGs
[2025-02-23T18:59:18.810+0000] {logging_mixin.py:188} INFO - [2025-02-23T18:59:18.810+0000] {dag.py:3947} INFO - Setting next_dagrun for crawl_thegioididong_daily to 2025-02-23 00:00:00+00:00, run_after=2025-02-24 00:00:00+00:00
[2025-02-23T18:59:18.834+0000] {processor.py:183} INFO - Processing /opt/airflow/dags/crawl_daily_tgdd.py took 0.121 seconds
[2025-02-23T18:59:49.286+0000] {processor.py:161} INFO - Started process (PID=316) to work on /opt/airflow/dags/crawl_daily_tgdd.py
[2025-02-23T18:59:49.287+0000] {processor.py:830} INFO - Processing file /opt/airflow/dags/crawl_daily_tgdd.py for tasks to queue
[2025-02-23T18:59:49.289+0000] {logging_mixin.py:188} INFO - [2025-02-23T18:59:49.289+0000] {dagbag.py:545} INFO - Filling up the DagBag from /opt/airflow/dags/crawl_daily_tgdd.py
[2025-02-23T18:59:49.312+0000] {processor.py:840} INFO - DAG(s) 'crawl_thegioididong_daily' retrieved from /opt/airflow/dags/crawl_daily_tgdd.py
[2025-02-23T18:59:49.340+0000] {logging_mixin.py:188} INFO - [2025-02-23T18:59:49.339+0000] {dag.py:3089} INFO - Sync 1 DAGs
[2025-02-23T18:59:49.360+0000] {logging_mixin.py:188} INFO - [2025-02-23T18:59:49.360+0000] {dag.py:3947} INFO - Setting next_dagrun for crawl_thegioididong_daily to 2025-02-23 00:00:00+00:00, run_after=2025-02-24 00:00:00+00:00
[2025-02-23T18:59:49.383+0000] {processor.py:183} INFO - Processing /opt/airflow/dags/crawl_daily_tgdd.py took 0.104 seconds
[2025-02-23T19:00:19.801+0000] {processor.py:161} INFO - Started process (PID=324) to work on /opt/airflow/dags/crawl_daily_tgdd.py
[2025-02-23T19:00:19.803+0000] {processor.py:830} INFO - Processing file /opt/airflow/dags/crawl_daily_tgdd.py for tasks to queue
[2025-02-23T19:00:19.805+0000] {logging_mixin.py:188} INFO - [2025-02-23T19:00:19.804+0000] {dagbag.py:545} INFO - Filling up the DagBag from /opt/airflow/dags/crawl_daily_tgdd.py
[2025-02-23T19:00:19.831+0000] {processor.py:840} INFO - DAG(s) 'crawl_thegioididong_daily' retrieved from /opt/airflow/dags/crawl_daily_tgdd.py
[2025-02-23T19:00:19.866+0000] {logging_mixin.py:188} INFO - [2025-02-23T19:00:19.866+0000] {dag.py:3089} INFO - Sync 1 DAGs
[2025-02-23T19:00:19.891+0000] {logging_mixin.py:188} INFO - [2025-02-23T19:00:19.891+0000] {dag.py:3947} INFO - Setting next_dagrun for crawl_thegioididong_daily to 2025-02-23 00:00:00+00:00, run_after=2025-02-24 00:00:00+00:00
[2025-02-23T19:00:19.916+0000] {processor.py:183} INFO - Processing /opt/airflow/dags/crawl_daily_tgdd.py took 0.123 seconds
[2025-02-23T19:00:50.332+0000] {processor.py:161} INFO - Started process (PID=332) to work on /opt/airflow/dags/crawl_daily_tgdd.py
[2025-02-23T19:00:50.333+0000] {processor.py:830} INFO - Processing file /opt/airflow/dags/crawl_daily_tgdd.py for tasks to queue
[2025-02-23T19:00:50.335+0000] {logging_mixin.py:188} INFO - [2025-02-23T19:00:50.335+0000] {dagbag.py:545} INFO - Filling up the DagBag from /opt/airflow/dags/crawl_daily_tgdd.py
[2025-02-23T19:00:50.360+0000] {processor.py:840} INFO - DAG(s) 'crawl_thegioididong_daily' retrieved from /opt/airflow/dags/crawl_daily_tgdd.py
[2025-02-23T19:00:50.392+0000] {logging_mixin.py:188} INFO - [2025-02-23T19:00:50.392+0000] {dag.py:3089} INFO - Sync 1 DAGs
[2025-02-23T19:00:50.424+0000] {logging_mixin.py:188} INFO - [2025-02-23T19:00:50.424+0000] {dag.py:3947} INFO - Setting next_dagrun for crawl_thegioididong_daily to 2025-02-23 00:00:00+00:00, run_after=2025-02-24 00:00:00+00:00
[2025-02-23T19:00:50.459+0000] {processor.py:183} INFO - Processing /opt/airflow/dags/crawl_daily_tgdd.py took 0.138 seconds
[2025-02-23T19:01:20.964+0000] {processor.py:161} INFO - Started process (PID=340) to work on /opt/airflow/dags/crawl_daily_tgdd.py
[2025-02-23T19:01:20.965+0000] {processor.py:830} INFO - Processing file /opt/airflow/dags/crawl_daily_tgdd.py for tasks to queue
[2025-02-23T19:01:20.969+0000] {logging_mixin.py:188} INFO - [2025-02-23T19:01:20.969+0000] {dagbag.py:545} INFO - Filling up the DagBag from /opt/airflow/dags/crawl_daily_tgdd.py
[2025-02-23T19:01:21.001+0000] {processor.py:840} INFO - DAG(s) 'crawl_thegioididong_daily' retrieved from /opt/airflow/dags/crawl_daily_tgdd.py
[2025-02-23T19:01:21.045+0000] {logging_mixin.py:188} INFO - [2025-02-23T19:01:21.045+0000] {dag.py:3089} INFO - Sync 1 DAGs
[2025-02-23T19:01:21.082+0000] {logging_mixin.py:188} INFO - [2025-02-23T19:01:21.082+0000] {dag.py:3947} INFO - Setting next_dagrun for crawl_thegioididong_daily to 2025-02-23 00:00:00+00:00, run_after=2025-02-24 00:00:00+00:00
[2025-02-23T19:01:21.115+0000] {processor.py:183} INFO - Processing /opt/airflow/dags/crawl_daily_tgdd.py took 0.164 seconds
[2025-02-23T19:01:51.459+0000] {processor.py:161} INFO - Started process (PID=348) to work on /opt/airflow/dags/crawl_daily_tgdd.py
[2025-02-23T19:01:51.460+0000] {processor.py:830} INFO - Processing file /opt/airflow/dags/crawl_daily_tgdd.py for tasks to queue
[2025-02-23T19:01:51.462+0000] {logging_mixin.py:188} INFO - [2025-02-23T19:01:51.462+0000] {dagbag.py:545} INFO - Filling up the DagBag from /opt/airflow/dags/crawl_daily_tgdd.py
[2025-02-23T19:01:51.490+0000] {processor.py:840} INFO - DAG(s) 'crawl_thegioididong_daily' retrieved from /opt/airflow/dags/crawl_daily_tgdd.py
[2025-02-23T19:01:51.520+0000] {logging_mixin.py:188} INFO - [2025-02-23T19:01:51.520+0000] {dag.py:3089} INFO - Sync 1 DAGs
[2025-02-23T19:01:51.549+0000] {logging_mixin.py:188} INFO - [2025-02-23T19:01:51.549+0000] {dag.py:3947} INFO - Setting next_dagrun for crawl_thegioididong_daily to 2025-02-23 00:00:00+00:00, run_after=2025-02-24 00:00:00+00:00
[2025-02-23T19:01:51.574+0000] {processor.py:183} INFO - Processing /opt/airflow/dags/crawl_daily_tgdd.py took 0.125 seconds
[2025-02-23T19:02:22.086+0000] {processor.py:161} INFO - Started process (PID=356) to work on /opt/airflow/dags/crawl_daily_tgdd.py
[2025-02-23T19:02:22.087+0000] {processor.py:830} INFO - Processing file /opt/airflow/dags/crawl_daily_tgdd.py for tasks to queue
[2025-02-23T19:02:22.090+0000] {logging_mixin.py:188} INFO - [2025-02-23T19:02:22.090+0000] {dagbag.py:545} INFO - Filling up the DagBag from /opt/airflow/dags/crawl_daily_tgdd.py
[2025-02-23T19:02:22.114+0000] {processor.py:840} INFO - DAG(s) 'crawl_thegioididong_daily' retrieved from /opt/airflow/dags/crawl_daily_tgdd.py
[2025-02-23T19:02:22.143+0000] {logging_mixin.py:188} INFO - [2025-02-23T19:02:22.143+0000] {dag.py:3089} INFO - Sync 1 DAGs
[2025-02-23T19:02:22.167+0000] {logging_mixin.py:188} INFO - [2025-02-23T19:02:22.166+0000] {dag.py:3947} INFO - Setting next_dagrun for crawl_thegioididong_daily to 2025-02-23 00:00:00+00:00, run_after=2025-02-24 00:00:00+00:00
[2025-02-23T19:02:22.190+0000] {processor.py:183} INFO - Processing /opt/airflow/dags/crawl_daily_tgdd.py took 0.113 seconds
[2025-02-23T19:02:52.579+0000] {processor.py:161} INFO - Started process (PID=370) to work on /opt/airflow/dags/crawl_daily_tgdd.py
[2025-02-23T19:02:52.580+0000] {processor.py:830} INFO - Processing file /opt/airflow/dags/crawl_daily_tgdd.py for tasks to queue
[2025-02-23T19:02:52.583+0000] {logging_mixin.py:188} INFO - [2025-02-23T19:02:52.583+0000] {dagbag.py:545} INFO - Filling up the DagBag from /opt/airflow/dags/crawl_daily_tgdd.py
[2025-02-23T19:02:52.613+0000] {processor.py:840} INFO - DAG(s) 'crawl_thegioididong_daily' retrieved from /opt/airflow/dags/crawl_daily_tgdd.py
[2025-02-23T19:02:52.647+0000] {logging_mixin.py:188} INFO - [2025-02-23T19:02:52.647+0000] {dag.py:3089} INFO - Sync 1 DAGs
[2025-02-23T19:02:52.675+0000] {logging_mixin.py:188} INFO - [2025-02-23T19:02:52.675+0000] {dag.py:3947} INFO - Setting next_dagrun for crawl_thegioididong_daily to 2025-02-23 00:00:00+00:00, run_after=2025-02-24 00:00:00+00:00
[2025-02-23T19:02:52.700+0000] {processor.py:183} INFO - Processing /opt/airflow/dags/crawl_daily_tgdd.py took 0.130 seconds
[2025-02-23T19:03:23.131+0000] {processor.py:161} INFO - Started process (PID=378) to work on /opt/airflow/dags/crawl_daily_tgdd.py
[2025-02-23T19:03:23.132+0000] {processor.py:830} INFO - Processing file /opt/airflow/dags/crawl_daily_tgdd.py for tasks to queue
[2025-02-23T19:03:23.135+0000] {logging_mixin.py:188} INFO - [2025-02-23T19:03:23.134+0000] {dagbag.py:545} INFO - Filling up the DagBag from /opt/airflow/dags/crawl_daily_tgdd.py
[2025-02-23T19:03:23.161+0000] {processor.py:840} INFO - DAG(s) 'crawl_thegioididong_daily' retrieved from /opt/airflow/dags/crawl_daily_tgdd.py
[2025-02-23T19:03:23.193+0000] {logging_mixin.py:188} INFO - [2025-02-23T19:03:23.193+0000] {dag.py:3089} INFO - Sync 1 DAGs
[2025-02-23T19:03:23.221+0000] {logging_mixin.py:188} INFO - [2025-02-23T19:03:23.220+0000] {dag.py:3947} INFO - Setting next_dagrun for crawl_thegioididong_daily to 2025-02-23 00:00:00+00:00, run_after=2025-02-24 00:00:00+00:00
[2025-02-23T19:03:23.252+0000] {processor.py:183} INFO - Processing /opt/airflow/dags/crawl_daily_tgdd.py took 0.129 seconds
[2025-02-23T19:03:53.681+0000] {processor.py:161} INFO - Started process (PID=386) to work on /opt/airflow/dags/crawl_daily_tgdd.py
[2025-02-23T19:03:53.683+0000] {processor.py:830} INFO - Processing file /opt/airflow/dags/crawl_daily_tgdd.py for tasks to queue
[2025-02-23T19:03:53.685+0000] {logging_mixin.py:188} INFO - [2025-02-23T19:03:53.685+0000] {dagbag.py:545} INFO - Filling up the DagBag from /opt/airflow/dags/crawl_daily_tgdd.py
[2025-02-23T19:03:53.710+0000] {processor.py:840} INFO - DAG(s) 'crawl_thegioididong_daily' retrieved from /opt/airflow/dags/crawl_daily_tgdd.py
[2025-02-23T19:03:53.739+0000] {logging_mixin.py:188} INFO - [2025-02-23T19:03:53.739+0000] {dag.py:3089} INFO - Sync 1 DAGs
[2025-02-23T19:03:53.763+0000] {logging_mixin.py:188} INFO - [2025-02-23T19:03:53.762+0000] {dag.py:3947} INFO - Setting next_dagrun for crawl_thegioididong_daily to 2025-02-23 00:00:00+00:00, run_after=2025-02-24 00:00:00+00:00
[2025-02-23T19:03:53.784+0000] {processor.py:183} INFO - Processing /opt/airflow/dags/crawl_daily_tgdd.py took 0.110 seconds
[2025-02-23T19:04:24.221+0000] {processor.py:161} INFO - Started process (PID=394) to work on /opt/airflow/dags/crawl_daily_tgdd.py
[2025-02-23T19:04:24.223+0000] {processor.py:830} INFO - Processing file /opt/airflow/dags/crawl_daily_tgdd.py for tasks to queue
[2025-02-23T19:04:24.225+0000] {logging_mixin.py:188} INFO - [2025-02-23T19:04:24.224+0000] {dagbag.py:545} INFO - Filling up the DagBag from /opt/airflow/dags/crawl_daily_tgdd.py
[2025-02-23T19:04:24.248+0000] {processor.py:840} INFO - DAG(s) 'crawl_thegioididong_daily' retrieved from /opt/airflow/dags/crawl_daily_tgdd.py
[2025-02-23T19:04:24.276+0000] {logging_mixin.py:188} INFO - [2025-02-23T19:04:24.276+0000] {dag.py:3089} INFO - Sync 1 DAGs
[2025-02-23T19:04:24.300+0000] {logging_mixin.py:188} INFO - [2025-02-23T19:04:24.299+0000] {dag.py:3947} INFO - Setting next_dagrun for crawl_thegioididong_daily to 2025-02-23 00:00:00+00:00, run_after=2025-02-24 00:00:00+00:00
[2025-02-23T19:04:24.322+0000] {processor.py:183} INFO - Processing /opt/airflow/dags/crawl_daily_tgdd.py took 0.109 seconds
[2025-02-23T19:04:54.534+0000] {processor.py:161} INFO - Started process (PID=402) to work on /opt/airflow/dags/crawl_daily_tgdd.py
[2025-02-23T19:04:54.541+0000] {processor.py:830} INFO - Processing file /opt/airflow/dags/crawl_daily_tgdd.py for tasks to queue
[2025-02-23T19:04:54.545+0000] {logging_mixin.py:188} INFO - [2025-02-23T19:04:54.544+0000] {dagbag.py:545} INFO - Filling up the DagBag from /opt/airflow/dags/crawl_daily_tgdd.py
[2025-02-23T19:04:54.575+0000] {processor.py:840} INFO - DAG(s) 'crawl_thegioididong_daily' retrieved from /opt/airflow/dags/crawl_daily_tgdd.py
[2025-02-23T19:04:54.612+0000] {logging_mixin.py:188} INFO - [2025-02-23T19:04:54.611+0000] {dag.py:3089} INFO - Sync 1 DAGs
[2025-02-23T19:04:54.645+0000] {logging_mixin.py:188} INFO - [2025-02-23T19:04:54.645+0000] {dag.py:3947} INFO - Setting next_dagrun for crawl_thegioididong_daily to 2025-02-23 00:00:00+00:00, run_after=2025-02-24 00:00:00+00:00
[2025-02-23T19:04:54.676+0000] {processor.py:183} INFO - Processing /opt/airflow/dags/crawl_daily_tgdd.py took 0.151 seconds
[2025-02-23T19:05:25.085+0000] {processor.py:161} INFO - Started process (PID=410) to work on /opt/airflow/dags/crawl_daily_tgdd.py
[2025-02-23T19:05:25.086+0000] {processor.py:830} INFO - Processing file /opt/airflow/dags/crawl_daily_tgdd.py for tasks to queue
[2025-02-23T19:05:25.089+0000] {logging_mixin.py:188} INFO - [2025-02-23T19:05:25.088+0000] {dagbag.py:545} INFO - Filling up the DagBag from /opt/airflow/dags/crawl_daily_tgdd.py
[2025-02-23T19:05:25.117+0000] {processor.py:840} INFO - DAG(s) 'crawl_thegioididong_daily' retrieved from /opt/airflow/dags/crawl_daily_tgdd.py
[2025-02-23T19:05:25.149+0000] {logging_mixin.py:188} INFO - [2025-02-23T19:05:25.149+0000] {dag.py:3089} INFO - Sync 1 DAGs
[2025-02-23T19:05:25.178+0000] {logging_mixin.py:188} INFO - [2025-02-23T19:05:25.178+0000] {dag.py:3947} INFO - Setting next_dagrun for crawl_thegioididong_daily to 2025-02-23 00:00:00+00:00, run_after=2025-02-24 00:00:00+00:00
[2025-02-23T19:05:25.203+0000] {processor.py:183} INFO - Processing /opt/airflow/dags/crawl_daily_tgdd.py took 0.127 seconds
[2025-02-23T19:05:55.867+0000] {processor.py:161} INFO - Started process (PID=418) to work on /opt/airflow/dags/crawl_daily_tgdd.py
[2025-02-23T19:05:55.868+0000] {processor.py:830} INFO - Processing file /opt/airflow/dags/crawl_daily_tgdd.py for tasks to queue
[2025-02-23T19:05:55.871+0000] {logging_mixin.py:188} INFO - [2025-02-23T19:05:55.870+0000] {dagbag.py:545} INFO - Filling up the DagBag from /opt/airflow/dags/crawl_daily_tgdd.py
[2025-02-23T19:05:55.897+0000] {processor.py:840} INFO - DAG(s) 'crawl_thegioididong_daily' retrieved from /opt/airflow/dags/crawl_daily_tgdd.py
[2025-02-23T19:05:55.928+0000] {logging_mixin.py:188} INFO - [2025-02-23T19:05:55.927+0000] {dag.py:3089} INFO - Sync 1 DAGs
[2025-02-23T19:05:55.953+0000] {logging_mixin.py:188} INFO - [2025-02-23T19:05:55.952+0000] {dag.py:3947} INFO - Setting next_dagrun for crawl_thegioididong_daily to 2025-02-23 00:00:00+00:00, run_after=2025-02-24 00:00:00+00:00
[2025-02-23T19:05:55.975+0000] {processor.py:183} INFO - Processing /opt/airflow/dags/crawl_daily_tgdd.py took 0.117 seconds
[2025-02-23T19:06:26.423+0000] {processor.py:161} INFO - Started process (PID=426) to work on /opt/airflow/dags/crawl_daily_tgdd.py
[2025-02-23T19:06:26.424+0000] {processor.py:830} INFO - Processing file /opt/airflow/dags/crawl_daily_tgdd.py for tasks to queue
[2025-02-23T19:06:26.426+0000] {logging_mixin.py:188} INFO - [2025-02-23T19:06:26.426+0000] {dagbag.py:545} INFO - Filling up the DagBag from /opt/airflow/dags/crawl_daily_tgdd.py
[2025-02-23T19:06:26.452+0000] {processor.py:840} INFO - DAG(s) 'crawl_thegioididong_daily' retrieved from /opt/airflow/dags/crawl_daily_tgdd.py
[2025-02-23T19:06:26.481+0000] {logging_mixin.py:188} INFO - [2025-02-23T19:06:26.481+0000] {dag.py:3089} INFO - Sync 1 DAGs
[2025-02-23T19:06:26.506+0000] {logging_mixin.py:188} INFO - [2025-02-23T19:06:26.506+0000] {dag.py:3947} INFO - Setting next_dagrun for crawl_thegioididong_daily to 2025-02-23 00:00:00+00:00, run_after=2025-02-24 00:00:00+00:00
[2025-02-23T19:06:26.529+0000] {processor.py:183} INFO - Processing /opt/airflow/dags/crawl_daily_tgdd.py took 0.115 seconds
[2025-02-23T19:06:56.890+0000] {processor.py:161} INFO - Started process (PID=434) to work on /opt/airflow/dags/crawl_daily_tgdd.py
[2025-02-23T19:06:56.891+0000] {processor.py:830} INFO - Processing file /opt/airflow/dags/crawl_daily_tgdd.py for tasks to queue
[2025-02-23T19:06:56.894+0000] {logging_mixin.py:188} INFO - [2025-02-23T19:06:56.893+0000] {dagbag.py:545} INFO - Filling up the DagBag from /opt/airflow/dags/crawl_daily_tgdd.py
[2025-02-23T19:06:56.918+0000] {processor.py:840} INFO - DAG(s) 'crawl_thegioididong_daily' retrieved from /opt/airflow/dags/crawl_daily_tgdd.py
[2025-02-23T19:06:56.945+0000] {logging_mixin.py:188} INFO - [2025-02-23T19:06:56.945+0000] {dag.py:3089} INFO - Sync 1 DAGs
[2025-02-23T19:06:56.967+0000] {logging_mixin.py:188} INFO - [2025-02-23T19:06:56.967+0000] {dag.py:3947} INFO - Setting next_dagrun for crawl_thegioididong_daily to 2025-02-23 00:00:00+00:00, run_after=2025-02-24 00:00:00+00:00
[2025-02-23T19:06:56.992+0000] {processor.py:183} INFO - Processing /opt/airflow/dags/crawl_daily_tgdd.py took 0.110 seconds
[2025-02-23T19:07:27.375+0000] {processor.py:161} INFO - Started process (PID=442) to work on /opt/airflow/dags/crawl_daily_tgdd.py
[2025-02-23T19:07:27.376+0000] {processor.py:830} INFO - Processing file /opt/airflow/dags/crawl_daily_tgdd.py for tasks to queue
[2025-02-23T19:07:27.381+0000] {logging_mixin.py:188} INFO - [2025-02-23T19:07:27.381+0000] {dagbag.py:545} INFO - Filling up the DagBag from /opt/airflow/dags/crawl_daily_tgdd.py
[2025-02-23T19:07:27.412+0000] {processor.py:840} INFO - DAG(s) 'crawl_thegioididong_daily' retrieved from /opt/airflow/dags/crawl_daily_tgdd.py
[2025-02-23T19:07:27.448+0000] {logging_mixin.py:188} INFO - [2025-02-23T19:07:27.448+0000] {dag.py:3089} INFO - Sync 1 DAGs
[2025-02-23T19:07:27.479+0000] {logging_mixin.py:188} INFO - [2025-02-23T19:07:27.479+0000] {dag.py:3947} INFO - Setting next_dagrun for crawl_thegioididong_daily to 2025-02-23 00:00:00+00:00, run_after=2025-02-24 00:00:00+00:00
[2025-02-23T19:07:27.508+0000] {processor.py:183} INFO - Processing /opt/airflow/dags/crawl_daily_tgdd.py took 0.142 seconds
[2025-02-23T19:07:58.044+0000] {processor.py:161} INFO - Started process (PID=450) to work on /opt/airflow/dags/crawl_daily_tgdd.py
[2025-02-23T19:07:58.045+0000] {processor.py:830} INFO - Processing file /opt/airflow/dags/crawl_daily_tgdd.py for tasks to queue
[2025-02-23T19:07:58.048+0000] {logging_mixin.py:188} INFO - [2025-02-23T19:07:58.047+0000] {dagbag.py:545} INFO - Filling up the DagBag from /opt/airflow/dags/crawl_daily_tgdd.py
[2025-02-23T19:07:58.077+0000] {processor.py:840} INFO - DAG(s) 'crawl_thegioididong_daily' retrieved from /opt/airflow/dags/crawl_daily_tgdd.py
[2025-02-23T19:07:58.107+0000] {logging_mixin.py:188} INFO - [2025-02-23T19:07:58.107+0000] {dag.py:3089} INFO - Sync 1 DAGs
[2025-02-23T19:07:58.131+0000] {logging_mixin.py:188} INFO - [2025-02-23T19:07:58.130+0000] {dag.py:3947} INFO - Setting next_dagrun for crawl_thegioididong_daily to 2025-02-23 00:00:00+00:00, run_after=2025-02-24 00:00:00+00:00
[2025-02-23T19:07:58.154+0000] {processor.py:183} INFO - Processing /opt/airflow/dags/crawl_daily_tgdd.py took 0.117 seconds
[2025-02-23T19:08:28.578+0000] {processor.py:161} INFO - Started process (PID=458) to work on /opt/airflow/dags/crawl_daily_tgdd.py
[2025-02-23T19:08:28.580+0000] {processor.py:830} INFO - Processing file /opt/airflow/dags/crawl_daily_tgdd.py for tasks to queue
[2025-02-23T19:08:28.582+0000] {logging_mixin.py:188} INFO - [2025-02-23T19:08:28.582+0000] {dagbag.py:545} INFO - Filling up the DagBag from /opt/airflow/dags/crawl_daily_tgdd.py
[2025-02-23T19:08:28.606+0000] {processor.py:840} INFO - DAG(s) 'crawl_thegioididong_daily' retrieved from /opt/airflow/dags/crawl_daily_tgdd.py
[2025-02-23T19:08:28.633+0000] {logging_mixin.py:188} INFO - [2025-02-23T19:08:28.632+0000] {dag.py:3089} INFO - Sync 1 DAGs
[2025-02-23T19:08:28.653+0000] {logging_mixin.py:188} INFO - [2025-02-23T19:08:28.653+0000] {dag.py:3947} INFO - Setting next_dagrun for crawl_thegioididong_daily to 2025-02-23 00:00:00+00:00, run_after=2025-02-24 00:00:00+00:00
[2025-02-23T19:08:28.676+0000] {processor.py:183} INFO - Processing /opt/airflow/dags/crawl_daily_tgdd.py took 0.105 seconds
[2025-02-23T19:08:59.115+0000] {processor.py:161} INFO - Started process (PID=466) to work on /opt/airflow/dags/crawl_daily_tgdd.py
[2025-02-23T19:08:59.116+0000] {processor.py:830} INFO - Processing file /opt/airflow/dags/crawl_daily_tgdd.py for tasks to queue
[2025-02-23T19:08:59.118+0000] {logging_mixin.py:188} INFO - [2025-02-23T19:08:59.118+0000] {dagbag.py:545} INFO - Filling up the DagBag from /opt/airflow/dags/crawl_daily_tgdd.py
[2025-02-23T19:08:59.145+0000] {processor.py:840} INFO - DAG(s) 'crawl_thegioididong_daily' retrieved from /opt/airflow/dags/crawl_daily_tgdd.py
[2025-02-23T19:08:59.179+0000] {logging_mixin.py:188} INFO - [2025-02-23T19:08:59.179+0000] {dag.py:3089} INFO - Sync 1 DAGs
[2025-02-23T19:08:59.203+0000] {logging_mixin.py:188} INFO - [2025-02-23T19:08:59.202+0000] {dag.py:3947} INFO - Setting next_dagrun for crawl_thegioididong_daily to 2025-02-23 00:00:00+00:00, run_after=2025-02-24 00:00:00+00:00
[2025-02-23T19:08:59.227+0000] {processor.py:183} INFO - Processing /opt/airflow/dags/crawl_daily_tgdd.py took 0.121 seconds
[2025-02-23T19:09:29.744+0000] {processor.py:161} INFO - Started process (PID=480) to work on /opt/airflow/dags/crawl_daily_tgdd.py
[2025-02-23T19:09:29.746+0000] {processor.py:830} INFO - Processing file /opt/airflow/dags/crawl_daily_tgdd.py for tasks to queue
[2025-02-23T19:09:29.748+0000] {logging_mixin.py:188} INFO - [2025-02-23T19:09:29.748+0000] {dagbag.py:545} INFO - Filling up the DagBag from /opt/airflow/dags/crawl_daily_tgdd.py
[2025-02-23T19:09:29.772+0000] {processor.py:840} INFO - DAG(s) 'crawl_thegioididong_daily' retrieved from /opt/airflow/dags/crawl_daily_tgdd.py
[2025-02-23T19:09:29.804+0000] {logging_mixin.py:188} INFO - [2025-02-23T19:09:29.803+0000] {dag.py:3089} INFO - Sync 1 DAGs
[2025-02-23T19:09:29.828+0000] {logging_mixin.py:188} INFO - [2025-02-23T19:09:29.828+0000] {dag.py:3947} INFO - Setting next_dagrun for crawl_thegioididong_daily to 2025-02-23 00:00:00+00:00, run_after=2025-02-24 00:00:00+00:00
[2025-02-23T19:09:29.850+0000] {processor.py:183} INFO - Processing /opt/airflow/dags/crawl_daily_tgdd.py took 0.113 seconds
[2025-02-23T19:10:00.266+0000] {processor.py:161} INFO - Started process (PID=488) to work on /opt/airflow/dags/crawl_daily_tgdd.py
[2025-02-23T19:10:00.267+0000] {processor.py:830} INFO - Processing file /opt/airflow/dags/crawl_daily_tgdd.py for tasks to queue
[2025-02-23T19:10:00.269+0000] {logging_mixin.py:188} INFO - [2025-02-23T19:10:00.268+0000] {dagbag.py:545} INFO - Filling up the DagBag from /opt/airflow/dags/crawl_daily_tgdd.py
[2025-02-23T19:10:00.295+0000] {processor.py:840} INFO - DAG(s) 'crawl_thegioididong_daily' retrieved from /opt/airflow/dags/crawl_daily_tgdd.py
[2025-02-23T19:10:00.328+0000] {logging_mixin.py:188} INFO - [2025-02-23T19:10:00.328+0000] {dag.py:3089} INFO - Sync 1 DAGs
[2025-02-23T19:10:00.354+0000] {logging_mixin.py:188} INFO - [2025-02-23T19:10:00.354+0000] {dag.py:3947} INFO - Setting next_dagrun for crawl_thegioididong_daily to 2025-02-23 00:00:00+00:00, run_after=2025-02-24 00:00:00+00:00
[2025-02-23T19:10:00.380+0000] {processor.py:183} INFO - Processing /opt/airflow/dags/crawl_daily_tgdd.py took 0.123 seconds
[2025-02-23T19:10:30.764+0000] {processor.py:161} INFO - Started process (PID=496) to work on /opt/airflow/dags/crawl_daily_tgdd.py
[2025-02-23T19:10:30.765+0000] {processor.py:830} INFO - Processing file /opt/airflow/dags/crawl_daily_tgdd.py for tasks to queue
[2025-02-23T19:10:30.769+0000] {logging_mixin.py:188} INFO - [2025-02-23T19:10:30.768+0000] {dagbag.py:545} INFO - Filling up the DagBag from /opt/airflow/dags/crawl_daily_tgdd.py
[2025-02-23T19:10:30.798+0000] {processor.py:840} INFO - DAG(s) 'crawl_thegioididong_daily' retrieved from /opt/airflow/dags/crawl_daily_tgdd.py
[2025-02-23T19:10:30.829+0000] {logging_mixin.py:188} INFO - [2025-02-23T19:10:30.829+0000] {dag.py:3089} INFO - Sync 1 DAGs
[2025-02-23T19:10:30.856+0000] {logging_mixin.py:188} INFO - [2025-02-23T19:10:30.856+0000] {dag.py:3947} INFO - Setting next_dagrun for crawl_thegioididong_daily to 2025-02-23 00:00:00+00:00, run_after=2025-02-24 00:00:00+00:00
[2025-02-23T19:10:30.884+0000] {processor.py:183} INFO - Processing /opt/airflow/dags/crawl_daily_tgdd.py took 0.130 seconds
[2025-02-23T19:11:01.344+0000] {processor.py:161} INFO - Started process (PID=504) to work on /opt/airflow/dags/crawl_daily_tgdd.py
[2025-02-23T19:11:01.345+0000] {processor.py:830} INFO - Processing file /opt/airflow/dags/crawl_daily_tgdd.py for tasks to queue
[2025-02-23T19:11:01.347+0000] {logging_mixin.py:188} INFO - [2025-02-23T19:11:01.347+0000] {dagbag.py:545} INFO - Filling up the DagBag from /opt/airflow/dags/crawl_daily_tgdd.py
[2025-02-23T19:11:01.371+0000] {processor.py:840} INFO - DAG(s) 'crawl_thegioididong_daily' retrieved from /opt/airflow/dags/crawl_daily_tgdd.py
[2025-02-23T19:11:01.397+0000] {logging_mixin.py:188} INFO - [2025-02-23T19:11:01.396+0000] {dag.py:3089} INFO - Sync 1 DAGs
[2025-02-23T19:11:01.417+0000] {logging_mixin.py:188} INFO - [2025-02-23T19:11:01.417+0000] {dag.py:3947} INFO - Setting next_dagrun for crawl_thegioididong_daily to 2025-02-23 00:00:00+00:00, run_after=2025-02-24 00:00:00+00:00
[2025-02-23T19:11:01.442+0000] {processor.py:183} INFO - Processing /opt/airflow/dags/crawl_daily_tgdd.py took 0.106 seconds
[2025-02-23T19:11:31.727+0000] {processor.py:161} INFO - Started process (PID=512) to work on /opt/airflow/dags/crawl_daily_tgdd.py
[2025-02-23T19:11:31.729+0000] {processor.py:830} INFO - Processing file /opt/airflow/dags/crawl_daily_tgdd.py for tasks to queue
[2025-02-23T19:11:31.731+0000] {logging_mixin.py:188} INFO - [2025-02-23T19:11:31.731+0000] {dagbag.py:545} INFO - Filling up the DagBag from /opt/airflow/dags/crawl_daily_tgdd.py
[2025-02-23T19:11:31.760+0000] {processor.py:840} INFO - DAG(s) 'crawl_thegioididong_daily' retrieved from /opt/airflow/dags/crawl_daily_tgdd.py
[2025-02-23T19:11:31.793+0000] {logging_mixin.py:188} INFO - [2025-02-23T19:11:31.793+0000] {dag.py:3089} INFO - Sync 1 DAGs
[2025-02-23T19:11:31.819+0000] {logging_mixin.py:188} INFO - [2025-02-23T19:11:31.819+0000] {dag.py:3947} INFO - Setting next_dagrun for crawl_thegioididong_daily to 2025-02-23 00:00:00+00:00, run_after=2025-02-24 00:00:00+00:00
[2025-02-23T19:11:31.846+0000] {processor.py:183} INFO - Processing /opt/airflow/dags/crawl_daily_tgdd.py took 0.127 seconds
[2025-02-23T19:12:02.389+0000] {processor.py:161} INFO - Started process (PID=520) to work on /opt/airflow/dags/crawl_daily_tgdd.py
[2025-02-23T19:12:02.390+0000] {processor.py:830} INFO - Processing file /opt/airflow/dags/crawl_daily_tgdd.py for tasks to queue
[2025-02-23T19:12:02.392+0000] {logging_mixin.py:188} INFO - [2025-02-23T19:12:02.392+0000] {dagbag.py:545} INFO - Filling up the DagBag from /opt/airflow/dags/crawl_daily_tgdd.py
[2025-02-23T19:12:02.417+0000] {processor.py:840} INFO - DAG(s) 'crawl_thegioididong_daily' retrieved from /opt/airflow/dags/crawl_daily_tgdd.py
[2025-02-23T19:12:02.445+0000] {logging_mixin.py:188} INFO - [2025-02-23T19:12:02.445+0000] {dag.py:3089} INFO - Sync 1 DAGs
[2025-02-23T19:12:02.469+0000] {logging_mixin.py:188} INFO - [2025-02-23T19:12:02.469+0000] {dag.py:3947} INFO - Setting next_dagrun for crawl_thegioididong_daily to 2025-02-23 00:00:00+00:00, run_after=2025-02-24 00:00:00+00:00
[2025-02-23T19:12:02.491+0000] {processor.py:183} INFO - Processing /opt/airflow/dags/crawl_daily_tgdd.py took 0.110 seconds
[2025-02-23T19:12:32.928+0000] {processor.py:161} INFO - Started process (PID=528) to work on /opt/airflow/dags/crawl_daily_tgdd.py
[2025-02-23T19:12:32.929+0000] {processor.py:830} INFO - Processing file /opt/airflow/dags/crawl_daily_tgdd.py for tasks to queue
[2025-02-23T19:12:32.931+0000] {logging_mixin.py:188} INFO - [2025-02-23T19:12:32.931+0000] {dagbag.py:545} INFO - Filling up the DagBag from /opt/airflow/dags/crawl_daily_tgdd.py
[2025-02-23T19:12:32.957+0000] {processor.py:840} INFO - DAG(s) 'crawl_thegioididong_daily' retrieved from /opt/airflow/dags/crawl_daily_tgdd.py
[2025-02-23T19:12:32.987+0000] {logging_mixin.py:188} INFO - [2025-02-23T19:12:32.987+0000] {dag.py:3089} INFO - Sync 1 DAGs
[2025-02-23T19:12:33.010+0000] {logging_mixin.py:188} INFO - [2025-02-23T19:12:33.010+0000] {dag.py:3947} INFO - Setting next_dagrun for crawl_thegioididong_daily to 2025-02-23 00:00:00+00:00, run_after=2025-02-24 00:00:00+00:00
[2025-02-23T19:12:33.035+0000] {processor.py:183} INFO - Processing /opt/airflow/dags/crawl_daily_tgdd.py took 0.116 seconds
[2025-02-23T19:13:03.492+0000] {processor.py:161} INFO - Started process (PID=536) to work on /opt/airflow/dags/crawl_daily_tgdd.py
[2025-02-23T19:13:03.493+0000] {processor.py:830} INFO - Processing file /opt/airflow/dags/crawl_daily_tgdd.py for tasks to queue
[2025-02-23T19:13:03.496+0000] {logging_mixin.py:188} INFO - [2025-02-23T19:13:03.495+0000] {dagbag.py:545} INFO - Filling up the DagBag from /opt/airflow/dags/crawl_daily_tgdd.py
[2025-02-23T19:13:03.523+0000] {processor.py:840} INFO - DAG(s) 'crawl_thegioididong_daily' retrieved from /opt/airflow/dags/crawl_daily_tgdd.py
[2025-02-23T19:13:03.553+0000] {logging_mixin.py:188} INFO - [2025-02-23T19:13:03.553+0000] {dag.py:3089} INFO - Sync 1 DAGs
[2025-02-23T19:13:03.583+0000] {logging_mixin.py:188} INFO - [2025-02-23T19:13:03.582+0000] {dag.py:3947} INFO - Setting next_dagrun for crawl_thegioididong_daily to 2025-02-23 00:00:00+00:00, run_after=2025-02-24 00:00:00+00:00
[2025-02-23T19:13:03.607+0000] {processor.py:183} INFO - Processing /opt/airflow/dags/crawl_daily_tgdd.py took 0.124 seconds
[2025-02-23T19:13:34.139+0000] {processor.py:161} INFO - Started process (PID=544) to work on /opt/airflow/dags/crawl_daily_tgdd.py
[2025-02-23T19:13:34.140+0000] {processor.py:830} INFO - Processing file /opt/airflow/dags/crawl_daily_tgdd.py for tasks to queue
[2025-02-23T19:13:34.142+0000] {logging_mixin.py:188} INFO - [2025-02-23T19:13:34.142+0000] {dagbag.py:545} INFO - Filling up the DagBag from /opt/airflow/dags/crawl_daily_tgdd.py
[2025-02-23T19:13:34.170+0000] {processor.py:840} INFO - DAG(s) 'crawl_thegioididong_daily' retrieved from /opt/airflow/dags/crawl_daily_tgdd.py
[2025-02-23T19:13:34.204+0000] {logging_mixin.py:188} INFO - [2025-02-23T19:13:34.204+0000] {dag.py:3089} INFO - Sync 1 DAGs
[2025-02-23T19:13:34.231+0000] {logging_mixin.py:188} INFO - [2025-02-23T19:13:34.230+0000] {dag.py:3947} INFO - Setting next_dagrun for crawl_thegioididong_daily to 2025-02-23 00:00:00+00:00, run_after=2025-02-24 00:00:00+00:00
[2025-02-23T19:13:34.272+0000] {processor.py:183} INFO - Processing /opt/airflow/dags/crawl_daily_tgdd.py took 0.142 seconds
[2025-02-23T19:14:04.567+0000] {processor.py:161} INFO - Started process (PID=552) to work on /opt/airflow/dags/crawl_daily_tgdd.py
[2025-02-23T19:14:04.569+0000] {processor.py:830} INFO - Processing file /opt/airflow/dags/crawl_daily_tgdd.py for tasks to queue
[2025-02-23T19:14:04.571+0000] {logging_mixin.py:188} INFO - [2025-02-23T19:14:04.570+0000] {dagbag.py:545} INFO - Filling up the DagBag from /opt/airflow/dags/crawl_daily_tgdd.py
[2025-02-23T19:14:04.600+0000] {processor.py:840} INFO - DAG(s) 'crawl_thegioididong_daily' retrieved from /opt/airflow/dags/crawl_daily_tgdd.py
[2025-02-23T19:14:04.632+0000] {logging_mixin.py:188} INFO - [2025-02-23T19:14:04.632+0000] {dag.py:3089} INFO - Sync 1 DAGs
[2025-02-23T19:14:04.660+0000] {logging_mixin.py:188} INFO - [2025-02-23T19:14:04.660+0000] {dag.py:3947} INFO - Setting next_dagrun for crawl_thegioididong_daily to 2025-02-23 00:00:00+00:00, run_after=2025-02-24 00:00:00+00:00
[2025-02-23T19:14:04.691+0000] {processor.py:183} INFO - Processing /opt/airflow/dags/crawl_daily_tgdd.py took 0.131 seconds
[2025-02-23T19:14:35.263+0000] {processor.py:161} INFO - Started process (PID=560) to work on /opt/airflow/dags/crawl_daily_tgdd.py
[2025-02-23T19:14:35.264+0000] {processor.py:830} INFO - Processing file /opt/airflow/dags/crawl_daily_tgdd.py for tasks to queue
[2025-02-23T19:14:35.266+0000] {logging_mixin.py:188} INFO - [2025-02-23T19:14:35.266+0000] {dagbag.py:545} INFO - Filling up the DagBag from /opt/airflow/dags/crawl_daily_tgdd.py
[2025-02-23T19:14:35.291+0000] {processor.py:840} INFO - DAG(s) 'crawl_thegioididong_daily' retrieved from /opt/airflow/dags/crawl_daily_tgdd.py
[2025-02-23T19:14:35.319+0000] {logging_mixin.py:188} INFO - [2025-02-23T19:14:35.319+0000] {dag.py:3089} INFO - Sync 1 DAGs
[2025-02-23T19:14:35.344+0000] {logging_mixin.py:188} INFO - [2025-02-23T19:14:35.343+0000] {dag.py:3947} INFO - Setting next_dagrun for crawl_thegioididong_daily to 2025-02-23 00:00:00+00:00, run_after=2025-02-24 00:00:00+00:00
[2025-02-23T19:14:35.368+0000] {processor.py:183} INFO - Processing /opt/airflow/dags/crawl_daily_tgdd.py took 0.113 seconds
[2025-02-23T19:15:05.795+0000] {processor.py:161} INFO - Started process (PID=568) to work on /opt/airflow/dags/crawl_daily_tgdd.py
[2025-02-23T19:15:05.796+0000] {processor.py:830} INFO - Processing file /opt/airflow/dags/crawl_daily_tgdd.py for tasks to queue
[2025-02-23T19:15:05.798+0000] {logging_mixin.py:188} INFO - [2025-02-23T19:15:05.798+0000] {dagbag.py:545} INFO - Filling up the DagBag from /opt/airflow/dags/crawl_daily_tgdd.py
[2025-02-23T19:15:05.822+0000] {processor.py:840} INFO - DAG(s) 'crawl_thegioididong_daily' retrieved from /opt/airflow/dags/crawl_daily_tgdd.py
[2025-02-23T19:15:05.849+0000] {logging_mixin.py:188} INFO - [2025-02-23T19:15:05.848+0000] {dag.py:3089} INFO - Sync 1 DAGs
[2025-02-23T19:15:05.870+0000] {logging_mixin.py:188} INFO - [2025-02-23T19:15:05.870+0000] {dag.py:3947} INFO - Setting next_dagrun for crawl_thegioididong_daily to 2025-02-23 00:00:00+00:00, run_after=2025-02-24 00:00:00+00:00
[2025-02-23T19:15:05.892+0000] {processor.py:183} INFO - Processing /opt/airflow/dags/crawl_daily_tgdd.py took 0.106 seconds
[2025-02-23T19:15:36.331+0000] {processor.py:161} INFO - Started process (PID=576) to work on /opt/airflow/dags/crawl_daily_tgdd.py
[2025-02-23T19:15:36.332+0000] {processor.py:830} INFO - Processing file /opt/airflow/dags/crawl_daily_tgdd.py for tasks to queue
[2025-02-23T19:15:36.337+0000] {logging_mixin.py:188} INFO - [2025-02-23T19:15:36.336+0000] {dagbag.py:545} INFO - Filling up the DagBag from /opt/airflow/dags/crawl_daily_tgdd.py
[2025-02-23T19:15:36.368+0000] {processor.py:840} INFO - DAG(s) 'crawl_thegioididong_daily' retrieved from /opt/airflow/dags/crawl_daily_tgdd.py
[2025-02-23T19:15:36.409+0000] {logging_mixin.py:188} INFO - [2025-02-23T19:15:36.409+0000] {dag.py:3089} INFO - Sync 1 DAGs
[2025-02-23T19:15:36.439+0000] {logging_mixin.py:188} INFO - [2025-02-23T19:15:36.439+0000] {dag.py:3947} INFO - Setting next_dagrun for crawl_thegioididong_daily to 2025-02-23 00:00:00+00:00, run_after=2025-02-24 00:00:00+00:00
[2025-02-23T19:15:36.465+0000] {processor.py:183} INFO - Processing /opt/airflow/dags/crawl_daily_tgdd.py took 0.144 seconds
[2025-02-23T19:16:06.844+0000] {processor.py:161} INFO - Started process (PID=590) to work on /opt/airflow/dags/crawl_daily_tgdd.py
[2025-02-23T19:16:06.845+0000] {processor.py:830} INFO - Processing file /opt/airflow/dags/crawl_daily_tgdd.py for tasks to queue
[2025-02-23T19:16:06.848+0000] {logging_mixin.py:188} INFO - [2025-02-23T19:16:06.847+0000] {dagbag.py:545} INFO - Filling up the DagBag from /opt/airflow/dags/crawl_daily_tgdd.py
[2025-02-23T19:16:06.875+0000] {processor.py:840} INFO - DAG(s) 'crawl_thegioididong_daily' retrieved from /opt/airflow/dags/crawl_daily_tgdd.py
[2025-02-23T19:16:06.917+0000] {logging_mixin.py:188} INFO - [2025-02-23T19:16:06.917+0000] {dag.py:3089} INFO - Sync 1 DAGs
[2025-02-23T19:16:06.962+0000] {logging_mixin.py:188} INFO - [2025-02-23T19:16:06.962+0000] {dag.py:3947} INFO - Setting next_dagrun for crawl_thegioididong_daily to 2025-02-23 00:00:00+00:00, run_after=2025-02-24 00:00:00+00:00
[2025-02-23T19:16:07.004+0000] {processor.py:183} INFO - Processing /opt/airflow/dags/crawl_daily_tgdd.py took 0.169 seconds
[2025-02-23T19:16:37.575+0000] {processor.py:161} INFO - Started process (PID=598) to work on /opt/airflow/dags/crawl_daily_tgdd.py
[2025-02-23T19:16:37.576+0000] {processor.py:830} INFO - Processing file /opt/airflow/dags/crawl_daily_tgdd.py for tasks to queue
[2025-02-23T19:16:37.578+0000] {logging_mixin.py:188} INFO - [2025-02-23T19:16:37.578+0000] {dagbag.py:545} INFO - Filling up the DagBag from /opt/airflow/dags/crawl_daily_tgdd.py
[2025-02-23T19:16:37.604+0000] {processor.py:840} INFO - DAG(s) 'crawl_thegioididong_daily' retrieved from /opt/airflow/dags/crawl_daily_tgdd.py
[2025-02-23T19:16:37.639+0000] {logging_mixin.py:188} INFO - [2025-02-23T19:16:37.639+0000] {dag.py:3089} INFO - Sync 1 DAGs
[2025-02-23T19:16:37.666+0000] {logging_mixin.py:188} INFO - [2025-02-23T19:16:37.666+0000] {dag.py:3947} INFO - Setting next_dagrun for crawl_thegioididong_daily to 2025-02-23 00:00:00+00:00, run_after=2025-02-24 00:00:00+00:00
[2025-02-23T19:16:37.691+0000] {processor.py:183} INFO - Processing /opt/airflow/dags/crawl_daily_tgdd.py took 0.123 seconds
[2025-02-23T19:17:07.885+0000] {processor.py:161} INFO - Started process (PID=606) to work on /opt/airflow/dags/crawl_daily_tgdd.py
[2025-02-23T19:17:07.886+0000] {processor.py:830} INFO - Processing file /opt/airflow/dags/crawl_daily_tgdd.py for tasks to queue
[2025-02-23T19:17:07.888+0000] {logging_mixin.py:188} INFO - [2025-02-23T19:17:07.888+0000] {dagbag.py:545} INFO - Filling up the DagBag from /opt/airflow/dags/crawl_daily_tgdd.py
[2025-02-23T19:17:07.914+0000] {processor.py:840} INFO - DAG(s) 'crawl_thegioididong_daily' retrieved from /opt/airflow/dags/crawl_daily_tgdd.py
[2025-02-23T19:17:07.947+0000] {logging_mixin.py:188} INFO - [2025-02-23T19:17:07.947+0000] {dag.py:3089} INFO - Sync 1 DAGs
[2025-02-23T19:17:07.975+0000] {logging_mixin.py:188} INFO - [2025-02-23T19:17:07.975+0000] {dag.py:3947} INFO - Setting next_dagrun for crawl_thegioididong_daily to 2025-02-23 00:00:00+00:00, run_after=2025-02-24 00:00:00+00:00
[2025-02-23T19:17:07.999+0000] {processor.py:183} INFO - Processing /opt/airflow/dags/crawl_daily_tgdd.py took 0.123 seconds
[2025-02-23T19:17:38.347+0000] {processor.py:161} INFO - Started process (PID=614) to work on /opt/airflow/dags/crawl_daily_tgdd.py
[2025-02-23T19:17:38.349+0000] {processor.py:830} INFO - Processing file /opt/airflow/dags/crawl_daily_tgdd.py for tasks to queue
[2025-02-23T19:17:38.350+0000] {logging_mixin.py:188} INFO - [2025-02-23T19:17:38.350+0000] {dagbag.py:545} INFO - Filling up the DagBag from /opt/airflow/dags/crawl_daily_tgdd.py
[2025-02-23T19:17:38.380+0000] {processor.py:840} INFO - DAG(s) 'crawl_thegioididong_daily' retrieved from /opt/airflow/dags/crawl_daily_tgdd.py
[2025-02-23T19:17:38.406+0000] {logging_mixin.py:188} INFO - [2025-02-23T19:17:38.405+0000] {dag.py:3089} INFO - Sync 1 DAGs
[2025-02-23T19:17:38.426+0000] {logging_mixin.py:188} INFO - [2025-02-23T19:17:38.426+0000] {dag.py:3947} INFO - Setting next_dagrun for crawl_thegioididong_daily to 2025-02-23 00:00:00+00:00, run_after=2025-02-24 00:00:00+00:00
[2025-02-23T19:17:38.450+0000] {processor.py:183} INFO - Processing /opt/airflow/dags/crawl_daily_tgdd.py took 0.110 seconds
[2025-02-23T19:18:09.143+0000] {processor.py:161} INFO - Started process (PID=622) to work on /opt/airflow/dags/crawl_daily_tgdd.py
[2025-02-23T19:18:09.144+0000] {processor.py:830} INFO - Processing file /opt/airflow/dags/crawl_daily_tgdd.py for tasks to queue
[2025-02-23T19:18:09.152+0000] {logging_mixin.py:188} INFO - [2025-02-23T19:18:09.151+0000] {dagbag.py:545} INFO - Filling up the DagBag from /opt/airflow/dags/crawl_daily_tgdd.py
[2025-02-23T19:18:09.182+0000] {processor.py:840} INFO - DAG(s) 'crawl_thegioididong_daily' retrieved from /opt/airflow/dags/crawl_daily_tgdd.py
[2025-02-23T19:18:09.211+0000] {logging_mixin.py:188} INFO - [2025-02-23T19:18:09.211+0000] {dag.py:3089} INFO - Sync 1 DAGs
[2025-02-23T19:18:09.234+0000] {logging_mixin.py:188} INFO - [2025-02-23T19:18:09.234+0000] {dag.py:3947} INFO - Setting next_dagrun for crawl_thegioididong_daily to 2025-02-23 00:00:00+00:00, run_after=2025-02-24 00:00:00+00:00
[2025-02-23T19:18:09.260+0000] {processor.py:183} INFO - Processing /opt/airflow/dags/crawl_daily_tgdd.py took 0.127 seconds
[2025-02-23T19:18:39.851+0000] {processor.py:161} INFO - Started process (PID=630) to work on /opt/airflow/dags/crawl_daily_tgdd.py
[2025-02-23T19:18:39.853+0000] {processor.py:830} INFO - Processing file /opt/airflow/dags/crawl_daily_tgdd.py for tasks to queue
[2025-02-23T19:18:39.855+0000] {logging_mixin.py:188} INFO - [2025-02-23T19:18:39.854+0000] {dagbag.py:545} INFO - Filling up the DagBag from /opt/airflow/dags/crawl_daily_tgdd.py
[2025-02-23T19:18:39.880+0000] {processor.py:840} INFO - DAG(s) 'crawl_thegioididong_daily' retrieved from /opt/airflow/dags/crawl_daily_tgdd.py
[2025-02-23T19:18:39.907+0000] {logging_mixin.py:188} INFO - [2025-02-23T19:18:39.907+0000] {dag.py:3089} INFO - Sync 1 DAGs
[2025-02-23T19:18:39.931+0000] {logging_mixin.py:188} INFO - [2025-02-23T19:18:39.931+0000] {dag.py:3947} INFO - Setting next_dagrun for crawl_thegioididong_daily to 2025-02-23 00:00:00+00:00, run_after=2025-02-24 00:00:00+00:00
[2025-02-23T19:18:39.952+0000] {processor.py:183} INFO - Processing /opt/airflow/dags/crawl_daily_tgdd.py took 0.108 seconds
[2025-02-23T19:19:10.396+0000] {processor.py:161} INFO - Started process (PID=639) to work on /opt/airflow/dags/crawl_daily_tgdd.py
[2025-02-23T19:19:10.397+0000] {processor.py:830} INFO - Processing file /opt/airflow/dags/crawl_daily_tgdd.py for tasks to queue
[2025-02-23T19:19:10.399+0000] {logging_mixin.py:188} INFO - [2025-02-23T19:19:10.399+0000] {dagbag.py:545} INFO - Filling up the DagBag from /opt/airflow/dags/crawl_daily_tgdd.py
[2025-02-23T19:19:10.426+0000] {processor.py:840} INFO - DAG(s) 'crawl_thegioididong_daily' retrieved from /opt/airflow/dags/crawl_daily_tgdd.py
[2025-02-23T19:19:10.460+0000] {logging_mixin.py:188} INFO - [2025-02-23T19:19:10.460+0000] {dag.py:3089} INFO - Sync 1 DAGs
[2025-02-23T19:19:10.501+0000] {logging_mixin.py:188} INFO - [2025-02-23T19:19:10.501+0000] {dag.py:3947} INFO - Setting next_dagrun for crawl_thegioididong_daily to 2025-02-23 00:00:00+00:00, run_after=2025-02-24 00:00:00+00:00
[2025-02-23T19:19:10.536+0000] {processor.py:183} INFO - Processing /opt/airflow/dags/crawl_daily_tgdd.py took 0.149 seconds
[2025-02-23T19:19:40.966+0000] {processor.py:161} INFO - Started process (PID=647) to work on /opt/airflow/dags/crawl_daily_tgdd.py
[2025-02-23T19:19:40.967+0000] {processor.py:830} INFO - Processing file /opt/airflow/dags/crawl_daily_tgdd.py for tasks to queue
[2025-02-23T19:19:40.969+0000] {logging_mixin.py:188} INFO - [2025-02-23T19:19:40.969+0000] {dagbag.py:545} INFO - Filling up the DagBag from /opt/airflow/dags/crawl_daily_tgdd.py
[2025-02-23T19:19:40.994+0000] {processor.py:840} INFO - DAG(s) 'crawl_thegioididong_daily' retrieved from /opt/airflow/dags/crawl_daily_tgdd.py
[2025-02-23T19:19:41.022+0000] {logging_mixin.py:188} INFO - [2025-02-23T19:19:41.022+0000] {dag.py:3089} INFO - Sync 1 DAGs
[2025-02-23T19:19:41.043+0000] {logging_mixin.py:188} INFO - [2025-02-23T19:19:41.043+0000] {dag.py:3947} INFO - Setting next_dagrun for crawl_thegioididong_daily to 2025-02-23 00:00:00+00:00, run_after=2025-02-24 00:00:00+00:00
[2025-02-23T19:19:41.065+0000] {processor.py:183} INFO - Processing /opt/airflow/dags/crawl_daily_tgdd.py took 0.107 seconds
[2025-02-23T19:20:11.393+0000] {processor.py:161} INFO - Started process (PID=655) to work on /opt/airflow/dags/crawl_daily_tgdd.py
[2025-02-23T19:20:11.394+0000] {processor.py:830} INFO - Processing file /opt/airflow/dags/crawl_daily_tgdd.py for tasks to queue
[2025-02-23T19:20:11.397+0000] {logging_mixin.py:188} INFO - [2025-02-23T19:20:11.396+0000] {dagbag.py:545} INFO - Filling up the DagBag from /opt/airflow/dags/crawl_daily_tgdd.py
[2025-02-23T19:20:11.423+0000] {processor.py:840} INFO - DAG(s) 'crawl_thegioididong_daily' retrieved from /opt/airflow/dags/crawl_daily_tgdd.py
[2025-02-23T19:20:11.459+0000] {logging_mixin.py:188} INFO - [2025-02-23T19:20:11.459+0000] {dag.py:3089} INFO - Sync 1 DAGs
[2025-02-23T19:20:11.492+0000] {logging_mixin.py:188} INFO - [2025-02-23T19:20:11.491+0000] {dag.py:3947} INFO - Setting next_dagrun for crawl_thegioididong_daily to 2025-02-23 00:00:00+00:00, run_after=2025-02-24 00:00:00+00:00
[2025-02-23T19:20:11.533+0000] {processor.py:183} INFO - Processing /opt/airflow/dags/crawl_daily_tgdd.py took 0.150 seconds
[2025-02-23T19:20:42.101+0000] {processor.py:161} INFO - Started process (PID=663) to work on /opt/airflow/dags/crawl_daily_tgdd.py
[2025-02-23T19:20:42.102+0000] {processor.py:830} INFO - Processing file /opt/airflow/dags/crawl_daily_tgdd.py for tasks to queue
[2025-02-23T19:20:42.104+0000] {logging_mixin.py:188} INFO - [2025-02-23T19:20:42.103+0000] {dagbag.py:545} INFO - Filling up the DagBag from /opt/airflow/dags/crawl_daily_tgdd.py
[2025-02-23T19:20:42.127+0000] {processor.py:840} INFO - DAG(s) 'crawl_thegioididong_daily' retrieved from /opt/airflow/dags/crawl_daily_tgdd.py
[2025-02-23T19:20:42.155+0000] {logging_mixin.py:188} INFO - [2025-02-23T19:20:42.155+0000] {dag.py:3089} INFO - Sync 1 DAGs
[2025-02-23T19:20:42.177+0000] {logging_mixin.py:188} INFO - [2025-02-23T19:20:42.177+0000] {dag.py:3947} INFO - Setting next_dagrun for crawl_thegioididong_daily to 2025-02-23 00:00:00+00:00, run_after=2025-02-24 00:00:00+00:00
[2025-02-23T19:20:42.199+0000] {processor.py:183} INFO - Processing /opt/airflow/dags/crawl_daily_tgdd.py took 0.106 seconds
[2025-02-23T19:21:12.669+0000] {processor.py:161} INFO - Started process (PID=671) to work on /opt/airflow/dags/crawl_daily_tgdd.py
[2025-02-23T19:21:12.670+0000] {processor.py:830} INFO - Processing file /opt/airflow/dags/crawl_daily_tgdd.py for tasks to queue
[2025-02-23T19:21:12.673+0000] {logging_mixin.py:188} INFO - [2025-02-23T19:21:12.672+0000] {dagbag.py:545} INFO - Filling up the DagBag from /opt/airflow/dags/crawl_daily_tgdd.py
[2025-02-23T19:21:12.698+0000] {processor.py:840} INFO - DAG(s) 'crawl_thegioididong_daily' retrieved from /opt/airflow/dags/crawl_daily_tgdd.py
[2025-02-23T19:21:12.722+0000] {logging_mixin.py:188} INFO - [2025-02-23T19:21:12.721+0000] {dag.py:3089} INFO - Sync 1 DAGs
[2025-02-23T19:21:12.743+0000] {logging_mixin.py:188} INFO - [2025-02-23T19:21:12.743+0000] {dag.py:3947} INFO - Setting next_dagrun for crawl_thegioididong_daily to 2025-02-23 00:00:00+00:00, run_after=2025-02-24 00:00:00+00:00
[2025-02-23T19:21:12.764+0000] {processor.py:183} INFO - Processing /opt/airflow/dags/crawl_daily_tgdd.py took 0.103 seconds
[2025-02-23T19:21:43.052+0000] {processor.py:161} INFO - Started process (PID=679) to work on /opt/airflow/dags/crawl_daily_tgdd.py
[2025-02-23T19:21:43.053+0000] {processor.py:830} INFO - Processing file /opt/airflow/dags/crawl_daily_tgdd.py for tasks to queue
[2025-02-23T19:21:43.055+0000] {logging_mixin.py:188} INFO - [2025-02-23T19:21:43.055+0000] {dagbag.py:545} INFO - Filling up the DagBag from /opt/airflow/dags/crawl_daily_tgdd.py
[2025-02-23T19:21:43.081+0000] {processor.py:840} INFO - DAG(s) 'crawl_thegioididong_daily' retrieved from /opt/airflow/dags/crawl_daily_tgdd.py
[2025-02-23T19:21:43.123+0000] {logging_mixin.py:188} INFO - [2025-02-23T19:21:43.123+0000] {dag.py:3089} INFO - Sync 1 DAGs
[2025-02-23T19:21:43.165+0000] {logging_mixin.py:188} INFO - [2025-02-23T19:21:43.165+0000] {dag.py:3947} INFO - Setting next_dagrun for crawl_thegioididong_daily to 2025-02-23 00:00:00+00:00, run_after=2025-02-24 00:00:00+00:00
[2025-02-23T19:21:43.195+0000] {processor.py:183} INFO - Processing /opt/airflow/dags/crawl_daily_tgdd.py took 0.153 seconds
[2025-02-23T19:22:13.541+0000] {processor.py:161} INFO - Started process (PID=693) to work on /opt/airflow/dags/crawl_daily_tgdd.py
[2025-02-23T19:22:13.542+0000] {processor.py:830} INFO - Processing file /opt/airflow/dags/crawl_daily_tgdd.py for tasks to queue
[2025-02-23T19:22:13.544+0000] {logging_mixin.py:188} INFO - [2025-02-23T19:22:13.544+0000] {dagbag.py:545} INFO - Filling up the DagBag from /opt/airflow/dags/crawl_daily_tgdd.py
[2025-02-23T19:22:13.570+0000] {processor.py:840} INFO - DAG(s) 'crawl_thegioididong_daily' retrieved from /opt/airflow/dags/crawl_daily_tgdd.py
[2025-02-23T19:22:13.598+0000] {logging_mixin.py:188} INFO - [2025-02-23T19:22:13.598+0000] {dag.py:3089} INFO - Sync 1 DAGs
[2025-02-23T19:22:13.620+0000] {logging_mixin.py:188} INFO - [2025-02-23T19:22:13.619+0000] {dag.py:3947} INFO - Setting next_dagrun for crawl_thegioididong_daily to 2025-02-23 00:00:00+00:00, run_after=2025-02-24 00:00:00+00:00
[2025-02-23T19:22:13.642+0000] {processor.py:183} INFO - Processing /opt/airflow/dags/crawl_daily_tgdd.py took 0.109 seconds
[2025-02-23T19:22:43.989+0000] {processor.py:161} INFO - Started process (PID=701) to work on /opt/airflow/dags/crawl_daily_tgdd.py
[2025-02-23T19:22:43.990+0000] {processor.py:830} INFO - Processing file /opt/airflow/dags/crawl_daily_tgdd.py for tasks to queue
[2025-02-23T19:22:43.993+0000] {logging_mixin.py:188} INFO - [2025-02-23T19:22:43.992+0000] {dagbag.py:545} INFO - Filling up the DagBag from /opt/airflow/dags/crawl_daily_tgdd.py
[2025-02-23T19:22:44.019+0000] {processor.py:840} INFO - DAG(s) 'crawl_thegioididong_daily' retrieved from /opt/airflow/dags/crawl_daily_tgdd.py
[2025-02-23T19:22:44.046+0000] {logging_mixin.py:188} INFO - [2025-02-23T19:22:44.046+0000] {dag.py:3089} INFO - Sync 1 DAGs
[2025-02-23T19:22:44.068+0000] {logging_mixin.py:188} INFO - [2025-02-23T19:22:44.068+0000] {dag.py:3947} INFO - Setting next_dagrun for crawl_thegioididong_daily to 2025-02-23 00:00:00+00:00, run_after=2025-02-24 00:00:00+00:00
[2025-02-23T19:22:44.092+0000] {processor.py:183} INFO - Processing /opt/airflow/dags/crawl_daily_tgdd.py took 0.113 seconds
[2025-02-23T19:23:14.633+0000] {processor.py:161} INFO - Started process (PID=709) to work on /opt/airflow/dags/crawl_daily_tgdd.py
[2025-02-23T19:23:14.634+0000] {processor.py:830} INFO - Processing file /opt/airflow/dags/crawl_daily_tgdd.py for tasks to queue
[2025-02-23T19:23:14.637+0000] {logging_mixin.py:188} INFO - [2025-02-23T19:23:14.636+0000] {dagbag.py:545} INFO - Filling up the DagBag from /opt/airflow/dags/crawl_daily_tgdd.py
[2025-02-23T19:23:14.660+0000] {processor.py:840} INFO - DAG(s) 'crawl_thegioididong_daily' retrieved from /opt/airflow/dags/crawl_daily_tgdd.py
[2025-02-23T19:23:14.687+0000] {logging_mixin.py:188} INFO - [2025-02-23T19:23:14.687+0000] {dag.py:3089} INFO - Sync 1 DAGs
[2025-02-23T19:23:14.714+0000] {logging_mixin.py:188} INFO - [2025-02-23T19:23:14.714+0000] {dag.py:3947} INFO - Setting next_dagrun for crawl_thegioididong_daily to 2025-02-23 00:00:00+00:00, run_after=2025-02-24 00:00:00+00:00
[2025-02-23T19:23:14.738+0000] {processor.py:183} INFO - Processing /opt/airflow/dags/crawl_daily_tgdd.py took 0.113 seconds
[2025-02-23T19:23:45.112+0000] {processor.py:161} INFO - Started process (PID=717) to work on /opt/airflow/dags/crawl_daily_tgdd.py
[2025-02-23T19:23:45.113+0000] {processor.py:830} INFO - Processing file /opt/airflow/dags/crawl_daily_tgdd.py for tasks to queue
[2025-02-23T19:23:45.115+0000] {logging_mixin.py:188} INFO - [2025-02-23T19:23:45.115+0000] {dagbag.py:545} INFO - Filling up the DagBag from /opt/airflow/dags/crawl_daily_tgdd.py
[2025-02-23T19:23:45.137+0000] {processor.py:840} INFO - DAG(s) 'crawl_thegioididong_daily' retrieved from /opt/airflow/dags/crawl_daily_tgdd.py
[2025-02-23T19:23:45.164+0000] {logging_mixin.py:188} INFO - [2025-02-23T19:23:45.163+0000] {dag.py:3089} INFO - Sync 1 DAGs
[2025-02-23T19:23:45.183+0000] {logging_mixin.py:188} INFO - [2025-02-23T19:23:45.183+0000] {dag.py:3947} INFO - Setting next_dagrun for crawl_thegioididong_daily to 2025-02-23 00:00:00+00:00, run_after=2025-02-24 00:00:00+00:00
[2025-02-23T19:23:45.209+0000] {processor.py:183} INFO - Processing /opt/airflow/dags/crawl_daily_tgdd.py took 0.105 seconds
[2025-02-23T19:24:15.750+0000] {processor.py:161} INFO - Started process (PID=725) to work on /opt/airflow/dags/crawl_daily_tgdd.py
[2025-02-23T19:24:15.751+0000] {processor.py:830} INFO - Processing file /opt/airflow/dags/crawl_daily_tgdd.py for tasks to queue
[2025-02-23T19:24:15.754+0000] {logging_mixin.py:188} INFO - [2025-02-23T19:24:15.754+0000] {dagbag.py:545} INFO - Filling up the DagBag from /opt/airflow/dags/crawl_daily_tgdd.py
[2025-02-23T19:24:15.781+0000] {processor.py:840} INFO - DAG(s) 'crawl_thegioididong_daily' retrieved from /opt/airflow/dags/crawl_daily_tgdd.py
[2025-02-23T19:24:15.817+0000] {logging_mixin.py:188} INFO - [2025-02-23T19:24:15.817+0000] {dag.py:3089} INFO - Sync 1 DAGs
[2025-02-23T19:24:15.842+0000] {logging_mixin.py:188} INFO - [2025-02-23T19:24:15.842+0000] {dag.py:3947} INFO - Setting next_dagrun for crawl_thegioididong_daily to 2025-02-23 00:00:00+00:00, run_after=2025-02-24 00:00:00+00:00
[2025-02-23T19:24:15.871+0000] {processor.py:183} INFO - Processing /opt/airflow/dags/crawl_daily_tgdd.py took 0.135 seconds
