[2025-03-06T00:08:49.956+0000] {local_task_job_runner.py:120} INFO - ::group::Pre task execution logs
[2025-03-06T00:08:49.995+0000] {taskinstance.py:2076} INFO - Dependencies all met for dep_context=non-requeueable deps ti=<TaskInstance: crawl_thegioididong_daily.crawl scheduled__2025-03-05T00:00:00+00:00 [queued]>
[2025-03-06T00:08:50.012+0000] {taskinstance.py:2076} INFO - Dependencies all met for dep_context=requeueable deps ti=<TaskInstance: crawl_thegioididong_daily.crawl scheduled__2025-03-05T00:00:00+00:00 [queued]>
[2025-03-06T00:08:50.013+0000] {taskinstance.py:2306} INFO - Starting attempt 1 of 1
[2025-03-06T00:08:50.030+0000] {taskinstance.py:2330} INFO - Executing <Task(BashOperator): crawl> on 2025-03-05 00:00:00+00:00
[2025-03-06T00:08:50.036+0000] {standard_task_runner.py:64} INFO - Started process 64 to run task
[2025-03-06T00:08:50.041+0000] {standard_task_runner.py:90} INFO - Running: ['***', 'tasks', 'run', 'crawl_thegioididong_daily', 'crawl', 'scheduled__2025-03-05T00:00:00+00:00', '--job-id', '312', '--raw', '--subdir', 'DAGS_FOLDER/crawl_daily_tgdd.py', '--cfg-path', '/tmp/tmpic3cswy5']
[2025-03-06T00:08:50.043+0000] {standard_task_runner.py:91} INFO - Job 312: Subtask crawl
[2025-03-06T00:08:50.130+0000] {task_command.py:426} INFO - Running <TaskInstance: crawl_thegioididong_daily.crawl scheduled__2025-03-05T00:00:00+00:00 [running]> on host f5560d54c022
[2025-03-06T00:08:50.267+0000] {taskinstance.py:2648} INFO - Exporting env vars: AIRFLOW_CTX_DAG_OWNER='***' AIRFLOW_CTX_DAG_ID='crawl_thegioididong_daily' AIRFLOW_CTX_TASK_ID='crawl' AIRFLOW_CTX_EXECUTION_DATE='2025-03-05T00:00:00+00:00' AIRFLOW_CTX_TRY_NUMBER='1' AIRFLOW_CTX_DAG_RUN_ID='scheduled__2025-03-05T00:00:00+00:00'
[2025-03-06T00:08:50.271+0000] {taskinstance.py:430} INFO - ::endgroup::
[2025-03-06T00:08:50.299+0000] {subprocess.py:63} INFO - Tmp dir root location: /tmp
[2025-03-06T00:08:50.301+0000] {subprocess.py:75} INFO - Running command: ['/usr/bin/bash', '-c', 'cd /app/crawler/tgdd_crawler/tgdd_crawler; scrapy crawl tgdd_crawler -a daily=true; ']
[2025-03-06T00:08:50.315+0000] {subprocess.py:86} INFO - Output:
[2025-03-06T00:08:51.358+0000] {subprocess.py:93} INFO - 2025-03-06 00:08:51 [scrapy.utils.log] INFO: Scrapy 2.12.0 started (bot: scrapybot)
[2025-03-06T00:08:51.364+0000] {subprocess.py:93} INFO - 2025-03-06 00:08:51 [scrapy.utils.log] INFO: Versions: lxml 5.2.2.0, libxml2 2.12.6, cssselect 1.2.0, parsel 1.10.0, w3lib 2.3.1, Twisted 24.11.0, Python 3.9.19 (main, Jul 23 2024, 07:18:03) - [GCC 12.2.0], pyOpenSSL 24.1.0 (OpenSSL 3.1.4 24 Oct 2023), cryptography 41.0.7, Platform Linux-5.15.167.4-microsoft-standard-WSL2-x86_64-with-glibc2.36
[2025-03-06T00:08:51.368+0000] {subprocess.py:93} INFO - 2025-03-06 00:08:51 [root] INFO: /app/crawler/tgdd_crawler/tgdd_crawler/metadata.json
[2025-03-06T00:08:51.375+0000] {subprocess.py:93} INFO - 2025-03-06 00:08:51 [scrapy.addons] INFO: Enabled addons:
[2025-03-06T00:08:51.375+0000] {subprocess.py:93} INFO - []
[2025-03-06T00:08:51.381+0000] {subprocess.py:93} INFO - 2025-03-06 00:08:51 [scrapy.extensions.telnet] INFO: Telnet Password: dd90d9d8d57b8aad
[2025-03-06T00:08:51.401+0000] {subprocess.py:93} INFO - 2025-03-06 00:08:51 [scrapy.middleware] INFO: Enabled extensions:
[2025-03-06T00:08:51.402+0000] {subprocess.py:93} INFO - ['scrapy.extensions.corestats.CoreStats',
[2025-03-06T00:08:51.402+0000] {subprocess.py:93} INFO -  'scrapy.extensions.telnet.TelnetConsole',
[2025-03-06T00:08:51.403+0000] {subprocess.py:93} INFO -  'scrapy.extensions.memusage.MemoryUsage',
[2025-03-06T00:08:51.403+0000] {subprocess.py:93} INFO -  'scrapy.extensions.logstats.LogStats']
[2025-03-06T00:08:51.404+0000] {subprocess.py:93} INFO - 2025-03-06 00:08:51 [scrapy.crawler] INFO: Overridden settings:
[2025-03-06T00:08:51.404+0000] {subprocess.py:93} INFO - {'DOWNLOAD_DELAY': 0.1,
[2025-03-06T00:08:51.405+0000] {subprocess.py:93} INFO -  'FEED_EXPORT_ENCODING': 'utf-8',
[2025-03-06T00:08:51.405+0000] {subprocess.py:93} INFO -  'LOG_LEVEL': 'INFO',
[2025-03-06T00:08:51.406+0000] {subprocess.py:93} INFO -  'NEWSPIDER_MODULE': 'tgdd_crawler.spiders',
[2025-03-06T00:08:51.406+0000] {subprocess.py:93} INFO -  'SPIDER_MODULES': ['tgdd_crawler.spiders'],
[2025-03-06T00:08:51.407+0000] {subprocess.py:93} INFO -  'TWISTED_REACTOR': 'twisted.internet.asyncioreactor.AsyncioSelectorReactor',
[2025-03-06T00:08:51.407+0000] {subprocess.py:93} INFO -  'USER_AGENT': 'Mozilla/5.0 (Windows NT 10.0; Win64; x64) AppleWebKit/537.36 '
[2025-03-06T00:08:51.408+0000] {subprocess.py:93} INFO -                '(KHTML, like Gecko) Chrome/58.0.3029.110 Safari/537.36'}
[2025-03-06T00:08:51.555+0000] {subprocess.py:93} INFO - 2025-03-06 00:08:51 [scrapy.middleware] INFO: Enabled downloader middlewares:
[2025-03-06T00:08:51.556+0000] {subprocess.py:93} INFO - ['scrapy.downloadermiddlewares.offsite.OffsiteMiddleware',
[2025-03-06T00:08:51.557+0000] {subprocess.py:93} INFO -  'scrapy.downloadermiddlewares.httpauth.HttpAuthMiddleware',
[2025-03-06T00:08:51.558+0000] {subprocess.py:93} INFO -  'scrapy.downloadermiddlewares.downloadtimeout.DownloadTimeoutMiddleware',
[2025-03-06T00:08:51.559+0000] {subprocess.py:93} INFO -  'scrapy.downloadermiddlewares.defaultheaders.DefaultHeadersMiddleware',
[2025-03-06T00:08:51.560+0000] {subprocess.py:93} INFO -  'scrapy.downloadermiddlewares.useragent.UserAgentMiddleware',
[2025-03-06T00:08:51.561+0000] {subprocess.py:93} INFO -  'scrapy.downloadermiddlewares.retry.RetryMiddleware',
[2025-03-06T00:08:51.561+0000] {subprocess.py:93} INFO -  'scrapy.downloadermiddlewares.redirect.MetaRefreshMiddleware',
[2025-03-06T00:08:51.562+0000] {subprocess.py:93} INFO -  'scrapy.downloadermiddlewares.httpcompression.HttpCompressionMiddleware',
[2025-03-06T00:08:51.563+0000] {subprocess.py:93} INFO -  'scrapy.downloadermiddlewares.redirect.RedirectMiddleware',
[2025-03-06T00:08:51.564+0000] {subprocess.py:93} INFO -  'scrapy.downloadermiddlewares.cookies.CookiesMiddleware',
[2025-03-06T00:08:51.564+0000] {subprocess.py:93} INFO -  'scrapy.downloadermiddlewares.httpproxy.HttpProxyMiddleware',
[2025-03-06T00:08:51.565+0000] {subprocess.py:93} INFO -  'scrapy.downloadermiddlewares.stats.DownloaderStats']
[2025-03-06T00:08:51.566+0000] {subprocess.py:93} INFO - 2025-03-06 00:08:51 [scrapy.middleware] INFO: Enabled spider middlewares:
[2025-03-06T00:08:51.567+0000] {subprocess.py:93} INFO - ['scrapy.spidermiddlewares.httperror.HttpErrorMiddleware',
[2025-03-06T00:08:51.568+0000] {subprocess.py:93} INFO -  'scrapy.spidermiddlewares.referer.RefererMiddleware',
[2025-03-06T00:08:51.568+0000] {subprocess.py:93} INFO -  'scrapy.spidermiddlewares.urllength.UrlLengthMiddleware',
[2025-03-06T00:08:51.569+0000] {subprocess.py:93} INFO -  'scrapy.spidermiddlewares.depth.DepthMiddleware']
[2025-03-06T00:08:51.571+0000] {subprocess.py:93} INFO - 2025-03-06 00:08:51 [scrapy.middleware] INFO: Enabled item pipelines:
[2025-03-06T00:08:51.571+0000] {subprocess.py:93} INFO - []
[2025-03-06T00:08:51.572+0000] {subprocess.py:93} INFO - 2025-03-06 00:08:51 [scrapy.core.engine] INFO: Spider opened
[2025-03-06T00:08:51.577+0000] {subprocess.py:93} INFO - 2025-03-06 00:08:51 [scrapy.extensions.logstats] INFO: Crawled 0 pages (at 0 pages/min), scraped 0 items (at 0 items/min)
[2025-03-06T00:08:51.579+0000] {subprocess.py:93} INFO - 2025-03-06 00:08:51 [scrapy.extensions.telnet] INFO: Telnet console listening on 127.0.0.1:6023
[2025-03-06T00:09:56.100+0000] {subprocess.py:93} INFO - 2025-03-06 00:09:56 [scrapy.extensions.logstats] INFO: Crawled 74 pages (at 74 pages/min), scraped 0 items (at 0 items/min)
[2025-03-06T00:10:26.920+0000] {subprocess.py:93} INFO - 2025-03-06 00:10:26 [scrapy.core.engine] INFO: Closing spider (finished)
[2025-03-06T00:10:26.920+0000] {subprocess.py:93} INFO - 2025-03-06 00:10:26 [root] INFO: Spider closed: finished
[2025-03-06T00:10:26.931+0000] {subprocess.py:93} INFO - 2025-03-06 00:10:26 [scrapy.statscollectors] INFO: Dumping Scrapy stats:
[2025-03-06T00:10:26.932+0000] {subprocess.py:93} INFO - {'downloader/request_bytes': 45848,
[2025-03-06T00:10:26.932+0000] {subprocess.py:93} INFO -  'downloader/request_count': 103,
[2025-03-06T00:10:26.933+0000] {subprocess.py:93} INFO -  'downloader/request_method_count/GET': 103,
[2025-03-06T00:10:26.933+0000] {subprocess.py:93} INFO -  'downloader/response_bytes': 598676,
[2025-03-06T00:10:26.934+0000] {subprocess.py:93} INFO -  'downloader/response_count': 103,
[2025-03-06T00:10:26.934+0000] {subprocess.py:93} INFO -  'downloader/response_status_count/200': 103,
[2025-03-06T00:10:26.935+0000] {subprocess.py:93} INFO -  'elapsed_time_seconds': 95.343098,
[2025-03-06T00:10:26.935+0000] {subprocess.py:93} INFO -  'finish_reason': 'finished',
[2025-03-06T00:10:26.936+0000] {subprocess.py:93} INFO -  'finish_time': datetime.datetime(2025, 3, 6, 0, 10, 26, 920052, tzinfo=datetime.timezone.utc),
[2025-03-06T00:10:26.936+0000] {subprocess.py:93} INFO -  'httpcompression/response_bytes': 2769409,
[2025-03-06T00:10:26.937+0000] {subprocess.py:93} INFO -  'httpcompression/response_count': 103,
[2025-03-06T00:10:26.937+0000] {subprocess.py:93} INFO -  'items_per_minute': None,
[2025-03-06T00:10:26.938+0000] {subprocess.py:93} INFO -  'log_count/INFO': 12,
[2025-03-06T00:10:26.938+0000] {subprocess.py:93} INFO -  'memusage/max': 170512384,
[2025-03-06T00:10:26.938+0000] {subprocess.py:93} INFO -  'memusage/startup': 170512384,
[2025-03-06T00:10:26.939+0000] {subprocess.py:93} INFO -  'request_depth_max': 1,
[2025-03-06T00:10:26.939+0000] {subprocess.py:93} INFO -  'response_received_count': 103,
[2025-03-06T00:10:26.940+0000] {subprocess.py:93} INFO -  'responses_per_minute': None,
[2025-03-06T00:10:26.940+0000] {subprocess.py:93} INFO -  'scheduler/dequeued': 103,
[2025-03-06T00:10:26.941+0000] {subprocess.py:93} INFO -  'scheduler/dequeued/memory': 103,
[2025-03-06T00:10:26.941+0000] {subprocess.py:93} INFO -  'scheduler/enqueued': 103,
[2025-03-06T00:10:26.942+0000] {subprocess.py:93} INFO -  'scheduler/enqueued/memory': 103,
[2025-03-06T00:10:26.942+0000] {subprocess.py:93} INFO -  'start_time': datetime.datetime(2025, 3, 6, 0, 8, 51, 576954, tzinfo=datetime.timezone.utc)}
[2025-03-06T00:10:26.942+0000] {subprocess.py:93} INFO - 2025-03-06 00:10:26 [scrapy.core.engine] INFO: Spider closed (finished)
[2025-03-06T00:10:36.092+0000] {subprocess.py:93} INFO - <module 'posixpath' from '/usr/local/lib/python3.9/posixpath.py'>
[2025-03-06T00:10:36.092+0000] {subprocess.py:93} INFO - Tệp /app/crawler/tgdd_crawler/tgdd_crawler/crawler/tgdd_crawler/tgdd_crawler/metadata.json không tồn tại.
[2025-03-06T00:10:36.213+0000] {subprocess.py:97} INFO - Command exited with return code 0
[2025-03-06T00:10:36.214+0000] {taskinstance.py:441} INFO - ::group::Post task execution logs
[2025-03-06T00:10:36.238+0000] {taskinstance.py:1206} INFO - Marking task as SUCCESS. dag_id=crawl_thegioididong_daily, task_id=crawl, run_id=scheduled__2025-03-05T00:00:00+00:00, execution_date=20250305T000000, start_date=20250306T000849, end_date=20250306T001036
[2025-03-06T00:10:36.292+0000] {local_task_job_runner.py:243} INFO - Task exited with return code 0
[2025-03-06T00:10:36.313+0000] {taskinstance.py:3503} INFO - 1 downstream tasks scheduled from follow-on schedule check
[2025-03-06T00:10:36.316+0000] {local_task_job_runner.py:222} INFO - ::endgroup::
