[2025-03-01T14:35:39.504+0000] {local_task_job_runner.py:120} INFO - ::group::Pre task execution logs
[2025-03-01T14:35:39.548+0000] {taskinstance.py:2076} INFO - Dependencies all met for dep_context=non-requeueable deps ti=<TaskInstance: normalize_thegioididong_daily.normalize_task manual__2025-03-01T14:35:37.959806+00:00 [queued]>
[2025-03-01T14:35:39.561+0000] {taskinstance.py:2076} INFO - Dependencies all met for dep_context=requeueable deps ti=<TaskInstance: normalize_thegioididong_daily.normalize_task manual__2025-03-01T14:35:37.959806+00:00 [queued]>
[2025-03-01T14:35:39.562+0000] {taskinstance.py:2306} INFO - Starting attempt 1 of 1
[2025-03-01T14:35:39.580+0000] {taskinstance.py:2330} INFO - Executing <Task(PythonOperator): normalize_task> on 2025-03-01 14:35:37.959806+00:00
[2025-03-01T14:35:39.591+0000] {warnings.py:112} WARNING - /home/***/.local/lib/python3.12/site-packages/***/task/task_runner/standard_task_runner.py:62: DeprecationWarning: This process (pid=975) is multi-threaded, use of fork() may lead to deadlocks in the child.
  pid = os.fork()

[2025-03-01T14:35:39.593+0000] {standard_task_runner.py:90} INFO - Running: ['***', 'tasks', 'run', 'normalize_thegioididong_daily', 'normalize_task', 'manual__2025-03-01T14:35:37.959806+00:00', '--job-id', '122', '--raw', '--subdir', 'DAGS_FOLDER/normalize_daily_tgdd.py', '--cfg-path', '/tmp/tmpe_6u9pgl']
[2025-03-01T14:35:39.593+0000] {standard_task_runner.py:64} INFO - Started process 976 to run task
[2025-03-01T14:35:39.594+0000] {standard_task_runner.py:91} INFO - Job 122: Subtask normalize_task
[2025-03-01T14:35:39.649+0000] {task_command.py:426} INFO - Running <TaskInstance: normalize_thegioididong_daily.normalize_task manual__2025-03-01T14:35:37.959806+00:00 [running]> on host 934a1bc80592
[2025-03-01T14:35:39.758+0000] {taskinstance.py:2648} INFO - Exporting env vars: AIRFLOW_CTX_DAG_OWNER='***' AIRFLOW_CTX_DAG_ID='normalize_thegioididong_daily' AIRFLOW_CTX_TASK_ID='normalize_task' AIRFLOW_CTX_EXECUTION_DATE='2025-03-01T14:35:37.959806+00:00' AIRFLOW_CTX_TRY_NUMBER='1' AIRFLOW_CTX_DAG_RUN_ID='manual__2025-03-01T14:35:37.959806+00:00'
[2025-03-01T14:35:39.759+0000] {taskinstance.py:430} INFO - ::endgroup::
[2025-03-01T14:35:39.783+0000] {normalize_daily_tgdd.py:17} INFO - 20250301
[2025-03-01T14:35:39.889+0000] {python.py:237} INFO - Done. Returned value was: None
[2025-03-01T14:35:39.891+0000] {taskinstance.py:441} INFO - ::group::Post task execution logs
[2025-03-01T14:35:39.901+0000] {taskinstance.py:1206} INFO - Marking task as SUCCESS. dag_id=normalize_thegioididong_daily, task_id=normalize_task, run_id=manual__2025-03-01T14:35:37.959806+00:00, execution_date=20250301T143537, start_date=20250301T143539, end_date=20250301T143539
[2025-03-01T14:35:39.930+0000] {local_task_job_runner.py:243} INFO - Task exited with return code 0
[2025-03-01T14:35:39.950+0000] {taskinstance.py:3503} INFO - 0 downstream tasks scheduled from follow-on schedule check
[2025-03-01T14:35:39.953+0000] {local_task_job_runner.py:222} INFO - ::endgroup::
