[2025-03-05T16:44:23.384+0000] {local_task_job_runner.py:120} INFO - ::group::Pre task execution logs
[2025-03-05T16:44:23.435+0000] {taskinstance.py:2076} INFO - Dependencies all met for dep_context=non-requeueable deps ti=<TaskInstance: crawl_thegioididong_daily.crawl manual__2025-03-05T16:44:22.081270+00:00 [queued]>
[2025-03-05T16:44:23.449+0000] {taskinstance.py:2076} INFO - Dependencies all met for dep_context=requeueable deps ti=<TaskInstance: crawl_thegioididong_daily.crawl manual__2025-03-05T16:44:22.081270+00:00 [queued]>
[2025-03-05T16:44:23.450+0000] {taskinstance.py:2306} INFO - Starting attempt 1 of 1
[2025-03-05T16:44:23.470+0000] {taskinstance.py:2330} INFO - Executing <Task(BashOperator): crawl> on 2025-03-05 16:44:22.081270+00:00
[2025-03-05T16:44:23.478+0000] {standard_task_runner.py:64} INFO - Started process 177 to run task
[2025-03-05T16:44:23.482+0000] {standard_task_runner.py:90} INFO - Running: ['***', 'tasks', 'run', 'crawl_thegioididong_daily', 'crawl', 'manual__2025-03-05T16:44:22.081270+00:00', '--job-id', '277', '--raw', '--subdir', 'DAGS_FOLDER/crawl_daily_tgdd.py', '--cfg-path', '/tmp/tmp7p9icosg']
[2025-03-05T16:44:23.484+0000] {standard_task_runner.py:91} INFO - Job 277: Subtask crawl
[2025-03-05T16:44:23.553+0000] {task_command.py:426} INFO - Running <TaskInstance: crawl_thegioididong_daily.crawl manual__2025-03-05T16:44:22.081270+00:00 [running]> on host 2ea7787db707
[2025-03-05T16:44:23.646+0000] {taskinstance.py:2648} INFO - Exporting env vars: AIRFLOW_CTX_DAG_OWNER='***' AIRFLOW_CTX_DAG_ID='crawl_thegioididong_daily' AIRFLOW_CTX_TASK_ID='crawl' AIRFLOW_CTX_EXECUTION_DATE='2025-03-05T16:44:22.081270+00:00' AIRFLOW_CTX_TRY_NUMBER='1' AIRFLOW_CTX_DAG_RUN_ID='manual__2025-03-05T16:44:22.081270+00:00'
[2025-03-05T16:44:23.647+0000] {taskinstance.py:430} INFO - ::endgroup::
[2025-03-05T16:44:23.670+0000] {subprocess.py:63} INFO - Tmp dir root location: /tmp
[2025-03-05T16:44:23.672+0000] {subprocess.py:75} INFO - Running command: ['/usr/bin/bash', '-c', 'cd /app/crawler/tgdd_crawler/tgdd_crawler; scrapy crawl tgdd_crawler -a daily=true; ']
[2025-03-05T16:44:23.683+0000] {subprocess.py:86} INFO - Output:
[2025-03-05T16:44:24.975+0000] {subprocess.py:93} INFO - 2025-03-05 16:44:24 [scrapy.utils.log] INFO: Scrapy 2.12.0 started (bot: scrapybot)
[2025-03-05T16:44:24.979+0000] {subprocess.py:93} INFO - 2025-03-05 16:44:24 [scrapy.utils.log] INFO: Versions: lxml 5.2.2.0, libxml2 2.12.6, cssselect 1.2.0, parsel 1.10.0, w3lib 2.3.1, Twisted 24.11.0, Python 3.9.19 (main, Jul 23 2024, 07:18:03) - [GCC 12.2.0], pyOpenSSL 24.1.0 (OpenSSL 3.1.4 24 Oct 2023), cryptography 41.0.7, Platform Linux-5.15.167.4-microsoft-standard-WSL2-x86_64-with-glibc2.36
[2025-03-05T16:44:24.983+0000] {subprocess.py:93} INFO - 2025-03-05 16:44:24 [root] INFO: /app/crawler/tgdd_crawler/tgdd_crawler/metadata.json
[2025-03-05T16:44:24.997+0000] {subprocess.py:93} INFO - 2025-03-05 16:44:24 [scrapy.addons] INFO: Enabled addons:
[2025-03-05T16:44:24.998+0000] {subprocess.py:93} INFO - []
[2025-03-05T16:44:25.004+0000] {subprocess.py:93} INFO - 2025-03-05 16:44:25 [scrapy.extensions.telnet] INFO: Telnet Password: 9d7b3c52eafefe0d
[2025-03-05T16:44:25.057+0000] {subprocess.py:93} INFO - 2025-03-05 16:44:25 [scrapy.middleware] INFO: Enabled extensions:
[2025-03-05T16:44:25.058+0000] {subprocess.py:93} INFO - ['scrapy.extensions.corestats.CoreStats',
[2025-03-05T16:44:25.058+0000] {subprocess.py:93} INFO -  'scrapy.extensions.telnet.TelnetConsole',
[2025-03-05T16:44:25.059+0000] {subprocess.py:93} INFO -  'scrapy.extensions.memusage.MemoryUsage',
[2025-03-05T16:44:25.060+0000] {subprocess.py:93} INFO -  'scrapy.extensions.logstats.LogStats']
[2025-03-05T16:44:25.060+0000] {subprocess.py:93} INFO - 2025-03-05 16:44:25 [scrapy.crawler] INFO: Overridden settings:
[2025-03-05T16:44:25.061+0000] {subprocess.py:93} INFO - {'DOWNLOAD_DELAY': 0.1,
[2025-03-05T16:44:25.062+0000] {subprocess.py:93} INFO -  'FEED_EXPORT_ENCODING': 'utf-8',
[2025-03-05T16:44:25.063+0000] {subprocess.py:93} INFO -  'LOG_LEVEL': 'INFO',
[2025-03-05T16:44:25.063+0000] {subprocess.py:93} INFO -  'NEWSPIDER_MODULE': 'tgdd_crawler.spiders',
[2025-03-05T16:44:25.064+0000] {subprocess.py:93} INFO -  'SPIDER_MODULES': ['tgdd_crawler.spiders'],
[2025-03-05T16:44:25.065+0000] {subprocess.py:93} INFO -  'TWISTED_REACTOR': 'twisted.internet.asyncioreactor.AsyncioSelectorReactor',
[2025-03-05T16:44:25.065+0000] {subprocess.py:93} INFO -  'USER_AGENT': 'Mozilla/5.0 (Windows NT 10.0; Win64; x64) AppleWebKit/537.36 '
[2025-03-05T16:44:25.066+0000] {subprocess.py:93} INFO -                '(KHTML, like Gecko) Chrome/58.0.3029.110 Safari/537.36'}
[2025-03-05T16:44:25.226+0000] {subprocess.py:93} INFO - 2025-03-05 16:44:25 [scrapy.middleware] INFO: Enabled downloader middlewares:
[2025-03-05T16:44:25.227+0000] {subprocess.py:93} INFO - ['scrapy.downloadermiddlewares.offsite.OffsiteMiddleware',
[2025-03-05T16:44:25.229+0000] {subprocess.py:93} INFO -  'scrapy.downloadermiddlewares.httpauth.HttpAuthMiddleware',
[2025-03-05T16:44:25.230+0000] {subprocess.py:93} INFO -  'scrapy.downloadermiddlewares.downloadtimeout.DownloadTimeoutMiddleware',
[2025-03-05T16:44:25.232+0000] {subprocess.py:93} INFO -  'scrapy.downloadermiddlewares.defaultheaders.DefaultHeadersMiddleware',
[2025-03-05T16:44:25.233+0000] {subprocess.py:93} INFO -  'scrapy.downloadermiddlewares.useragent.UserAgentMiddleware',
[2025-03-05T16:44:25.234+0000] {subprocess.py:93} INFO -  'scrapy.downloadermiddlewares.retry.RetryMiddleware',
[2025-03-05T16:44:25.234+0000] {subprocess.py:93} INFO -  'scrapy.downloadermiddlewares.redirect.MetaRefreshMiddleware',
[2025-03-05T16:44:25.235+0000] {subprocess.py:93} INFO -  'scrapy.downloadermiddlewares.httpcompression.HttpCompressionMiddleware',
[2025-03-05T16:44:25.235+0000] {subprocess.py:93} INFO -  'scrapy.downloadermiddlewares.redirect.RedirectMiddleware',
[2025-03-05T16:44:25.236+0000] {subprocess.py:93} INFO -  'scrapy.downloadermiddlewares.cookies.CookiesMiddleware',
[2025-03-05T16:44:25.237+0000] {subprocess.py:93} INFO -  'scrapy.downloadermiddlewares.httpproxy.HttpProxyMiddleware',
[2025-03-05T16:44:25.237+0000] {subprocess.py:93} INFO -  'scrapy.downloadermiddlewares.stats.DownloaderStats']
[2025-03-05T16:44:25.238+0000] {subprocess.py:93} INFO - 2025-03-05 16:44:25 [scrapy.middleware] INFO: Enabled spider middlewares:
[2025-03-05T16:44:25.238+0000] {subprocess.py:93} INFO - ['scrapy.spidermiddlewares.httperror.HttpErrorMiddleware',
[2025-03-05T16:44:25.239+0000] {subprocess.py:93} INFO -  'scrapy.spidermiddlewares.referer.RefererMiddleware',
[2025-03-05T16:44:25.239+0000] {subprocess.py:93} INFO -  'scrapy.spidermiddlewares.urllength.UrlLengthMiddleware',
[2025-03-05T16:44:25.241+0000] {subprocess.py:93} INFO -  'scrapy.spidermiddlewares.depth.DepthMiddleware']
[2025-03-05T16:44:25.242+0000] {subprocess.py:93} INFO - 2025-03-05 16:44:25 [scrapy.middleware] INFO: Enabled item pipelines:
[2025-03-05T16:44:25.242+0000] {subprocess.py:93} INFO - []
[2025-03-05T16:44:25.243+0000] {subprocess.py:93} INFO - 2025-03-05 16:44:25 [scrapy.core.engine] INFO: Spider opened
[2025-03-05T16:44:25.252+0000] {subprocess.py:93} INFO - 2025-03-05 16:44:25 [scrapy.extensions.logstats] INFO: Crawled 0 pages (at 0 pages/min), scraped 0 items (at 0 items/min)
[2025-03-05T16:44:25.257+0000] {subprocess.py:93} INFO - 2025-03-05 16:44:25 [scrapy.extensions.telnet] INFO: Telnet console listening on 127.0.0.1:6023
[2025-03-05T16:45:25.253+0000] {subprocess.py:93} INFO - 2025-03-05 16:45:25 [scrapy.extensions.logstats] INFO: Crawled 102 pages (at 102 pages/min), scraped 0 items (at 0 items/min)
[2025-03-05T16:45:25.459+0000] {subprocess.py:93} INFO - 2025-03-05 16:45:25 [scrapy.core.engine] INFO: Closing spider (finished)
[2025-03-05T16:45:25.460+0000] {subprocess.py:93} INFO - 2025-03-05 16:45:25 [root] INFO: Spider closed: finished
[2025-03-05T16:45:25.474+0000] {subprocess.py:93} INFO - 2025-03-05 16:45:25 [scrapy.statscollectors] INFO: Dumping Scrapy stats:
[2025-03-05T16:45:25.475+0000] {subprocess.py:93} INFO - {'downloader/request_bytes': 45746,
[2025-03-05T16:45:25.476+0000] {subprocess.py:93} INFO -  'downloader/request_count': 103,
[2025-03-05T16:45:25.477+0000] {subprocess.py:93} INFO -  'downloader/request_method_count/GET': 103,
[2025-03-05T16:45:25.478+0000] {subprocess.py:93} INFO -  'downloader/response_bytes': 599841,
[2025-03-05T16:45:25.478+0000] {subprocess.py:93} INFO -  'downloader/response_count': 103,
[2025-03-05T16:45:25.479+0000] {subprocess.py:93} INFO -  'downloader/response_status_count/200': 103,
[2025-03-05T16:45:25.479+0000] {subprocess.py:93} INFO -  'elapsed_time_seconds': 60.20725,
[2025-03-05T16:45:25.480+0000] {subprocess.py:93} INFO -  'finish_reason': 'finished',
[2025-03-05T16:45:25.481+0000] {subprocess.py:93} INFO -  'finish_time': datetime.datetime(2025, 3, 5, 16, 45, 25, 459126, tzinfo=datetime.timezone.utc),
[2025-03-05T16:45:25.481+0000] {subprocess.py:93} INFO -  'httpcompression/response_bytes': 2769082,
[2025-03-05T16:45:25.482+0000] {subprocess.py:93} INFO -  'httpcompression/response_count': 103,
[2025-03-05T16:45:25.482+0000] {subprocess.py:93} INFO -  'items_per_minute': None,
[2025-03-05T16:45:25.483+0000] {subprocess.py:93} INFO -  'log_count/INFO': 12,
[2025-03-05T16:45:25.484+0000] {subprocess.py:93} INFO -  'memusage/max': 175693824,
[2025-03-05T16:45:25.485+0000] {subprocess.py:93} INFO -  'memusage/startup': 175693824,
[2025-03-05T16:45:25.485+0000] {subprocess.py:93} INFO -  'request_depth_max': 1,
[2025-03-05T16:45:25.486+0000] {subprocess.py:93} INFO -  'response_received_count': 103,
[2025-03-05T16:45:25.486+0000] {subprocess.py:93} INFO -  'responses_per_minute': None,
[2025-03-05T16:45:25.487+0000] {subprocess.py:93} INFO -  'scheduler/dequeued': 103,
[2025-03-05T16:45:25.487+0000] {subprocess.py:93} INFO -  'scheduler/dequeued/memory': 103,
[2025-03-05T16:45:25.488+0000] {subprocess.py:93} INFO -  'scheduler/enqueued': 103,
[2025-03-05T16:45:25.489+0000] {subprocess.py:93} INFO -  'scheduler/enqueued/memory': 103,
[2025-03-05T16:45:25.489+0000] {subprocess.py:93} INFO -  'start_time': datetime.datetime(2025, 3, 5, 16, 44, 25, 251876, tzinfo=datetime.timezone.utc)}
[2025-03-05T16:45:25.490+0000] {subprocess.py:93} INFO - 2025-03-05 16:45:25 [scrapy.core.engine] INFO: Spider closed (finished)
[2025-03-05T16:45:25.506+0000] {subprocess.py:93} INFO - <module 'posixpath' from '/usr/local/lib/python3.9/posixpath.py'>
[2025-03-05T16:45:25.507+0000] {subprocess.py:93} INFO - Tệp /app/crawler/tgdd_crawler/tgdd_crawler/crawler/tgdd_crawler/tgdd_crawler/metadata.json không tồn tại.
[2025-03-05T16:45:25.643+0000] {subprocess.py:97} INFO - Command exited with return code 0
[2025-03-05T16:45:25.645+0000] {taskinstance.py:441} INFO - ::group::Post task execution logs
[2025-03-05T16:45:25.677+0000] {taskinstance.py:1206} INFO - Marking task as SUCCESS. dag_id=crawl_thegioididong_daily, task_id=crawl, run_id=manual__2025-03-05T16:44:22.081270+00:00, execution_date=20250305T164422, start_date=20250305T164423, end_date=20250305T164525
[2025-03-05T16:45:25.726+0000] {local_task_job_runner.py:243} INFO - Task exited with return code 0
[2025-03-05T16:45:25.747+0000] {taskinstance.py:3503} INFO - 1 downstream tasks scheduled from follow-on schedule check
[2025-03-05T16:45:25.750+0000] {local_task_job_runner.py:222} INFO - ::endgroup::
