[2025-03-05T16:47:29.439+0000] {local_task_job_runner.py:120} INFO - ::group::Pre task execution logs
[2025-03-05T16:47:29.463+0000] {taskinstance.py:2076} INFO - Dependencies all met for dep_context=non-requeueable deps ti=<TaskInstance: crawl_thegioididong_daily.crawl manual__2025-03-05T16:47:27.933913+00:00 [queued]>
[2025-03-05T16:47:29.472+0000] {taskinstance.py:2076} INFO - Dependencies all met for dep_context=requeueable deps ti=<TaskInstance: crawl_thegioididong_daily.crawl manual__2025-03-05T16:47:27.933913+00:00 [queued]>
[2025-03-05T16:47:29.473+0000] {taskinstance.py:2306} INFO - Starting attempt 1 of 1
[2025-03-05T16:47:29.488+0000] {taskinstance.py:2330} INFO - Executing <Task(BashOperator): crawl> on 2025-03-05 16:47:27.933913+00:00
[2025-03-05T16:47:29.494+0000] {standard_task_runner.py:64} INFO - Started process 592 to run task
[2025-03-05T16:47:29.497+0000] {standard_task_runner.py:90} INFO - Running: ['***', 'tasks', 'run', 'crawl_thegioididong_daily', 'crawl', 'manual__2025-03-05T16:47:27.933913+00:00', '--job-id', '283', '--raw', '--subdir', 'DAGS_FOLDER/crawl_daily_tgdd.py', '--cfg-path', '/tmp/tmpvtodoqaf']
[2025-03-05T16:47:29.500+0000] {standard_task_runner.py:91} INFO - Job 283: Subtask crawl
[2025-03-05T16:47:29.553+0000] {task_command.py:426} INFO - Running <TaskInstance: crawl_thegioididong_daily.crawl manual__2025-03-05T16:47:27.933913+00:00 [running]> on host 2ea7787db707
[2025-03-05T16:47:29.639+0000] {taskinstance.py:2648} INFO - Exporting env vars: AIRFLOW_CTX_DAG_OWNER='***' AIRFLOW_CTX_DAG_ID='crawl_thegioididong_daily' AIRFLOW_CTX_TASK_ID='crawl' AIRFLOW_CTX_EXECUTION_DATE='2025-03-05T16:47:27.933913+00:00' AIRFLOW_CTX_TRY_NUMBER='1' AIRFLOW_CTX_DAG_RUN_ID='manual__2025-03-05T16:47:27.933913+00:00'
[2025-03-05T16:47:29.640+0000] {taskinstance.py:430} INFO - ::endgroup::
[2025-03-05T16:47:29.653+0000] {subprocess.py:63} INFO - Tmp dir root location: /tmp
[2025-03-05T16:47:29.654+0000] {subprocess.py:75} INFO - Running command: ['/usr/bin/bash', '-c', 'cd /app/crawler/tgdd_crawler/tgdd_crawler; scrapy crawl tgdd_crawler -a daily=true; ']
[2025-03-05T16:47:29.663+0000] {subprocess.py:86} INFO - Output:
[2025-03-05T16:47:30.746+0000] {subprocess.py:93} INFO - 2025-03-05 16:47:30 [scrapy.utils.log] INFO: Scrapy 2.12.0 started (bot: scrapybot)
[2025-03-05T16:47:30.751+0000] {subprocess.py:93} INFO - 2025-03-05 16:47:30 [scrapy.utils.log] INFO: Versions: lxml 5.2.2.0, libxml2 2.12.6, cssselect 1.2.0, parsel 1.10.0, w3lib 2.3.1, Twisted 24.11.0, Python 3.9.19 (main, Jul 23 2024, 07:18:03) - [GCC 12.2.0], pyOpenSSL 24.1.0 (OpenSSL 3.1.4 24 Oct 2023), cryptography 41.0.7, Platform Linux-5.15.167.4-microsoft-standard-WSL2-x86_64-with-glibc2.36
[2025-03-05T16:47:30.753+0000] {subprocess.py:93} INFO - 2025-03-05 16:47:30 [root] INFO: /app/crawler/tgdd_crawler/tgdd_crawler/metadata.json
[2025-03-05T16:47:30.763+0000] {subprocess.py:93} INFO - 2025-03-05 16:47:30 [scrapy.addons] INFO: Enabled addons:
[2025-03-05T16:47:30.763+0000] {subprocess.py:93} INFO - []
[2025-03-05T16:47:30.765+0000] {subprocess.py:93} INFO - 2025-03-05 16:47:30 [scrapy.extensions.telnet] INFO: Telnet Password: 20b70fb1f94fe9f8
[2025-03-05T16:47:30.802+0000] {subprocess.py:93} INFO - 2025-03-05 16:47:30 [scrapy.middleware] INFO: Enabled extensions:
[2025-03-05T16:47:30.803+0000] {subprocess.py:93} INFO - ['scrapy.extensions.corestats.CoreStats',
[2025-03-05T16:47:30.804+0000] {subprocess.py:93} INFO -  'scrapy.extensions.telnet.TelnetConsole',
[2025-03-05T16:47:30.805+0000] {subprocess.py:93} INFO -  'scrapy.extensions.memusage.MemoryUsage',
[2025-03-05T16:47:30.806+0000] {subprocess.py:93} INFO -  'scrapy.extensions.logstats.LogStats']
[2025-03-05T16:47:30.807+0000] {subprocess.py:93} INFO - 2025-03-05 16:47:30 [scrapy.crawler] INFO: Overridden settings:
[2025-03-05T16:47:30.808+0000] {subprocess.py:93} INFO - {'DOWNLOAD_DELAY': 0.1,
[2025-03-05T16:47:30.809+0000] {subprocess.py:93} INFO -  'FEED_EXPORT_ENCODING': 'utf-8',
[2025-03-05T16:47:30.809+0000] {subprocess.py:93} INFO -  'LOG_LEVEL': 'INFO',
[2025-03-05T16:47:30.810+0000] {subprocess.py:93} INFO -  'NEWSPIDER_MODULE': 'tgdd_crawler.spiders',
[2025-03-05T16:47:30.811+0000] {subprocess.py:93} INFO -  'SPIDER_MODULES': ['tgdd_crawler.spiders'],
[2025-03-05T16:47:30.812+0000] {subprocess.py:93} INFO -  'TWISTED_REACTOR': 'twisted.internet.asyncioreactor.AsyncioSelectorReactor',
[2025-03-05T16:47:30.812+0000] {subprocess.py:93} INFO -  'USER_AGENT': 'Mozilla/5.0 (Windows NT 10.0; Win64; x64) AppleWebKit/537.36 '
[2025-03-05T16:47:30.813+0000] {subprocess.py:93} INFO -                '(KHTML, like Gecko) Chrome/58.0.3029.110 Safari/537.36'}
[2025-03-05T16:47:30.892+0000] {subprocess.py:93} INFO - 2025-03-05 16:47:30 [scrapy.middleware] INFO: Enabled downloader middlewares:
[2025-03-05T16:47:30.893+0000] {subprocess.py:93} INFO - ['scrapy.downloadermiddlewares.offsite.OffsiteMiddleware',
[2025-03-05T16:47:30.894+0000] {subprocess.py:93} INFO -  'scrapy.downloadermiddlewares.httpauth.HttpAuthMiddleware',
[2025-03-05T16:47:30.895+0000] {subprocess.py:93} INFO -  'scrapy.downloadermiddlewares.downloadtimeout.DownloadTimeoutMiddleware',
[2025-03-05T16:47:30.895+0000] {subprocess.py:93} INFO -  'scrapy.downloadermiddlewares.defaultheaders.DefaultHeadersMiddleware',
[2025-03-05T16:47:30.896+0000] {subprocess.py:93} INFO -  'scrapy.downloadermiddlewares.useragent.UserAgentMiddleware',
[2025-03-05T16:47:30.897+0000] {subprocess.py:93} INFO -  'scrapy.downloadermiddlewares.retry.RetryMiddleware',
[2025-03-05T16:47:30.898+0000] {subprocess.py:93} INFO -  'scrapy.downloadermiddlewares.redirect.MetaRefreshMiddleware',
[2025-03-05T16:47:30.898+0000] {subprocess.py:93} INFO -  'scrapy.downloadermiddlewares.httpcompression.HttpCompressionMiddleware',
[2025-03-05T16:47:30.899+0000] {subprocess.py:93} INFO -  'scrapy.downloadermiddlewares.redirect.RedirectMiddleware',
[2025-03-05T16:47:30.900+0000] {subprocess.py:93} INFO -  'scrapy.downloadermiddlewares.cookies.CookiesMiddleware',
[2025-03-05T16:47:30.901+0000] {subprocess.py:93} INFO -  'scrapy.downloadermiddlewares.httpproxy.HttpProxyMiddleware',
[2025-03-05T16:47:30.901+0000] {subprocess.py:93} INFO -  'scrapy.downloadermiddlewares.stats.DownloaderStats']
[2025-03-05T16:47:30.902+0000] {subprocess.py:93} INFO - 2025-03-05 16:47:30 [scrapy.middleware] INFO: Enabled spider middlewares:
[2025-03-05T16:47:30.903+0000] {subprocess.py:93} INFO - ['scrapy.spidermiddlewares.httperror.HttpErrorMiddleware',
[2025-03-05T16:47:30.904+0000] {subprocess.py:93} INFO -  'scrapy.spidermiddlewares.referer.RefererMiddleware',
[2025-03-05T16:47:30.905+0000] {subprocess.py:93} INFO -  'scrapy.spidermiddlewares.urllength.UrlLengthMiddleware',
[2025-03-05T16:47:30.905+0000] {subprocess.py:93} INFO -  'scrapy.spidermiddlewares.depth.DepthMiddleware']
[2025-03-05T16:47:30.906+0000] {subprocess.py:93} INFO - 2025-03-05 16:47:30 [scrapy.middleware] INFO: Enabled item pipelines:
[2025-03-05T16:47:30.907+0000] {subprocess.py:93} INFO - []
[2025-03-05T16:47:30.907+0000] {subprocess.py:93} INFO - 2025-03-05 16:47:30 [scrapy.core.engine] INFO: Spider opened
[2025-03-05T16:47:30.908+0000] {subprocess.py:93} INFO - 2025-03-05 16:47:30 [scrapy.extensions.logstats] INFO: Crawled 0 pages (at 0 pages/min), scraped 0 items (at 0 items/min)
[2025-03-05T16:47:30.909+0000] {subprocess.py:93} INFO - 2025-03-05 16:47:30 [scrapy.extensions.telnet] INFO: Telnet console listening on 127.0.0.1:6023
[2025-03-05T16:47:41.314+0000] {subprocess.py:93} INFO - 2025-03-05 16:47:41 [root] INFO: metadata:2025-02-05
[2025-03-05T16:47:41.315+0000] {subprocess.py:93} INFO - 2025-03-05 16:47:41 [root] INFO: lastmod: 2025-02-28
[2025-03-05T16:47:41.315+0000] {subprocess.py:93} INFO - 2025-03-05 16:47:41 [root] INFO: metadata:2025-02-05
[2025-03-05T16:47:41.316+0000] {subprocess.py:93} INFO - 2025-03-05 16:47:41 [root] INFO: lastmod: 2025-02-28
[2025-03-05T16:47:41.317+0000] {subprocess.py:93} INFO - 2025-03-05 16:47:41 [root] INFO: metadata:2025-02-05
[2025-03-05T16:47:41.318+0000] {subprocess.py:93} INFO - 2025-03-05 16:47:41 [root] INFO: lastmod: 2025-02-28
[2025-03-05T16:47:41.319+0000] {subprocess.py:93} INFO - 2025-03-05 16:47:41 [root] INFO: metadata:2025-02-05
[2025-03-05T16:47:41.320+0000] {subprocess.py:93} INFO - 2025-03-05 16:47:41 [root] INFO: lastmod: 2025-03-01
[2025-03-05T16:47:41.320+0000] {subprocess.py:93} INFO - 2025-03-05 16:47:41 [root] INFO: metadata:2025-02-05
[2025-03-05T16:47:41.321+0000] {subprocess.py:93} INFO - 2025-03-05 16:47:41 [root] INFO: lastmod: 2025-03-01
[2025-03-05T16:47:49.269+0000] {subprocess.py:93} INFO - 2025-03-05 16:47:49 [root] INFO: metadata:2025-02-05
[2025-03-05T16:47:49.270+0000] {subprocess.py:93} INFO - 2025-03-05 16:47:49 [root] INFO: lastmod: 2025-02-06
[2025-03-05T16:47:49.270+0000] {subprocess.py:93} INFO - 2025-03-05 16:47:49 [root] INFO: metadata:2025-02-05
[2025-03-05T16:47:49.271+0000] {subprocess.py:93} INFO - 2025-03-05 16:47:49 [root] INFO: lastmod: 2025-02-07
[2025-03-05T16:47:49.272+0000] {subprocess.py:93} INFO - 2025-03-05 16:47:49 [root] INFO: metadata:2025-02-05
[2025-03-05T16:47:49.272+0000] {subprocess.py:93} INFO - 2025-03-05 16:47:49 [root] INFO: lastmod: 2025-02-07
[2025-03-05T16:47:49.273+0000] {subprocess.py:93} INFO - 2025-03-05 16:47:49 [root] INFO: metadata:2025-02-05
[2025-03-05T16:47:49.274+0000] {subprocess.py:93} INFO - 2025-03-05 16:47:49 [root] INFO: lastmod: 2025-02-07
[2025-03-05T16:47:49.275+0000] {subprocess.py:93} INFO - 2025-03-05 16:47:49 [root] INFO: metadata:2025-02-05
[2025-03-05T16:47:49.276+0000] {subprocess.py:93} INFO - 2025-03-05 16:47:49 [root] INFO: lastmod: 2025-02-07
[2025-03-05T16:47:49.277+0000] {subprocess.py:93} INFO - 2025-03-05 16:47:49 [root] INFO: metadata:2025-02-05
[2025-03-05T16:47:49.277+0000] {subprocess.py:93} INFO - 2025-03-05 16:47:49 [root] INFO: lastmod: 2025-02-07
[2025-03-05T16:47:49.278+0000] {subprocess.py:93} INFO - 2025-03-05 16:47:49 [root] INFO: metadata:2025-02-05
[2025-03-05T16:47:49.279+0000] {subprocess.py:93} INFO - 2025-03-05 16:47:49 [root] INFO: lastmod: 2025-02-07
[2025-03-05T16:47:49.279+0000] {subprocess.py:93} INFO - 2025-03-05 16:47:49 [root] INFO: metadata:2025-02-05
[2025-03-05T16:47:49.280+0000] {subprocess.py:93} INFO - 2025-03-05 16:47:49 [root] INFO: lastmod: 2025-02-07
[2025-03-05T16:47:49.281+0000] {subprocess.py:93} INFO - 2025-03-05 16:47:49 [root] INFO: metadata:2025-02-05
[2025-03-05T16:47:49.281+0000] {subprocess.py:93} INFO - 2025-03-05 16:47:49 [root] INFO: lastmod: 2025-02-07
[2025-03-05T16:47:49.283+0000] {subprocess.py:93} INFO - 2025-03-05 16:47:49 [root] INFO: metadata:2025-02-05
[2025-03-05T16:47:49.283+0000] {subprocess.py:93} INFO - 2025-03-05 16:47:49 [root] INFO: lastmod: 2025-02-07
[2025-03-05T16:47:49.284+0000] {subprocess.py:93} INFO - 2025-03-05 16:47:49 [root] INFO: metadata:2025-02-05
[2025-03-05T16:47:49.284+0000] {subprocess.py:93} INFO - 2025-03-05 16:47:49 [root] INFO: lastmod: 2025-02-07
[2025-03-05T16:47:49.285+0000] {subprocess.py:93} INFO - 2025-03-05 16:47:49 [root] INFO: metadata:2025-02-05
[2025-03-05T16:47:49.286+0000] {subprocess.py:93} INFO - 2025-03-05 16:47:49 [root] INFO: lastmod: 2025-02-07
[2025-03-05T16:47:49.286+0000] {subprocess.py:93} INFO - 2025-03-05 16:47:49 [root] INFO: metadata:2025-02-05
[2025-03-05T16:47:49.287+0000] {subprocess.py:93} INFO - 2025-03-05 16:47:49 [root] INFO: lastmod: 2025-02-07
[2025-03-05T16:47:49.288+0000] {subprocess.py:93} INFO - 2025-03-05 16:47:49 [root] INFO: metadata:2025-02-05
[2025-03-05T16:47:49.289+0000] {subprocess.py:93} INFO - 2025-03-05 16:47:49 [root] INFO: lastmod: 2025-02-07
[2025-03-05T16:47:49.289+0000] {subprocess.py:93} INFO - 2025-03-05 16:47:49 [root] INFO: metadata:2025-02-05
[2025-03-05T16:47:49.290+0000] {subprocess.py:93} INFO - 2025-03-05 16:47:49 [root] INFO: lastmod: 2025-02-07
[2025-03-05T16:47:49.291+0000] {subprocess.py:93} INFO - 2025-03-05 16:47:49 [root] INFO: metadata:2025-02-05
[2025-03-05T16:47:49.291+0000] {subprocess.py:93} INFO - 2025-03-05 16:47:49 [root] INFO: lastmod: 2025-02-07
[2025-03-05T16:47:49.292+0000] {subprocess.py:93} INFO - 2025-03-05 16:47:49 [root] INFO: metadata:2025-02-05
[2025-03-05T16:47:49.292+0000] {subprocess.py:93} INFO - 2025-03-05 16:47:49 [root] INFO: lastmod: 2025-02-08
[2025-03-05T16:47:49.293+0000] {subprocess.py:93} INFO - 2025-03-05 16:47:49 [root] INFO: metadata:2025-02-05
[2025-03-05T16:47:49.294+0000] {subprocess.py:93} INFO - 2025-03-05 16:47:49 [root] INFO: lastmod: 2025-02-08
[2025-03-05T16:47:49.295+0000] {subprocess.py:93} INFO - 2025-03-05 16:47:49 [root] INFO: metadata:2025-02-05
[2025-03-05T16:47:49.296+0000] {subprocess.py:93} INFO - 2025-03-05 16:47:49 [root] INFO: lastmod: 2025-02-08
[2025-03-05T16:47:49.296+0000] {subprocess.py:93} INFO - 2025-03-05 16:47:49 [root] INFO: metadata:2025-02-05
[2025-03-05T16:47:49.297+0000] {subprocess.py:93} INFO - 2025-03-05 16:47:49 [root] INFO: lastmod: 2025-02-08
[2025-03-05T16:47:49.298+0000] {subprocess.py:93} INFO - 2025-03-05 16:47:49 [root] INFO: metadata:2025-02-05
[2025-03-05T16:47:49.298+0000] {subprocess.py:93} INFO - 2025-03-05 16:47:49 [root] INFO: lastmod: 2025-02-08
[2025-03-05T16:47:49.299+0000] {subprocess.py:93} INFO - 2025-03-05 16:47:49 [root] INFO: metadata:2025-02-05
[2025-03-05T16:47:49.300+0000] {subprocess.py:93} INFO - 2025-03-05 16:47:49 [root] INFO: lastmod: 2025-02-08
[2025-03-05T16:47:49.300+0000] {subprocess.py:93} INFO - 2025-03-05 16:47:49 [root] INFO: metadata:2025-02-05
[2025-03-05T16:47:49.301+0000] {subprocess.py:93} INFO - 2025-03-05 16:47:49 [root] INFO: lastmod: 2025-02-08
[2025-03-05T16:47:49.302+0000] {subprocess.py:93} INFO - 2025-03-05 16:47:49 [root] INFO: metadata:2025-02-05
[2025-03-05T16:47:49.303+0000] {subprocess.py:93} INFO - 2025-03-05 16:47:49 [root] INFO: lastmod: 2025-02-08
[2025-03-05T16:47:49.303+0000] {subprocess.py:93} INFO - 2025-03-05 16:47:49 [root] INFO: metadata:2025-02-05
[2025-03-05T16:47:49.304+0000] {subprocess.py:93} INFO - 2025-03-05 16:47:49 [root] INFO: lastmod: 2025-02-08
[2025-03-05T16:47:49.304+0000] {subprocess.py:93} INFO - 2025-03-05 16:47:49 [root] INFO: metadata:2025-02-05
[2025-03-05T16:47:49.305+0000] {subprocess.py:93} INFO - 2025-03-05 16:47:49 [root] INFO: lastmod: 2025-02-08
[2025-03-05T16:47:49.306+0000] {subprocess.py:93} INFO - 2025-03-05 16:47:49 [root] INFO: metadata:2025-02-05
[2025-03-05T16:47:49.306+0000] {subprocess.py:93} INFO - 2025-03-05 16:47:49 [root] INFO: lastmod: 2025-02-08
[2025-03-05T16:47:49.307+0000] {subprocess.py:93} INFO - 2025-03-05 16:47:49 [root] INFO: metadata:2025-02-05
[2025-03-05T16:47:49.308+0000] {subprocess.py:93} INFO - 2025-03-05 16:47:49 [root] INFO: lastmod: 2025-02-08
[2025-03-05T16:47:49.308+0000] {subprocess.py:93} INFO - 2025-03-05 16:47:49 [root] INFO: metadata:2025-02-05
[2025-03-05T16:47:49.309+0000] {subprocess.py:93} INFO - 2025-03-05 16:47:49 [root] INFO: lastmod: 2025-02-08
[2025-03-05T16:47:49.310+0000] {subprocess.py:93} INFO - 2025-03-05 16:47:49 [root] INFO: metadata:2025-02-05
[2025-03-05T16:47:49.310+0000] {subprocess.py:93} INFO - 2025-03-05 16:47:49 [root] INFO: lastmod: 2025-02-08
[2025-03-05T16:47:49.311+0000] {subprocess.py:93} INFO - 2025-03-05 16:47:49 [root] INFO: metadata:2025-02-05
[2025-03-05T16:47:49.311+0000] {subprocess.py:93} INFO - 2025-03-05 16:47:49 [root] INFO: lastmod: 2025-02-10
[2025-03-05T16:47:49.312+0000] {subprocess.py:93} INFO - 2025-03-05 16:47:49 [root] INFO: metadata:2025-02-05
[2025-03-05T16:47:49.313+0000] {subprocess.py:93} INFO - 2025-03-05 16:47:49 [root] INFO: lastmod: 2025-02-10
[2025-03-05T16:47:49.313+0000] {subprocess.py:93} INFO - 2025-03-05 16:47:49 [root] INFO: metadata:2025-02-05
[2025-03-05T16:47:49.314+0000] {subprocess.py:93} INFO - 2025-03-05 16:47:49 [root] INFO: lastmod: 2025-02-10
[2025-03-05T16:47:49.315+0000] {subprocess.py:93} INFO - 2025-03-05 16:47:49 [root] INFO: metadata:2025-02-05
[2025-03-05T16:47:49.315+0000] {subprocess.py:93} INFO - 2025-03-05 16:47:49 [root] INFO: lastmod: 2025-02-10
[2025-03-05T16:47:49.316+0000] {subprocess.py:93} INFO - 2025-03-05 16:47:49 [root] INFO: metadata:2025-02-05
[2025-03-05T16:47:49.316+0000] {subprocess.py:93} INFO - 2025-03-05 16:47:49 [root] INFO: lastmod: 2025-02-11
[2025-03-05T16:47:49.317+0000] {subprocess.py:93} INFO - 2025-03-05 16:47:49 [root] INFO: metadata:2025-02-05
[2025-03-05T16:47:49.318+0000] {subprocess.py:93} INFO - 2025-03-05 16:47:49 [root] INFO: lastmod: 2025-02-11
[2025-03-05T16:47:49.319+0000] {subprocess.py:93} INFO - 2025-03-05 16:47:49 [root] INFO: metadata:2025-02-05
[2025-03-05T16:47:49.319+0000] {subprocess.py:93} INFO - 2025-03-05 16:47:49 [root] INFO: lastmod: 2025-02-11
[2025-03-05T16:47:49.320+0000] {subprocess.py:93} INFO - 2025-03-05 16:47:49 [root] INFO: metadata:2025-02-05
[2025-03-05T16:47:49.321+0000] {subprocess.py:93} INFO - 2025-03-05 16:47:49 [root] INFO: lastmod: 2025-02-11
[2025-03-05T16:47:49.321+0000] {subprocess.py:93} INFO - 2025-03-05 16:47:49 [root] INFO: metadata:2025-02-05
[2025-03-05T16:47:49.322+0000] {subprocess.py:93} INFO - 2025-03-05 16:47:49 [root] INFO: lastmod: 2025-02-11
[2025-03-05T16:47:49.322+0000] {subprocess.py:93} INFO - 2025-03-05 16:47:49 [root] INFO: metadata:2025-02-05
[2025-03-05T16:47:49.323+0000] {subprocess.py:93} INFO - 2025-03-05 16:47:49 [root] INFO: lastmod: 2025-02-11
[2025-03-05T16:47:49.323+0000] {subprocess.py:93} INFO - 2025-03-05 16:47:49 [root] INFO: metadata:2025-02-05
[2025-03-05T16:47:49.324+0000] {subprocess.py:93} INFO - 2025-03-05 16:47:49 [root] INFO: lastmod: 2025-02-11
[2025-03-05T16:47:49.324+0000] {subprocess.py:93} INFO - 2025-03-05 16:47:49 [root] INFO: metadata:2025-02-05
[2025-03-05T16:47:49.325+0000] {subprocess.py:93} INFO - 2025-03-05 16:47:49 [root] INFO: lastmod: 2025-02-11
[2025-03-05T16:47:49.326+0000] {subprocess.py:93} INFO - 2025-03-05 16:47:49 [root] INFO: metadata:2025-02-05
[2025-03-05T16:47:49.326+0000] {subprocess.py:93} INFO - 2025-03-05 16:47:49 [root] INFO: lastmod: 2025-02-11
[2025-03-05T16:47:49.327+0000] {subprocess.py:93} INFO - 2025-03-05 16:47:49 [root] INFO: metadata:2025-02-05
[2025-03-05T16:47:49.327+0000] {subprocess.py:93} INFO - 2025-03-05 16:47:49 [root] INFO: lastmod: 2025-02-11
[2025-03-05T16:47:49.328+0000] {subprocess.py:93} INFO - 2025-03-05 16:47:49 [root] INFO: metadata:2025-02-05
[2025-03-05T16:47:49.328+0000] {subprocess.py:93} INFO - 2025-03-05 16:47:49 [root] INFO: lastmod: 2025-02-11
[2025-03-05T16:47:49.329+0000] {subprocess.py:93} INFO - 2025-03-05 16:47:49 [root] INFO: metadata:2025-02-05
[2025-03-05T16:47:49.329+0000] {subprocess.py:93} INFO - 2025-03-05 16:47:49 [root] INFO: lastmod: 2025-02-11
[2025-03-05T16:47:49.330+0000] {subprocess.py:93} INFO - 2025-03-05 16:47:49 [root] INFO: metadata:2025-02-05
[2025-03-05T16:47:49.330+0000] {subprocess.py:93} INFO - 2025-03-05 16:47:49 [root] INFO: lastmod: 2025-02-11
[2025-03-05T16:47:49.331+0000] {subprocess.py:93} INFO - 2025-03-05 16:47:49 [root] INFO: metadata:2025-02-05
[2025-03-05T16:47:49.331+0000] {subprocess.py:93} INFO - 2025-03-05 16:47:49 [root] INFO: lastmod: 2025-02-11
[2025-03-05T16:47:49.332+0000] {subprocess.py:93} INFO - 2025-03-05 16:47:49 [root] INFO: metadata:2025-02-05
[2025-03-05T16:47:49.332+0000] {subprocess.py:93} INFO - 2025-03-05 16:47:49 [root] INFO: lastmod: 2025-02-11
[2025-03-05T16:47:49.333+0000] {subprocess.py:93} INFO - 2025-03-05 16:47:49 [root] INFO: metadata:2025-02-05
[2025-03-05T16:47:49.333+0000] {subprocess.py:93} INFO - 2025-03-05 16:47:49 [root] INFO: lastmod: 2025-02-11
[2025-03-05T16:47:49.334+0000] {subprocess.py:93} INFO - 2025-03-05 16:47:49 [root] INFO: metadata:2025-02-05
[2025-03-05T16:47:49.334+0000] {subprocess.py:93} INFO - 2025-03-05 16:47:49 [root] INFO: lastmod: 2025-02-12
[2025-03-05T16:47:49.335+0000] {subprocess.py:93} INFO - 2025-03-05 16:47:49 [root] INFO: metadata:2025-02-05
[2025-03-05T16:47:49.336+0000] {subprocess.py:93} INFO - 2025-03-05 16:47:49 [root] INFO: lastmod: 2025-02-12
[2025-03-05T16:47:49.336+0000] {subprocess.py:93} INFO - 2025-03-05 16:47:49 [root] INFO: metadata:2025-02-05
[2025-03-05T16:47:49.337+0000] {subprocess.py:93} INFO - 2025-03-05 16:47:49 [root] INFO: lastmod: 2025-02-12
[2025-03-05T16:47:49.337+0000] {subprocess.py:93} INFO - 2025-03-05 16:47:49 [root] INFO: metadata:2025-02-05
[2025-03-05T16:47:49.337+0000] {subprocess.py:93} INFO - 2025-03-05 16:47:49 [root] INFO: lastmod: 2025-02-12
[2025-03-05T16:47:49.338+0000] {subprocess.py:93} INFO - 2025-03-05 16:47:49 [root] INFO: metadata:2025-02-05
[2025-03-05T16:47:49.338+0000] {subprocess.py:93} INFO - 2025-03-05 16:47:49 [root] INFO: lastmod: 2025-02-14
[2025-03-05T16:47:49.339+0000] {subprocess.py:93} INFO - 2025-03-05 16:47:49 [root] INFO: metadata:2025-02-05
[2025-03-05T16:47:49.339+0000] {subprocess.py:93} INFO - 2025-03-05 16:47:49 [root] INFO: lastmod: 2025-02-14
[2025-03-05T16:47:49.340+0000] {subprocess.py:93} INFO - 2025-03-05 16:47:49 [root] INFO: metadata:2025-02-05
[2025-03-05T16:47:49.340+0000] {subprocess.py:93} INFO - 2025-03-05 16:47:49 [root] INFO: lastmod: 2025-02-14
[2025-03-05T16:47:49.341+0000] {subprocess.py:93} INFO - 2025-03-05 16:47:49 [root] INFO: metadata:2025-02-05
[2025-03-05T16:47:49.341+0000] {subprocess.py:93} INFO - 2025-03-05 16:47:49 [root] INFO: lastmod: 2025-02-14
[2025-03-05T16:47:49.341+0000] {subprocess.py:93} INFO - 2025-03-05 16:47:49 [root] INFO: metadata:2025-02-05
[2025-03-05T16:47:49.342+0000] {subprocess.py:93} INFO - 2025-03-05 16:47:49 [root] INFO: lastmod: 2025-02-17
[2025-03-05T16:47:49.342+0000] {subprocess.py:93} INFO - 2025-03-05 16:47:49 [root] INFO: metadata:2025-02-05
[2025-03-05T16:47:49.343+0000] {subprocess.py:93} INFO - 2025-03-05 16:47:49 [root] INFO: lastmod: 2025-02-17
[2025-03-05T16:47:49.343+0000] {subprocess.py:93} INFO - 2025-03-05 16:47:49 [root] INFO: metadata:2025-02-05
[2025-03-05T16:47:49.343+0000] {subprocess.py:93} INFO - 2025-03-05 16:47:49 [root] INFO: lastmod: 2025-02-17
[2025-03-05T16:47:49.343+0000] {subprocess.py:93} INFO - 2025-03-05 16:47:49 [root] INFO: metadata:2025-02-05
[2025-03-05T16:47:49.344+0000] {subprocess.py:93} INFO - 2025-03-05 16:47:49 [root] INFO: lastmod: 2025-02-17
[2025-03-05T16:47:49.344+0000] {subprocess.py:93} INFO - 2025-03-05 16:47:49 [root] INFO: metadata:2025-02-05
[2025-03-05T16:47:49.344+0000] {subprocess.py:93} INFO - 2025-03-05 16:47:49 [root] INFO: lastmod: 2025-02-17
[2025-03-05T16:47:49.345+0000] {subprocess.py:93} INFO - 2025-03-05 16:47:49 [root] INFO: metadata:2025-02-05
[2025-03-05T16:47:49.345+0000] {subprocess.py:93} INFO - 2025-03-05 16:47:49 [root] INFO: lastmod: 2025-02-19
[2025-03-05T16:47:49.345+0000] {subprocess.py:93} INFO - 2025-03-05 16:47:49 [root] INFO: metadata:2025-02-05
[2025-03-05T16:47:49.346+0000] {subprocess.py:93} INFO - 2025-03-05 16:47:49 [root] INFO: lastmod: 2025-02-19
[2025-03-05T16:47:49.346+0000] {subprocess.py:93} INFO - 2025-03-05 16:47:49 [root] INFO: metadata:2025-02-05
[2025-03-05T16:47:49.346+0000] {subprocess.py:93} INFO - 2025-03-05 16:47:49 [root] INFO: lastmod: 2025-02-19
[2025-03-05T16:47:49.347+0000] {subprocess.py:93} INFO - 2025-03-05 16:47:49 [root] INFO: metadata:2025-02-05
[2025-03-05T16:47:49.347+0000] {subprocess.py:93} INFO - 2025-03-05 16:47:49 [root] INFO: lastmod: 2025-02-19
[2025-03-05T16:47:49.348+0000] {subprocess.py:93} INFO - 2025-03-05 16:47:49 [root] INFO: metadata:2025-02-05
[2025-03-05T16:47:49.348+0000] {subprocess.py:93} INFO - 2025-03-05 16:47:49 [root] INFO: lastmod: 2025-02-19
[2025-03-05T16:47:49.348+0000] {subprocess.py:93} INFO - 2025-03-05 16:47:49 [root] INFO: metadata:2025-02-05
[2025-03-05T16:47:49.349+0000] {subprocess.py:93} INFO - 2025-03-05 16:47:49 [root] INFO: lastmod: 2025-02-19
[2025-03-05T16:47:49.349+0000] {subprocess.py:93} INFO - 2025-03-05 16:47:49 [root] INFO: metadata:2025-02-05
[2025-03-05T16:47:49.349+0000] {subprocess.py:93} INFO - 2025-03-05 16:47:49 [root] INFO: lastmod: 2025-02-19
[2025-03-05T16:47:49.350+0000] {subprocess.py:93} INFO - 2025-03-05 16:47:49 [root] INFO: metadata:2025-02-05
[2025-03-05T16:47:49.350+0000] {subprocess.py:93} INFO - 2025-03-05 16:47:49 [root] INFO: lastmod: 2025-02-19
[2025-03-05T16:47:49.351+0000] {subprocess.py:93} INFO - 2025-03-05 16:47:49 [root] INFO: metadata:2025-02-05
[2025-03-05T16:47:49.351+0000] {subprocess.py:93} INFO - 2025-03-05 16:47:49 [root] INFO: lastmod: 2025-02-19
[2025-03-05T16:47:49.352+0000] {subprocess.py:93} INFO - 2025-03-05 16:47:49 [root] INFO: metadata:2025-02-05
[2025-03-05T16:47:49.353+0000] {subprocess.py:93} INFO - 2025-03-05 16:47:49 [root] INFO: lastmod: 2025-02-19
[2025-03-05T16:47:49.353+0000] {subprocess.py:93} INFO - 2025-03-05 16:47:49 [root] INFO: metadata:2025-02-05
[2025-03-05T16:47:49.354+0000] {subprocess.py:93} INFO - 2025-03-05 16:47:49 [root] INFO: lastmod: 2025-02-19
[2025-03-05T16:47:49.354+0000] {subprocess.py:93} INFO - 2025-03-05 16:47:49 [root] INFO: metadata:2025-02-05
[2025-03-05T16:47:49.355+0000] {subprocess.py:93} INFO - 2025-03-05 16:47:49 [root] INFO: lastmod: 2025-02-19
[2025-03-05T16:47:49.355+0000] {subprocess.py:93} INFO - 2025-03-05 16:47:49 [root] INFO: metadata:2025-02-05
[2025-03-05T16:47:49.356+0000] {subprocess.py:93} INFO - 2025-03-05 16:47:49 [root] INFO: lastmod: 2025-02-19
[2025-03-05T16:47:49.356+0000] {subprocess.py:93} INFO - 2025-03-05 16:47:49 [root] INFO: metadata:2025-02-05
[2025-03-05T16:47:49.357+0000] {subprocess.py:93} INFO - 2025-03-05 16:47:49 [root] INFO: lastmod: 2025-02-19
[2025-03-05T16:47:49.357+0000] {subprocess.py:93} INFO - 2025-03-05 16:47:49 [root] INFO: metadata:2025-02-05
[2025-03-05T16:47:49.357+0000] {subprocess.py:93} INFO - 2025-03-05 16:47:49 [root] INFO: lastmod: 2025-02-21
[2025-03-05T16:47:49.358+0000] {subprocess.py:93} INFO - 2025-03-05 16:47:49 [root] INFO: metadata:2025-02-05
[2025-03-05T16:47:49.358+0000] {subprocess.py:93} INFO - 2025-03-05 16:47:49 [root] INFO: lastmod: 2025-02-21
[2025-03-05T16:47:49.358+0000] {subprocess.py:93} INFO - 2025-03-05 16:47:49 [root] INFO: metadata:2025-02-05
[2025-03-05T16:47:49.359+0000] {subprocess.py:93} INFO - 2025-03-05 16:47:49 [root] INFO: lastmod: 2025-02-24
[2025-03-05T16:47:49.359+0000] {subprocess.py:93} INFO - 2025-03-05 16:47:49 [root] INFO: metadata:2025-02-05
[2025-03-05T16:47:49.359+0000] {subprocess.py:93} INFO - 2025-03-05 16:47:49 [root] INFO: lastmod: 2025-02-24
[2025-03-05T16:47:49.360+0000] {subprocess.py:93} INFO - 2025-03-05 16:47:49 [root] INFO: metadata:2025-02-05
[2025-03-05T16:47:49.360+0000] {subprocess.py:93} INFO - 2025-03-05 16:47:49 [root] INFO: lastmod: 2025-02-24
[2025-03-05T16:47:49.360+0000] {subprocess.py:93} INFO - 2025-03-05 16:47:49 [root] INFO: metadata:2025-02-05
[2025-03-05T16:47:49.361+0000] {subprocess.py:93} INFO - 2025-03-05 16:47:49 [root] INFO: lastmod: 2025-02-24
[2025-03-05T16:47:49.361+0000] {subprocess.py:93} INFO - 2025-03-05 16:47:49 [root] INFO: metadata:2025-02-05
[2025-03-05T16:47:49.361+0000] {subprocess.py:93} INFO - 2025-03-05 16:47:49 [root] INFO: lastmod: 2025-02-24
[2025-03-05T16:47:49.362+0000] {subprocess.py:93} INFO - 2025-03-05 16:47:49 [root] INFO: metadata:2025-02-05
[2025-03-05T16:47:49.362+0000] {subprocess.py:93} INFO - 2025-03-05 16:47:49 [root] INFO: lastmod: 2025-02-24
[2025-03-05T16:47:49.362+0000] {subprocess.py:93} INFO - 2025-03-05 16:47:49 [root] INFO: metadata:2025-02-05
[2025-03-05T16:47:49.363+0000] {subprocess.py:93} INFO - 2025-03-05 16:47:49 [root] INFO: lastmod: 2025-02-24
[2025-03-05T16:47:49.363+0000] {subprocess.py:93} INFO - 2025-03-05 16:47:49 [root] INFO: metadata:2025-02-05
[2025-03-05T16:47:49.364+0000] {subprocess.py:93} INFO - 2025-03-05 16:47:49 [root] INFO: lastmod: 2025-02-24
[2025-03-05T16:47:49.364+0000] {subprocess.py:93} INFO - 2025-03-05 16:47:49 [root] INFO: metadata:2025-02-05
[2025-03-05T16:47:49.364+0000] {subprocess.py:93} INFO - 2025-03-05 16:47:49 [root] INFO: lastmod: 2025-02-24
[2025-03-05T16:47:49.365+0000] {subprocess.py:93} INFO - 2025-03-05 16:47:49 [root] INFO: metadata:2025-02-05
[2025-03-05T16:47:49.365+0000] {subprocess.py:93} INFO - 2025-03-05 16:47:49 [root] INFO: lastmod: 2025-02-24
[2025-03-05T16:47:49.365+0000] {subprocess.py:93} INFO - 2025-03-05 16:47:49 [root] INFO: metadata:2025-02-05
[2025-03-05T16:47:49.366+0000] {subprocess.py:93} INFO - 2025-03-05 16:47:49 [root] INFO: lastmod: 2025-02-24
[2025-03-05T16:47:49.366+0000] {subprocess.py:93} INFO - 2025-03-05 16:47:49 [root] INFO: metadata:2025-02-05
[2025-03-05T16:47:49.366+0000] {subprocess.py:93} INFO - 2025-03-05 16:47:49 [root] INFO: lastmod: 2025-02-25
[2025-03-05T16:47:49.367+0000] {subprocess.py:93} INFO - 2025-03-05 16:47:49 [root] INFO: metadata:2025-02-05
[2025-03-05T16:47:49.367+0000] {subprocess.py:93} INFO - 2025-03-05 16:47:49 [root] INFO: lastmod: 2025-02-25
[2025-03-05T16:47:49.367+0000] {subprocess.py:93} INFO - 2025-03-05 16:47:49 [root] INFO: metadata:2025-02-05
[2025-03-05T16:47:49.368+0000] {subprocess.py:93} INFO - 2025-03-05 16:47:49 [root] INFO: lastmod: 2025-02-25
[2025-03-05T16:47:49.368+0000] {subprocess.py:93} INFO - 2025-03-05 16:47:49 [root] INFO: metadata:2025-02-05
[2025-03-05T16:47:49.368+0000] {subprocess.py:93} INFO - 2025-03-05 16:47:49 [root] INFO: lastmod: 2025-02-25
[2025-03-05T16:47:49.369+0000] {subprocess.py:93} INFO - 2025-03-05 16:47:49 [root] INFO: metadata:2025-02-05
[2025-03-05T16:47:49.370+0000] {subprocess.py:93} INFO - 2025-03-05 16:47:49 [root] INFO: lastmod: 2025-02-25
[2025-03-05T16:47:49.370+0000] {subprocess.py:93} INFO - 2025-03-05 16:47:49 [root] INFO: metadata:2025-02-05
[2025-03-05T16:47:49.371+0000] {subprocess.py:93} INFO - 2025-03-05 16:47:49 [root] INFO: lastmod: 2025-02-25
[2025-03-05T16:47:49.371+0000] {subprocess.py:93} INFO - 2025-03-05 16:47:49 [root] INFO: metadata:2025-02-05
[2025-03-05T16:47:49.372+0000] {subprocess.py:93} INFO - 2025-03-05 16:47:49 [root] INFO: lastmod: 2025-02-25
[2025-03-05T16:47:49.372+0000] {subprocess.py:93} INFO - 2025-03-05 16:47:49 [root] INFO: metadata:2025-02-05
[2025-03-05T16:47:49.372+0000] {subprocess.py:93} INFO - 2025-03-05 16:47:49 [root] INFO: lastmod: 2025-02-25
[2025-03-05T16:47:49.373+0000] {subprocess.py:93} INFO - 2025-03-05 16:47:49 [root] INFO: metadata:2025-02-05
[2025-03-05T16:47:49.373+0000] {subprocess.py:93} INFO - 2025-03-05 16:47:49 [root] INFO: lastmod: 2025-02-25
[2025-03-05T16:47:49.373+0000] {subprocess.py:93} INFO - 2025-03-05 16:47:49 [root] INFO: metadata:2025-02-05
[2025-03-05T16:47:49.374+0000] {subprocess.py:93} INFO - 2025-03-05 16:47:49 [root] INFO: lastmod: 2025-02-25
[2025-03-05T16:47:49.374+0000] {subprocess.py:93} INFO - 2025-03-05 16:47:49 [root] INFO: metadata:2025-02-05
[2025-03-05T16:47:49.374+0000] {subprocess.py:93} INFO - 2025-03-05 16:47:49 [root] INFO: lastmod: 2025-02-25
[2025-03-05T16:47:49.375+0000] {subprocess.py:93} INFO - 2025-03-05 16:47:49 [root] INFO: metadata:2025-02-05
[2025-03-05T16:47:49.375+0000] {subprocess.py:93} INFO - 2025-03-05 16:47:49 [root] INFO: lastmod: 2025-02-25
[2025-03-05T16:47:49.375+0000] {subprocess.py:93} INFO - 2025-03-05 16:47:49 [root] INFO: metadata:2025-02-05
[2025-03-05T16:47:49.376+0000] {subprocess.py:93} INFO - 2025-03-05 16:47:49 [root] INFO: lastmod: 2025-02-25
[2025-03-05T16:47:49.376+0000] {subprocess.py:93} INFO - 2025-03-05 16:47:49 [root] INFO: metadata:2025-02-05
[2025-03-05T16:47:49.376+0000] {subprocess.py:93} INFO - 2025-03-05 16:47:49 [root] INFO: lastmod: 2025-02-25
[2025-03-05T16:47:49.377+0000] {subprocess.py:93} INFO - 2025-03-05 16:47:49 [root] INFO: metadata:2025-02-05
[2025-03-05T16:47:49.377+0000] {subprocess.py:93} INFO - 2025-03-05 16:47:49 [root] INFO: lastmod: 2025-02-25
[2025-03-05T16:47:49.377+0000] {subprocess.py:93} INFO - 2025-03-05 16:47:49 [root] INFO: metadata:2025-02-05
[2025-03-05T16:47:49.378+0000] {subprocess.py:93} INFO - 2025-03-05 16:47:49 [root] INFO: lastmod: 2025-02-25
[2025-03-05T16:47:49.378+0000] {subprocess.py:93} INFO - 2025-03-05 16:47:49 [root] INFO: metadata:2025-02-05
[2025-03-05T16:47:49.379+0000] {subprocess.py:93} INFO - 2025-03-05 16:47:49 [root] INFO: lastmod: 2025-02-27
[2025-03-05T16:47:49.379+0000] {subprocess.py:93} INFO - 2025-03-05 16:47:49 [root] INFO: metadata:2025-02-05
[2025-03-05T16:47:49.379+0000] {subprocess.py:93} INFO - 2025-03-05 16:47:49 [root] INFO: lastmod: 2025-02-27
[2025-03-05T16:47:51.220+0000] {subprocess.py:93} INFO - 2025-03-05 16:47:51 [root] INFO: URL: https://www.thegioididong.com/tai-nghe/tai-nghe-bluetooth-true-wireless-oppo-enco-buds-3-pro-etek1
[2025-03-05T16:47:51.244+0000] {subprocess.py:93} INFO - 2025-03-05 16:47:51 [root] INFO: cnt: 1
[2025-03-05T16:47:51.270+0000] {subprocess.py:93} INFO - 2025-03-05 16:47:51 [root] INFO: URL: https://www.thegioididong.com/laptop/msi-stealth-18-hx-ai-a2xwig-ultra-9-017vn
[2025-03-05T16:47:51.284+0000] {subprocess.py:93} INFO - 2025-03-05 16:47:51 [root] INFO: cnt: 2
[2025-03-05T16:47:51.422+0000] {subprocess.py:93} INFO - 2025-03-05 16:47:51 [root] INFO: URL: https://www.thegioididong.com/dong-ho-deo-tay/citizen-fe1244-72a-nu
[2025-03-05T16:47:51.434+0000] {subprocess.py:93} INFO - 2025-03-05 16:47:51 [root] INFO: cnt: 3
[2025-03-05T16:47:51.499+0000] {subprocess.py:93} INFO - 2025-03-05 16:47:51 [root] INFO: URL: https://www.thegioididong.com/laptop/msi-raider-18-hx-ai-a2xwig-ultra-9-033vn
[2025-03-05T16:47:51.511+0000] {subprocess.py:93} INFO - 2025-03-05 16:47:51 [root] INFO: cnt: 4
[2025-03-05T16:47:51.629+0000] {subprocess.py:93} INFO - 2025-03-05 16:47:51 [root] INFO: URL: https://www.thegioididong.com/dong-ho-deo-tay/citizen-eq0614-52b-nu
[2025-03-05T16:47:51.640+0000] {subprocess.py:93} INFO - 2025-03-05 16:47:51 [root] INFO: cnt: 5
[2025-03-05T16:47:51.760+0000] {subprocess.py:93} INFO - 2025-03-05 16:47:51 [root] INFO: URL: https://www.thegioididong.com/phan-mem/esim-du-lich-bluecom-south-korea-8gb-15-ngay
[2025-03-05T16:47:51.768+0000] {subprocess.py:93} INFO - 2025-03-05 16:47:51 [root] INFO: cnt: 6
[2025-03-05T16:47:52.452+0000] {subprocess.py:93} INFO - 2025-03-05 16:47:52 [root] INFO: URL: https://www.thegioididong.com/dong-ho-deo-tay/citizen-fe1241-71z-nu
[2025-03-05T16:47:52.464+0000] {subprocess.py:93} INFO - 2025-03-05 16:47:52 [root] INFO: cnt: 7
[2025-03-05T16:48:00.011+0000] {subprocess.py:93} INFO - 2025-03-05 16:48:00 [root] INFO: URL: https://www.thegioididong.com/dong-ho-deo-tay/citizen-bi1031-51z-nam
[2025-03-05T16:48:00.025+0000] {subprocess.py:93} INFO - 2025-03-05 16:48:00 [root] INFO: cnt: 8
[2025-03-05T16:48:00.216+0000] {subprocess.py:93} INFO - 2025-03-05 16:48:00 [root] INFO: URL: https://www.thegioididong.com/dong-ho-deo-tay/citizen-bf2026-89a-nam
[2025-03-05T16:48:00.228+0000] {subprocess.py:93} INFO - 2025-03-05 16:48:00 [root] INFO: cnt: 9
[2025-03-05T16:48:00.249+0000] {subprocess.py:93} INFO - 2025-03-05 16:48:00 [root] INFO: URL: https://www.thegioididong.com/dong-ho-deo-tay/citizen-bf2021-82l-nam
[2025-03-05T16:48:00.258+0000] {subprocess.py:93} INFO - 2025-03-05 16:48:00 [root] INFO: cnt: 10
[2025-03-05T16:48:00.902+0000] {subprocess.py:93} INFO - 2025-03-05 16:48:00 [root] INFO: URL: https://www.thegioididong.com/dong-ho-deo-tay/citizen-em0411-71a-nu
[2025-03-05T16:48:00.911+0000] {subprocess.py:93} INFO - 2025-03-05 16:48:00 [root] INFO: cnt: 11
[2025-03-05T16:48:00.929+0000] {subprocess.py:93} INFO - 2025-03-05 16:48:00 [root] INFO: URL: https://www.thegioididong.com/dong-ho-deo-tay/citizen-eq0610-53a-nu
[2025-03-05T16:48:00.938+0000] {subprocess.py:93} INFO - 2025-03-05 16:48:00 [root] INFO: cnt: 12
[2025-03-05T16:48:00.998+0000] {subprocess.py:93} INFO - 2025-03-05 16:48:00 [root] INFO: URL: https://www.thegioididong.com/dong-ho-deo-tay/citizen-em0411-71x-nu
[2025-03-05T16:48:01.011+0000] {subprocess.py:93} INFO - 2025-03-05 16:48:01 [root] INFO: cnt: 13
[2025-03-05T16:48:01.225+0000] {subprocess.py:93} INFO - 2025-03-05 16:48:01 [root] INFO: URL: https://www.thegioididong.com/dong-ho-deo-tay/citizen-pr1040-88n-nu
[2025-03-05T16:48:01.233+0000] {subprocess.py:93} INFO - 2025-03-05 16:48:01 [root] INFO: cnt: 14
[2025-03-05T16:48:01.433+0000] {subprocess.py:93} INFO - 2025-03-05 16:48:01 [root] INFO: URL: https://www.thegioididong.com/dong-ho-deo-tay/citizen-bf2021-82a-nam
[2025-03-05T16:48:09.280+0000] {subprocess.py:93} INFO - 2025-03-05 16:48:09 [root] INFO: cnt: 15
[2025-03-05T16:48:09.281+0000] {subprocess.py:93} INFO - 2025-03-05 16:48:09 [root] INFO: URL: https://www.thegioididong.com/laptop/msi-titan-18-hx-ai-a2xwjg-ultra-9-035vn
[2025-03-05T16:48:09.291+0000] {subprocess.py:93} INFO - 2025-03-05 16:48:09 [root] INFO: cnt: 16
[2025-03-05T16:48:09.434+0000] {subprocess.py:93} INFO - 2025-03-05 16:48:09 [root] INFO: URL: https://www.thegioididong.com/dong-ho-deo-tay/citizen-bf0583-59p-nam
[2025-03-05T16:48:09.445+0000] {subprocess.py:93} INFO - 2025-03-05 16:48:09 [root] INFO: cnt: 17
[2025-03-05T16:48:09.451+0000] {subprocess.py:93} INFO - 2025-03-05 16:48:09 [root] INFO: URL: https://www.thegioididong.com/dong-ho-deo-tay/citizen-bf0581-54a-nam
[2025-03-05T16:48:09.462+0000] {subprocess.py:93} INFO - 2025-03-05 16:48:09 [root] INFO: cnt: 18
[2025-03-05T16:48:01.354+0000] {subprocess.py:93} INFO - 2025-03-05 16:48:01 [root] INFO: URL: https://www.thegioididong.com/may-tinh-bang/lenovo-tab-4g
[2025-03-05T16:48:01.373+0000] {subprocess.py:93} INFO - 2025-03-05 16:48:01 [root] INFO: cnt: 19
[2025-03-05T16:48:01.406+0000] {subprocess.py:93} INFO - 2025-03-05 16:48:01 [root] INFO: URL: https://www.thegioididong.com/may-tinh-bang/lenovo-tab-wifi
[2025-03-05T16:48:01.417+0000] {subprocess.py:93} INFO - 2025-03-05 16:48:01 [root] INFO: cnt: 20
[2025-03-05T16:48:01.566+0000] {subprocess.py:93} INFO - 2025-03-05 16:48:01 [root] INFO: URL: https://www.thegioididong.com/laptop/msi-vector-16-hx-ai-a2xwig-ultra-9-062vn
[2025-03-05T16:48:01.578+0000] {subprocess.py:93} INFO - 2025-03-05 16:48:01 [root] INFO: cnt: 21
[2025-03-05T16:48:01.624+0000] {subprocess.py:93} INFO - 2025-03-05 16:48:01 [root] INFO: URL: https://www.thegioididong.com/laptop/msi-titan-18-hx-ai-a2xwig-ultra-9-090vn
[2025-03-05T16:48:01.638+0000] {subprocess.py:93} INFO - 2025-03-05 16:48:01 [root] INFO: cnt: 22
[2025-03-05T16:48:09.554+0000] {subprocess.py:93} INFO - 2025-03-05 16:48:09 [root] INFO: URL: https://www.thegioididong.com/laptop/acer-aspire-lite-al14-52m-54cj-i5-nxj39sv002
[2025-03-05T16:48:09.572+0000] {subprocess.py:93} INFO - 2025-03-05 16:48:09 [root] INFO: cnt: 23
[2025-03-05T16:48:09.946+0000] {subprocess.py:93} INFO - 2025-03-05 16:48:09 [root] INFO: URL: https://www.thegioididong.com/dong-ho-thong-minh/garmin-instinct-e-45mm
[2025-03-05T16:48:09.963+0000] {subprocess.py:93} INFO - 2025-03-05 16:48:09 [root] INFO: cnt: 24
[2025-03-05T16:48:10.252+0000] {subprocess.py:93} INFO - 2025-03-05 16:48:10 [root] INFO: URL: https://www.thegioididong.com/dong-ho-thong-minh/garmin-instinct-3-45mm
[2025-03-05T16:48:10.273+0000] {subprocess.py:93} INFO - 2025-03-05 16:48:10 [root] INFO: cnt: 25
[2025-03-05T16:48:10.393+0000] {subprocess.py:93} INFO - 2025-03-05 16:48:10 [root] INFO: URL: https://www.thegioididong.com/man-hinh-may-tinh/samsung-ls27d366gaexxv-27-inch-fhd-va-100hz-4ms
[2025-03-05T16:48:10.405+0000] {subprocess.py:93} INFO - 2025-03-05 16:48:10 [root] INFO: cnt: 26
[2025-03-05T16:48:10.466+0000] {subprocess.py:93} INFO - 2025-03-05 16:48:10 [root] INFO: URL: https://www.thegioididong.com/dong-ho-thong-minh/garmin-instinct-3-solar-45mm
[2025-03-05T16:48:10.496+0000] {subprocess.py:93} INFO - 2025-03-05 16:48:10 [root] INFO: cnt: 27
[2025-03-05T16:48:10.497+0000] {subprocess.py:93} INFO - 2025-03-05 16:48:10 [root] INFO: URL: https://www.thegioididong.com/dtdd/tecno-spark-30c
[2025-03-05T16:48:10.508+0000] {subprocess.py:93} INFO - 2025-03-05 16:48:10 [root] INFO: cnt: 28
[2025-03-05T16:48:10.509+0000] {subprocess.py:93} INFO - 2025-03-05 16:48:10 [root] INFO: URL: https://www.thegioididong.com/dtdd/tecno-spark-30
[2025-03-05T16:48:10.519+0000] {subprocess.py:93} INFO - 2025-03-05 16:48:10 [root] INFO: cnt: 29
[2025-03-05T16:48:10.857+0000] {subprocess.py:93} INFO - 2025-03-05 16:48:10 [root] INFO: URL: https://www.thegioididong.com/dtdd/samsung-galaxy-a36
[2025-03-05T16:48:10.871+0000] {subprocess.py:93} INFO - 2025-03-05 16:48:10 [root] INFO: cnt: 30
[2025-03-05T16:48:11.124+0000] {subprocess.py:93} INFO - 2025-03-05 16:48:11 [root] INFO: URL: https://www.thegioididong.com/dtdd/iphone-16e
[2025-03-05T16:48:11.154+0000] {subprocess.py:93} INFO - 2025-03-05 16:48:11 [root] INFO: cnt: 31
[2025-03-05T16:48:11.155+0000] {subprocess.py:93} INFO - 2025-03-05 16:48:11 [root] INFO: URL: https://www.thegioididong.com/dtdd/xiaomi-15-ultra-trang
[2025-03-05T16:48:11.168+0000] {subprocess.py:93} INFO - 2025-03-05 16:48:11 [scrapy.core.scraper] ERROR: Spider error processing <GET https://www.thegioididong.com/dtdd/xiaomi-15-ultra-trang> (referer: https://www.thegioididong.com/newsitemap/sitemap-product-2025-2?page=1)
[2025-03-05T16:48:11.169+0000] {subprocess.py:93} INFO - Traceback (most recent call last):
[2025-03-05T16:48:11.170+0000] {subprocess.py:93} INFO -   File "/home/***/.local/lib/python3.9/site-packages/twisted/internet/defer.py", line 1088, in _runCallbacks
[2025-03-05T16:48:11.171+0000] {subprocess.py:93} INFO -     current.result = callback(  # type: ignore[misc]
[2025-03-05T16:48:11.171+0000] {subprocess.py:93} INFO -   File "/app/crawler/tgdd_crawler/tgdd_crawler/spiders/my_spider.py", line 71, in parse_detail_product
[2025-03-05T16:48:11.172+0000] {subprocess.py:93} INFO -     productld = json.loads(response.xpath('//*[@id="productld"]/text()').get())
[2025-03-05T16:48:11.172+0000] {subprocess.py:93} INFO -   File "/usr/local/lib/python3.9/json/__init__.py", line 339, in loads
[2025-03-05T16:48:11.173+0000] {subprocess.py:93} INFO -     raise TypeError(f'the JSON object must be str, bytes or bytearray, '
[2025-03-05T16:48:11.173+0000] {subprocess.py:93} INFO - TypeError: the JSON object must be str, bytes or bytearray, not NoneType
[2025-03-05T16:48:11.173+0000] {subprocess.py:93} INFO - 2025-03-05 16:48:11 [root] INFO: URL: https://www.thegioididong.com/dtdd/iphone-16e-256gb
[2025-03-05T16:48:11.186+0000] {subprocess.py:93} INFO - 2025-03-05 16:48:11 [root] INFO: cnt: 32
[2025-03-05T16:48:11.356+0000] {subprocess.py:93} INFO - 2025-03-05 16:48:11 [root] INFO: URL: https://www.thegioididong.com/dong-ho-thong-minh/garmin-instinct-3-solar-50mm
[2025-03-05T16:48:11.374+0000] {subprocess.py:93} INFO - 2025-03-05 16:48:11 [root] INFO: cnt: 33
[2025-03-05T16:48:11.375+0000] {subprocess.py:93} INFO - 2025-03-05 16:48:11 [root] INFO: URL: https://www.thegioididong.com/laptop/asus-zenbook-14-oled-um3406ka-r7-ai-350-pp555ws
[2025-03-05T16:48:11.387+0000] {subprocess.py:93} INFO - 2025-03-05 16:48:11 [root] INFO: cnt: 34
[2025-03-05T16:48:11.387+0000] {subprocess.py:93} INFO - 2025-03-05 16:48:11 [root] INFO: URL: https://www.thegioididong.com/laptop/asus-zenbook-a14-ux3407qa-x1-26-100-qd299ws
[2025-03-05T16:48:11.398+0000] {subprocess.py:93} INFO - 2025-03-05 16:48:11 [root] INFO: cnt: 35
[2025-03-05T16:48:11.399+0000] {subprocess.py:93} INFO - 2025-03-05 16:48:11 [root] INFO: URL: https://www.thegioididong.com/dong-ho-thong-minh/garmin-instinct-3-50mm
[2025-03-05T16:48:11.415+0000] {subprocess.py:93} INFO - 2025-03-05 16:48:11 [root] INFO: cnt: 36
[2025-03-05T16:48:11.416+0000] {subprocess.py:93} INFO - 2025-03-05 16:48:11 [root] INFO: URL: https://www.thegioididong.com/dtdd/iphone-16e-512gb
[2025-03-05T16:48:11.434+0000] {subprocess.py:93} INFO - 2025-03-05 16:48:11 [root] INFO: cnt: 37
[2025-03-05T16:48:19.510+0000] {subprocess.py:93} INFO - 2025-03-05 16:48:19 [root] INFO: URL: https://www.thegioididong.com/laptop/asus-vivobook-16-m1607ka-r7-ai-350-mb091ws
[2025-03-05T16:48:11.189+0000] {subprocess.py:93} INFO - 2025-03-05 16:48:11 [root] INFO: cnt: 38
[2025-03-05T16:48:11.523+0000] {subprocess.py:93} INFO - 2025-03-05 16:48:11 [root] INFO: URL: https://www.thegioididong.com/laptop/asus-zenbook-14-ux3405ca-ultra-7-pz368ws
[2025-03-05T16:48:11.536+0000] {subprocess.py:93} INFO - 2025-03-05 16:48:11 [root] INFO: cnt: 39
[2025-03-05T16:48:11.602+0000] {subprocess.py:93} INFO - 2025-03-05 16:48:11 [root] INFO: URL: https://www.thegioididong.com/laptop/asus-zenbook-14-ux3405ca-ultra-5-pz187ws
[2025-03-05T16:48:11.616+0000] {subprocess.py:93} INFO - 2025-03-05 16:48:11 [root] INFO: cnt: 40
[2025-03-05T16:48:12.738+0000] {subprocess.py:93} INFO - 2025-03-05 16:48:12 [root] INFO: URL: https://www.thegioididong.com/laptop/asus-zenbook-duo-ux8406ca-ultra-9-pz109ws
[2025-03-05T16:48:12.751+0000] {subprocess.py:93} INFO - 2025-03-05 16:48:12 [root] INFO: cnt: 41
[2025-03-05T16:48:20.024+0000] {subprocess.py:93} INFO - 2025-03-05 16:48:20 [root] INFO: URL: https://www.thegioididong.com/laptop/asus-vivobook-16-x1605va-i5-mb1876ws
[2025-03-05T16:48:20.037+0000] {subprocess.py:93} INFO - 2025-03-05 16:48:20 [root] INFO: cnt: 42
[2025-03-05T16:48:20.042+0000] {subprocess.py:93} INFO - 2025-03-05 16:48:20 [root] INFO: URL: https://www.thegioididong.com/laptop/asus-vivobook-16-x1605va-i7-mb1875ws
[2025-03-05T16:48:20.056+0000] {subprocess.py:93} INFO - 2025-03-05 16:48:20 [root] INFO: cnt: 43
[2025-03-05T16:48:20.058+0000] {subprocess.py:93} INFO - 2025-03-05 16:48:20 [root] INFO: URL: https://www.thegioididong.com/dtdd/samsung-galaxy-a56
[2025-03-05T16:48:20.074+0000] {subprocess.py:93} INFO - 2025-03-05 16:48:20 [root] INFO: cnt: 44
[2025-03-05T16:48:20.264+0000] {subprocess.py:93} INFO - 2025-03-05 16:48:20 [root] INFO: URL: https://www.thegioididong.com/laptop/asus-vivobook-15-x1504va-i3-nj1634w
[2025-03-05T16:48:20.278+0000] {subprocess.py:93} INFO - 2025-03-05 16:48:20 [root] INFO: cnt: 45
[2025-03-05T16:48:20.395+0000] {subprocess.py:93} INFO - 2025-03-05 16:48:20 [root] INFO: URL: https://www.thegioididong.com/laptop/macbook-air-13-inch-m2-16gb-512gb-70w
[2025-03-05T16:48:20.407+0000] {subprocess.py:93} INFO - 2025-03-05 16:48:20 [root] INFO: cnt: 46
[2025-03-05T16:48:20.542+0000] {subprocess.py:93} INFO - 2025-03-05 16:48:20 [root] INFO: URL: https://www.thegioididong.com/sac-dtdd/pin-sac-du-phong-20000mah-type-c-pd-22-5w-baseus-lipow-ppjp312
[2025-03-05T16:48:20.552+0000] {subprocess.py:93} INFO - 2025-03-05 16:48:20 [root] INFO: cnt: 47
[2025-03-05T16:48:20.872+0000] {subprocess.py:93} INFO - 2025-03-05 16:48:20 [root] INFO: URL: https://www.thegioididong.com/laptop/gigabyte-g5-mf5-rc555-i7-9rc55mf5fjiinivn000
[2025-03-05T16:48:20.885+0000] {subprocess.py:93} INFO - 2025-03-05 16:48:20 [root] INFO: cnt: 48
[2025-03-05T16:48:20.886+0000] {subprocess.py:93} INFO - 2025-03-05 16:48:20 [root] INFO: URL: https://www.thegioididong.com/laptop/gigabyte-g6-kf-rc56-i7-9rc56kf0hjjanivn000
[2025-03-05T16:48:20.896+0000] {subprocess.py:93} INFO - 2025-03-05 16:48:20 [root] INFO: cnt: 49
[2025-03-05T16:48:29.357+0000] {subprocess.py:93} INFO - 2025-03-05 16:48:29 [root] INFO: URL: https://www.thegioididong.com/may-tinh-bang/xiaomi-pad-7-8gb-256gb
[2025-03-05T16:48:29.366+0000] {subprocess.py:93} INFO - 2025-03-05 16:48:29 [root] INFO: cnt: 50
[2025-03-05T16:48:21.319+0000] {subprocess.py:93} INFO - 2025-03-05 16:48:21 [root] INFO: URL: https://www.thegioididong.com/laptop/gigabyte-aorus-16x-x6lag-i7-9rx6lasgddjixdvn010
[2025-03-05T16:48:21.345+0000] {subprocess.py:93} INFO - 2025-03-05 16:48:21 [root] INFO: cnt: 51
[2025-03-05T16:48:21.395+0000] {subprocess.py:93} INFO - 2025-03-05 16:48:21 [root] INFO: URL: https://www.thegioididong.com/may-tinh-bang/xiaomi-pad-7-pro
[2025-03-05T16:48:21.405+0000] {subprocess.py:93} INFO - 2025-03-05 16:48:21 [root] INFO: cnt: 52
[2025-03-05T16:48:21.477+0000] {subprocess.py:93} INFO - 2025-03-05 16:48:21 [root] INFO: URL: https://www.thegioididong.com/phan-mem/esim-du-lich-bluecom-thailand-4gb-7-ngay
[2025-03-05T16:48:21.495+0000] {subprocess.py:93} INFO - 2025-03-05 16:48:21 [root] INFO: cnt: 53
[2025-03-05T16:48:21.522+0000] {subprocess.py:93} INFO - 2025-03-05 16:48:21 [root] INFO: URL: https://www.thegioididong.com/laptop/gigabyte-g5-mf5-rc555-i5-9rc55mf5feiaa1vn0c0
[2025-03-05T16:48:21.536+0000] {subprocess.py:93} INFO - 2025-03-05 16:48:21 [root] INFO: cnt: 54
[2025-03-05T16:48:21.619+0000] {subprocess.py:93} INFO - 2025-03-05 16:48:21 [root] INFO: URL: https://www.thegioididong.com/phan-mem/esim-du-lich-bluecom-japan-1gb-ngay-5-ngay
[2025-03-05T16:48:21.630+0000] {subprocess.py:93} INFO - 2025-03-05 16:48:21 [root] INFO: cnt: 55
[2025-03-05T16:48:22.116+0000] {subprocess.py:93} INFO - 2025-03-05 16:48:22 [root] INFO: URL: https://www.thegioididong.com/may-tinh-bang/xiaomi-pad-7-pro-12gb-512gb
[2025-03-05T16:48:22.130+0000] {subprocess.py:93} INFO - 2025-03-05 16:48:22 [root] INFO: cnt: 56
[2025-03-05T16:48:23.339+0000] {subprocess.py:93} INFO - 2025-03-05 16:48:23 [root] INFO: URL: https://www.thegioididong.com/phan-mem/esim-du-lich-bluecom-china-1gb-ngay-3-ngay
[2025-03-05T16:48:23.347+0000] {subprocess.py:93} INFO - 2025-03-05 16:48:23 [root] INFO: cnt: 57
[2025-03-05T16:48:29.606+0000] {subprocess.py:93} INFO - 2025-03-05 16:48:29 [root] INFO: URL: https://www.thegioididong.com/may-tinh-bang/xiaomi-pad-7
[2025-03-05T16:48:29.621+0000] {subprocess.py:93} INFO - 2025-03-05 16:48:29 [scrapy.core.scraper] ERROR: Spider error processing <GET https://www.thegioididong.com/may-tinh-bang/xiaomi-pad-7> (referer: https://www.thegioididong.com/newsitemap/sitemap-product-2025-2?page=1)
[2025-03-05T16:48:29.622+0000] {subprocess.py:93} INFO - Traceback (most recent call last):
[2025-03-05T16:48:29.622+0000] {subprocess.py:93} INFO -   File "/home/***/.local/lib/python3.9/site-packages/twisted/internet/defer.py", line 1088, in _runCallbacks
[2025-03-05T16:48:29.623+0000] {subprocess.py:93} INFO -     current.result = callback(  # type: ignore[misc]
[2025-03-05T16:48:29.624+0000] {subprocess.py:93} INFO -   File "/app/crawler/tgdd_crawler/tgdd_crawler/spiders/my_spider.py", line 71, in parse_detail_product
[2025-03-05T16:48:29.625+0000] {subprocess.py:93} INFO -     productld = json.loads(response.xpath('//*[@id="productld"]/text()').get())
[2025-03-05T16:48:29.626+0000] {subprocess.py:93} INFO -   File "/usr/local/lib/python3.9/json/__init__.py", line 339, in loads
[2025-03-05T16:48:29.626+0000] {subprocess.py:93} INFO -     raise TypeError(f'the JSON object must be str, bytes or bytearray, '
[2025-03-05T16:48:29.627+0000] {subprocess.py:93} INFO - TypeError: the JSON object must be str, bytes or bytearray, not NoneType
[2025-03-05T16:48:30.091+0000] {subprocess.py:93} INFO - 2025-03-05 16:48:30 [root] INFO: URL: https://www.thegioididong.com/loa-laptop/mobell-mk-6790a-800w
[2025-03-05T16:48:30.107+0000] {subprocess.py:93} INFO - 2025-03-05 16:48:30 [root] INFO: cnt: 58
[2025-03-05T16:48:30.453+0000] {subprocess.py:93} INFO - 2025-03-05 16:48:30 [root] INFO: URL: https://www.thegioididong.com/laptop/lenovo-legion-slim-5-16ahp9-r7-83dh003avn
[2025-03-05T16:48:30.466+0000] {subprocess.py:93} INFO - 2025-03-05 16:48:30 [root] INFO: cnt: 59
[2025-03-05T16:48:30.729+0000] {subprocess.py:93} INFO - 2025-03-05 16:48:30 [root] INFO: URL: https://www.thegioididong.com/laptop/lenovo-yoga-7-2in1-14iml9-ultra-7-83dj001fvn
[2025-03-05T16:48:30.742+0000] {subprocess.py:93} INFO - 2025-03-05 16:48:30 [root] INFO: cnt: 60
[2025-03-05T16:48:30.904+0000] {subprocess.py:93} INFO - 2025-03-05 16:48:30 [scrapy.extensions.logstats] INFO: Crawled 96 pages (at 96 pages/min), scraped 0 items (at 0 items/min)
[2025-03-05T16:48:31.070+0000] {subprocess.py:93} INFO - 2025-03-05 16:48:31 [root] INFO: URL: https://www.thegioididong.com/laptop/lenovo-loq-15arp9-r7-83jc003vvn
[2025-03-05T16:48:31.084+0000] {subprocess.py:93} INFO - 2025-03-05 16:48:31 [root] INFO: cnt: 61
[2025-03-05T16:48:31.134+0000] {subprocess.py:93} INFO - 2025-03-05 16:48:31 [root] INFO: URL: https://www.thegioididong.com/laptop/lenovo-loq-15arp9-r5-83jc007hvn
[2025-03-05T16:48:31.147+0000] {subprocess.py:93} INFO - 2025-03-05 16:48:31 [root] INFO: cnt: 62
[2025-03-05T16:48:31.261+0000] {subprocess.py:93} INFO - 2025-03-05 16:48:31 [root] INFO: URL: https://www.thegioididong.com/laptop/lenovo-thinkpad-x13-ultra-7-21lu004tvn
[2025-03-05T16:48:31.275+0000] {subprocess.py:93} INFO - 2025-03-05 16:48:31 [root] INFO: cnt: 63
[2025-03-05T16:48:31.282+0000] {subprocess.py:93} INFO - 2025-03-05 16:48:31 [root] INFO: URL: https://www.thegioididong.com/laptop/lenovo-ideapad-slim-3-15irh10-i7-83k1000jvn
[2025-03-05T16:48:31.294+0000] {subprocess.py:93} INFO - 2025-03-05 16:48:31 [root] INFO: cnt: 64
[2025-03-05T16:48:31.338+0000] {subprocess.py:93} INFO - 2025-03-05 16:48:31 [root] INFO: URL: https://www.thegioididong.com/laptop/lenovo-legion-pro-7-16irx9h-i9-83de001nvn
[2025-03-05T16:48:31.351+0000] {subprocess.py:93} INFO - 2025-03-05 16:48:31 [root] INFO: cnt: 65
[2025-03-05T16:48:31.416+0000] {subprocess.py:93} INFO - 2025-03-05 16:48:31 [root] INFO: URL: https://www.thegioididong.com/laptop/lenovo-thinkpad-t14s-ultra-5-21ls005rvn
[2025-03-05T16:48:31.432+0000] {subprocess.py:93} INFO - 2025-03-05 16:48:31 [root] INFO: cnt: 66
[2025-03-05T16:48:31.328+0000] {subprocess.py:93} INFO - 2025-03-05 16:48:31 [root] INFO: URL: https://www.thegioididong.com/laptop/lenovo-loq-15iax9-i5-83gs000rvn
[2025-03-05T16:48:31.342+0000] {subprocess.py:93} INFO - 2025-03-05 16:48:31 [root] INFO: cnt: 67
[2025-03-05T16:48:31.462+0000] {subprocess.py:93} INFO - 2025-03-05 16:48:31 [root] INFO: URL: https://www.thegioididong.com/dong-ho-thong-minh/xiaomi-watch-s4
[2025-03-05T16:48:31.470+0000] {subprocess.py:93} INFO - 2025-03-05 16:48:31 [root] INFO: cnt: 68
[2025-03-05T16:48:31.513+0000] {subprocess.py:93} INFO - 2025-03-05 16:48:31 [root] INFO: URL: https://www.thegioididong.com/laptop/lenovo-loq-15iax9-i5-83gs001qvn
[2025-03-05T16:48:31.525+0000] {subprocess.py:93} INFO - 2025-03-05 16:48:31 [root] INFO: cnt: 69
[2025-03-05T16:48:31.817+0000] {subprocess.py:93} INFO - 2025-03-05 16:48:31 [root] INFO: URL: https://www.thegioididong.com/laptop/lenovo-ideapad-slim-3-16irh10-i5-83k20003vn
[2025-03-05T16:48:31.835+0000] {subprocess.py:93} INFO - 2025-03-05 16:48:31 [root] INFO: cnt: 70
[2025-03-05T16:48:32.002+0000] {subprocess.py:93} INFO - 2025-03-05 16:48:32 [root] INFO: URL: https://www.thegioididong.com/laptop/lenovo-ideapad-slim-3-15irh10-i7-83k1000fvn
[2025-03-05T16:48:32.019+0000] {subprocess.py:93} INFO - 2025-03-05 16:48:32 [root] INFO: cnt: 71
[2025-03-05T16:48:32.285+0000] {subprocess.py:93} INFO - 2025-03-05 16:48:32 [root] INFO: URL: https://www.thegioididong.com/laptop/lenovo-ideapad-5-2in1-14irh9-i5-83kx003wvn
[2025-03-05T16:48:32.299+0000] {subprocess.py:93} INFO - 2025-03-05 16:48:32 [root] INFO: cnt: 72
[2025-03-05T16:48:32.474+0000] {subprocess.py:93} INFO - 2025-03-05 16:48:32 [root] INFO: URL: https://www.thegioididong.com/laptop/lenovo-ideapad-5-2in1-14irh9-i7-83kx003xvn
[2025-03-05T16:48:32.492+0000] {subprocess.py:93} INFO - 2025-03-05 16:48:32 [root] INFO: cnt: 73
[2025-03-05T16:48:39.553+0000] {subprocess.py:93} INFO - 2025-03-05 16:48:39 [root] INFO: URL: https://www.thegioididong.com/laptop/lenovo-ideapad-slim-3-15irh10-i5-83k1000hvn
[2025-03-05T16:48:39.576+0000] {subprocess.py:93} INFO - 2025-03-05 16:48:39 [root] INFO: cnt: 74
[2025-03-05T16:48:40.967+0000] {subprocess.py:93} INFO - 2025-03-05 16:48:40 [root] INFO: URL: https://www.thegioididong.com/ban-phim/ban-phim-co-khong-day-akko-3108-rf-dragon-ball-z-goku-cream-yellow
[2025-03-05T16:48:40.978+0000] {subprocess.py:93} INFO - 2025-03-05 16:48:40 [root] INFO: cnt: 75
[2025-03-05T16:48:41.091+0000] {subprocess.py:93} INFO - 2025-03-05 16:48:41 [root] INFO: URL: https://www.thegioididong.com/ban-phim/ban-phim-co-khong-day-akko-3087-rf-dragon-ball-z-goku-cream-yellow
[2025-03-05T16:48:41.129+0000] {subprocess.py:93} INFO - 2025-03-05 16:48:41 [root] INFO: cnt: 76
[2025-03-05T16:48:41.278+0000] {subprocess.py:93} INFO - 2025-03-05 16:48:41 [root] INFO: URL: https://www.thegioididong.com/op-lung-flipcover/op-lung-iphone-15-nhua-cung-vien-deo-jincase-jcs1601-trong
[2025-03-05T16:48:41.295+0000] {subprocess.py:93} INFO - 2025-03-05 16:48:41 [root] INFO: cnt: 77
[2025-03-05T16:48:41.304+0000] {subprocess.py:93} INFO - 2025-03-05 16:48:41 [root] INFO: URL: https://www.thegioididong.com/mieng-dan-man-hinh/mieng-dan-kinh-cuong-luc-ipad-air-13-inch-2024-jcpal
[2025-03-05T16:48:41.313+0000] {subprocess.py:93} INFO - 2025-03-05 16:48:41 [root] INFO: cnt: 78
[2025-03-05T16:48:41.421+0000] {subprocess.py:93} INFO - 2025-03-05 16:48:41 [root] INFO: URL: https://www.thegioididong.com/mieng-dan-man-hinh/mieng-dan-kinh-cuong-luc-ipad-air-11-inch-2024-jcpal-iclara
[2025-03-05T16:48:41.436+0000] {subprocess.py:93} INFO - 2025-03-05 16:48:41 [root] INFO: cnt: 79
[2025-03-05T16:48:41.465+0000] {subprocess.py:93} INFO - 2025-03-05 16:48:41 [root] INFO: URL: https://www.thegioididong.com/mieng-dan-man-hinh/mieng-dan-kinh-cuong-luc-samsung-galaxy-s25-ultra-uniq
[2025-03-05T16:48:49.318+0000] {subprocess.py:93} INFO - 2025-03-05 16:48:49 [root] INFO: cnt: 80
[2025-03-05T16:48:49.320+0000] {subprocess.py:93} INFO - 2025-03-05 16:48:49 [root] INFO: URL: https://www.thegioididong.com/ban-phim/ban-phim-co-khong-day-akko-3108-rf-dragon-ball-z-cream-blue
[2025-03-05T16:48:49.336+0000] {subprocess.py:93} INFO - 2025-03-05 16:48:49 [root] INFO: cnt: 81
[2025-03-05T16:48:49.516+0000] {subprocess.py:93} INFO - 2025-03-05 16:48:49 [root] INFO: URL: https://www.thegioididong.com/mieng-dan-man-hinh/mieng-dan-kinh-cuong-luc-ipad-pro-11-inch-2024-jcpal-iclara
[2025-03-05T16:48:49.529+0000] {subprocess.py:93} INFO - 2025-03-05 16:48:49 [root] INFO: cnt: 82
[2025-03-05T16:48:49.533+0000] {subprocess.py:93} INFO - 2025-03-05 16:48:49 [root] INFO: URL: https://www.thegioididong.com/mieng-dan-man-hinh/mieng-dan-kinh-cuong-luc-ipad-pro-13-inch-2024-jcpal-iclara
[2025-03-05T16:48:49.545+0000] {subprocess.py:93} INFO - 2025-03-05 16:48:49 [root] INFO: cnt: 83
[2025-03-05T16:48:41.666+0000] {subprocess.py:93} INFO - 2025-03-05 16:48:41 [root] INFO: URL: https://www.thegioididong.com/mieng-dan-man-hinh/mieng-dan-kinh-cuong-luc-iphone-16-pro-max-mipow-bj604-cr
[2025-03-05T16:48:41.677+0000] {subprocess.py:93} INFO - 2025-03-05 16:48:41 [root] INFO: cnt: 84
[2025-03-05T16:48:41.747+0000] {subprocess.py:93} INFO - 2025-03-05 16:48:41 [root] INFO: URL: https://www.thegioididong.com/mieng-dan-man-hinh/mieng-dan-kinh-cuong-luc-chong-nhin-trom-samsung-galaxy-s25-ultra-uniq
[2025-03-05T16:48:41.755+0000] {subprocess.py:93} INFO - 2025-03-05 16:48:41 [root] INFO: cnt: 85
[2025-03-05T16:48:42.186+0000] {subprocess.py:93} INFO - 2025-03-05 16:48:42 [root] INFO: URL: https://www.thegioididong.com/mieng-dan-man-hinh/mieng-dan-kinh-cuong-luc-samsung-galaxy-s25-plus-uniq
[2025-03-05T16:48:42.193+0000] {subprocess.py:93} INFO - 2025-03-05 16:48:42 [root] INFO: cnt: 86
[2025-03-05T16:48:42.203+0000] {subprocess.py:93} INFO - 2025-03-05 16:48:42 [root] INFO: URL: https://www.thegioididong.com/op-lung-flipcover/op-lung-magsafe-galaxy-s25-ultra-nhua-deo-tpu-samsung-x-spigen-enzo-aramid-den
[2025-03-05T16:48:42.210+0000] {subprocess.py:93} INFO - 2025-03-05 16:48:42 [root] INFO: cnt: 87
[2025-03-05T16:48:42.287+0000] {subprocess.py:93} INFO - 2025-03-05 16:48:42 [root] INFO: URL: https://www.thegioididong.com/mieng-dan-man-hinh/mieng-dan-kinh-cuong-luc-samsung-galaxy-s25-uniq
[2025-03-05T16:48:42.297+0000] {subprocess.py:93} INFO - 2025-03-05 16:48:42 [root] INFO: cnt: 88
[2025-03-05T16:48:42.369+0000] {subprocess.py:93} INFO - 2025-03-05 16:48:42 [root] INFO: URL: https://www.thegioididong.com/op-lung-flipcover/op-lung-galaxy-s25-plus-nhua-pc-tpu-samsung-x-otterbox-react-magnet-trong
[2025-03-05T16:48:42.379+0000] {subprocess.py:93} INFO - 2025-03-05 16:48:42 [root] INFO: cnt: 89
[2025-03-05T16:48:50.017+0000] {subprocess.py:93} INFO - 2025-03-05 16:48:50 [root] INFO: URL: https://www.thegioididong.com/dtdd/oppo-a5-pro-5g
[2025-03-05T16:48:50.030+0000] {subprocess.py:93} INFO - 2025-03-05 16:48:50 [root] INFO: cnt: 90
[2025-03-05T16:48:50.564+0000] {subprocess.py:93} INFO - 2025-03-05 16:48:50 [root] INFO: URL: https://www.thegioididong.com/man-hinh-may-tinh/xiaomi-a27qi-27-inch-2k-ips-100hz-6ms
[2025-03-05T16:48:50.579+0000] {subprocess.py:93} INFO - 2025-03-05 16:48:50 [root] INFO: cnt: 91
[2025-03-05T16:48:50.827+0000] {subprocess.py:93} INFO - 2025-03-05 16:48:50 [root] INFO: URL: https://www.thegioididong.com/op-lung-flipcover/op-lung-magsafe-galaxy-s25-plus-nhua-deo-tpu-samsung-x-spigen-enzo-aramid-den
[2025-03-05T16:48:50.835+0000] {subprocess.py:93} INFO - 2025-03-05 16:48:50 [root] INFO: cnt: 92
[2025-03-05T16:48:51.125+0000] {subprocess.py:93} INFO - 2025-03-05 16:48:51 [root] INFO: URL: https://www.thegioididong.com/op-lung-flipcover/op-lung-magsafe-galaxy-s25-nhua-deo-tpu-samsung-x-spigen-enzo-aramid-den
[2025-03-05T16:48:51.132+0000] {subprocess.py:93} INFO - 2025-03-05 16:48:51 [root] INFO: cnt: 93
[2025-03-05T16:48:51.187+0000] {subprocess.py:93} INFO - 2025-03-05 16:48:51 [root] INFO: URL: https://www.thegioididong.com/man-hinh-may-tinh/acer-ek221q-e3-21-5-inch-fhd-ips-100hz-5ms
[2025-03-05T16:48:51.198+0000] {subprocess.py:93} INFO - 2025-03-05 16:48:51 [root] INFO: cnt: 94
[2025-03-05T16:48:51.219+0000] {subprocess.py:93} INFO - 2025-03-05 16:48:51 [root] INFO: URL: https://www.thegioididong.com/op-lung-flipcover/op-lung-magsafe-galaxy-s25-ultra-nhua-pc-tpu-samsung-trong
[2025-03-05T16:48:51.227+0000] {subprocess.py:93} INFO - 2025-03-05 16:48:51 [root] INFO: cnt: 95
[2025-03-05T16:48:51.279+0000] {subprocess.py:93} INFO - 2025-03-05 16:48:51 [root] INFO: URL: https://www.thegioididong.com/man-hinh-may-tinh/acer-ed320q-x-31-5-inch-fhd-va-240hz-5ms
[2025-03-05T16:48:51.292+0000] {subprocess.py:93} INFO - 2025-03-05 16:48:51 [root] INFO: cnt: 96
[2025-03-05T16:48:59.332+0000] {subprocess.py:93} INFO - 2025-03-05 16:48:59 [root] INFO: URL: https://www.thegioididong.com/man-hinh-may-tinh/acer-nitro-kg240y-x1-23-8-inch-fhd-ips-200hz-4ms
[2025-03-05T16:48:59.343+0000] {subprocess.py:93} INFO - 2025-03-05 16:48:59 [root] INFO: cnt: 97
[2025-03-05T16:48:59.452+0000] {subprocess.py:93} INFO - 2025-03-05 16:48:59 [root] INFO: URL: https://www.thegioididong.com/man-hinh-may-tinh/acer-ek251q-g-24-5-inch-fhd-ips-120hz-4ms
[2025-03-05T16:48:59.464+0000] {subprocess.py:93} INFO - 2025-03-05 16:48:59 [root] INFO: cnt: 98
[2025-03-05T16:48:59.465+0000] {subprocess.py:93} INFO - 2025-03-05 16:48:59 [root] INFO: URL: https://www.thegioididong.com/may-tinh-de-ban/asus-aio-a3402wvak-i5-1335u-23-8-inch-wpc104w
[2025-03-05T16:48:59.479+0000] {subprocess.py:93} INFO - 2025-03-05 16:48:59 [root] INFO: cnt: 99
[2025-03-05T16:48:51.330+0000] {subprocess.py:93} INFO - 2025-03-05 16:48:51 [root] INFO: URL: https://www.thegioididong.com/man-hinh-may-tinh/acer-sa272u-e-27-inch-2k-ips-100hz-4ms-trang
[2025-03-05T16:48:51.340+0000] {subprocess.py:93} INFO - 2025-03-05 16:48:51 [root] INFO: cnt: 100
[2025-03-05T16:48:51.431+0000] {subprocess.py:93} INFO - 2025-03-05 16:48:51 [root] INFO: URL: https://www.thegioididong.com/dtdd/oppo-a5-pro
[2025-03-05T16:48:51.440+0000] {subprocess.py:93} INFO - 2025-03-05 16:48:51 [root] INFO: cnt: 101
[2025-03-05T16:48:51.457+0000] {subprocess.py:93} INFO - 2025-03-05 16:48:51 [root] INFO: URL: https://www.thegioididong.com/man-hinh-may-tinh/acer-sa272u-e-27-inch-2k-ips-100hz-4ms
[2025-03-05T16:48:51.467+0000] {subprocess.py:93} INFO - 2025-03-05 16:48:51 [root] INFO: cnt: 102
[2025-03-05T16:48:51.564+0000] {subprocess.py:93} INFO - 2025-03-05 16:48:51 [root] INFO: URL: https://www.thegioididong.com/man-hinh-may-tinh/acer-ek241y-g-23-8-inch-fhd-ips-120hz-4ms
[2025-03-05T16:48:51.576+0000] {subprocess.py:93} INFO - 2025-03-05 16:48:51 [root] INFO: cnt: 103
[2025-03-05T16:48:51.905+0000] {subprocess.py:93} INFO - 2025-03-05 16:48:51 [root] INFO: URL: https://www.thegioididong.com/man-hinh-may-tinh/acer-nitro-kg270-x1-27-inch-fhd-ips-200hz-4ms
[2025-03-05T16:48:51.920+0000] {subprocess.py:93} INFO - 2025-03-05 16:48:51 [root] INFO: cnt: 104
[2025-03-05T16:48:52.222+0000] {subprocess.py:93} INFO - 2025-03-05 16:48:52 [root] INFO: URL: https://www.thegioididong.com/may-tinh-de-ban/asus-s500se-i3-13100-8gb-512gb-s500se-313100070w
[2025-03-05T16:48:52.238+0000] {subprocess.py:93} INFO - 2025-03-05 16:48:52 [root] INFO: cnt: 105
[2025-03-05T16:48:52.500+0000] {subprocess.py:93} INFO - 2025-03-05 16:48:52 [root] INFO: URL: https://www.thegioididong.com/may-tinh-de-ban/asus-s500se-i3-13100-8gb-256gb-s500se-313100069w
[2025-03-05T16:48:52.510+0000] {subprocess.py:93} INFO - 2025-03-05 16:48:52 [root] INFO: cnt: 106
[2025-03-05T16:49:00.020+0000] {subprocess.py:93} INFO - 2025-03-05 16:49:00 [root] INFO: URL: https://www.thegioididong.com/dtdd/samsung-galaxy-a56-8gb-128gb
[2025-03-05T16:49:00.033+0000] {subprocess.py:93} INFO - 2025-03-05 16:49:00 [root] INFO: cnt: 107
[2025-03-05T16:49:00.216+0000] {subprocess.py:93} INFO - 2025-03-05 16:49:00 [root] INFO: URL: https://www.thegioididong.com/dtdd/samsung-galaxy-a56-8gb-256gb
[2025-03-05T16:49:00.232+0000] {subprocess.py:93} INFO - 2025-03-05 16:49:00 [root] INFO: cnt: 108
[2025-03-05T16:49:00.347+0000] {subprocess.py:93} INFO - 2025-03-05 16:49:00 [root] INFO: URL: https://www.thegioididong.com/dtdd/samsung-galaxy-a36-8gb-256gb
[2025-03-05T16:49:00.362+0000] {subprocess.py:93} INFO - 2025-03-05 16:49:00 [root] INFO: cnt: 109
[2025-03-05T16:49:00.742+0000] {subprocess.py:93} INFO - 2025-03-05 16:49:00 [root] INFO: URL: https://www.thegioididong.com/thiet-bi-mang/usb-wifi-chuan-wifi-6-totolink-x900usm
[2025-03-05T16:49:00.752+0000] {subprocess.py:93} INFO - 2025-03-05 16:49:00 [root] INFO: cnt: 110
[2025-03-05T16:49:01.457+0000] {subprocess.py:93} INFO - 2025-03-05 16:49:01 [root] INFO: URL: https://www.thegioididong.com/may-tinh-de-ban/minipc-singpc-i12450h682-w-i5-12450h
[2025-03-05T16:49:01.469+0000] {subprocess.py:93} INFO - 2025-03-05 16:49:01 [root] INFO: cnt: 111
[2025-03-05T16:49:30.904+0000] {subprocess.py:93} INFO - 2025-03-05 16:49:30 [scrapy.extensions.logstats] INFO: Crawled 205 pages (at 109 pages/min), scraped 0 items (at 0 items/min)
[2025-03-05T16:49:40.095+0000] {subprocess.py:93} INFO - 2025-03-05 16:49:40 [scrapy.core.engine] INFO: Closing spider (finished)
[2025-03-05T16:49:40.096+0000] {subprocess.py:93} INFO - 2025-03-05 16:49:40 [root] INFO: Spider closed: finished
[2025-03-05T16:49:40.126+0000] {subprocess.py:93} INFO - 2025-03-05 16:49:40 [scrapy.statscollectors] INFO: Dumping Scrapy stats:
[2025-03-05T16:49:40.127+0000] {subprocess.py:93} INFO - {'downloader/request_bytes': 222658,
[2025-03-05T16:49:40.128+0000] {subprocess.py:93} INFO -  'downloader/request_count': 217,
[2025-03-05T16:49:40.129+0000] {subprocess.py:93} INFO -  'downloader/request_method_count/GET': 217,
[2025-03-05T16:49:40.129+0000] {subprocess.py:93} INFO -  'downloader/response_bytes': 16490100,
[2025-03-05T16:49:40.130+0000] {subprocess.py:93} INFO -  'downloader/response_count': 217,
[2025-03-05T16:49:40.130+0000] {subprocess.py:93} INFO -  'downloader/response_status_count/200': 216,
[2025-03-05T16:49:40.131+0000] {subprocess.py:93} INFO -  'downloader/response_status_count/301': 1,
[2025-03-05T16:49:40.131+0000] {subprocess.py:93} INFO -  'elapsed_time_seconds': 129.193961,
[2025-03-05T16:49:40.132+0000] {subprocess.py:93} INFO -  'finish_reason': 'finished',
[2025-03-05T16:49:40.132+0000] {subprocess.py:93} INFO -  'finish_time': datetime.datetime(2025, 3, 5, 16, 49, 40, 95924, tzinfo=datetime.timezone.utc),
[2025-03-05T16:49:40.133+0000] {subprocess.py:93} INFO -  'httpcompression/response_bytes': 63007715,
[2025-03-05T16:49:40.134+0000] {subprocess.py:93} INFO -  'httpcompression/response_count': 216,
[2025-03-05T16:49:40.135+0000] {subprocess.py:93} INFO -  'items_per_minute': None,
[2025-03-05T16:49:40.136+0000] {subprocess.py:93} INFO -  'log_count/ERROR': 2,
[2025-03-05T16:49:40.137+0000] {subprocess.py:93} INFO -  'log_count/INFO': 463,
[2025-03-05T16:49:40.137+0000] {subprocess.py:93} INFO -  'memusage/max': 186957824,
[2025-03-05T16:49:40.138+0000] {subprocess.py:93} INFO -  'memusage/startup': 174768128,
[2025-03-05T16:49:40.138+0000] {subprocess.py:93} INFO -  'request_depth_max': 2,
[2025-03-05T16:49:40.139+0000] {subprocess.py:93} INFO -  'response_received_count': 216,
[2025-03-05T16:49:40.140+0000] {subprocess.py:93} INFO -  'responses_per_minute': None,
[2025-03-05T16:49:40.140+0000] {subprocess.py:93} INFO -  'scheduler/dequeued': 217,
[2025-03-05T16:49:40.141+0000] {subprocess.py:93} INFO -  'scheduler/dequeued/memory': 217,
[2025-03-05T16:49:40.142+0000] {subprocess.py:93} INFO -  'scheduler/enqueued': 217,
[2025-03-05T16:49:40.142+0000] {subprocess.py:93} INFO -  'scheduler/enqueued/memory': 217,
[2025-03-05T16:49:40.143+0000] {subprocess.py:93} INFO -  'spider_exceptions/TypeError': 2,
[2025-03-05T16:49:40.143+0000] {subprocess.py:93} INFO -  'start_time': datetime.datetime(2025, 3, 5, 16, 47, 30, 901963, tzinfo=datetime.timezone.utc)}
[2025-03-05T16:49:40.144+0000] {subprocess.py:93} INFO - 2025-03-05 16:49:40 [scrapy.core.engine] INFO: Spider closed (finished)
[2025-03-05T16:49:40.159+0000] {subprocess.py:93} INFO - <module 'posixpath' from '/usr/local/lib/python3.9/posixpath.py'>
[2025-03-05T16:49:40.160+0000] {subprocess.py:93} INFO - Tp /app/crawler/tgdd_crawler/tgdd_crawler/crawler/tgdd_crawler/tgdd_crawler/metadata.json khng tn ti.
[2025-03-05T16:49:40.317+0000] {subprocess.py:97} INFO - Command exited with return code 0
[2025-03-05T16:49:40.318+0000] {taskinstance.py:441} INFO - ::group::Post task execution logs
[2025-03-05T16:49:40.349+0000] {taskinstance.py:1206} INFO - Marking task as SUCCESS. dag_id=crawl_thegioididong_daily, task_id=crawl, run_id=manual__2025-03-05T16:47:27.933913+00:00, execution_date=20250305T164727, start_date=20250305T164729, end_date=20250305T164940
[2025-03-05T16:49:40.382+0000] {local_task_job_runner.py:243} INFO - Task exited with return code 0
[2025-03-05T16:49:40.402+0000] {taskinstance.py:3503} INFO - 1 downstream tasks scheduled from follow-on schedule check
[2025-03-05T16:49:40.405+0000] {local_task_job_runner.py:222} INFO - ::endgroup::
