[2025-03-01T17:16:48.256+0000] {local_task_job_runner.py:120} INFO - ::group::Pre task execution logs
[2025-03-01T17:16:48.276+0000] {taskinstance.py:2076} INFO - Dependencies all met for dep_context=non-requeueable deps ti=<TaskInstance: normalize_thegioididong_daily.normalize_task manual__2025-03-01T17:16:47.452403+00:00 [queued]>
[2025-03-01T17:16:48.283+0000] {taskinstance.py:2076} INFO - Dependencies all met for dep_context=requeueable deps ti=<TaskInstance: normalize_thegioididong_daily.normalize_task manual__2025-03-01T17:16:47.452403+00:00 [queued]>
[2025-03-01T17:16:48.284+0000] {taskinstance.py:2306} INFO - Starting attempt 1 of 1
[2025-03-01T17:16:48.295+0000] {taskinstance.py:2330} INFO - Executing <Task(PythonOperator): normalize_task> on 2025-03-01 17:16:47.452403+00:00
[2025-03-01T17:16:48.299+0000] {warnings.py:112} WARNING - /home/***/.local/lib/python3.12/site-packages/***/task/task_runner/standard_task_runner.py:62: DeprecationWarning: This process (pid=542) is multi-threaded, use of fork() may lead to deadlocks in the child.
  pid = os.fork()

[2025-03-01T17:16:48.301+0000] {standard_task_runner.py:64} INFO - Started process 543 to run task
[2025-03-01T17:16:48.301+0000] {standard_task_runner.py:90} INFO - Running: ['***', 'tasks', 'run', 'normalize_thegioididong_daily', 'normalize_task', 'manual__2025-03-01T17:16:47.452403+00:00', '--job-id', '169', '--raw', '--subdir', 'DAGS_FOLDER/normalize_daily_tgdd.py', '--cfg-path', '/tmp/tmp5sjzkfy2']
[2025-03-01T17:16:48.302+0000] {standard_task_runner.py:91} INFO - Job 169: Subtask normalize_task
[2025-03-01T17:16:48.340+0000] {task_command.py:426} INFO - Running <TaskInstance: normalize_thegioididong_daily.normalize_task manual__2025-03-01T17:16:47.452403+00:00 [running]> on host d6b41eaa664f
[2025-03-01T17:16:48.409+0000] {taskinstance.py:2648} INFO - Exporting env vars: AIRFLOW_CTX_DAG_OWNER='***' AIRFLOW_CTX_DAG_ID='normalize_thegioididong_daily' AIRFLOW_CTX_TASK_ID='normalize_task' AIRFLOW_CTX_EXECUTION_DATE='2025-03-01T17:16:47.452403+00:00' AIRFLOW_CTX_TRY_NUMBER='1' AIRFLOW_CTX_DAG_RUN_ID='manual__2025-03-01T17:16:47.452403+00:00'
[2025-03-01T17:16:48.410+0000] {taskinstance.py:430} INFO - ::endgroup::
[2025-03-01T17:16:48.422+0000] {normalize_daily_tgdd.py:17} INFO - 20250301
[2025-03-01T17:16:48.508+0000] {python.py:237} INFO - Done. Returned value was: None
[2025-03-01T17:16:48.510+0000] {taskinstance.py:441} INFO - ::group::Post task execution logs
[2025-03-01T17:16:48.517+0000] {taskinstance.py:1206} INFO - Marking task as SUCCESS. dag_id=normalize_thegioididong_daily, task_id=normalize_task, run_id=manual__2025-03-01T17:16:47.452403+00:00, execution_date=20250301T171647, start_date=20250301T171648, end_date=20250301T171648
[2025-03-01T17:16:48.555+0000] {local_task_job_runner.py:243} INFO - Task exited with return code 0
[2025-03-01T17:16:48.568+0000] {taskinstance.py:3503} INFO - 0 downstream tasks scheduled from follow-on schedule check
[2025-03-01T17:16:48.570+0000] {local_task_job_runner.py:222} INFO - ::endgroup::
