[2025-02-23T18:43:28.211+0000] {manager.py:470} INFO - Processing files using up to 2 processes at a time 
[2025-02-23T18:43:28.212+0000] {manager.py:471} INFO - Process each file at most once every 30 seconds
[2025-02-23T18:43:28.214+0000] {manager.py:472} INFO - Checking for new files in /opt/airflow/dags every 300 seconds
[2025-02-23T18:43:28.215+0000] {manager.py:737} INFO - Searching for files in /opt/airflow/dags
[2025-02-23T18:43:28.268+0000] {manager.py:740} INFO - There are 2 files in /opt/airflow/dags
[2025-02-23T18:43:28.406+0000] {manager.py:878} INFO - 
================================================================================
DAG File Processing Stats

File Path                                PID  Runtime      # DAGs    # Errors  Last Runtime    Last Run
-------------------------------------  -----  ---------  --------  ----------  --------------  ----------
/opt/airflow/dags/crawl_daily_tgdd.py     42  0.06s             0           0
/opt/airflow/dags/crawl_full_tgdd.py      41  0.08s             0           0
================================================================================
[2025-02-23T18:43:57.053+0000] {manager.py:878} INFO - 
================================================================================
DAG File Processing Stats

File Path                              PID    Runtime      # DAGs    # Errors  Last Runtime    Last Run
-------------------------------------  -----  ---------  --------  ----------  --------------  -------------------
/opt/airflow/dags/crawl_daily_tgdd.py                           1           0  0.22s           2025-02-23T18:43:28
/opt/airflow/dags/crawl_full_tgdd.py                            1           0  0.20s           2025-02-23T18:43:28
================================================================================
[2025-02-23T18:44:26.053+0000] {manager.py:878} INFO - 
================================================================================
DAG File Processing Stats

File Path                              PID    Runtime      # DAGs    # Errors  Last Runtime    Last Run
-------------------------------------  -----  ---------  --------  ----------  --------------  -------------------
/opt/airflow/dags/crawl_daily_tgdd.py                           1           0  0.41s           2025-02-23T18:43:59
/opt/airflow/dags/crawl_full_tgdd.py                            1           0  0.39s           2025-02-23T18:43:59
================================================================================
[2025-02-23T18:44:54.741+0000] {manager.py:878} INFO - 
================================================================================
DAG File Processing Stats

File Path                              PID    Runtime      # DAGs    # Errors  Last Runtime    Last Run
-------------------------------------  -----  ---------  --------  ----------  --------------  -------------------
/opt/airflow/dags/crawl_daily_tgdd.py                           1           0  0.39s           2025-02-23T18:44:30
/opt/airflow/dags/crawl_full_tgdd.py                            1           0  0.19s           2025-02-23T18:44:30
================================================================================
[2025-02-23T18:45:23.349+0000] {manager.py:878} INFO - 
================================================================================
DAG File Processing Stats

File Path                              PID    Runtime      # DAGs    # Errors  Last Runtime    Last Run
-------------------------------------  -----  ---------  --------  ----------  --------------  -------------------
/opt/airflow/dags/crawl_full_tgdd.py                            1           0  0.42s           2025-02-23T18:45:01
/opt/airflow/dags/crawl_daily_tgdd.py                           1           0  0.22s           2025-02-23T18:45:01
================================================================================
[2025-02-23T18:45:52.225+0000] {manager.py:878} INFO - 
================================================================================
DAG File Processing Stats

File Path                              PID    Runtime      # DAGs    # Errors  Last Runtime    Last Run
-------------------------------------  -----  ---------  --------  ----------  --------------  -------------------
/opt/airflow/dags/crawl_daily_tgdd.py                           1           0  0.20s           2025-02-23T18:45:31
/opt/airflow/dags/crawl_full_tgdd.py                            1           0  0.14s           2025-02-23T18:45:31
================================================================================
[2025-02-23T18:46:20.797+0000] {manager.py:878} INFO - 
================================================================================
DAG File Processing Stats

File Path                              PID    Runtime      # DAGs    # Errors  Last Runtime    Last Run
-------------------------------------  -----  ---------  --------  ----------  --------------  -------------------
/opt/airflow/dags/crawl_full_tgdd.py                            1           0  0.29s           2025-02-23T18:45:59
/opt/airflow/dags/crawl_daily_tgdd.py                           1           0  0.14s           2025-02-23T18:46:02
================================================================================
[2025-02-23T18:46:49.504+0000] {manager.py:878} INFO - 
================================================================================
DAG File Processing Stats

File Path                              PID    Runtime      # DAGs    # Errors  Last Runtime    Last Run
-------------------------------------  -----  ---------  --------  ----------  --------------  -------------------
/opt/airflow/dags/crawl_daily_tgdd.py                           1           0  0.14s           2025-02-23T18:46:33
/opt/airflow/dags/crawl_full_tgdd.py                            1           0  0.14s           2025-02-23T18:46:30
================================================================================
[2025-02-23T18:47:18.165+0000] {manager.py:878} INFO - 
================================================================================
DAG File Processing Stats

File Path                              PID    Runtime      # DAGs    # Errors  Last Runtime    Last Run
-------------------------------------  -----  ---------  --------  ----------  --------------  -------------------
/opt/airflow/dags/crawl_full_tgdd.py                            1           0  0.13s           2025-02-23T18:47:00
/opt/airflow/dags/crawl_daily_tgdd.py                           1           0  0.13s           2025-02-23T18:47:03
================================================================================
[2025-02-23T18:47:46.851+0000] {manager.py:878} INFO - 
================================================================================
DAG File Processing Stats

File Path                              PID    Runtime      # DAGs    # Errors  Last Runtime    Last Run
-------------------------------------  -----  ---------  --------  ----------  --------------  -------------------
/opt/airflow/dags/crawl_daily_tgdd.py                           1           0  0.15s           2025-02-23T18:47:34
/opt/airflow/dags/crawl_full_tgdd.py                            1           0  0.14s           2025-02-23T18:47:31
================================================================================
[2025-02-23T18:48:15.444+0000] {manager.py:878} INFO - 
================================================================================
DAG File Processing Stats

File Path                              PID    Runtime      # DAGs    # Errors  Last Runtime    Last Run
-------------------------------------  -----  ---------  --------  ----------  --------------  -------------------
/opt/airflow/dags/crawl_full_tgdd.py                            1           0  0.14s           2025-02-23T18:48:02
/opt/airflow/dags/crawl_daily_tgdd.py                           1           0  0.13s           2025-02-23T18:48:05
================================================================================
[2025-02-23T18:48:28.588+0000] {manager.py:737} INFO - Searching for files in /opt/airflow/dags
[2025-02-23T18:48:28.652+0000] {manager.py:740} INFO - There are 2 files in /opt/airflow/dags
[2025-02-23T18:48:44.153+0000] {manager.py:878} INFO - 
================================================================================
DAG File Processing Stats

File Path                              PID    Runtime      # DAGs    # Errors  Last Runtime    Last Run
-------------------------------------  -----  ---------  --------  ----------  --------------  -------------------
/opt/airflow/dags/crawl_full_tgdd.py                            1           0  0.14s           2025-02-23T18:48:32
/opt/airflow/dags/crawl_daily_tgdd.py                           1           0  0.14s           2025-02-23T18:48:35
================================================================================
[2025-02-23T18:49:12.582+0000] {manager.py:878} INFO - 
================================================================================
DAG File Processing Stats

File Path                              PID    Runtime      # DAGs    # Errors  Last Runtime    Last Run
-------------------------------------  -----  ---------  --------  ----------  --------------  -------------------
/opt/airflow/dags/crawl_daily_tgdd.py                           1           0  0.15s           2025-02-23T18:49:06
/opt/airflow/dags/crawl_full_tgdd.py                            1           0  0.13s           2025-02-23T18:49:03
================================================================================
[2025-02-23T18:49:42.898+0000] {manager.py:878} INFO - 
================================================================================
DAG File Processing Stats

File Path                              PID    Runtime      # DAGs    # Errors  Last Runtime    Last Run
-------------------------------------  -----  ---------  --------  ----------  --------------  -------------------
/opt/airflow/dags/crawl_full_tgdd.py                            1           0  0.25s           2025-02-23T18:49:34
/opt/airflow/dags/crawl_daily_tgdd.py                           1           0  0.14s           2025-02-23T18:49:36
================================================================================
[2025-02-23T18:50:11.385+0000] {manager.py:878} INFO - 
================================================================================
DAG File Processing Stats

File Path                              PID    Runtime      # DAGs    # Errors  Last Runtime    Last Run
-------------------------------------  -----  ---------  --------  ----------  --------------  -------------------
/opt/airflow/dags/crawl_full_tgdd.py                            1           0  0.16s           2025-02-23T18:50:04
/opt/airflow/dags/crawl_daily_tgdd.py                           1           0  0.13s           2025-02-23T18:50:07
================================================================================
[2025-02-23T18:50:40.084+0000] {manager.py:878} INFO - 
================================================================================
DAG File Processing Stats

File Path                              PID    Runtime      # DAGs    # Errors  Last Runtime    Last Run
-------------------------------------  -----  ---------  --------  ----------  --------------  -------------------
/opt/airflow/dags/crawl_full_tgdd.py                            1           0  0.16s           2025-02-23T18:50:35
/opt/airflow/dags/crawl_daily_tgdd.py                           1           0  0.15s           2025-02-23T18:50:38
================================================================================
[2025-02-23T18:51:08.582+0000] {manager.py:878} INFO - 
================================================================================
DAG File Processing Stats

File Path                                PID  Runtime      # DAGs    # Errors  Last Runtime    Last Run
-------------------------------------  -----  ---------  --------  ----------  --------------  -------------------
/opt/airflow/dags/crawl_full_tgdd.py                            1           0  0.15s           2025-02-23T18:51:05
/opt/airflow/dags/crawl_daily_tgdd.py    174  0.00s             1           0  0.15s           2025-02-23T18:50:38
================================================================================
[2025-02-23T18:51:37.208+0000] {manager.py:878} INFO - 
================================================================================
DAG File Processing Stats

File Path                              PID    Runtime      # DAGs    # Errors  Last Runtime    Last Run
-------------------------------------  -----  ---------  --------  ----------  --------------  -------------------
/opt/airflow/dags/crawl_daily_tgdd.py                           1           0  0.17s           2025-02-23T18:51:08
/opt/airflow/dags/crawl_full_tgdd.py                            1           0  0.14s           2025-02-23T18:51:36
================================================================================
[2025-02-23T18:52:05.760+0000] {manager.py:878} INFO - 
================================================================================
DAG File Processing Stats

File Path                              PID    Runtime      # DAGs    # Errors  Last Runtime    Last Run
-------------------------------------  -----  ---------  --------  ----------  --------------  -------------------
/opt/airflow/dags/crawl_daily_tgdd.py                           1           0  0.16s           2025-02-23T18:51:39
/opt/airflow/dags/crawl_full_tgdd.py                            1           0  0.14s           2025-02-23T18:51:36
================================================================================
[2025-02-23T18:52:34.265+0000] {manager.py:878} INFO - 
================================================================================
DAG File Processing Stats

File Path                              PID    Runtime      # DAGs    # Errors  Last Runtime    Last Run
-------------------------------------  -----  ---------  --------  ----------  --------------  -------------------
/opt/airflow/dags/crawl_daily_tgdd.py                           1           0  0.14s           2025-02-23T18:52:09
/opt/airflow/dags/crawl_full_tgdd.py                            1           0  0.14s           2025-02-23T18:52:06
================================================================================
[2025-02-23T18:53:02.952+0000] {manager.py:878} INFO - 
================================================================================
DAG File Processing Stats

File Path                              PID    Runtime      # DAGs    # Errors  Last Runtime    Last Run
-------------------------------------  -----  ---------  --------  ----------  --------------  -------------------
/opt/airflow/dags/crawl_daily_tgdd.py                           1           0  0.14s           2025-02-23T18:52:40
/opt/airflow/dags/crawl_full_tgdd.py                            1           0  0.13s           2025-02-23T18:52:37
================================================================================
[2025-02-23T18:53:29.451+0000] {manager.py:737} INFO - Searching for files in /opt/airflow/dags
[2025-02-23T18:53:29.516+0000] {manager.py:740} INFO - There are 2 files in /opt/airflow/dags
[2025-02-23T18:53:31.557+0000] {manager.py:878} INFO - 
================================================================================
DAG File Processing Stats

File Path                              PID    Runtime      # DAGs    # Errors  Last Runtime    Last Run
-------------------------------------  -----  ---------  --------  ----------  --------------  -------------------
/opt/airflow/dags/crawl_full_tgdd.py                            1           0  0.22s           2025-02-23T18:53:08
/opt/airflow/dags/crawl_daily_tgdd.py                           1           0  0.14s           2025-02-23T18:53:11
================================================================================
[2025-02-23T18:54:00.078+0000] {manager.py:878} INFO - 
================================================================================
DAG File Processing Stats

File Path                              PID    Runtime      # DAGs    # Errors  Last Runtime    Last Run
-------------------------------------  -----  ---------  --------  ----------  --------------  -------------------
/opt/airflow/dags/crawl_daily_tgdd.py                           1           0  0.14s           2025-02-23T18:53:41
/opt/airflow/dags/crawl_full_tgdd.py                            1           0  0.12s           2025-02-23T18:53:38
================================================================================
[2025-02-23T18:54:28.627+0000] {manager.py:878} INFO - 
================================================================================
DAG File Processing Stats

File Path                              PID    Runtime      # DAGs    # Errors  Last Runtime    Last Run
-------------------------------------  -----  ---------  --------  ----------  --------------  -------------------
/opt/airflow/dags/crawl_daily_tgdd.py                           1           0  0.15s           2025-02-23T18:54:12
/opt/airflow/dags/crawl_full_tgdd.py                            1           0  0.12s           2025-02-23T18:54:09
================================================================================
[2025-02-23T18:54:57.282+0000] {manager.py:878} INFO - 
================================================================================
DAG File Processing Stats

File Path                              PID    Runtime      # DAGs    # Errors  Last Runtime    Last Run
-------------------------------------  -----  ---------  --------  ----------  --------------  -------------------
/opt/airflow/dags/crawl_daily_tgdd.py                           1           0  0.46s           2025-02-23T18:54:43
/opt/airflow/dags/crawl_full_tgdd.py                            1           0  0.31s           2025-02-23T18:54:40
================================================================================
[2025-02-23T18:55:26.074+0000] {manager.py:878} INFO - 
================================================================================
DAG File Processing Stats

File Path                              PID    Runtime      # DAGs    # Errors  Last Runtime    Last Run
-------------------------------------  -----  ---------  --------  ----------  --------------  -------------------
/opt/airflow/dags/crawl_full_tgdd.py                            1           0  0.25s           2025-02-23T18:55:10
/opt/airflow/dags/crawl_daily_tgdd.py                           1           0  0.14s           2025-02-23T18:55:13
================================================================================
[2025-02-23T18:55:54.504+0000] {manager.py:878} INFO - 
================================================================================
DAG File Processing Stats

File Path                              PID    Runtime      # DAGs    # Errors  Last Runtime    Last Run
-------------------------------------  -----  ---------  --------  ----------  --------------  -------------------
/opt/airflow/dags/crawl_full_tgdd.py                            1           0  0.16s           2025-02-23T18:55:41
/opt/airflow/dags/crawl_daily_tgdd.py                           1           0  0.14s           2025-02-23T18:55:44
================================================================================
[2025-02-23T18:56:23.171+0000] {manager.py:878} INFO - 
================================================================================
DAG File Processing Stats

File Path                              PID    Runtime      # DAGs    # Errors  Last Runtime    Last Run
-------------------------------------  -----  ---------  --------  ----------  --------------  -------------------
/opt/airflow/dags/crawl_full_tgdd.py                            1           0  0.16s           2025-02-23T18:56:11
/opt/airflow/dags/crawl_daily_tgdd.py                           1           0  0.13s           2025-02-23T18:56:14
================================================================================
[2025-02-23T18:56:51.716+0000] {manager.py:878} INFO - 
================================================================================
DAG File Processing Stats

File Path                              PID    Runtime      # DAGs    # Errors  Last Runtime    Last Run
-------------------------------------  -----  ---------  --------  ----------  --------------  -------------------
/opt/airflow/dags/crawl_full_tgdd.py                            1           0  0.15s           2025-02-23T18:56:42
/opt/airflow/dags/crawl_daily_tgdd.py                           1           0  0.14s           2025-02-23T18:56:45
================================================================================
[2025-02-23T18:57:22.181+0000] {manager.py:878} INFO - 
================================================================================
DAG File Processing Stats

File Path                              PID    Runtime      # DAGs    # Errors  Last Runtime    Last Run
-------------------------------------  -----  ---------  --------  ----------  --------------  -------------------
/opt/airflow/dags/crawl_daily_tgdd.py                           1           0  0.20s           2025-02-23T18:57:16
/opt/airflow/dags/crawl_full_tgdd.py                            1           0  0.15s           2025-02-23T18:57:13
================================================================================
[2025-02-23T18:57:50.012+0000] {manager.py:878} INFO - 
================================================================================
DAG File Processing Stats

File Path                              PID    Runtime      # DAGs    # Errors  Last Runtime    Last Run
-------------------------------------  -----  ---------  --------  ----------  --------------  -------------------
/opt/airflow/dags/crawl_full_tgdd.py                            1           0  0.18s           2025-02-23T18:57:43
/opt/airflow/dags/crawl_daily_tgdd.py                           1           0  0.16s           2025-02-23T18:57:46
================================================================================
[2025-02-23T18:58:18.620+0000] {manager.py:878} INFO - 
================================================================================
DAG File Processing Stats

File Path                              PID    Runtime      # DAGs    # Errors  Last Runtime    Last Run
-------------------------------------  -----  ---------  --------  ----------  --------------  -------------------
/opt/airflow/dags/crawl_daily_tgdd.py                           1           0  0.19s           2025-02-23T18:58:17
/opt/airflow/dags/crawl_full_tgdd.py                            1           0  0.16s           2025-02-23T18:58:14
================================================================================
[2025-02-23T18:58:29.699+0000] {manager.py:737} INFO - Searching for files in /opt/airflow/dags
[2025-02-23T18:58:29.765+0000] {manager.py:740} INFO - There are 2 files in /opt/airflow/dags
[2025-02-23T18:58:47.148+0000] {manager.py:878} INFO - 
================================================================================
DAG File Processing Stats

File Path                              PID    Runtime      # DAGs    # Errors  Last Runtime    Last Run
-------------------------------------  -----  ---------  --------  ----------  --------------  -------------------
/opt/airflow/dags/crawl_daily_tgdd.py                           1           0  0.19s           2025-02-23T18:58:17
/opt/airflow/dags/crawl_full_tgdd.py                            1           0  0.13s           2025-02-23T18:58:45
================================================================================
[2025-02-23T18:59:15.641+0000] {manager.py:878} INFO - 
================================================================================
DAG File Processing Stats

File Path                                PID  Runtime      # DAGs    # Errors  Last Runtime    Last Run
-------------------------------------  -----  ---------  --------  ----------  --------------  -------------------
/opt/airflow/dags/crawl_daily_tgdd.py                           1           0  0.14s           2025-02-23T18:58:48
/opt/airflow/dags/crawl_full_tgdd.py     307  0.00s             1           0  0.13s           2025-02-23T18:58:45
================================================================================
[2025-02-23T18:59:44.181+0000] {manager.py:878} INFO - 
================================================================================
DAG File Processing Stats

File Path                              PID    Runtime      # DAGs    # Errors  Last Runtime    Last Run
-------------------------------------  -----  ---------  --------  ----------  --------------  -------------------
/opt/airflow/dags/crawl_full_tgdd.py                            1           0  0.15s           2025-02-23T18:59:15
/opt/airflow/dags/crawl_daily_tgdd.py                           1           0  0.15s           2025-02-23T18:59:18
================================================================================
[2025-02-23T19:00:12.670+0000] {manager.py:878} INFO - 
================================================================================
DAG File Processing Stats

File Path                              PID    Runtime      # DAGs    # Errors  Last Runtime    Last Run
-------------------------------------  -----  ---------  --------  ----------  --------------  -------------------
/opt/airflow/dags/crawl_daily_tgdd.py                           1           0  0.13s           2025-02-23T18:59:49
/opt/airflow/dags/crawl_full_tgdd.py                            1           0  0.12s           2025-02-23T18:59:46
================================================================================
[2025-02-23T19:00:41.196+0000] {manager.py:878} INFO - 
================================================================================
DAG File Processing Stats

File Path                              PID    Runtime      # DAGs    # Errors  Last Runtime    Last Run
-------------------------------------  -----  ---------  --------  ----------  --------------  -------------------
/opt/airflow/dags/crawl_daily_tgdd.py                           1           0  0.15s           2025-02-23T19:00:19
/opt/airflow/dags/crawl_full_tgdd.py                            1           0  0.14s           2025-02-23T19:00:16
================================================================================
[2025-02-23T19:01:09.806+0000] {manager.py:878} INFO - 
================================================================================
DAG File Processing Stats

File Path                              PID    Runtime      # DAGs    # Errors  Last Runtime    Last Run
-------------------------------------  -----  ---------  --------  ----------  --------------  -------------------
/opt/airflow/dags/crawl_daily_tgdd.py                           1           0  0.17s           2025-02-23T19:00:50
/opt/airflow/dags/crawl_full_tgdd.py                            1           0  0.16s           2025-02-23T19:00:47
================================================================================
[2025-02-23T19:01:38.281+0000] {manager.py:878} INFO - 
================================================================================
DAG File Processing Stats

File Path                              PID    Runtime      # DAGs    # Errors  Last Runtime    Last Run
-------------------------------------  -----  ---------  --------  ----------  --------------  -------------------
/opt/airflow/dags/crawl_daily_tgdd.py                           1           0  0.19s           2025-02-23T19:01:21
/opt/airflow/dags/crawl_full_tgdd.py                            1           0  0.17s           2025-02-23T19:01:18
================================================================================
[2025-02-23T19:02:08.706+0000] {manager.py:878} INFO - 
================================================================================
DAG File Processing Stats

File Path                              PID    Runtime      # DAGs    # Errors  Last Runtime    Last Run
-------------------------------------  -----  ---------  --------  ----------  --------------  -------------------
/opt/airflow/dags/crawl_daily_tgdd.py                           1           0  0.15s           2025-02-23T19:01:51
/opt/airflow/dags/crawl_full_tgdd.py                            1           0  0.14s           2025-02-23T19:01:48
================================================================================
[2025-02-23T19:02:37.312+0000] {manager.py:878} INFO - 
================================================================================
DAG File Processing Stats

File Path                              PID    Runtime      # DAGs    # Errors  Last Runtime    Last Run
-------------------------------------  -----  ---------  --------  ----------  --------------  -------------------
/opt/airflow/dags/crawl_daily_tgdd.py                           1           0  0.13s           2025-02-23T19:02:22
/opt/airflow/dags/crawl_full_tgdd.py                            1           0  0.13s           2025-02-23T19:02:19
================================================================================
[2025-02-23T19:03:05.763+0000] {manager.py:878} INFO - 
================================================================================
DAG File Processing Stats

File Path                              PID    Runtime      # DAGs    # Errors  Last Runtime    Last Run
-------------------------------------  -----  ---------  --------  ----------  --------------  -------------------
/opt/airflow/dags/crawl_daily_tgdd.py                           1           0  0.16s           2025-02-23T19:02:52
/opt/airflow/dags/crawl_full_tgdd.py                            1           0  0.13s           2025-02-23T19:02:49
================================================================================
[2025-02-23T19:03:30.246+0000] {manager.py:737} INFO - Searching for files in /opt/airflow/dags
[2025-02-23T19:03:30.309+0000] {manager.py:740} INFO - There are 2 files in /opt/airflow/dags
[2025-02-23T19:03:34.352+0000] {manager.py:878} INFO - 
================================================================================
DAG File Processing Stats

File Path                              PID    Runtime      # DAGs    # Errors  Last Runtime    Last Run
-------------------------------------  -----  ---------  --------  ----------  --------------  -------------------
/opt/airflow/dags/crawl_full_tgdd.py                            1           0  0.17s           2025-02-23T19:03:20
/opt/airflow/dags/crawl_daily_tgdd.py                           1           0  0.15s           2025-02-23T19:03:23
================================================================================
[2025-02-23T19:04:02.742+0000] {manager.py:878} INFO - 
================================================================================
DAG File Processing Stats

File Path                              PID    Runtime      # DAGs    # Errors  Last Runtime    Last Run
-------------------------------------  -----  ---------  --------  ----------  --------------  -------------------
/opt/airflow/dags/crawl_full_tgdd.py                            1           0  0.15s           2025-02-23T19:03:50
/opt/airflow/dags/crawl_daily_tgdd.py                           1           0  0.14s           2025-02-23T19:03:53
================================================================================
[2025-02-23T19:04:31.305+0000] {manager.py:878} INFO - 
================================================================================
DAG File Processing Stats

File Path                              PID    Runtime      # DAGs    # Errors  Last Runtime    Last Run
-------------------------------------  -----  ---------  --------  ----------  --------------  -------------------
/opt/airflow/dags/crawl_daily_tgdd.py                           1           0  0.14s           2025-02-23T19:04:24
/opt/airflow/dags/crawl_full_tgdd.py                            1           0  0.14s           2025-02-23T19:04:21
================================================================================
[2025-02-23T19:04:59.562+0000] {manager.py:878} INFO - 
================================================================================
DAG File Processing Stats

File Path                              PID    Runtime      # DAGs    # Errors  Last Runtime    Last Run
-------------------------------------  -----  ---------  --------  ----------  --------------  -------------------
/opt/airflow/dags/crawl_daily_tgdd.py                           1           0  0.18s           2025-02-23T19:04:54
/opt/airflow/dags/crawl_full_tgdd.py                            1           0  0.15s           2025-02-23T19:04:51
================================================================================
[2025-02-23T19:05:28.092+0000] {manager.py:878} INFO - 
================================================================================
DAG File Processing Stats

File Path                              PID    Runtime      # DAGs    # Errors  Last Runtime    Last Run
-------------------------------------  -----  ---------  --------  ----------  --------------  -------------------
/opt/airflow/dags/crawl_daily_tgdd.py                           1           0  0.15s           2025-02-23T19:05:25
/opt/airflow/dags/crawl_full_tgdd.py                            1           0  0.15s           2025-02-23T19:05:22
================================================================================
[2025-02-23T19:05:56.961+0000] {manager.py:878} INFO - 
================================================================================
DAG File Processing Stats

File Path                              PID    Runtime      # DAGs    # Errors  Last Runtime    Last Run
-------------------------------------  -----  ---------  --------  ----------  --------------  -------------------
/opt/airflow/dags/crawl_daily_tgdd.py                           1           0  0.15s           2025-02-23T19:05:55
/opt/airflow/dags/crawl_full_tgdd.py                            1           0  0.14s           2025-02-23T19:05:52
================================================================================
[2025-02-23T19:06:25.376+0000] {manager.py:878} INFO - 
================================================================================
DAG File Processing Stats

File Path                              PID    Runtime      # DAGs    # Errors  Last Runtime    Last Run
-------------------------------------  -----  ---------  --------  ----------  --------------  -------------------
/opt/airflow/dags/crawl_daily_tgdd.py                           1           0  0.15s           2025-02-23T19:05:55
/opt/airflow/dags/crawl_full_tgdd.py                            1           0  0.13s           2025-02-23T19:06:23
================================================================================
[2025-02-23T19:06:53.822+0000] {manager.py:878} INFO - 
================================================================================
DAG File Processing Stats

File Path                                PID  Runtime      # DAGs    # Errors  Last Runtime    Last Run
-------------------------------------  -----  ---------  --------  ----------  --------------  -------------------
/opt/airflow/dags/crawl_daily_tgdd.py                           1           0  0.14s           2025-02-23T19:06:26
/opt/airflow/dags/crawl_full_tgdd.py     433  0.00s             1           0  0.13s           2025-02-23T19:06:23
================================================================================
[2025-02-23T19:07:22.278+0000] {manager.py:878} INFO - 
================================================================================
DAG File Processing Stats

File Path                              PID    Runtime      # DAGs    # Errors  Last Runtime    Last Run
-------------------------------------  -----  ---------  --------  ----------  --------------  -------------------
/opt/airflow/dags/crawl_full_tgdd.py                            1           0  0.14s           2025-02-23T19:06:53
/opt/airflow/dags/crawl_daily_tgdd.py                           1           0  0.14s           2025-02-23T19:06:56
================================================================================
[2025-02-23T19:07:50.935+0000] {manager.py:878} INFO - 
================================================================================
DAG File Processing Stats

File Path                              PID    Runtime      # DAGs    # Errors  Last Runtime    Last Run
-------------------------------------  -----  ---------  --------  ----------  --------------  -------------------
/opt/airflow/dags/crawl_daily_tgdd.py                           1           0  0.17s           2025-02-23T19:07:27
/opt/airflow/dags/crawl_full_tgdd.py                            1           0  0.14s           2025-02-23T19:07:24
================================================================================
[2025-02-23T19:08:19.455+0000] {manager.py:878} INFO - 
================================================================================
DAG File Processing Stats

File Path                              PID    Runtime      # DAGs    # Errors  Last Runtime    Last Run
-------------------------------------  -----  ---------  --------  ----------  --------------  -------------------
/opt/airflow/dags/crawl_daily_tgdd.py                           1           0  0.14s           2025-02-23T19:07:58
/opt/airflow/dags/crawl_full_tgdd.py                            1           0  0.13s           2025-02-23T19:07:55
================================================================================
[2025-02-23T19:08:30.683+0000] {manager.py:737} INFO - Searching for files in /opt/airflow/dags
[2025-02-23T19:08:30.754+0000] {manager.py:740} INFO - There are 2 files in /opt/airflow/dags
[2025-02-23T19:08:47.965+0000] {manager.py:878} INFO - 
================================================================================
DAG File Processing Stats

File Path                              PID    Runtime      # DAGs    # Errors  Last Runtime    Last Run
-------------------------------------  -----  ---------  --------  ----------  --------------  -------------------
/opt/airflow/dags/crawl_daily_tgdd.py                           1           0  0.13s           2025-02-23T19:08:28
/opt/airflow/dags/crawl_full_tgdd.py                            1           0  0.13s           2025-02-23T19:08:25
================================================================================
[2025-02-23T19:09:16.588+0000] {manager.py:878} INFO - 
================================================================================
DAG File Processing Stats

File Path                              PID    Runtime      # DAGs    # Errors  Last Runtime    Last Run
-------------------------------------  -----  ---------  --------  ----------  --------------  -------------------
/opt/airflow/dags/crawl_daily_tgdd.py                           1           0  0.15s           2025-02-23T19:08:59
/opt/airflow/dags/crawl_full_tgdd.py                            1           0  0.14s           2025-02-23T19:08:56
================================================================================
[2025-02-23T19:09:45.072+0000] {manager.py:878} INFO - 
================================================================================
DAG File Processing Stats

File Path                              PID    Runtime      # DAGs    # Errors  Last Runtime    Last Run
-------------------------------------  -----  ---------  --------  ----------  --------------  -------------------
/opt/airflow/dags/crawl_daily_tgdd.py                           1           0  0.14s           2025-02-23T19:09:29
/opt/airflow/dags/crawl_full_tgdd.py                            1           0  0.13s           2025-02-23T19:09:26
================================================================================
[2025-02-23T19:10:15.368+0000] {manager.py:878} INFO - 
================================================================================
DAG File Processing Stats

File Path                              PID    Runtime      # DAGs    # Errors  Last Runtime    Last Run
-------------------------------------  -----  ---------  --------  ----------  --------------  -------------------
/opt/airflow/dags/crawl_full_tgdd.py                            1           0  0.17s           2025-02-23T19:09:57
/opt/airflow/dags/crawl_daily_tgdd.py                           1           0  0.15s           2025-02-23T19:10:00
================================================================================
[2025-02-23T19:10:43.874+0000] {manager.py:878} INFO - 
================================================================================
DAG File Processing Stats

File Path                              PID    Runtime      # DAGs    # Errors  Last Runtime    Last Run
-------------------------------------  -----  ---------  --------  ----------  --------------  -------------------
/opt/airflow/dags/crawl_full_tgdd.py                            1           0  0.16s           2025-02-23T19:10:27
/opt/airflow/dags/crawl_daily_tgdd.py                           1           0  0.16s           2025-02-23T19:10:30
================================================================================
[2025-02-23T19:11:12.466+0000] {manager.py:878} INFO - 
================================================================================
DAG File Processing Stats

File Path                              PID    Runtime      # DAGs    # Errors  Last Runtime    Last Run
-------------------------------------  -----  ---------  --------  ----------  --------------  -------------------
/opt/airflow/dags/crawl_full_tgdd.py                            1           0  0.15s           2025-02-23T19:10:58
/opt/airflow/dags/crawl_daily_tgdd.py                           1           0  0.13s           2025-02-23T19:11:01
================================================================================
[2025-02-23T19:11:40.869+0000] {manager.py:878} INFO - 
================================================================================
DAG File Processing Stats

File Path                              PID    Runtime      # DAGs    # Errors  Last Runtime    Last Run
-------------------------------------  -----  ---------  --------  ----------  --------------  -------------------
/opt/airflow/dags/crawl_daily_tgdd.py                           1           0  0.15s           2025-02-23T19:11:31
/opt/airflow/dags/crawl_full_tgdd.py                            1           0  0.13s           2025-02-23T19:11:28
================================================================================
[2025-02-23T19:12:09.556+0000] {manager.py:878} INFO - 
================================================================================
DAG File Processing Stats

File Path                              PID    Runtime      # DAGs    # Errors  Last Runtime    Last Run
-------------------------------------  -----  ---------  --------  ----------  --------------  -------------------
/opt/airflow/dags/crawl_full_tgdd.py                            1           0  0.16s           2025-02-23T19:11:59
/opt/airflow/dags/crawl_daily_tgdd.py                           1           0  0.13s           2025-02-23T19:12:02
================================================================================
[2025-02-23T19:12:38.058+0000] {manager.py:878} INFO - 
================================================================================
DAG File Processing Stats

File Path                              PID    Runtime      # DAGs    # Errors  Last Runtime    Last Run
-------------------------------------  -----  ---------  --------  ----------  --------------  -------------------
/opt/airflow/dags/crawl_daily_tgdd.py                           1           0  0.14s           2025-02-23T19:12:33
/opt/airflow/dags/crawl_full_tgdd.py                            1           0  0.13s           2025-02-23T19:12:29
================================================================================
[2025-02-23T19:13:06.597+0000] {manager.py:878} INFO - 
================================================================================
DAG File Processing Stats

File Path                              PID    Runtime      # DAGs    # Errors  Last Runtime    Last Run
-------------------------------------  -----  ---------  --------  ----------  --------------  -------------------
/opt/airflow/dags/crawl_daily_tgdd.py                           1           0  0.15s           2025-02-23T19:13:03
/opt/airflow/dags/crawl_full_tgdd.py                            1           0  0.13s           2025-02-23T19:13:00
================================================================================
[2025-02-23T19:13:30.953+0000] {manager.py:737} INFO - Searching for files in /opt/airflow/dags
[2025-02-23T19:13:31.020+0000] {manager.py:740} INFO - There are 2 files in /opt/airflow/dags
[2025-02-23T19:13:35.246+0000] {manager.py:878} INFO - 
================================================================================
DAG File Processing Stats

File Path                              PID    Runtime      # DAGs    # Errors  Last Runtime    Last Run
-------------------------------------  -----  ---------  --------  ----------  --------------  -------------------
/opt/airflow/dags/crawl_daily_tgdd.py                           1           0  0.17s           2025-02-23T19:13:34
/opt/airflow/dags/crawl_full_tgdd.py                            1           0  0.16s           2025-02-23T19:13:31
================================================================================
[2025-02-23T19:14:03.511+0000] {manager.py:878} INFO - 
================================================================================
DAG File Processing Stats

File Path                              PID    Runtime      # DAGs    # Errors  Last Runtime    Last Run
-------------------------------------  -----  ---------  --------  ----------  --------------  -------------------
/opt/airflow/dags/crawl_daily_tgdd.py                           1           0  0.17s           2025-02-23T19:13:34
/opt/airflow/dags/crawl_full_tgdd.py                            1           0  0.16s           2025-02-23T19:14:01
================================================================================
[2025-02-23T19:14:32.191+0000] {manager.py:878} INFO - 
================================================================================
DAG File Processing Stats

File Path                                PID  Runtime      # DAGs    # Errors  Last Runtime    Last Run
-------------------------------------  -----  ---------  --------  ----------  --------------  -------------------
/opt/airflow/dags/crawl_daily_tgdd.py                           1           0  0.16s           2025-02-23T19:14:04
/opt/airflow/dags/crawl_full_tgdd.py     559  0.00s             1           0  0.16s           2025-02-23T19:14:01
================================================================================
[2025-02-23T19:15:00.688+0000] {manager.py:878} INFO - 
================================================================================
DAG File Processing Stats

File Path                              PID    Runtime      # DAGs    # Errors  Last Runtime    Last Run
-------------------------------------  -----  ---------  --------  ----------  --------------  -------------------
/opt/airflow/dags/crawl_daily_tgdd.py                           1           0  0.14s           2025-02-23T19:14:35
/opt/airflow/dags/crawl_full_tgdd.py                            1           0  0.13s           2025-02-23T19:14:32
================================================================================
[2025-02-23T19:15:29.207+0000] {manager.py:878} INFO - 
================================================================================
DAG File Processing Stats

File Path                              PID    Runtime      # DAGs    # Errors  Last Runtime    Last Run
-------------------------------------  -----  ---------  --------  ----------  --------------  -------------------
/opt/airflow/dags/crawl_daily_tgdd.py                           1           0  0.13s           2025-02-23T19:15:05
/opt/airflow/dags/crawl_full_tgdd.py                            1           0  0.12s           2025-02-23T19:15:02
================================================================================
[2025-02-23T19:15:57.694+0000] {manager.py:878} INFO - 
================================================================================
DAG File Processing Stats

File Path                              PID    Runtime      # DAGs    # Errors  Last Runtime    Last Run
-------------------------------------  -----  ---------  --------  ----------  --------------  -------------------
/opt/airflow/dags/crawl_full_tgdd.py                            1           0  0.18s           2025-02-23T19:15:33
/opt/airflow/dags/crawl_daily_tgdd.py                           1           0  0.17s           2025-02-23T19:15:36
================================================================================
[2025-02-23T19:16:26.420+0000] {manager.py:878} INFO - 
================================================================================
DAG File Processing Stats

File Path                              PID    Runtime      # DAGs    # Errors  Last Runtime    Last Run
-------------------------------------  -----  ---------  --------  ----------  --------------  -------------------
/opt/airflow/dags/crawl_daily_tgdd.py                           1           0  0.21s           2025-02-23T19:16:07
/opt/airflow/dags/crawl_full_tgdd.py                            1           0  0.13s           2025-02-23T19:16:03
================================================================================
[2025-02-23T19:16:54.728+0000] {manager.py:878} INFO - 
================================================================================
DAG File Processing Stats

File Path                              PID    Runtime      # DAGs    # Errors  Last Runtime    Last Run
-------------------------------------  -----  ---------  --------  ----------  --------------  -------------------
/opt/airflow/dags/crawl_full_tgdd.py                            1           0  0.17s           2025-02-23T19:16:34
/opt/airflow/dags/crawl_daily_tgdd.py                           1           0  0.15s           2025-02-23T19:16:37
================================================================================
[2025-02-23T19:17:23.143+0000] {manager.py:878} INFO - 
================================================================================
DAG File Processing Stats

File Path                              PID    Runtime      # DAGs    # Errors  Last Runtime    Last Run
-------------------------------------  -----  ---------  --------  ----------  --------------  -------------------
/opt/airflow/dags/crawl_full_tgdd.py                            1           0  0.16s           2025-02-23T19:17:04
/opt/airflow/dags/crawl_daily_tgdd.py                           1           0  0.15s           2025-02-23T19:17:08
================================================================================
[2025-02-23T19:17:53.577+0000] {manager.py:878} INFO - 
================================================================================
DAG File Processing Stats

File Path                              PID    Runtime      # DAGs    # Errors  Last Runtime    Last Run
-------------------------------------  -----  ---------  --------  ----------  --------------  -------------------
/opt/airflow/dags/crawl_daily_tgdd.py                           1           0  0.13s           2025-02-23T19:17:38
/opt/airflow/dags/crawl_full_tgdd.py                            1           0  0.13s           2025-02-23T19:17:35
================================================================================
[2025-02-23T19:18:21.305+0000] {manager.py:878} INFO - 
================================================================================
DAG File Processing Stats

File Path                              PID    Runtime      # DAGs    # Errors  Last Runtime    Last Run
-------------------------------------  -----  ---------  --------  ----------  --------------  -------------------
/opt/airflow/dags/crawl_daily_tgdd.py                           1           0  0.15s           2025-02-23T19:18:09
/opt/airflow/dags/crawl_full_tgdd.py                            1           0  0.11s           2025-02-23T19:18:05
================================================================================
[2025-02-23T19:18:31.384+0000] {manager.py:737} INFO - Searching for files in /opt/airflow/dags
[2025-02-23T19:18:31.445+0000] {manager.py:740} INFO - There are 2 files in /opt/airflow/dags
[2025-02-23T19:18:50.031+0000] {manager.py:878} INFO - 
================================================================================
DAG File Processing Stats

File Path                              PID    Runtime      # DAGs    # Errors  Last Runtime    Last Run
-------------------------------------  -----  ---------  --------  ----------  --------------  -------------------
/opt/airflow/dags/crawl_full_tgdd.py                            1           0  0.14s           2025-02-23T19:18:36
/opt/airflow/dags/crawl_daily_tgdd.py                           1           0  0.13s           2025-02-23T19:18:39
================================================================================
[2025-02-23T19:19:18.564+0000] {manager.py:878} INFO - 
================================================================================
DAG File Processing Stats

File Path                              PID    Runtime      # DAGs    # Errors  Last Runtime    Last Run
-------------------------------------  -----  ---------  --------  ----------  --------------  -------------------
/opt/airflow/dags/crawl_daily_tgdd.py                           1           0  0.17s           2025-02-23T19:19:10
/opt/airflow/dags/crawl_full_tgdd.py                            1           0  0.14s           2025-02-23T19:19:07
================================================================================
[2025-02-23T19:19:47.077+0000] {manager.py:878} INFO - 
================================================================================
DAG File Processing Stats

File Path                              PID    Runtime      # DAGs    # Errors  Last Runtime    Last Run
-------------------------------------  -----  ---------  --------  ----------  --------------  -------------------
/opt/airflow/dags/crawl_daily_tgdd.py                           1           0  0.13s           2025-02-23T19:19:41
/opt/airflow/dags/crawl_full_tgdd.py                            1           0  -1.76s          2025-02-23T19:19:35
================================================================================
[2025-02-23T19:20:15.544+0000] {manager.py:878} INFO - 
================================================================================
DAG File Processing Stats

File Path                              PID    Runtime      # DAGs    # Errors  Last Runtime    Last Run
-------------------------------------  -----  ---------  --------  ----------  --------------  -------------------
/opt/airflow/dags/crawl_daily_tgdd.py                           1           0  0.18s           2025-02-23T19:20:11
/opt/airflow/dags/crawl_full_tgdd.py                            1           0  0.16s           2025-02-23T19:20:06
================================================================================
[2025-02-23T19:20:44.093+0000] {manager.py:878} INFO - 
================================================================================
DAG File Processing Stats

File Path                              PID    Runtime      # DAGs    # Errors  Last Runtime    Last Run
-------------------------------------  -----  ---------  --------  ----------  --------------  -------------------
/opt/airflow/dags/crawl_full_tgdd.py                            1           0  0.31s           2025-02-23T19:20:37
/opt/airflow/dags/crawl_daily_tgdd.py                           1           0  0.13s           2025-02-23T19:20:42
================================================================================
[2025-02-23T19:21:12.650+0000] {manager.py:878} INFO - 
================================================================================
DAG File Processing Stats

File Path                                PID  Runtime      # DAGs    # Errors  Last Runtime    Last Run
-------------------------------------  -----  ---------  --------  ----------  --------------  -------------------
/opt/airflow/dags/crawl_daily_tgdd.py    671  0.00s             1           0  0.13s           2025-02-23T19:20:42
/opt/airflow/dags/crawl_full_tgdd.py                            1           0  0.13s           2025-02-23T19:21:07
================================================================================
[2025-02-23T19:21:40.998+0000] {manager.py:878} INFO - 
================================================================================
DAG File Processing Stats

File Path                              PID    Runtime      # DAGs    # Errors  Last Runtime    Last Run
-------------------------------------  -----  ---------  --------  ----------  --------------  -------------------
/opt/airflow/dags/crawl_full_tgdd.py                            1           0  0.17s           2025-02-23T19:21:38
/opt/airflow/dags/crawl_daily_tgdd.py                           1           0  0.12s           2025-02-23T19:21:12
================================================================================
[2025-02-23T19:22:09.473+0000] {manager.py:878} INFO - 
================================================================================
DAG File Processing Stats

File Path                              PID    Runtime      # DAGs    # Errors  Last Runtime    Last Run
-------------------------------------  -----  ---------  --------  ----------  --------------  -------------------
/opt/airflow/dags/crawl_daily_tgdd.py                           1           0  0.18s           2025-02-23T19:21:43
/opt/airflow/dags/crawl_full_tgdd.py                            1           0  0.14s           2025-02-23T19:22:08
================================================================================
[2025-02-23T19:22:37.904+0000] {manager.py:878} INFO - 
================================================================================
DAG File Processing Stats

File Path                              PID    Runtime      # DAGs    # Errors  Last Runtime    Last Run
-------------------------------------  -----  ---------  --------  ----------  --------------  -------------------
/opt/airflow/dags/crawl_full_tgdd.py                            1           0  0.15s           2025-02-23T19:22:39
/opt/airflow/dags/crawl_daily_tgdd.py                           1           0  0.13s           2025-02-23T19:22:13
================================================================================
[2025-02-23T19:23:08.291+0000] {manager.py:878} INFO - 
================================================================================
DAG File Processing Stats

File Path                              PID    Runtime      # DAGs    # Errors  Last Runtime    Last Run
-------------------------------------  -----  ---------  --------  ----------  --------------  -------------------
/opt/airflow/dags/crawl_full_tgdd.py                            1           0  0.15s           2025-02-23T19:22:39
/opt/airflow/dags/crawl_daily_tgdd.py                           1           0  0.13s           2025-02-23T19:22:44
================================================================================
[2025-02-23T19:23:31.778+0000] {manager.py:737} INFO - Searching for files in /opt/airflow/dags
[2025-02-23T19:23:31.844+0000] {manager.py:740} INFO - There are 2 files in /opt/airflow/dags
[2025-02-23T19:23:36.900+0000] {manager.py:878} INFO - 
================================================================================
DAG File Processing Stats

File Path                              PID    Runtime      # DAGs    # Errors  Last Runtime    Last Run
-------------------------------------  -----  ---------  --------  ----------  --------------  -------------------
/opt/airflow/dags/crawl_full_tgdd.py                            1           0  0.16s           2025-02-23T19:23:09
/opt/airflow/dags/crawl_daily_tgdd.py                           1           0  0.14s           2025-02-23T19:23:14
================================================================================
[2025-02-23T19:24:05.477+0000] {manager.py:878} INFO - 
================================================================================
DAG File Processing Stats

File Path                              PID    Runtime      # DAGs    # Errors  Last Runtime    Last Run
-------------------------------------  -----  ---------  --------  ----------  --------------  -------------------
/opt/airflow/dags/crawl_full_tgdd.py                            1           0  0.16s           2025-02-23T19:23:40
/opt/airflow/dags/crawl_daily_tgdd.py                           1           0  0.13s           2025-02-23T19:23:45
================================================================================
