[2025-03-02T04:45:27.556+0000] {local_task_job_runner.py:120} INFO - ::group::Pre task execution logs
[2025-03-02T04:45:27.701+0000] {taskinstance.py:2076} INFO - Dependencies all met for dep_context=non-requeueable deps ti=<TaskInstance: crawl_thegioididong_daily.crawl scheduled__2025-03-01T00:00:00+00:00 [queued]>
[2025-03-02T04:45:27.733+0000] {taskinstance.py:2076} INFO - Dependencies all met for dep_context=requeueable deps ti=<TaskInstance: crawl_thegioididong_daily.crawl scheduled__2025-03-01T00:00:00+00:00 [queued]>
[2025-03-02T04:45:27.734+0000] {taskinstance.py:2306} INFO - Starting attempt 1 of 1
[2025-03-02T04:45:27.778+0000] {taskinstance.py:2330} INFO - Executing <Task(BashOperator): crawl> on 2025-03-01 00:00:00+00:00
[2025-03-02T04:45:27.797+0000] {warnings.py:112} WARNING - /home/***/.local/lib/python3.12/site-packages/***/task/task_runner/standard_task_runner.py:62: DeprecationWarning: This process (pid=1166) is multi-threaded, use of fork() may lead to deadlocks in the child.
  pid = os.fork()

[2025-03-02T04:45:27.797+0000] {standard_task_runner.py:90} INFO - Running: ['***', 'tasks', 'run', 'crawl_thegioididong_daily', 'crawl', 'scheduled__2025-03-01T00:00:00+00:00', '--job-id', '171', '--raw', '--subdir', 'DAGS_FOLDER/crawl_daily_tgdd.py', '--cfg-path', '/tmp/tmprj1723mz']
[2025-03-02T04:45:27.799+0000] {standard_task_runner.py:64} INFO - Started process 1167 to run task
[2025-03-02T04:45:27.799+0000] {standard_task_runner.py:91} INFO - Job 171: Subtask crawl
[2025-03-02T04:45:27.925+0000] {task_command.py:426} INFO - Running <TaskInstance: crawl_thegioididong_daily.crawl scheduled__2025-03-01T00:00:00+00:00 [running]> on host d6b41eaa664f
[2025-03-02T04:45:28.185+0000] {taskinstance.py:2648} INFO - Exporting env vars: AIRFLOW_CTX_DAG_OWNER='***' AIRFLOW_CTX_DAG_ID='crawl_thegioididong_daily' AIRFLOW_CTX_TASK_ID='crawl' AIRFLOW_CTX_EXECUTION_DATE='2025-03-01T00:00:00+00:00' AIRFLOW_CTX_TRY_NUMBER='1' AIRFLOW_CTX_DAG_RUN_ID='scheduled__2025-03-01T00:00:00+00:00'
[2025-03-02T04:45:28.189+0000] {taskinstance.py:430} INFO - ::endgroup::
[2025-03-02T04:45:28.267+0000] {subprocess.py:63} INFO - Tmp dir root location: /tmp
[2025-03-02T04:45:28.273+0000] {subprocess.py:75} INFO - Running command: ['/usr/bin/bash', '-c', 'cd /opt/crawler/tgdd_crawler/tgdd_crawler; scrapy crawl tgdd_crawler -a daily=true; ']
[2025-03-02T04:45:28.322+0000] {subprocess.py:86} INFO - Output:
[2025-03-02T04:45:32.076+0000] {subprocess.py:93} INFO - 2025-03-02 04:45:32 [scrapy.utils.log] INFO: Scrapy 2.12.0 started (bot: scrapybot)
[2025-03-02T04:45:32.079+0000] {subprocess.py:93} INFO - 2025-03-02 04:45:32 [scrapy.utils.log] INFO: Versions: lxml 5.2.2.0, libxml2 2.12.6, cssselect 1.2.0, parsel 1.10.0, w3lib 2.3.1, Twisted 24.11.0, Python 3.12.4 (main, Jul 23 2024, 07:23:20) [GCC 12.2.0], pyOpenSSL 24.1.0 (OpenSSL 3.1.4 24 Oct 2023), cryptography 41.0.7, Platform Linux-5.15.167.4-microsoft-standard-WSL2-x86_64-with-glibc2.36
[2025-03-02T04:45:32.081+0000] {subprocess.py:93} INFO - 2025-03-02 04:45:32 [root] INFO: /opt/crawler/tgdd_crawler/tgdd_crawler/metadata.json
[2025-03-02T04:45:32.086+0000] {subprocess.py:93} INFO - 2025-03-02 04:45:32 [scrapy.addons] INFO: Enabled addons:
[2025-03-02T04:45:32.087+0000] {subprocess.py:93} INFO - []
[2025-03-02T04:45:32.092+0000] {subprocess.py:93} INFO - 2025-03-02 04:45:32 [scrapy.extensions.telnet] INFO: Telnet Password: 0f65466ad30d1deb
[2025-03-02T04:45:32.150+0000] {subprocess.py:93} INFO - 2025-03-02 04:45:32 [scrapy.middleware] INFO: Enabled extensions:
[2025-03-02T04:45:32.150+0000] {subprocess.py:93} INFO - ['scrapy.extensions.corestats.CoreStats',
[2025-03-02T04:45:32.151+0000] {subprocess.py:93} INFO -  'scrapy.extensions.telnet.TelnetConsole',
[2025-03-02T04:45:32.151+0000] {subprocess.py:93} INFO -  'scrapy.extensions.memusage.MemoryUsage',
[2025-03-02T04:45:32.152+0000] {subprocess.py:93} INFO -  'scrapy.extensions.logstats.LogStats']
[2025-03-02T04:45:32.152+0000] {subprocess.py:93} INFO - 2025-03-02 04:45:32 [scrapy.crawler] INFO: Overridden settings:
[2025-03-02T04:45:32.153+0000] {subprocess.py:93} INFO - {'DOWNLOAD_DELAY': 0.2,
[2025-03-02T04:45:32.154+0000] {subprocess.py:93} INFO -  'FEED_EXPORT_ENCODING': 'utf-8',
[2025-03-02T04:45:32.154+0000] {subprocess.py:93} INFO -  'LOG_LEVEL': 'INFO',
[2025-03-02T04:45:32.154+0000] {subprocess.py:93} INFO -  'NEWSPIDER_MODULE': 'tgdd_crawler.spiders',
[2025-03-02T04:45:32.155+0000] {subprocess.py:93} INFO -  'SPIDER_MODULES': ['tgdd_crawler.spiders'],
[2025-03-02T04:45:32.155+0000] {subprocess.py:93} INFO -  'TWISTED_REACTOR': 'twisted.internet.asyncioreactor.AsyncioSelectorReactor',
[2025-03-02T04:45:32.156+0000] {subprocess.py:93} INFO -  'USER_AGENT': 'Mozilla/5.0 (Windows NT 10.0; Win64; x64) AppleWebKit/537.36 '
[2025-03-02T04:45:32.156+0000] {subprocess.py:93} INFO -                '(KHTML, like Gecko) Chrome/58.0.3029.110 Safari/537.36'}
[2025-03-02T04:45:32.397+0000] {subprocess.py:93} INFO - 2025-03-02 04:45:32 [scrapy.middleware] INFO: Enabled downloader middlewares:
[2025-03-02T04:45:32.398+0000] {subprocess.py:93} INFO - ['scrapy.downloadermiddlewares.offsite.OffsiteMiddleware',
[2025-03-02T04:45:32.399+0000] {subprocess.py:93} INFO -  'scrapy.downloadermiddlewares.httpauth.HttpAuthMiddleware',
[2025-03-02T04:45:32.401+0000] {subprocess.py:93} INFO -  'scrapy.downloadermiddlewares.downloadtimeout.DownloadTimeoutMiddleware',
[2025-03-02T04:45:32.401+0000] {subprocess.py:93} INFO -  'scrapy.downloadermiddlewares.defaultheaders.DefaultHeadersMiddleware',
[2025-03-02T04:45:32.402+0000] {subprocess.py:93} INFO -  'scrapy.downloadermiddlewares.useragent.UserAgentMiddleware',
[2025-03-02T04:45:32.403+0000] {subprocess.py:93} INFO -  'scrapy.downloadermiddlewares.retry.RetryMiddleware',
[2025-03-02T04:45:32.404+0000] {subprocess.py:93} INFO -  'scrapy.downloadermiddlewares.redirect.MetaRefreshMiddleware',
[2025-03-02T04:45:32.404+0000] {subprocess.py:93} INFO -  'scrapy.downloadermiddlewares.httpcompression.HttpCompressionMiddleware',
[2025-03-02T04:45:32.404+0000] {subprocess.py:93} INFO -  'scrapy.downloadermiddlewares.redirect.RedirectMiddleware',
[2025-03-02T04:45:32.405+0000] {subprocess.py:93} INFO -  'scrapy.downloadermiddlewares.cookies.CookiesMiddleware',
[2025-03-02T04:45:32.405+0000] {subprocess.py:93} INFO -  'scrapy.downloadermiddlewares.httpproxy.HttpProxyMiddleware',
[2025-03-02T04:45:32.406+0000] {subprocess.py:93} INFO -  'scrapy.downloadermiddlewares.stats.DownloaderStats']
[2025-03-02T04:45:32.406+0000] {subprocess.py:93} INFO - 2025-03-02 04:45:32 [scrapy.middleware] INFO: Enabled spider middlewares:
[2025-03-02T04:45:32.407+0000] {subprocess.py:93} INFO - ['scrapy.spidermiddlewares.httperror.HttpErrorMiddleware',
[2025-03-02T04:45:32.407+0000] {subprocess.py:93} INFO -  'scrapy.spidermiddlewares.referer.RefererMiddleware',
[2025-03-02T04:45:32.407+0000] {subprocess.py:93} INFO -  'scrapy.spidermiddlewares.urllength.UrlLengthMiddleware',
[2025-03-02T04:45:32.408+0000] {subprocess.py:93} INFO -  'scrapy.spidermiddlewares.depth.DepthMiddleware']
[2025-03-02T04:45:32.408+0000] {subprocess.py:93} INFO - 2025-03-02 04:45:32 [scrapy.middleware] INFO: Enabled item pipelines:
[2025-03-02T04:45:32.408+0000] {subprocess.py:93} INFO - []
[2025-03-02T04:45:32.409+0000] {subprocess.py:93} INFO - 2025-03-02 04:45:32 [scrapy.core.engine] INFO: Spider opened
[2025-03-02T04:45:32.424+0000] {subprocess.py:93} INFO - 2025-03-02 04:45:32 [scrapy.extensions.logstats] INFO: Crawled 0 pages (at 0 pages/min), scraped 0 items (at 0 items/min)
[2025-03-02T04:45:32.428+0000] {subprocess.py:93} INFO - 2025-03-02 04:45:32 [scrapy.extensions.telnet] INFO: Telnet console listening on 127.0.0.1:6023
[2025-03-02T04:45:58.103+0000] {subprocess.py:93} INFO - 2025-03-02 04:45:58 [scrapy.core.engine] INFO: Closing spider (finished)
[2025-03-02T04:45:58.104+0000] {subprocess.py:93} INFO - 2025-03-02 04:45:58 [root] INFO: Spider closed: finished
[2025-03-02T04:45:58.114+0000] {subprocess.py:93} INFO - 2025-03-02 04:45:58 [scrapy.statscollectors] INFO: Dumping Scrapy stats:
[2025-03-02T04:45:58.115+0000] {subprocess.py:93} INFO - {'downloader/request_bytes': 46295,
[2025-03-02T04:45:58.115+0000] {subprocess.py:93} INFO -  'downloader/request_count': 104,
[2025-03-02T04:45:58.116+0000] {subprocess.py:93} INFO -  'downloader/request_method_count/GET': 104,
[2025-03-02T04:45:58.116+0000] {subprocess.py:93} INFO -  'downloader/response_bytes': 603462,
[2025-03-02T04:45:58.117+0000] {subprocess.py:93} INFO -  'downloader/response_count': 104,
[2025-03-02T04:45:58.117+0000] {subprocess.py:93} INFO -  'downloader/response_status_count/200': 104,
[2025-03-02T04:45:58.118+0000] {subprocess.py:93} INFO -  'elapsed_time_seconds': 25.679266,
[2025-03-02T04:45:58.118+0000] {subprocess.py:93} INFO -  'finish_reason': 'finished',
[2025-03-02T04:45:58.119+0000] {subprocess.py:93} INFO -  'finish_time': datetime.datetime(2025, 3, 2, 4, 45, 58, 103457, tzinfo=datetime.timezone.utc),
[2025-03-02T04:45:58.120+0000] {subprocess.py:93} INFO -  'httpcompression/response_bytes': 2783540,
[2025-03-02T04:45:58.120+0000] {subprocess.py:93} INFO -  'httpcompression/response_count': 104,
[2025-03-02T04:45:58.121+0000] {subprocess.py:93} INFO -  'items_per_minute': None,
[2025-03-02T04:45:58.121+0000] {subprocess.py:93} INFO -  'log_count/INFO': 11,
[2025-03-02T04:45:58.122+0000] {subprocess.py:93} INFO -  'memusage/max': 179568640,
[2025-03-02T04:45:58.123+0000] {subprocess.py:93} INFO -  'memusage/startup': 179568640,
[2025-03-02T04:45:58.123+0000] {subprocess.py:93} INFO -  'request_depth_max': 1,
[2025-03-02T04:45:58.124+0000] {subprocess.py:93} INFO -  'response_received_count': 104,
[2025-03-02T04:45:58.124+0000] {subprocess.py:93} INFO -  'responses_per_minute': None,
[2025-03-02T04:45:58.124+0000] {subprocess.py:93} INFO -  'scheduler/dequeued': 104,
[2025-03-02T04:45:58.125+0000] {subprocess.py:93} INFO -  'scheduler/dequeued/memory': 104,
[2025-03-02T04:45:58.125+0000] {subprocess.py:93} INFO -  'scheduler/enqueued': 104,
[2025-03-02T04:45:58.126+0000] {subprocess.py:93} INFO -  'scheduler/enqueued/memory': 104,
[2025-03-02T04:45:58.127+0000] {subprocess.py:93} INFO -  'start_time': datetime.datetime(2025, 3, 2, 4, 45, 32, 424191, tzinfo=datetime.timezone.utc)}
[2025-03-02T04:45:58.127+0000] {subprocess.py:93} INFO - 2025-03-02 04:45:58 [scrapy.core.engine] INFO: Spider closed (finished)
[2025-03-02T04:45:58.147+0000] {subprocess.py:93} INFO - <module 'posixpath' (frozen)>
[2025-03-02T04:45:58.147+0000] {subprocess.py:93} INFO - Tệp /opt/crawler/tgdd_crawler/tgdd_crawler/crawler/tgdd_crawler/tgdd_crawler/metadata.json không tồn tại.
[2025-03-02T04:45:58.292+0000] {subprocess.py:97} INFO - Command exited with return code 0
[2025-03-02T04:45:58.293+0000] {taskinstance.py:441} INFO - ::group::Post task execution logs
[2025-03-02T04:45:58.320+0000] {taskinstance.py:1206} INFO - Marking task as SUCCESS. dag_id=crawl_thegioididong_daily, task_id=crawl, run_id=scheduled__2025-03-01T00:00:00+00:00, execution_date=20250301T000000, start_date=20250302T044527, end_date=20250302T044558
[2025-03-02T04:45:58.364+0000] {local_task_job_runner.py:243} INFO - Task exited with return code 0
[2025-03-02T04:45:58.386+0000] {taskinstance.py:3503} INFO - 1 downstream tasks scheduled from follow-on schedule check
[2025-03-02T04:45:58.389+0000] {local_task_job_runner.py:222} INFO - ::endgroup::
