[2025-03-05T03:00:54.185+0000] {local_task_job_runner.py:120} INFO - ::group::Pre task execution logs
[2025-03-05T03:00:54.338+0000] {taskinstance.py:2076} INFO - Dependencies all met for dep_context=non-requeueable deps ti=<TaskInstance: crawl_thegioididong_daily.crawl scheduled__2025-03-04T00:00:00+00:00 [queued]>
[2025-03-05T03:00:54.386+0000] {taskinstance.py:2076} INFO - Dependencies all met for dep_context=requeueable deps ti=<TaskInstance: crawl_thegioididong_daily.crawl scheduled__2025-03-04T00:00:00+00:00 [queued]>
[2025-03-05T03:00:54.393+0000] {taskinstance.py:2306} INFO - Starting attempt 1 of 1
[2025-03-05T03:00:54.474+0000] {taskinstance.py:2330} INFO - Executing <Task(BashOperator): crawl> on 2025-03-04 00:00:00+00:00
[2025-03-05T03:00:54.548+0000] {standard_task_runner.py:90} INFO - Running: ['***', 'tasks', 'run', 'crawl_thegioididong_daily', 'crawl', 'scheduled__2025-03-04T00:00:00+00:00', '--job-id', '265', '--raw', '--subdir', 'DAGS_FOLDER/crawl_daily_tgdd.py', '--cfg-path', '/tmp/tmpf5hk7rj7']
[2025-03-05T03:00:54.628+0000] {standard_task_runner.py:91} INFO - Job 265: Subtask crawl
[2025-03-05T03:00:54.553+0000] {warnings.py:112} WARNING - /home/***/.local/lib/python3.12/site-packages/***/task/task_runner/standard_task_runner.py:62: DeprecationWarning: This process (pid=2244) is multi-threaded, use of fork() may lead to deadlocks in the child.
  pid = os.fork()

[2025-03-05T03:00:54.652+0000] {standard_task_runner.py:64} INFO - Started process 2245 to run task
[2025-03-05T03:00:54.913+0000] {task_command.py:426} INFO - Running <TaskInstance: crawl_thegioididong_daily.crawl scheduled__2025-03-04T00:00:00+00:00 [running]> on host fde12ad1f9fd
[2025-03-05T03:00:55.253+0000] {taskinstance.py:2648} INFO - Exporting env vars: AIRFLOW_CTX_DAG_OWNER='***' AIRFLOW_CTX_DAG_ID='crawl_thegioididong_daily' AIRFLOW_CTX_TASK_ID='crawl' AIRFLOW_CTX_EXECUTION_DATE='2025-03-04T00:00:00+00:00' AIRFLOW_CTX_TRY_NUMBER='1' AIRFLOW_CTX_DAG_RUN_ID='scheduled__2025-03-04T00:00:00+00:00'
[2025-03-05T03:00:55.257+0000] {taskinstance.py:430} INFO - ::endgroup::
[2025-03-05T03:00:55.385+0000] {subprocess.py:63} INFO - Tmp dir root location: /tmp
[2025-03-05T03:00:55.395+0000] {subprocess.py:75} INFO - Running command: ['/usr/bin/bash', '-c', 'cd /opt/crawler/tgdd_crawler/tgdd_crawler; scrapy crawl tgdd_crawler -a daily=true; ']
[2025-03-05T03:00:55.483+0000] {subprocess.py:86} INFO - Output:
[2025-03-05T03:01:00.871+0000] {subprocess.py:93} INFO - 2025-03-05 03:01:00 [scrapy.utils.log] INFO: Scrapy 2.12.0 started (bot: scrapybot)
[2025-03-05T03:01:00.875+0000] {subprocess.py:93} INFO - 2025-03-05 03:01:00 [scrapy.utils.log] INFO: Versions: lxml 5.2.2.0, libxml2 2.12.6, cssselect 1.2.0, parsel 1.10.0, w3lib 2.3.1, Twisted 24.11.0, Python 3.12.4 (main, Jul 23 2024, 07:23:20) [GCC 12.2.0], pyOpenSSL 24.1.0 (OpenSSL 3.1.4 24 Oct 2023), cryptography 41.0.7, Platform Linux-5.15.167.4-microsoft-standard-WSL2-x86_64-with-glibc2.36
[2025-03-05T03:01:00.879+0000] {subprocess.py:93} INFO - 2025-03-05 03:01:00 [root] INFO: /opt/crawler/tgdd_crawler/tgdd_crawler/metadata.json
[2025-03-05T03:01:00.901+0000] {subprocess.py:93} INFO - 2025-03-05 03:01:00 [scrapy.addons] INFO: Enabled addons:
[2025-03-05T03:01:00.902+0000] {subprocess.py:93} INFO - []
[2025-03-05T03:01:00.907+0000] {subprocess.py:93} INFO - 2025-03-05 03:01:00 [scrapy.extensions.telnet] INFO: Telnet Password: c2448e527a15ae89
[2025-03-05T03:01:00.982+0000] {subprocess.py:93} INFO - 2025-03-05 03:01:00 [scrapy.middleware] INFO: Enabled extensions:
[2025-03-05T03:01:00.983+0000] {subprocess.py:93} INFO - ['scrapy.extensions.corestats.CoreStats',
[2025-03-05T03:01:00.984+0000] {subprocess.py:93} INFO -  'scrapy.extensions.telnet.TelnetConsole',
[2025-03-05T03:01:00.985+0000] {subprocess.py:93} INFO -  'scrapy.extensions.memusage.MemoryUsage',
[2025-03-05T03:01:00.986+0000] {subprocess.py:93} INFO -  'scrapy.extensions.logstats.LogStats']
[2025-03-05T03:01:00.986+0000] {subprocess.py:93} INFO - 2025-03-05 03:01:00 [scrapy.crawler] INFO: Overridden settings:
[2025-03-05T03:01:00.987+0000] {subprocess.py:93} INFO - {'DOWNLOAD_DELAY': 0.1,
[2025-03-05T03:01:00.988+0000] {subprocess.py:93} INFO -  'FEED_EXPORT_ENCODING': 'utf-8',
[2025-03-05T03:01:00.988+0000] {subprocess.py:93} INFO -  'LOG_LEVEL': 'INFO',
[2025-03-05T03:01:00.989+0000] {subprocess.py:93} INFO -  'NEWSPIDER_MODULE': 'tgdd_crawler.spiders',
[2025-03-05T03:01:00.990+0000] {subprocess.py:93} INFO -  'SPIDER_MODULES': ['tgdd_crawler.spiders'],
[2025-03-05T03:01:00.990+0000] {subprocess.py:93} INFO -  'TWISTED_REACTOR': 'twisted.internet.asyncioreactor.AsyncioSelectorReactor',
[2025-03-05T03:01:00.991+0000] {subprocess.py:93} INFO -  'USER_AGENT': 'Mozilla/5.0 (Windows NT 10.0; Win64; x64) AppleWebKit/537.36 '
[2025-03-05T03:01:00.991+0000] {subprocess.py:93} INFO -                '(KHTML, like Gecko) Chrome/58.0.3029.110 Safari/537.36'}
[2025-03-05T03:01:01.335+0000] {subprocess.py:93} INFO - 2025-03-05 03:01:01 [scrapy.middleware] INFO: Enabled downloader middlewares:
[2025-03-05T03:01:01.336+0000] {subprocess.py:93} INFO - ['scrapy.downloadermiddlewares.offsite.OffsiteMiddleware',
[2025-03-05T03:01:01.337+0000] {subprocess.py:93} INFO -  'scrapy.downloadermiddlewares.httpauth.HttpAuthMiddleware',
[2025-03-05T03:01:01.337+0000] {subprocess.py:93} INFO -  'scrapy.downloadermiddlewares.downloadtimeout.DownloadTimeoutMiddleware',
[2025-03-05T03:01:01.338+0000] {subprocess.py:93} INFO -  'scrapy.downloadermiddlewares.defaultheaders.DefaultHeadersMiddleware',
[2025-03-05T03:01:01.339+0000] {subprocess.py:93} INFO -  'scrapy.downloadermiddlewares.useragent.UserAgentMiddleware',
[2025-03-05T03:01:01.339+0000] {subprocess.py:93} INFO -  'scrapy.downloadermiddlewares.retry.RetryMiddleware',
[2025-03-05T03:01:01.340+0000] {subprocess.py:93} INFO -  'scrapy.downloadermiddlewares.redirect.MetaRefreshMiddleware',
[2025-03-05T03:01:01.342+0000] {subprocess.py:93} INFO -  'scrapy.downloadermiddlewares.httpcompression.HttpCompressionMiddleware',
[2025-03-05T03:01:01.343+0000] {subprocess.py:93} INFO -  'scrapy.downloadermiddlewares.redirect.RedirectMiddleware',
[2025-03-05T03:01:01.343+0000] {subprocess.py:93} INFO -  'scrapy.downloadermiddlewares.cookies.CookiesMiddleware',
[2025-03-05T03:01:01.344+0000] {subprocess.py:93} INFO -  'scrapy.downloadermiddlewares.httpproxy.HttpProxyMiddleware',
[2025-03-05T03:01:01.344+0000] {subprocess.py:93} INFO -  'scrapy.downloadermiddlewares.stats.DownloaderStats']
[2025-03-05T03:01:01.345+0000] {subprocess.py:93} INFO - 2025-03-05 03:01:01 [scrapy.middleware] INFO: Enabled spider middlewares:
[2025-03-05T03:01:01.345+0000] {subprocess.py:93} INFO - ['scrapy.spidermiddlewares.httperror.HttpErrorMiddleware',
[2025-03-05T03:01:01.346+0000] {subprocess.py:93} INFO -  'scrapy.spidermiddlewares.referer.RefererMiddleware',
[2025-03-05T03:01:01.346+0000] {subprocess.py:93} INFO -  'scrapy.spidermiddlewares.urllength.UrlLengthMiddleware',
[2025-03-05T03:01:01.347+0000] {subprocess.py:93} INFO -  'scrapy.spidermiddlewares.depth.DepthMiddleware']
[2025-03-05T03:01:01.347+0000] {subprocess.py:93} INFO - 2025-03-05 03:01:01 [scrapy.middleware] INFO: Enabled item pipelines:
[2025-03-05T03:01:01.348+0000] {subprocess.py:93} INFO - []
[2025-03-05T03:01:01.350+0000] {subprocess.py:93} INFO - 2025-03-05 03:01:01 [scrapy.core.engine] INFO: Spider opened
[2025-03-05T03:01:01.367+0000] {subprocess.py:93} INFO - 2025-03-05 03:01:01 [scrapy.extensions.logstats] INFO: Crawled 0 pages (at 0 pages/min), scraped 0 items (at 0 items/min)
[2025-03-05T03:01:01.371+0000] {subprocess.py:93} INFO - 2025-03-05 03:01:01 [scrapy.extensions.telnet] INFO: Telnet console listening on 127.0.0.1:6023
[2025-03-05T03:01:13.948+0000] {subprocess.py:93} INFO - 2025-03-05 03:01:13 [scrapy.core.engine] INFO: Closing spider (finished)
[2025-03-05T03:01:13.948+0000] {subprocess.py:93} INFO - 2025-03-05 03:01:13 [root] INFO: Spider closed: finished
[2025-03-05T03:01:13.954+0000] {subprocess.py:93} INFO - 2025-03-05 03:01:13 [scrapy.statscollectors] INFO: Dumping Scrapy stats:
[2025-03-05T03:01:13.955+0000] {subprocess.py:93} INFO - {'downloader/request_bytes': 45848,
[2025-03-05T03:01:13.956+0000] {subprocess.py:93} INFO -  'downloader/request_count': 103,
[2025-03-05T03:01:13.956+0000] {subprocess.py:93} INFO -  'downloader/request_method_count/GET': 103,
[2025-03-05T03:01:13.957+0000] {subprocess.py:93} INFO -  'downloader/response_bytes': 597349,
[2025-03-05T03:01:13.957+0000] {subprocess.py:93} INFO -  'downloader/response_count': 103,
[2025-03-05T03:01:13.958+0000] {subprocess.py:93} INFO -  'downloader/response_status_count/200': 103,
[2025-03-05T03:01:13.958+0000] {subprocess.py:93} INFO -  'elapsed_time_seconds': 12.580744,
[2025-03-05T03:01:13.959+0000] {subprocess.py:93} INFO -  'finish_reason': 'finished',
[2025-03-05T03:01:13.959+0000] {subprocess.py:93} INFO -  'finish_time': datetime.datetime(2025, 3, 5, 3, 1, 13, 948018, tzinfo=datetime.timezone.utc),
[2025-03-05T03:01:13.960+0000] {subprocess.py:93} INFO -  'httpcompression/response_bytes': 2769082,
[2025-03-05T03:01:13.960+0000] {subprocess.py:93} INFO -  'httpcompression/response_count': 103,
[2025-03-05T03:01:13.961+0000] {subprocess.py:93} INFO -  'items_per_minute': None,
[2025-03-05T03:01:13.961+0000] {subprocess.py:93} INFO -  'log_count/INFO': 11,
[2025-03-05T03:01:13.962+0000] {subprocess.py:93} INFO -  'memusage/max': 179830784,
[2025-03-05T03:01:13.962+0000] {subprocess.py:93} INFO -  'memusage/startup': 179830784,
[2025-03-05T03:01:13.963+0000] {subprocess.py:93} INFO -  'request_depth_max': 1,
[2025-03-05T03:01:13.963+0000] {subprocess.py:93} INFO -  'response_received_count': 103,
[2025-03-05T03:01:13.964+0000] {subprocess.py:93} INFO -  'responses_per_minute': None,
[2025-03-05T03:01:13.964+0000] {subprocess.py:93} INFO -  'scheduler/dequeued': 103,
[2025-03-05T03:01:13.965+0000] {subprocess.py:93} INFO -  'scheduler/dequeued/memory': 103,
[2025-03-05T03:01:13.966+0000] {subprocess.py:93} INFO -  'scheduler/enqueued': 103,
[2025-03-05T03:01:13.966+0000] {subprocess.py:93} INFO -  'scheduler/enqueued/memory': 103,
[2025-03-05T03:01:13.967+0000] {subprocess.py:93} INFO -  'start_time': datetime.datetime(2025, 3, 5, 3, 1, 1, 367274, tzinfo=datetime.timezone.utc)}
[2025-03-05T03:01:13.967+0000] {subprocess.py:93} INFO - 2025-03-05 03:01:13 [scrapy.core.engine] INFO: Spider closed (finished)
[2025-03-05T03:01:13.981+0000] {subprocess.py:93} INFO - <module 'posixpath' (frozen)>
[2025-03-05T03:01:13.982+0000] {subprocess.py:93} INFO - Tệp /opt/crawler/tgdd_crawler/tgdd_crawler/crawler/tgdd_crawler/tgdd_crawler/metadata.json không tồn tại.
[2025-03-05T03:01:14.148+0000] {subprocess.py:97} INFO - Command exited with return code 0
[2025-03-05T03:01:14.150+0000] {taskinstance.py:441} INFO - ::group::Post task execution logs
[2025-03-05T03:01:14.175+0000] {taskinstance.py:1206} INFO - Marking task as SUCCESS. dag_id=crawl_thegioididong_daily, task_id=crawl, run_id=scheduled__2025-03-04T00:00:00+00:00, execution_date=20250304T000000, start_date=20250305T030054, end_date=20250305T030114
[2025-03-05T03:01:14.230+0000] {local_task_job_runner.py:243} INFO - Task exited with return code 0
[2025-03-05T03:01:14.238+0000] {local_task_job_runner.py:222} INFO - ::endgroup::
