[2025-03-05T03:01:15.934+0000] {local_task_job_runner.py:120} INFO - ::group::Pre task execution logs
[2025-03-05T03:01:15.958+0000] {taskinstance.py:2076} INFO - Dependencies all met for dep_context=non-requeueable deps ti=<TaskInstance: normalize_thegioididong_daily.normalize_task manual__2025-03-05T03:01:15.159122+00:00 [queued]>
[2025-03-05T03:01:15.967+0000] {taskinstance.py:2076} INFO - Dependencies all met for dep_context=requeueable deps ti=<TaskInstance: normalize_thegioididong_daily.normalize_task manual__2025-03-05T03:01:15.159122+00:00 [queued]>
[2025-03-05T03:01:15.968+0000] {taskinstance.py:2306} INFO - Starting attempt 1 of 1
[2025-03-05T03:01:15.983+0000] {taskinstance.py:2330} INFO - Executing <Task(PythonOperator): normalize_task> on 2025-03-05 03:01:15.159122+00:00
[2025-03-05T03:01:15.989+0000] {warnings.py:112} WARNING - /home/***/.local/lib/python3.12/site-packages/***/task/task_runner/standard_task_runner.py:62: DeprecationWarning: This process (pid=2251) is multi-threaded, use of fork() may lead to deadlocks in the child.
  pid = os.fork()

[2025-03-05T03:01:15.991+0000] {standard_task_runner.py:64} INFO - Started process 2252 to run task
[2025-03-05T03:01:15.991+0000] {standard_task_runner.py:90} INFO - Running: ['***', 'tasks', 'run', 'normalize_thegioididong_daily', 'normalize_task', 'manual__2025-03-05T03:01:15.159122+00:00', '--job-id', '267', '--raw', '--subdir', 'DAGS_FOLDER/normalize_daily_tgdd.py', '--cfg-path', '/tmp/tmpse4r25cp']
[2025-03-05T03:01:15.993+0000] {standard_task_runner.py:91} INFO - Job 267: Subtask normalize_task
[2025-03-05T03:01:16.036+0000] {task_command.py:426} INFO - Running <TaskInstance: normalize_thegioididong_daily.normalize_task manual__2025-03-05T03:01:15.159122+00:00 [running]> on host fde12ad1f9fd
[2025-03-05T03:01:16.127+0000] {taskinstance.py:2648} INFO - Exporting env vars: AIRFLOW_CTX_DAG_OWNER='***' AIRFLOW_CTX_DAG_ID='normalize_thegioididong_daily' AIRFLOW_CTX_TASK_ID='normalize_task' AIRFLOW_CTX_EXECUTION_DATE='2025-03-05T03:01:15.159122+00:00' AIRFLOW_CTX_TRY_NUMBER='1' AIRFLOW_CTX_DAG_RUN_ID='manual__2025-03-05T03:01:15.159122+00:00'
[2025-03-05T03:01:16.128+0000] {taskinstance.py:430} INFO - ::endgroup::
[2025-03-05T03:01:16.142+0000] {normalize_daily_tgdd.py:17} INFO - 20250305
[2025-03-05T03:01:38.148+0000] {python.py:237} INFO - Done. Returned value was: None
[2025-03-05T03:01:38.152+0000] {taskinstance.py:441} INFO - ::group::Post task execution logs
[2025-03-05T03:01:38.164+0000] {taskinstance.py:1206} INFO - Marking task as SUCCESS. dag_id=normalize_thegioididong_daily, task_id=normalize_task, run_id=manual__2025-03-05T03:01:15.159122+00:00, execution_date=20250305T030115, start_date=20250305T030115, end_date=20250305T030138
[2025-03-05T03:01:38.201+0000] {local_task_job_runner.py:243} INFO - Task exited with return code 0
[2025-03-05T03:01:38.220+0000] {taskinstance.py:3503} INFO - 0 downstream tasks scheduled from follow-on schedule check
[2025-03-05T03:01:38.223+0000] {local_task_job_runner.py:222} INFO - ::endgroup::
