[2025-03-01T17:15:57.653+0000] {local_task_job_runner.py:120} INFO - ::group::Pre task execution logs
[2025-03-01T17:15:57.713+0000] {taskinstance.py:2076} INFO - Dependencies all met for dep_context=non-requeueable deps ti=<TaskInstance: crawl_thegioididong_daily.crawl manual__2025-03-01T17:15:56.848057+00:00 [queued]>
[2025-03-01T17:15:57.735+0000] {taskinstance.py:2076} INFO - Dependencies all met for dep_context=requeueable deps ti=<TaskInstance: crawl_thegioididong_daily.crawl manual__2025-03-01T17:15:56.848057+00:00 [queued]>
[2025-03-01T17:15:57.737+0000] {taskinstance.py:2306} INFO - Starting attempt 1 of 1
[2025-03-01T17:15:57.764+0000] {taskinstance.py:2330} INFO - Executing <Task(BashOperator): crawl> on 2025-03-01 17:15:56.848057+00:00
[2025-03-01T17:15:57.785+0000] {standard_task_runner.py:90} INFO - Running: ['***', 'tasks', 'run', 'crawl_thegioididong_daily', 'crawl', 'manual__2025-03-01T17:15:56.848057+00:00', '--job-id', '167', '--raw', '--subdir', 'DAGS_FOLDER/crawl_daily_tgdd.py', '--cfg-path', '/tmp/tmpcyhv1cev']
[2025-03-01T17:15:57.780+0000] {warnings.py:112} WARNING - /home/***/.local/lib/python3.12/site-packages/***/task/task_runner/standard_task_runner.py:62: DeprecationWarning: This process (pid=521) is multi-threaded, use of fork() may lead to deadlocks in the child.
  pid = os.fork()

[2025-03-01T17:15:57.789+0000] {standard_task_runner.py:91} INFO - Job 167: Subtask crawl
[2025-03-01T17:15:57.794+0000] {standard_task_runner.py:64} INFO - Started process 522 to run task
[2025-03-01T17:15:57.908+0000] {task_command.py:426} INFO - Running <TaskInstance: crawl_thegioididong_daily.crawl manual__2025-03-01T17:15:56.848057+00:00 [running]> on host d6b41eaa664f
[2025-03-01T17:15:58.080+0000] {taskinstance.py:2648} INFO - Exporting env vars: AIRFLOW_CTX_DAG_OWNER='***' AIRFLOW_CTX_DAG_ID='crawl_thegioididong_daily' AIRFLOW_CTX_TASK_ID='crawl' AIRFLOW_CTX_EXECUTION_DATE='2025-03-01T17:15:56.848057+00:00' AIRFLOW_CTX_TRY_NUMBER='1' AIRFLOW_CTX_DAG_RUN_ID='manual__2025-03-01T17:15:56.848057+00:00'
[2025-03-01T17:15:58.081+0000] {taskinstance.py:430} INFO - ::endgroup::
[2025-03-01T17:15:58.096+0000] {subprocess.py:63} INFO - Tmp dir root location: /tmp
[2025-03-01T17:15:58.097+0000] {subprocess.py:75} INFO - Running command: ['/usr/bin/bash', '-c', 'cd /opt/crawler/tgdd_crawler/tgdd_crawler; scrapy crawl tgdd_crawler -a daily=true; ']
[2025-03-01T17:15:58.107+0000] {subprocess.py:86} INFO - Output:
[2025-03-01T17:15:59.365+0000] {subprocess.py:93} INFO - 2025-03-01 17:15:59 [scrapy.utils.log] INFO: Scrapy 2.12.0 started (bot: scrapybot)
[2025-03-01T17:15:59.367+0000] {subprocess.py:93} INFO - 2025-03-01 17:15:59 [scrapy.utils.log] INFO: Versions: lxml 5.2.2.0, libxml2 2.12.6, cssselect 1.2.0, parsel 1.10.0, w3lib 2.3.1, Twisted 24.11.0, Python 3.12.4 (main, Jul 23 2024, 07:23:20) [GCC 12.2.0], pyOpenSSL 24.1.0 (OpenSSL 3.1.4 24 Oct 2023), cryptography 41.0.7, Platform Linux-5.15.167.4-microsoft-standard-WSL2-x86_64-with-glibc2.36
[2025-03-01T17:15:59.369+0000] {subprocess.py:93} INFO - 2025-03-01 17:15:59 [root] INFO: /opt/crawler/tgdd_crawler/tgdd_crawler/metadata.json
[2025-03-01T17:15:59.378+0000] {subprocess.py:93} INFO - 2025-03-01 17:15:59 [scrapy.addons] INFO: Enabled addons:
[2025-03-01T17:15:59.378+0000] {subprocess.py:93} INFO - []
[2025-03-01T17:15:59.381+0000] {subprocess.py:93} INFO - 2025-03-01 17:15:59 [scrapy.extensions.telnet] INFO: Telnet Password: 8380f9b14b497f0f
[2025-03-01T17:15:59.416+0000] {subprocess.py:93} INFO - 2025-03-01 17:15:59 [scrapy.middleware] INFO: Enabled extensions:
[2025-03-01T17:15:59.417+0000] {subprocess.py:93} INFO - ['scrapy.extensions.corestats.CoreStats',
[2025-03-01T17:15:59.418+0000] {subprocess.py:93} INFO -  'scrapy.extensions.telnet.TelnetConsole',
[2025-03-01T17:15:59.419+0000] {subprocess.py:93} INFO -  'scrapy.extensions.memusage.MemoryUsage',
[2025-03-01T17:15:59.419+0000] {subprocess.py:93} INFO -  'scrapy.extensions.logstats.LogStats']
[2025-03-01T17:15:59.420+0000] {subprocess.py:93} INFO - 2025-03-01 17:15:59 [scrapy.crawler] INFO: Overridden settings:
[2025-03-01T17:15:59.420+0000] {subprocess.py:93} INFO - {'DOWNLOAD_DELAY': 0.2,
[2025-03-01T17:15:59.421+0000] {subprocess.py:93} INFO -  'FEED_EXPORT_ENCODING': 'utf-8',
[2025-03-01T17:15:59.422+0000] {subprocess.py:93} INFO -  'LOG_LEVEL': 'INFO',
[2025-03-01T17:15:59.422+0000] {subprocess.py:93} INFO -  'NEWSPIDER_MODULE': 'tgdd_crawler.spiders',
[2025-03-01T17:15:59.423+0000] {subprocess.py:93} INFO -  'SPIDER_MODULES': ['tgdd_crawler.spiders'],
[2025-03-01T17:15:59.423+0000] {subprocess.py:93} INFO -  'TWISTED_REACTOR': 'twisted.internet.asyncioreactor.AsyncioSelectorReactor',
[2025-03-01T17:15:59.424+0000] {subprocess.py:93} INFO -  'USER_AGENT': 'Mozilla/5.0 (Windows NT 10.0; Win64; x64) AppleWebKit/537.36 '
[2025-03-01T17:15:59.425+0000] {subprocess.py:93} INFO -                '(KHTML, like Gecko) Chrome/58.0.3029.110 Safari/537.36'}
[2025-03-01T17:15:59.519+0000] {subprocess.py:93} INFO - 2025-03-01 17:15:59 [scrapy.middleware] INFO: Enabled downloader middlewares:
[2025-03-01T17:15:59.520+0000] {subprocess.py:93} INFO - ['scrapy.downloadermiddlewares.offsite.OffsiteMiddleware',
[2025-03-01T17:15:59.521+0000] {subprocess.py:93} INFO -  'scrapy.downloadermiddlewares.httpauth.HttpAuthMiddleware',
[2025-03-01T17:15:59.521+0000] {subprocess.py:93} INFO -  'scrapy.downloadermiddlewares.downloadtimeout.DownloadTimeoutMiddleware',
[2025-03-01T17:15:59.522+0000] {subprocess.py:93} INFO -  'scrapy.downloadermiddlewares.defaultheaders.DefaultHeadersMiddleware',
[2025-03-01T17:15:59.523+0000] {subprocess.py:93} INFO -  'scrapy.downloadermiddlewares.useragent.UserAgentMiddleware',
[2025-03-01T17:15:59.523+0000] {subprocess.py:93} INFO -  'scrapy.downloadermiddlewares.retry.RetryMiddleware',
[2025-03-01T17:15:59.524+0000] {subprocess.py:93} INFO -  'scrapy.downloadermiddlewares.redirect.MetaRefreshMiddleware',
[2025-03-01T17:15:59.525+0000] {subprocess.py:93} INFO -  'scrapy.downloadermiddlewares.httpcompression.HttpCompressionMiddleware',
[2025-03-01T17:15:59.525+0000] {subprocess.py:93} INFO -  'scrapy.downloadermiddlewares.redirect.RedirectMiddleware',
[2025-03-01T17:15:59.526+0000] {subprocess.py:93} INFO -  'scrapy.downloadermiddlewares.cookies.CookiesMiddleware',
[2025-03-01T17:15:59.526+0000] {subprocess.py:93} INFO -  'scrapy.downloadermiddlewares.httpproxy.HttpProxyMiddleware',
[2025-03-01T17:15:59.527+0000] {subprocess.py:93} INFO -  'scrapy.downloadermiddlewares.stats.DownloaderStats']
[2025-03-01T17:15:59.528+0000] {subprocess.py:93} INFO - 2025-03-01 17:15:59 [scrapy.middleware] INFO: Enabled spider middlewares:
[2025-03-01T17:15:59.528+0000] {subprocess.py:93} INFO - ['scrapy.spidermiddlewares.httperror.HttpErrorMiddleware',
[2025-03-01T17:15:59.529+0000] {subprocess.py:93} INFO -  'scrapy.spidermiddlewares.referer.RefererMiddleware',
[2025-03-01T17:15:59.530+0000] {subprocess.py:93} INFO -  'scrapy.spidermiddlewares.urllength.UrlLengthMiddleware',
[2025-03-01T17:15:59.530+0000] {subprocess.py:93} INFO -  'scrapy.spidermiddlewares.depth.DepthMiddleware']
[2025-03-01T17:15:59.531+0000] {subprocess.py:93} INFO - 2025-03-01 17:15:59 [scrapy.middleware] INFO: Enabled item pipelines:
[2025-03-01T17:15:59.531+0000] {subprocess.py:93} INFO - []
[2025-03-01T17:15:59.532+0000] {subprocess.py:93} INFO - 2025-03-01 17:15:59 [scrapy.core.engine] INFO: Spider opened
[2025-03-01T17:15:59.533+0000] {subprocess.py:93} INFO - 2025-03-01 17:15:59 [scrapy.extensions.logstats] INFO: Crawled 0 pages (at 0 pages/min), scraped 0 items (at 0 items/min)
[2025-03-01T17:15:59.534+0000] {subprocess.py:93} INFO - 2025-03-01 17:15:59 [scrapy.extensions.telnet] INFO: Telnet console listening on 127.0.0.1:6023
[2025-03-01T17:16:03.988+0000] {subprocess.py:93} INFO - 2025-03-01 17:16:03 [root] INFO: metadata:2025-02-01
[2025-03-01T17:16:03.989+0000] {subprocess.py:93} INFO - 2025-03-01 17:16:03 [root] INFO: lastmod: 2025-02-04
[2025-03-01T17:16:03.990+0000] {subprocess.py:93} INFO - 2025-03-01 17:16:03 [root] INFO: metadata:2025-02-01
[2025-03-01T17:16:03.990+0000] {subprocess.py:93} INFO - 2025-03-01 17:16:03 [root] INFO: lastmod: 2025-02-06
[2025-03-01T17:16:03.991+0000] {subprocess.py:93} INFO - 2025-03-01 17:16:03 [root] INFO: metadata:2025-02-01
[2025-03-01T17:16:03.991+0000] {subprocess.py:93} INFO - 2025-03-01 17:16:03 [root] INFO: lastmod: 2025-02-07
[2025-03-01T17:16:03.992+0000] {subprocess.py:93} INFO - 2025-03-01 17:16:03 [root] INFO: metadata:2025-02-01
[2025-03-01T17:16:03.992+0000] {subprocess.py:93} INFO - 2025-03-01 17:16:03 [root] INFO: lastmod: 2025-02-07
[2025-03-01T17:16:03.993+0000] {subprocess.py:93} INFO - 2025-03-01 17:16:03 [root] INFO: metadata:2025-02-01
[2025-03-01T17:16:03.993+0000] {subprocess.py:93} INFO - 2025-03-01 17:16:03 [root] INFO: lastmod: 2025-02-07
[2025-03-01T17:16:03.994+0000] {subprocess.py:93} INFO - 2025-03-01 17:16:03 [root] INFO: metadata:2025-02-01
[2025-03-01T17:16:03.994+0000] {subprocess.py:93} INFO - 2025-03-01 17:16:03 [root] INFO: lastmod: 2025-02-07
[2025-03-01T17:16:03.995+0000] {subprocess.py:93} INFO - 2025-03-01 17:16:03 [root] INFO: metadata:2025-02-01
[2025-03-01T17:16:03.996+0000] {subprocess.py:93} INFO - 2025-03-01 17:16:03 [root] INFO: lastmod: 2025-02-07
[2025-03-01T17:16:03.996+0000] {subprocess.py:93} INFO - 2025-03-01 17:16:03 [root] INFO: metadata:2025-02-01
[2025-03-01T17:16:03.997+0000] {subprocess.py:93} INFO - 2025-03-01 17:16:03 [root] INFO: lastmod: 2025-02-07
[2025-03-01T17:16:03.997+0000] {subprocess.py:93} INFO - 2025-03-01 17:16:03 [root] INFO: metadata:2025-02-01
[2025-03-01T17:16:03.998+0000] {subprocess.py:93} INFO - 2025-03-01 17:16:03 [root] INFO: lastmod: 2025-02-07
[2025-03-01T17:16:03.998+0000] {subprocess.py:93} INFO - 2025-03-01 17:16:03 [root] INFO: metadata:2025-02-01
[2025-03-01T17:16:03.999+0000] {subprocess.py:93} INFO - 2025-03-01 17:16:03 [root] INFO: lastmod: 2025-02-07
[2025-03-01T17:16:04.000+0000] {subprocess.py:93} INFO - 2025-03-01 17:16:03 [root] INFO: metadata:2025-02-01
[2025-03-01T17:16:04.000+0000] {subprocess.py:93} INFO - 2025-03-01 17:16:03 [root] INFO: lastmod: 2025-02-07
[2025-03-01T17:16:04.001+0000] {subprocess.py:93} INFO - 2025-03-01 17:16:03 [root] INFO: metadata:2025-02-01
[2025-03-01T17:16:04.008+0000] {subprocess.py:93} INFO - 2025-03-01 17:16:03 [root] INFO: lastmod: 2025-02-07
[2025-03-01T17:16:04.009+0000] {subprocess.py:93} INFO - 2025-03-01 17:16:03 [root] INFO: metadata:2025-02-01
[2025-03-01T17:16:04.010+0000] {subprocess.py:93} INFO - 2025-03-01 17:16:03 [root] INFO: lastmod: 2025-02-07
[2025-03-01T17:16:04.010+0000] {subprocess.py:93} INFO - 2025-03-01 17:16:03 [root] INFO: metadata:2025-02-01
[2025-03-01T17:16:04.011+0000] {subprocess.py:93} INFO - 2025-03-01 17:16:03 [root] INFO: lastmod: 2025-02-07
[2025-03-01T17:16:04.011+0000] {subprocess.py:93} INFO - 2025-03-01 17:16:03 [root] INFO: metadata:2025-02-01
[2025-03-01T17:16:04.012+0000] {subprocess.py:93} INFO - 2025-03-01 17:16:03 [root] INFO: lastmod: 2025-02-07
[2025-03-01T17:16:04.012+0000] {subprocess.py:93} INFO - 2025-03-01 17:16:03 [root] INFO: metadata:2025-02-01
[2025-03-01T17:16:04.013+0000] {subprocess.py:93} INFO - 2025-03-01 17:16:03 [root] INFO: lastmod: 2025-02-07
[2025-03-01T17:16:04.014+0000] {subprocess.py:93} INFO - 2025-03-01 17:16:03 [root] INFO: metadata:2025-02-01
[2025-03-01T17:16:04.014+0000] {subprocess.py:93} INFO - 2025-03-01 17:16:03 [root] INFO: lastmod: 2025-02-08
[2025-03-01T17:16:04.015+0000] {subprocess.py:93} INFO - 2025-03-01 17:16:03 [root] INFO: metadata:2025-02-01
[2025-03-01T17:16:04.015+0000] {subprocess.py:93} INFO - 2025-03-01 17:16:03 [root] INFO: lastmod: 2025-02-08
[2025-03-01T17:16:04.016+0000] {subprocess.py:93} INFO - 2025-03-01 17:16:03 [root] INFO: metadata:2025-02-01
[2025-03-01T17:16:04.017+0000] {subprocess.py:93} INFO - 2025-03-01 17:16:03 [root] INFO: lastmod: 2025-02-08
[2025-03-01T17:16:04.017+0000] {subprocess.py:93} INFO - 2025-03-01 17:16:03 [root] INFO: metadata:2025-02-01
[2025-03-01T17:16:04.018+0000] {subprocess.py:93} INFO - 2025-03-01 17:16:03 [root] INFO: lastmod: 2025-02-08
[2025-03-01T17:16:04.018+0000] {subprocess.py:93} INFO - 2025-03-01 17:16:03 [root] INFO: metadata:2025-02-01
[2025-03-01T17:16:04.019+0000] {subprocess.py:93} INFO - 2025-03-01 17:16:03 [root] INFO: lastmod: 2025-02-08
[2025-03-01T17:16:04.019+0000] {subprocess.py:93} INFO - 2025-03-01 17:16:03 [root] INFO: metadata:2025-02-01
[2025-03-01T17:16:04.020+0000] {subprocess.py:93} INFO - 2025-03-01 17:16:03 [root] INFO: lastmod: 2025-02-08
[2025-03-01T17:16:04.020+0000] {subprocess.py:93} INFO - 2025-03-01 17:16:03 [root] INFO: metadata:2025-02-01
[2025-03-01T17:16:04.021+0000] {subprocess.py:93} INFO - 2025-03-01 17:16:03 [root] INFO: lastmod: 2025-02-08
[2025-03-01T17:16:04.022+0000] {subprocess.py:93} INFO - 2025-03-01 17:16:03 [root] INFO: metadata:2025-02-01
[2025-03-01T17:16:04.022+0000] {subprocess.py:93} INFO - 2025-03-01 17:16:03 [root] INFO: lastmod: 2025-02-08
[2025-03-01T17:16:04.023+0000] {subprocess.py:93} INFO - 2025-03-01 17:16:03 [root] INFO: metadata:2025-02-01
[2025-03-01T17:16:04.023+0000] {subprocess.py:93} INFO - 2025-03-01 17:16:03 [root] INFO: lastmod: 2025-02-08
[2025-03-01T17:16:04.024+0000] {subprocess.py:93} INFO - 2025-03-01 17:16:03 [root] INFO: metadata:2025-02-01
[2025-03-01T17:16:04.025+0000] {subprocess.py:93} INFO - 2025-03-01 17:16:03 [root] INFO: lastmod: 2025-02-08
[2025-03-01T17:16:04.025+0000] {subprocess.py:93} INFO - 2025-03-01 17:16:03 [root] INFO: metadata:2025-02-01
[2025-03-01T17:16:04.026+0000] {subprocess.py:93} INFO - 2025-03-01 17:16:03 [root] INFO: lastmod: 2025-02-08
[2025-03-01T17:16:04.026+0000] {subprocess.py:93} INFO - 2025-03-01 17:16:03 [root] INFO: metadata:2025-02-01
[2025-03-01T17:16:04.027+0000] {subprocess.py:93} INFO - 2025-03-01 17:16:03 [root] INFO: lastmod: 2025-02-08
[2025-03-01T17:16:04.027+0000] {subprocess.py:93} INFO - 2025-03-01 17:16:03 [root] INFO: metadata:2025-02-01
[2025-03-01T17:16:04.028+0000] {subprocess.py:93} INFO - 2025-03-01 17:16:03 [root] INFO: lastmod: 2025-02-08
[2025-03-01T17:16:04.029+0000] {subprocess.py:93} INFO - 2025-03-01 17:16:03 [root] INFO: metadata:2025-02-01
[2025-03-01T17:16:04.029+0000] {subprocess.py:93} INFO - 2025-03-01 17:16:03 [root] INFO: lastmod: 2025-02-10
[2025-03-01T17:16:04.030+0000] {subprocess.py:93} INFO - 2025-03-01 17:16:03 [root] INFO: metadata:2025-02-01
[2025-03-01T17:16:04.031+0000] {subprocess.py:93} INFO - 2025-03-01 17:16:03 [root] INFO: lastmod: 2025-02-10
[2025-03-01T17:16:04.031+0000] {subprocess.py:93} INFO - 2025-03-01 17:16:03 [root] INFO: metadata:2025-02-01
[2025-03-01T17:16:04.032+0000] {subprocess.py:93} INFO - 2025-03-01 17:16:03 [root] INFO: lastmod: 2025-02-10
[2025-03-01T17:16:04.033+0000] {subprocess.py:93} INFO - 2025-03-01 17:16:03 [root] INFO: metadata:2025-02-01
[2025-03-01T17:16:04.033+0000] {subprocess.py:93} INFO - 2025-03-01 17:16:03 [root] INFO: lastmod: 2025-02-10
[2025-03-01T17:16:04.034+0000] {subprocess.py:93} INFO - 2025-03-01 17:16:03 [root] INFO: metadata:2025-02-01
[2025-03-01T17:16:04.035+0000] {subprocess.py:93} INFO - 2025-03-01 17:16:03 [root] INFO: lastmod: 2025-02-11
[2025-03-01T17:16:04.035+0000] {subprocess.py:93} INFO - 2025-03-01 17:16:03 [root] INFO: metadata:2025-02-01
[2025-03-01T17:16:04.036+0000] {subprocess.py:93} INFO - 2025-03-01 17:16:04 [root] INFO: lastmod: 2025-02-11
[2025-03-01T17:16:04.036+0000] {subprocess.py:93} INFO - 2025-03-01 17:16:04 [root] INFO: metadata:2025-02-01
[2025-03-01T17:16:04.037+0000] {subprocess.py:93} INFO - 2025-03-01 17:16:04 [root] INFO: lastmod: 2025-02-11
[2025-03-01T17:16:04.037+0000] {subprocess.py:93} INFO - 2025-03-01 17:16:04 [root] INFO: metadata:2025-02-01
[2025-03-01T17:16:04.038+0000] {subprocess.py:93} INFO - 2025-03-01 17:16:04 [root] INFO: lastmod: 2025-02-11
[2025-03-01T17:16:04.038+0000] {subprocess.py:93} INFO - 2025-03-01 17:16:04 [root] INFO: metadata:2025-02-01
[2025-03-01T17:16:04.039+0000] {subprocess.py:93} INFO - 2025-03-01 17:16:04 [root] INFO: lastmod: 2025-02-11
[2025-03-01T17:16:04.039+0000] {subprocess.py:93} INFO - 2025-03-01 17:16:04 [root] INFO: metadata:2025-02-01
[2025-03-01T17:16:04.040+0000] {subprocess.py:93} INFO - 2025-03-01 17:16:04 [root] INFO: lastmod: 2025-02-11
[2025-03-01T17:16:04.041+0000] {subprocess.py:93} INFO - 2025-03-01 17:16:04 [root] INFO: metadata:2025-02-01
[2025-03-01T17:16:04.041+0000] {subprocess.py:93} INFO - 2025-03-01 17:16:04 [root] INFO: lastmod: 2025-02-11
[2025-03-01T17:16:04.042+0000] {subprocess.py:93} INFO - 2025-03-01 17:16:04 [root] INFO: metadata:2025-02-01
[2025-03-01T17:16:04.042+0000] {subprocess.py:93} INFO - 2025-03-01 17:16:04 [root] INFO: lastmod: 2025-02-11
[2025-03-01T17:16:04.043+0000] {subprocess.py:93} INFO - 2025-03-01 17:16:04 [root] INFO: metadata:2025-02-01
[2025-03-01T17:16:04.043+0000] {subprocess.py:93} INFO - 2025-03-01 17:16:04 [root] INFO: lastmod: 2025-02-11
[2025-03-01T17:16:04.044+0000] {subprocess.py:93} INFO - 2025-03-01 17:16:04 [root] INFO: metadata:2025-02-01
[2025-03-01T17:16:04.045+0000] {subprocess.py:93} INFO - 2025-03-01 17:16:04 [root] INFO: lastmod: 2025-02-11
[2025-03-01T17:16:04.045+0000] {subprocess.py:93} INFO - 2025-03-01 17:16:04 [root] INFO: metadata:2025-02-01
[2025-03-01T17:16:04.045+0000] {subprocess.py:93} INFO - 2025-03-01 17:16:04 [root] INFO: lastmod: 2025-02-11
[2025-03-01T17:16:04.046+0000] {subprocess.py:93} INFO - 2025-03-01 17:16:04 [root] INFO: metadata:2025-02-01
[2025-03-01T17:16:04.046+0000] {subprocess.py:93} INFO - 2025-03-01 17:16:04 [root] INFO: lastmod: 2025-02-11
[2025-03-01T17:16:04.047+0000] {subprocess.py:93} INFO - 2025-03-01 17:16:04 [root] INFO: metadata:2025-02-01
[2025-03-01T17:16:04.047+0000] {subprocess.py:93} INFO - 2025-03-01 17:16:04 [root] INFO: lastmod: 2025-02-11
[2025-03-01T17:16:04.048+0000] {subprocess.py:93} INFO - 2025-03-01 17:16:04 [root] INFO: metadata:2025-02-01
[2025-03-01T17:16:04.048+0000] {subprocess.py:93} INFO - 2025-03-01 17:16:04 [root] INFO: lastmod: 2025-02-11
[2025-03-01T17:16:04.049+0000] {subprocess.py:93} INFO - 2025-03-01 17:16:04 [root] INFO: metadata:2025-02-01
[2025-03-01T17:16:04.049+0000] {subprocess.py:93} INFO - 2025-03-01 17:16:04 [root] INFO: lastmod: 2025-02-11
[2025-03-01T17:16:04.050+0000] {subprocess.py:93} INFO - 2025-03-01 17:16:04 [root] INFO: metadata:2025-02-01
[2025-03-01T17:16:04.050+0000] {subprocess.py:93} INFO - 2025-03-01 17:16:04 [root] INFO: lastmod: 2025-02-11
[2025-03-01T17:16:04.051+0000] {subprocess.py:93} INFO - 2025-03-01 17:16:04 [root] INFO: metadata:2025-02-01
[2025-03-01T17:16:04.051+0000] {subprocess.py:93} INFO - 2025-03-01 17:16:04 [root] INFO: lastmod: 2025-02-12
[2025-03-01T17:16:04.051+0000] {subprocess.py:93} INFO - 2025-03-01 17:16:04 [root] INFO: metadata:2025-02-01
[2025-03-01T17:16:04.052+0000] {subprocess.py:93} INFO - 2025-03-01 17:16:04 [root] INFO: lastmod: 2025-02-12
[2025-03-01T17:16:04.052+0000] {subprocess.py:93} INFO - 2025-03-01 17:16:04 [root] INFO: metadata:2025-02-01
[2025-03-01T17:16:04.052+0000] {subprocess.py:93} INFO - 2025-03-01 17:16:04 [root] INFO: lastmod: 2025-02-12
[2025-03-01T17:16:04.053+0000] {subprocess.py:93} INFO - 2025-03-01 17:16:04 [root] INFO: metadata:2025-02-01
[2025-03-01T17:16:04.053+0000] {subprocess.py:93} INFO - 2025-03-01 17:16:04 [root] INFO: lastmod: 2025-02-12
[2025-03-01T17:16:04.053+0000] {subprocess.py:93} INFO - 2025-03-01 17:16:04 [root] INFO: metadata:2025-02-01
[2025-03-01T17:16:04.054+0000] {subprocess.py:93} INFO - 2025-03-01 17:16:04 [root] INFO: lastmod: 2025-02-14
[2025-03-01T17:16:04.054+0000] {subprocess.py:93} INFO - 2025-03-01 17:16:04 [root] INFO: metadata:2025-02-01
[2025-03-01T17:16:04.054+0000] {subprocess.py:93} INFO - 2025-03-01 17:16:04 [root] INFO: lastmod: 2025-02-14
[2025-03-01T17:16:04.055+0000] {subprocess.py:93} INFO - 2025-03-01 17:16:04 [root] INFO: metadata:2025-02-01
[2025-03-01T17:16:04.055+0000] {subprocess.py:93} INFO - 2025-03-01 17:16:04 [root] INFO: lastmod: 2025-02-14
[2025-03-01T17:16:04.056+0000] {subprocess.py:93} INFO - 2025-03-01 17:16:04 [root] INFO: metadata:2025-02-01
[2025-03-01T17:16:04.056+0000] {subprocess.py:93} INFO - 2025-03-01 17:16:04 [root] INFO: lastmod: 2025-02-17
[2025-03-01T17:16:04.057+0000] {subprocess.py:93} INFO - 2025-03-01 17:16:04 [root] INFO: metadata:2025-02-01
[2025-03-01T17:16:04.057+0000] {subprocess.py:93} INFO - 2025-03-01 17:16:04 [root] INFO: lastmod: 2025-02-17
[2025-03-01T17:16:04.057+0000] {subprocess.py:93} INFO - 2025-03-01 17:16:04 [root] INFO: metadata:2025-02-01
[2025-03-01T17:16:04.058+0000] {subprocess.py:93} INFO - 2025-03-01 17:16:04 [root] INFO: lastmod: 2025-02-17
[2025-03-01T17:16:04.058+0000] {subprocess.py:93} INFO - 2025-03-01 17:16:04 [root] INFO: metadata:2025-02-01
[2025-03-01T17:16:04.059+0000] {subprocess.py:93} INFO - 2025-03-01 17:16:04 [root] INFO: lastmod: 2025-02-17
[2025-03-01T17:16:04.059+0000] {subprocess.py:93} INFO - 2025-03-01 17:16:04 [root] INFO: metadata:2025-02-01
[2025-03-01T17:16:04.059+0000] {subprocess.py:93} INFO - 2025-03-01 17:16:04 [root] INFO: lastmod: 2025-02-17
[2025-03-01T17:16:04.060+0000] {subprocess.py:93} INFO - 2025-03-01 17:16:04 [root] INFO: metadata:2025-02-01
[2025-03-01T17:16:04.060+0000] {subprocess.py:93} INFO - 2025-03-01 17:16:04 [root] INFO: lastmod: 2025-02-19
[2025-03-01T17:16:04.060+0000] {subprocess.py:93} INFO - 2025-03-01 17:16:04 [root] INFO: metadata:2025-02-01
[2025-03-01T17:16:04.061+0000] {subprocess.py:93} INFO - 2025-03-01 17:16:04 [root] INFO: lastmod: 2025-02-19
[2025-03-01T17:16:04.061+0000] {subprocess.py:93} INFO - 2025-03-01 17:16:04 [root] INFO: metadata:2025-02-01
[2025-03-01T17:16:04.061+0000] {subprocess.py:93} INFO - 2025-03-01 17:16:04 [root] INFO: lastmod: 2025-02-19
[2025-03-01T17:16:04.062+0000] {subprocess.py:93} INFO - 2025-03-01 17:16:04 [root] INFO: metadata:2025-02-01
[2025-03-01T17:16:04.062+0000] {subprocess.py:93} INFO - 2025-03-01 17:16:04 [root] INFO: lastmod: 2025-02-19
[2025-03-01T17:16:04.062+0000] {subprocess.py:93} INFO - 2025-03-01 17:16:04 [root] INFO: metadata:2025-02-01
[2025-03-01T17:16:04.063+0000] {subprocess.py:93} INFO - 2025-03-01 17:16:04 [root] INFO: lastmod: 2025-02-19
[2025-03-01T17:16:04.063+0000] {subprocess.py:93} INFO - 2025-03-01 17:16:04 [root] INFO: metadata:2025-02-01
[2025-03-01T17:16:04.064+0000] {subprocess.py:93} INFO - 2025-03-01 17:16:04 [root] INFO: lastmod: 2025-02-19
[2025-03-01T17:16:04.064+0000] {subprocess.py:93} INFO - 2025-03-01 17:16:04 [root] INFO: metadata:2025-02-01
[2025-03-01T17:16:04.064+0000] {subprocess.py:93} INFO - 2025-03-01 17:16:04 [root] INFO: lastmod: 2025-02-19
[2025-03-01T17:16:04.065+0000] {subprocess.py:93} INFO - 2025-03-01 17:16:04 [root] INFO: metadata:2025-02-01
[2025-03-01T17:16:04.065+0000] {subprocess.py:93} INFO - 2025-03-01 17:16:04 [root] INFO: lastmod: 2025-02-19
[2025-03-01T17:16:04.065+0000] {subprocess.py:93} INFO - 2025-03-01 17:16:04 [root] INFO: metadata:2025-02-01
[2025-03-01T17:16:04.066+0000] {subprocess.py:93} INFO - 2025-03-01 17:16:04 [root] INFO: lastmod: 2025-02-19
[2025-03-01T17:16:04.066+0000] {subprocess.py:93} INFO - 2025-03-01 17:16:04 [root] INFO: metadata:2025-02-01
[2025-03-01T17:16:04.067+0000] {subprocess.py:93} INFO - 2025-03-01 17:16:04 [root] INFO: lastmod: 2025-02-19
[2025-03-01T17:16:04.067+0000] {subprocess.py:93} INFO - 2025-03-01 17:16:04 [root] INFO: metadata:2025-02-01
[2025-03-01T17:16:04.067+0000] {subprocess.py:93} INFO - 2025-03-01 17:16:04 [root] INFO: lastmod: 2025-02-19
[2025-03-01T17:16:04.068+0000] {subprocess.py:93} INFO - 2025-03-01 17:16:04 [root] INFO: metadata:2025-02-01
[2025-03-01T17:16:04.068+0000] {subprocess.py:93} INFO - 2025-03-01 17:16:04 [root] INFO: lastmod: 2025-02-19
[2025-03-01T17:16:04.068+0000] {subprocess.py:93} INFO - 2025-03-01 17:16:04 [root] INFO: metadata:2025-02-01
[2025-03-01T17:16:04.069+0000] {subprocess.py:93} INFO - 2025-03-01 17:16:04 [root] INFO: lastmod: 2025-02-19
[2025-03-01T17:16:04.069+0000] {subprocess.py:93} INFO - 2025-03-01 17:16:04 [root] INFO: metadata:2025-02-01
[2025-03-01T17:16:04.069+0000] {subprocess.py:93} INFO - 2025-03-01 17:16:04 [root] INFO: lastmod: 2025-02-24
[2025-03-01T17:16:04.070+0000] {subprocess.py:93} INFO - 2025-03-01 17:16:04 [root] INFO: metadata:2025-02-01
[2025-03-01T17:16:04.070+0000] {subprocess.py:93} INFO - 2025-03-01 17:16:04 [root] INFO: lastmod: 2025-02-24
[2025-03-01T17:16:04.070+0000] {subprocess.py:93} INFO - 2025-03-01 17:16:04 [root] INFO: metadata:2025-02-01
[2025-03-01T17:16:04.071+0000] {subprocess.py:93} INFO - 2025-03-01 17:16:04 [root] INFO: lastmod: 2025-02-24
[2025-03-01T17:16:04.071+0000] {subprocess.py:93} INFO - 2025-03-01 17:16:04 [root] INFO: metadata:2025-02-01
[2025-03-01T17:16:04.072+0000] {subprocess.py:93} INFO - 2025-03-01 17:16:04 [root] INFO: lastmod: 2025-02-24
[2025-03-01T17:16:04.072+0000] {subprocess.py:93} INFO - 2025-03-01 17:16:04 [root] INFO: metadata:2025-02-01
[2025-03-01T17:16:04.072+0000] {subprocess.py:93} INFO - 2025-03-01 17:16:04 [root] INFO: lastmod: 2025-02-24
[2025-03-01T17:16:04.073+0000] {subprocess.py:93} INFO - 2025-03-01 17:16:04 [root] INFO: metadata:2025-02-01
[2025-03-01T17:16:04.073+0000] {subprocess.py:93} INFO - 2025-03-01 17:16:04 [root] INFO: lastmod: 2025-02-24
[2025-03-01T17:16:04.073+0000] {subprocess.py:93} INFO - 2025-03-01 17:16:04 [root] INFO: metadata:2025-02-01
[2025-03-01T17:16:04.074+0000] {subprocess.py:93} INFO - 2025-03-01 17:16:04 [root] INFO: lastmod: 2025-02-24
[2025-03-01T17:16:04.074+0000] {subprocess.py:93} INFO - 2025-03-01 17:16:04 [root] INFO: metadata:2025-02-01
[2025-03-01T17:16:04.074+0000] {subprocess.py:93} INFO - 2025-03-01 17:16:04 [root] INFO: lastmod: 2025-02-24
[2025-03-01T17:16:04.075+0000] {subprocess.py:93} INFO - 2025-03-01 17:16:04 [root] INFO: metadata:2025-02-01
[2025-03-01T17:16:04.075+0000] {subprocess.py:93} INFO - 2025-03-01 17:16:04 [root] INFO: lastmod: 2025-02-25
[2025-03-01T17:16:04.075+0000] {subprocess.py:93} INFO - 2025-03-01 17:16:04 [root] INFO: metadata:2025-02-01
[2025-03-01T17:16:04.076+0000] {subprocess.py:93} INFO - 2025-03-01 17:16:04 [root] INFO: lastmod: 2025-02-25
[2025-03-01T17:16:04.076+0000] {subprocess.py:93} INFO - 2025-03-01 17:16:04 [root] INFO: metadata:2025-02-01
[2025-03-01T17:16:04.076+0000] {subprocess.py:93} INFO - 2025-03-01 17:16:04 [root] INFO: lastmod: 2025-02-25
[2025-03-01T17:16:04.077+0000] {subprocess.py:93} INFO - 2025-03-01 17:16:04 [root] INFO: metadata:2025-02-01
[2025-03-01T17:16:04.077+0000] {subprocess.py:93} INFO - 2025-03-01 17:16:04 [root] INFO: lastmod: 2025-02-27
[2025-03-01T17:16:04.078+0000] {subprocess.py:93} INFO - 2025-03-01 17:16:04 [root] INFO: metadata:2025-02-01
[2025-03-01T17:16:04.078+0000] {subprocess.py:93} INFO - 2025-03-01 17:16:04 [root] INFO: lastmod: 2025-02-27
[2025-03-01T17:16:08.806+0000] {subprocess.py:93} INFO - 2025-03-01 17:16:08 [root] INFO: URL: https://www.thegioididong.com/laptop/msi-titan-18-hx-ai-a2xwig-ultra-9-090vn
[2025-03-01T17:16:08.819+0000] {subprocess.py:93} INFO - 2025-03-01 17:16:08 [root] INFO: cnt: 1
[2025-03-01T17:16:08.978+0000] {subprocess.py:93} INFO - 2025-03-01 17:16:08 [root] INFO: URL: https://www.thegioididong.com/laptop/msi-titan-18-hx-ai-a2xwjg-ultra-9-035vn
[2025-03-01T17:16:08.990+0000] {subprocess.py:93} INFO - 2025-03-01 17:16:08 [root] INFO: cnt: 2
[2025-03-01T17:16:09.262+0000] {subprocess.py:93} INFO - 2025-03-01 17:16:09 [root] INFO: URL: https://www.thegioididong.com/laptop/acer-aspire-lite-al14-52m-54cj-i5-nxj39sv002
[2025-03-01T17:16:09.274+0000] {subprocess.py:93} INFO - 2025-03-01 17:16:09 [root] INFO: cnt: 3
[2025-03-01T17:16:09.279+0000] {subprocess.py:93} INFO - 2025-03-01 17:16:09 [root] INFO: URL: https://www.thegioididong.com/laptop/msi-stealth-18-hx-ai-a2xwig-ultra-9-017vn
[2025-03-01T17:16:09.288+0000] {subprocess.py:93} INFO - 2025-03-01 17:16:09 [root] INFO: cnt: 4
[2025-03-01T17:16:09.385+0000] {subprocess.py:93} INFO - 2025-03-01 17:16:09 [root] INFO: URL: https://www.thegioididong.com/laptop/msi-raider-18-hx-ai-a2xwig-ultra-9-033vn
[2025-03-01T17:16:09.395+0000] {subprocess.py:93} INFO - 2025-03-01 17:16:09 [root] INFO: cnt: 5
[2025-03-01T17:16:09.612+0000] {subprocess.py:93} INFO - 2025-03-01 17:16:09 [root] INFO: URL: https://www.thegioididong.com/may-tinh-bang/lenovo-tab-4g
[2025-03-01T17:16:09.623+0000] {subprocess.py:93} INFO - 2025-03-01 17:16:09 [root] INFO: cnt: 6
[2025-03-01T17:16:09.626+0000] {subprocess.py:93} INFO - 2025-03-01 17:16:09 [root] INFO: URL: https://www.thegioididong.com/may-tinh-bang/lenovo-tab-wifi
[2025-03-01T17:16:09.635+0000] {subprocess.py:93} INFO - 2025-03-01 17:16:09 [root] INFO: cnt: 7
[2025-03-01T17:16:09.660+0000] {subprocess.py:93} INFO - 2025-03-01 17:16:09 [root] INFO: URL: https://www.thegioididong.com/laptop/msi-vector-16-hx-ai-a2xwig-ultra-9-062vn
[2025-03-01T17:16:09.670+0000] {subprocess.py:93} INFO - 2025-03-01 17:16:09 [root] INFO: cnt: 8
[2025-03-01T17:16:09.827+0000] {subprocess.py:93} INFO - 2025-03-01 17:16:09 [root] INFO: URL: https://www.thegioididong.com/dong-ho-thong-minh/garmin-instinct-e-45mm
[2025-03-01T17:16:09.837+0000] {subprocess.py:93} INFO - 2025-03-01 17:16:09 [root] INFO: cnt: 9
[2025-03-01T17:16:10.075+0000] {subprocess.py:93} INFO - 2025-03-01 17:16:10 [root] INFO: URL: https://www.thegioididong.com/dong-ho-thong-minh/garmin-instinct-3-50mm
[2025-03-01T17:16:10.089+0000] {subprocess.py:93} INFO - 2025-03-01 17:16:10 [root] INFO: cnt: 10
[2025-03-01T17:16:10.274+0000] {subprocess.py:93} INFO - 2025-03-01 17:16:10 [root] INFO: URL: https://www.thegioididong.com/dong-ho-thong-minh/garmin-instinct-3-45mm
[2025-03-01T17:16:10.286+0000] {subprocess.py:93} INFO - 2025-03-01 17:16:10 [root] INFO: cnt: 11
[2025-03-01T17:16:10.454+0000] {subprocess.py:93} INFO - 2025-03-01 17:16:10 [root] INFO: URL: https://www.thegioididong.com/dong-ho-thong-minh/garmin-instinct-3-solar-50mm
[2025-03-01T17:16:10.465+0000] {subprocess.py:93} INFO - 2025-03-01 17:16:10 [root] INFO: cnt: 12
[2025-03-01T17:16:10.678+0000] {subprocess.py:93} INFO - 2025-03-01 17:16:10 [root] INFO: URL: https://www.thegioididong.com/dong-ho-thong-minh/garmin-instinct-3-solar-45mm
[2025-03-01T17:16:10.693+0000] {subprocess.py:93} INFO - 2025-03-01 17:16:10 [root] INFO: cnt: 13
[2025-03-01T17:16:11.270+0000] {subprocess.py:93} INFO - 2025-03-01 17:16:11 [root] INFO: URL: https://www.thegioididong.com/dtdd/iphone-16e-512gb
[2025-03-01T17:16:11.281+0000] {subprocess.py:93} INFO - 2025-03-01 17:16:11 [root] INFO: cnt: 14
[2025-03-01T17:16:11.366+0000] {subprocess.py:93} INFO - 2025-03-01 17:16:11 [root] INFO: URL: https://www.thegioididong.com/dtdd/iphone-16e
[2025-03-01T17:16:11.382+0000] {subprocess.py:93} INFO - 2025-03-01 17:16:11 [root] INFO: cnt: 15
[2025-03-01T17:16:11.501+0000] {subprocess.py:93} INFO - 2025-03-01 17:16:11 [root] INFO: URL: https://www.thegioididong.com/dtdd/iphone-16e-256gb
[2025-03-01T17:16:11.514+0000] {subprocess.py:93} INFO - 2025-03-01 17:16:11 [root] INFO: cnt: 16
[2025-03-01T17:16:11.548+0000] {subprocess.py:93} INFO - 2025-03-01 17:16:11 [root] INFO: URL: https://www.thegioididong.com/dtdd/xiaomi-15-ultra-trang
[2025-03-01T17:16:11.558+0000] {subprocess.py:93} INFO - 2025-03-01 17:16:11 [scrapy.core.scraper] ERROR: Spider error processing <GET https://www.thegioididong.com/dtdd/xiaomi-15-ultra-trang> (referer: https://www.thegioididong.com/newsitemap/sitemap-product-2025-2?page=1)
[2025-03-01T17:16:11.559+0000] {subprocess.py:93} INFO - Traceback (most recent call last):
[2025-03-01T17:16:11.560+0000] {subprocess.py:93} INFO -   File "/home/***/.local/lib/python3.12/site-packages/twisted/internet/defer.py", line 1088, in _runCallbacks
[2025-03-01T17:16:11.560+0000] {subprocess.py:93} INFO -     current.result = callback(  # type: ignore[misc]
[2025-03-01T17:16:11.561+0000] {subprocess.py:93} INFO -                      ^^^^^^^^^^^^^^^^^^^^^^^^^^^^^^^
[2025-03-01T17:16:11.562+0000] {subprocess.py:93} INFO -   File "/opt/crawler/tgdd_crawler/tgdd_crawler/spiders/my_spider.py", line 70, in parse_detail_product
[2025-03-01T17:16:11.562+0000] {subprocess.py:93} INFO -     productld = json.loads(response.xpath('//*[@id="productld"]/text()').get())
[2025-03-01T17:16:11.563+0000] {subprocess.py:93} INFO -                 ^^^^^^^^^^^^^^^^^^^^^^^^^^^^^^^^^^^^^^^^^^^^^^^^^^^^^^^^^^^^^^^
[2025-03-01T17:16:11.563+0000] {subprocess.py:93} INFO -   File "/usr/local/lib/python3.12/json/__init__.py", line 339, in loads
[2025-03-01T17:16:11.564+0000] {subprocess.py:93} INFO -     raise TypeError(f'the JSON object must be str, bytes or bytearray, '
[2025-03-01T17:16:11.565+0000] {subprocess.py:93} INFO - TypeError: the JSON object must be str, bytes or bytearray, not NoneType
[2025-03-01T17:16:11.943+0000] {subprocess.py:93} INFO - 2025-03-01 17:16:11 [root] INFO: URL: https://www.thegioididong.com/laptop/asus-zenbook-a14-ux3407qa-x1-26-100-qd299ws
[2025-03-01T17:16:11.954+0000] {subprocess.py:93} INFO - 2025-03-01 17:16:11 [scrapy.core.scraper] ERROR: Spider error processing <GET https://www.thegioididong.com/laptop/asus-zenbook-a14-ux3407qa-x1-26-100-qd299ws> (referer: https://www.thegioididong.com/newsitemap/sitemap-product-2025-2?page=1)
[2025-03-01T17:16:11.955+0000] {subprocess.py:93} INFO - Traceback (most recent call last):
[2025-03-01T17:16:11.955+0000] {subprocess.py:93} INFO -   File "/home/***/.local/lib/python3.12/site-packages/twisted/internet/defer.py", line 1088, in _runCallbacks
[2025-03-01T17:16:11.956+0000] {subprocess.py:93} INFO -     current.result = callback(  # type: ignore[misc]
[2025-03-01T17:16:11.957+0000] {subprocess.py:93} INFO -                      ^^^^^^^^^^^^^^^^^^^^^^^^^^^^^^^
[2025-03-01T17:16:11.957+0000] {subprocess.py:93} INFO -   File "/opt/crawler/tgdd_crawler/tgdd_crawler/spiders/my_spider.py", line 70, in parse_detail_product
[2025-03-01T17:16:11.958+0000] {subprocess.py:93} INFO -     productld = json.loads(response.xpath('//*[@id="productld"]/text()').get())
[2025-03-01T17:16:11.959+0000] {subprocess.py:93} INFO -                 ^^^^^^^^^^^^^^^^^^^^^^^^^^^^^^^^^^^^^^^^^^^^^^^^^^^^^^^^^^^^^^^
[2025-03-01T17:16:11.959+0000] {subprocess.py:93} INFO -   File "/usr/local/lib/python3.12/json/__init__.py", line 339, in loads
[2025-03-01T17:16:11.960+0000] {subprocess.py:93} INFO -     raise TypeError(f'the JSON object must be str, bytes or bytearray, '
[2025-03-01T17:16:11.960+0000] {subprocess.py:93} INFO - TypeError: the JSON object must be str, bytes or bytearray, not NoneType
[2025-03-01T17:16:12.168+0000] {subprocess.py:93} INFO - 2025-03-01 17:16:12 [root] INFO: URL: https://www.thegioididong.com/laptop/asus-vivobook-16-m1607ka-r7-ai-350-mb091ws
[2025-03-01T17:16:12.183+0000] {subprocess.py:93} INFO - 2025-03-01 17:16:12 [root] INFO: cnt: 17
[2025-03-01T17:16:12.566+0000] {subprocess.py:93} INFO - 2025-03-01 17:16:12 [root] INFO: URL: https://www.thegioididong.com/laptop/asus-zenbook-14-ux3405ca-ultra-7-pz368ws
[2025-03-01T17:16:12.584+0000] {subprocess.py:93} INFO - 2025-03-01 17:16:12 [root] INFO: cnt: 18
[2025-03-01T17:16:12.900+0000] {subprocess.py:93} INFO - 2025-03-01 17:16:12 [root] INFO: URL: https://www.thegioididong.com/laptop/asus-zenbook-14-ux3405ca-ultra-5-pz187ws
[2025-03-01T17:16:12.911+0000] {subprocess.py:93} INFO - 2025-03-01 17:16:12 [root] INFO: cnt: 19
[2025-03-01T17:16:13.039+0000] {subprocess.py:93} INFO - 2025-03-01 17:16:13 [root] INFO: URL: https://www.thegioididong.com/laptop/asus-zenbook-duo-ux8406ca-ultra-9-pz109ws
[2025-03-01T17:16:13.053+0000] {subprocess.py:93} INFO - 2025-03-01 17:16:13 [root] INFO: cnt: 20
[2025-03-01T17:16:13.124+0000] {subprocess.py:93} INFO - 2025-03-01 17:16:13 [root] INFO: URL: https://www.thegioididong.com/laptop/asus-vivobook-16-x1605va-i7-mb1875ws
[2025-03-01T17:16:13.133+0000] {subprocess.py:93} INFO - 2025-03-01 17:16:13 [root] INFO: cnt: 21
[2025-03-01T17:16:13.386+0000] {subprocess.py:93} INFO - 2025-03-01 17:16:13 [root] INFO: URL: https://www.thegioididong.com/laptop/asus-vivobook-16-x1605va-i5-mb1876ws
[2025-03-01T17:16:13.402+0000] {subprocess.py:93} INFO - 2025-03-01 17:16:13 [root] INFO: cnt: 22
[2025-03-01T17:16:13.686+0000] {subprocess.py:93} INFO - 2025-03-01 17:16:13 [root] INFO: URL: https://www.thegioididong.com/laptop/asus-vivobook-15-x1504va-i3-nj1634w
[2025-03-01T17:16:13.696+0000] {subprocess.py:93} INFO - 2025-03-01 17:16:13 [root] INFO: cnt: 23
[2025-03-01T17:16:14.296+0000] {subprocess.py:93} INFO - 2025-03-01 17:16:14 [root] INFO: URL: https://www.thegioididong.com/sac-dtdd/pin-sac-du-phong-20000mah-type-c-pd-22-5w-baseus-lipow-ppjp312
[2025-03-01T17:16:14.305+0000] {subprocess.py:93} INFO - 2025-03-01 17:16:14 [root] INFO: cnt: 24
[2025-03-01T17:16:14.432+0000] {subprocess.py:93} INFO - 2025-03-01 17:16:14 [root] INFO: URL: https://www.thegioididong.com/laptop/gigabyte-aorus-16x-x6lag-i7-9rx6lasgddjixdvn010
[2025-03-01T17:16:14.441+0000] {subprocess.py:93} INFO - 2025-03-01 17:16:14 [root] INFO: cnt: 25
[2025-03-01T17:16:14.667+0000] {subprocess.py:93} INFO - 2025-03-01 17:16:14 [root] INFO: URL: https://www.thegioididong.com/laptop/macbook-air-13-inch-m2-16gb-512gb-70w
[2025-03-01T17:16:14.676+0000] {subprocess.py:93} INFO - 2025-03-01 17:16:14 [root] INFO: cnt: 26
[2025-03-01T17:16:14.702+0000] {subprocess.py:93} INFO - 2025-03-01 17:16:14 [root] INFO: URL: https://www.thegioididong.com/laptop/gigabyte-g6-kf-rc56-i7-9rc56kf0hjjanivn000
[2025-03-01T17:16:14.712+0000] {subprocess.py:93} INFO - 2025-03-01 17:16:14 [root] INFO: cnt: 27
[2025-03-01T17:16:14.960+0000] {subprocess.py:93} INFO - 2025-03-01 17:16:14 [root] INFO: URL: https://www.thegioididong.com/laptop/gigabyte-g5-mf5-rc555-i7-9rc55mf5fjiinivn000
[2025-03-01T17:16:14.970+0000] {subprocess.py:93} INFO - 2025-03-01 17:16:14 [root] INFO: cnt: 28
[2025-03-01T17:16:15.603+0000] {subprocess.py:93} INFO - 2025-03-01 17:16:15 [root] INFO: URL: https://www.thegioididong.com/phan-mem/esim-du-lich-bluecom-thailand-4gb-7-ngay
[2025-03-01T17:16:15.616+0000] {subprocess.py:93} INFO - 2025-03-01 17:16:15 [root] INFO: cnt: 29
[2025-03-01T17:16:15.623+0000] {subprocess.py:93} INFO - 2025-03-01 17:16:15 [root] INFO: URL: https://www.thegioididong.com/laptop/gigabyte-g5-mf5-rc555-i5-9rc55mf5feiaa1vn0c0
[2025-03-01T17:16:15.631+0000] {subprocess.py:93} INFO - 2025-03-01 17:16:15 [root] INFO: cnt: 30
[2025-03-01T17:16:15.748+0000] {subprocess.py:93} INFO - 2025-03-01 17:16:15 [root] INFO: URL: https://www.thegioididong.com/phan-mem/esim-du-lich-bluecom-south-korea-8gb-15-ngay
[2025-03-01T17:16:15.759+0000] {subprocess.py:93} INFO - 2025-03-01 17:16:15 [root] INFO: cnt: 31
[2025-03-01T17:16:15.919+0000] {subprocess.py:93} INFO - 2025-03-01 17:16:15 [root] INFO: URL: https://www.thegioididong.com/phan-mem/esim-du-lich-bluecom-china-1gb-ngay-3-ngay
[2025-03-01T17:16:15.932+0000] {subprocess.py:93} INFO - 2025-03-01 17:16:15 [root] INFO: cnt: 32
[2025-03-01T17:16:16.078+0000] {subprocess.py:93} INFO - 2025-03-01 17:16:16 [root] INFO: URL: https://www.thegioididong.com/may-tinh-bang/xiaomi-pad-7-8gb-256gb
[2025-03-01T17:16:16.087+0000] {subprocess.py:93} INFO - 2025-03-01 17:16:16 [scrapy.core.scraper] ERROR: Spider error processing <GET https://www.thegioididong.com/may-tinh-bang/xiaomi-pad-7-8gb-256gb> (referer: https://www.thegioididong.com/newsitemap/sitemap-product-2025-2?page=1)
[2025-03-01T17:16:16.087+0000] {subprocess.py:93} INFO - Traceback (most recent call last):
[2025-03-01T17:16:16.088+0000] {subprocess.py:93} INFO -   File "/home/***/.local/lib/python3.12/site-packages/twisted/internet/defer.py", line 1088, in _runCallbacks
[2025-03-01T17:16:16.089+0000] {subprocess.py:93} INFO -     current.result = callback(  # type: ignore[misc]
[2025-03-01T17:16:16.089+0000] {subprocess.py:93} INFO -                      ^^^^^^^^^^^^^^^^^^^^^^^^^^^^^^^
[2025-03-01T17:16:16.090+0000] {subprocess.py:93} INFO -   File "/opt/crawler/tgdd_crawler/tgdd_crawler/spiders/my_spider.py", line 70, in parse_detail_product
[2025-03-01T17:16:16.090+0000] {subprocess.py:93} INFO -     productld = json.loads(response.xpath('//*[@id="productld"]/text()').get())
[2025-03-01T17:16:16.091+0000] {subprocess.py:93} INFO -                 ^^^^^^^^^^^^^^^^^^^^^^^^^^^^^^^^^^^^^^^^^^^^^^^^^^^^^^^^^^^^^^^
[2025-03-01T17:16:16.091+0000] {subprocess.py:93} INFO -   File "/usr/local/lib/python3.12/json/__init__.py", line 339, in loads
[2025-03-01T17:16:16.092+0000] {subprocess.py:93} INFO -     raise TypeError(f'the JSON object must be str, bytes or bytearray, '
[2025-03-01T17:16:16.093+0000] {subprocess.py:93} INFO - TypeError: the JSON object must be str, bytes or bytearray, not NoneType
[2025-03-01T17:16:16.473+0000] {subprocess.py:93} INFO - 2025-03-01 17:16:16 [root] INFO: URL: https://www.thegioididong.com/may-tinh-bang/xiaomi-pad-7
[2025-03-01T17:16:16.480+0000] {subprocess.py:93} INFO - 2025-03-01 17:16:16 [scrapy.core.scraper] ERROR: Spider error processing <GET https://www.thegioididong.com/may-tinh-bang/xiaomi-pad-7> (referer: https://www.thegioididong.com/newsitemap/sitemap-product-2025-2?page=1)
[2025-03-01T17:16:16.480+0000] {subprocess.py:93} INFO - Traceback (most recent call last):
[2025-03-01T17:16:16.481+0000] {subprocess.py:93} INFO -   File "/home/***/.local/lib/python3.12/site-packages/twisted/internet/defer.py", line 1088, in _runCallbacks
[2025-03-01T17:16:16.481+0000] {subprocess.py:93} INFO -     current.result = callback(  # type: ignore[misc]
[2025-03-01T17:16:16.482+0000] {subprocess.py:93} INFO -                      ^^^^^^^^^^^^^^^^^^^^^^^^^^^^^^^
[2025-03-01T17:16:16.482+0000] {subprocess.py:93} INFO -   File "/opt/crawler/tgdd_crawler/tgdd_crawler/spiders/my_spider.py", line 70, in parse_detail_product
[2025-03-01T17:16:16.483+0000] {subprocess.py:93} INFO -     productld = json.loads(response.xpath('//*[@id="productld"]/text()').get())
[2025-03-01T17:16:16.483+0000] {subprocess.py:93} INFO -                 ^^^^^^^^^^^^^^^^^^^^^^^^^^^^^^^^^^^^^^^^^^^^^^^^^^^^^^^^^^^^^^^
[2025-03-01T17:16:16.483+0000] {subprocess.py:93} INFO -   File "/usr/local/lib/python3.12/json/__init__.py", line 339, in loads
[2025-03-01T17:16:16.484+0000] {subprocess.py:93} INFO -     raise TypeError(f'the JSON object must be str, bytes or bytearray, '
[2025-03-01T17:16:16.484+0000] {subprocess.py:93} INFO - TypeError: the JSON object must be str, bytes or bytearray, not NoneType
[2025-03-01T17:16:16.833+0000] {subprocess.py:93} INFO - 2025-03-01 17:16:16 [root] INFO: URL: https://www.thegioididong.com/may-tinh-bang/xiaomi-pad-7-pro
[2025-03-01T17:16:16.842+0000] {subprocess.py:93} INFO - 2025-03-01 17:16:16 [scrapy.core.scraper] ERROR: Spider error processing <GET https://www.thegioididong.com/may-tinh-bang/xiaomi-pad-7-pro> (referer: https://www.thegioididong.com/newsitemap/sitemap-product-2025-2?page=1)
[2025-03-01T17:16:16.843+0000] {subprocess.py:93} INFO - Traceback (most recent call last):
[2025-03-01T17:16:16.844+0000] {subprocess.py:93} INFO -   File "/home/***/.local/lib/python3.12/site-packages/twisted/internet/defer.py", line 1088, in _runCallbacks
[2025-03-01T17:16:16.844+0000] {subprocess.py:93} INFO -     current.result = callback(  # type: ignore[misc]
[2025-03-01T17:16:16.845+0000] {subprocess.py:93} INFO -                      ^^^^^^^^^^^^^^^^^^^^^^^^^^^^^^^
[2025-03-01T17:16:16.845+0000] {subprocess.py:93} INFO -   File "/opt/crawler/tgdd_crawler/tgdd_crawler/spiders/my_spider.py", line 70, in parse_detail_product
[2025-03-01T17:16:16.845+0000] {subprocess.py:93} INFO -     productld = json.loads(response.xpath('//*[@id="productld"]/text()').get())
[2025-03-01T17:16:16.846+0000] {subprocess.py:93} INFO -                 ^^^^^^^^^^^^^^^^^^^^^^^^^^^^^^^^^^^^^^^^^^^^^^^^^^^^^^^^^^^^^^^
[2025-03-01T17:16:16.847+0000] {subprocess.py:93} INFO -   File "/usr/local/lib/python3.12/json/__init__.py", line 339, in loads
[2025-03-01T17:16:16.847+0000] {subprocess.py:93} INFO -     raise TypeError(f'the JSON object must be str, bytes or bytearray, '
[2025-03-01T17:16:16.848+0000] {subprocess.py:93} INFO - TypeError: the JSON object must be str, bytes or bytearray, not NoneType
[2025-03-01T17:16:16.848+0000] {subprocess.py:93} INFO - 2025-03-01 17:16:16 [root] INFO: URL: https://www.thegioididong.com/may-tinh-bang/xiaomi-pad-7-pro-12gb-512gb
[2025-03-01T17:16:16.853+0000] {subprocess.py:93} INFO - 2025-03-01 17:16:16 [scrapy.core.scraper] ERROR: Spider error processing <GET https://www.thegioididong.com/may-tinh-bang/xiaomi-pad-7-pro-12gb-512gb> (referer: https://www.thegioididong.com/newsitemap/sitemap-product-2025-2?page=1)
[2025-03-01T17:16:16.854+0000] {subprocess.py:93} INFO - Traceback (most recent call last):
[2025-03-01T17:16:16.854+0000] {subprocess.py:93} INFO -   File "/home/***/.local/lib/python3.12/site-packages/twisted/internet/defer.py", line 1088, in _runCallbacks
[2025-03-01T17:16:16.855+0000] {subprocess.py:93} INFO -     current.result = callback(  # type: ignore[misc]
[2025-03-01T17:16:16.856+0000] {subprocess.py:93} INFO -                      ^^^^^^^^^^^^^^^^^^^^^^^^^^^^^^^
[2025-03-01T17:16:16.856+0000] {subprocess.py:93} INFO -   File "/opt/crawler/tgdd_crawler/tgdd_crawler/spiders/my_spider.py", line 70, in parse_detail_product
[2025-03-01T17:16:16.857+0000] {subprocess.py:93} INFO -     productld = json.loads(response.xpath('//*[@id="productld"]/text()').get())
[2025-03-01T17:16:16.857+0000] {subprocess.py:93} INFO -                 ^^^^^^^^^^^^^^^^^^^^^^^^^^^^^^^^^^^^^^^^^^^^^^^^^^^^^^^^^^^^^^^
[2025-03-01T17:16:16.858+0000] {subprocess.py:93} INFO -   File "/usr/local/lib/python3.12/json/__init__.py", line 339, in loads
[2025-03-01T17:16:16.859+0000] {subprocess.py:93} INFO -     raise TypeError(f'the JSON object must be str, bytes or bytearray, '
[2025-03-01T17:16:16.859+0000] {subprocess.py:93} INFO - TypeError: the JSON object must be str, bytes or bytearray, not NoneType
[2025-03-01T17:16:17.114+0000] {subprocess.py:93} INFO - 2025-03-01 17:16:17 [root] INFO: URL: https://www.thegioididong.com/laptop/lenovo-yoga-7-2in1-14iml9-ultra-7-83dj001fvn
[2025-03-01T17:16:17.125+0000] {subprocess.py:93} INFO - 2025-03-01 17:16:17 [root] INFO: cnt: 33
[2025-03-01T17:16:17.302+0000] {subprocess.py:93} INFO - 2025-03-01 17:16:17 [root] INFO: URL: https://www.thegioididong.com/loa-laptop/mobell-mk-6790a-800w
[2025-03-01T17:16:17.317+0000] {subprocess.py:93} INFO - 2025-03-01 17:16:17 [root] INFO: cnt: 34
[2025-03-01T17:16:17.785+0000] {subprocess.py:93} INFO - 2025-03-01 17:16:17 [root] INFO: URL: https://www.thegioididong.com/laptop/lenovo-thinkpad-x13-ultra-7-21lu004tvn
[2025-03-01T17:16:17.802+0000] {subprocess.py:93} INFO - 2025-03-01 17:16:17 [root] INFO: cnt: 35
[2025-03-01T17:16:18.010+0000] {subprocess.py:93} INFO - 2025-03-01 17:16:18 [root] INFO: URL: https://www.thegioididong.com/laptop/lenovo-thinkpad-t14s-ultra-5-21ls005rvn
[2025-03-01T17:16:18.024+0000] {subprocess.py:93} INFO - 2025-03-01 17:16:18 [root] INFO: cnt: 36
[2025-03-01T17:16:18.266+0000] {subprocess.py:93} INFO - 2025-03-01 17:16:18 [root] INFO: URL: https://www.thegioididong.com/laptop/lenovo-legion-slim-5-16ahp9-r7-83dh003avn
[2025-03-01T17:16:18.282+0000] {subprocess.py:93} INFO - 2025-03-01 17:16:18 [root] INFO: cnt: 37
[2025-03-01T17:16:18.283+0000] {subprocess.py:93} INFO - 2025-03-01 17:16:18 [root] INFO: URL: https://www.thegioididong.com/laptop/lenovo-legion-pro-7-16irx9h-i9-83de001nvn
[2025-03-01T17:16:18.292+0000] {subprocess.py:93} INFO - 2025-03-01 17:16:18 [root] INFO: cnt: 38
[2025-03-01T17:16:18.466+0000] {subprocess.py:93} INFO - 2025-03-01 17:16:18 [root] INFO: URL: https://www.thegioididong.com/laptop/lenovo-loq-15iax9-i5-83gs000rvn
[2025-03-01T17:16:18.477+0000] {subprocess.py:93} INFO - 2025-03-01 17:16:18 [root] INFO: cnt: 39
[2025-03-01T17:16:18.933+0000] {subprocess.py:93} INFO - 2025-03-01 17:16:18 [root] INFO: URL: https://www.thegioididong.com/laptop/lenovo-loq-15arp9-r7-83jc003vvn
[2025-03-01T17:16:18.946+0000] {subprocess.py:93} INFO - 2025-03-01 17:16:18 [root] INFO: cnt: 40
[2025-03-01T17:16:19.232+0000] {subprocess.py:93} INFO - 2025-03-01 17:16:19 [root] INFO: URL: https://www.thegioididong.com/laptop/lenovo-loq-15arp9-r5-83jc007hvn
[2025-03-01T17:16:19.248+0000] {subprocess.py:93} INFO - 2025-03-01 17:16:19 [root] INFO: cnt: 41
[2025-03-01T17:16:19.330+0000] {subprocess.py:93} INFO - 2025-03-01 17:16:19 [root] INFO: URL: https://www.thegioididong.com/laptop/lenovo-loq-15iax9-i5-83gs001qvn
[2025-03-01T17:16:19.347+0000] {subprocess.py:93} INFO - 2025-03-01 17:16:19 [root] INFO: cnt: 42
[2025-03-01T17:16:19.569+0000] {subprocess.py:93} INFO - 2025-03-01 17:16:19 [root] INFO: URL: https://www.thegioididong.com/laptop/lenovo-ideapad-slim-3-16irh10-i5-83k20003vn
[2025-03-01T17:16:19.579+0000] {subprocess.py:93} INFO - 2025-03-01 17:16:19 [root] INFO: cnt: 43
[2025-03-01T17:16:19.584+0000] {subprocess.py:93} INFO - 2025-03-01 17:16:19 [root] INFO: URL: https://www.thegioididong.com/laptop/lenovo-ideapad-slim-3-15irh10-i7-83k1000fvn
[2025-03-01T17:16:19.593+0000] {subprocess.py:93} INFO - 2025-03-01 17:16:19 [root] INFO: cnt: 44
[2025-03-01T17:16:19.755+0000] {subprocess.py:93} INFO - 2025-03-01 17:16:19 [root] INFO: URL: https://www.thegioididong.com/laptop/lenovo-ideapad-slim-3-15irh10-i7-83k1000jvn
[2025-03-01T17:16:19.767+0000] {subprocess.py:93} INFO - 2025-03-01 17:16:19 [root] INFO: cnt: 45
[2025-03-01T17:16:20.059+0000] {subprocess.py:93} INFO - 2025-03-01 17:16:20 [root] INFO: URL: https://www.thegioididong.com/laptop/lenovo-ideapad-slim-3-15irh10-i5-83k1000hvn
[2025-03-01T17:16:20.074+0000] {subprocess.py:93} INFO - 2025-03-01 17:16:20 [root] INFO: cnt: 46
[2025-03-01T17:16:20.298+0000] {subprocess.py:93} INFO - 2025-03-01 17:16:20 [root] INFO: URL: https://www.thegioididong.com/laptop/lenovo-ideapad-5-2in1-14irh9-i7-83kx003xvn
[2025-03-01T17:16:20.312+0000] {subprocess.py:93} INFO - 2025-03-01 17:16:20 [root] INFO: cnt: 47
[2025-03-01T17:16:20.539+0000] {subprocess.py:93} INFO - 2025-03-01 17:16:20 [root] INFO: URL: https://www.thegioididong.com/laptop/lenovo-ideapad-5-2in1-14irh9-i5-83kx003wvn
[2025-03-01T17:16:20.549+0000] {subprocess.py:93} INFO - 2025-03-01 17:16:20 [root] INFO: cnt: 48
[2025-03-01T17:16:21.109+0000] {subprocess.py:93} INFO - 2025-03-01 17:16:21 [root] INFO: URL: https://www.thegioididong.com/ban-phim/ban-phim-co-khong-day-akko-3108-rf-dragon-ball-z-goku-cream-yellow
[2025-03-01T17:16:21.117+0000] {subprocess.py:93} INFO - 2025-03-01 17:16:21 [root] INFO: cnt: 49
[2025-03-01T17:16:21.299+0000] {subprocess.py:93} INFO - 2025-03-01 17:16:21 [root] INFO: URL: https://www.thegioididong.com/dong-ho-thong-minh/xiaomi-watch-s4
[2025-03-01T17:16:21.313+0000] {subprocess.py:93} INFO - 2025-03-01 17:16:21 [scrapy.core.scraper] ERROR: Spider error processing <GET https://www.thegioididong.com/dong-ho-thong-minh/xiaomi-watch-s4> (referer: https://www.thegioididong.com/newsitemap/sitemap-product-2025-2?page=1)
[2025-03-01T17:16:21.314+0000] {subprocess.py:93} INFO - Traceback (most recent call last):
[2025-03-01T17:16:21.315+0000] {subprocess.py:93} INFO -   File "/home/***/.local/lib/python3.12/site-packages/twisted/internet/defer.py", line 1088, in _runCallbacks
[2025-03-01T17:16:21.315+0000] {subprocess.py:93} INFO -     current.result = callback(  # type: ignore[misc]
[2025-03-01T17:16:21.316+0000] {subprocess.py:93} INFO -                      ^^^^^^^^^^^^^^^^^^^^^^^^^^^^^^^
[2025-03-01T17:16:21.317+0000] {subprocess.py:93} INFO -   File "/opt/crawler/tgdd_crawler/tgdd_crawler/spiders/my_spider.py", line 70, in parse_detail_product
[2025-03-01T17:16:21.318+0000] {subprocess.py:93} INFO -     productld = json.loads(response.xpath('//*[@id="productld"]/text()').get())
[2025-03-01T17:16:21.318+0000] {subprocess.py:93} INFO -                 ^^^^^^^^^^^^^^^^^^^^^^^^^^^^^^^^^^^^^^^^^^^^^^^^^^^^^^^^^^^^^^^
[2025-03-01T17:16:21.319+0000] {subprocess.py:93} INFO -   File "/usr/local/lib/python3.12/json/__init__.py", line 339, in loads
[2025-03-01T17:16:21.319+0000] {subprocess.py:93} INFO -     raise TypeError(f'the JSON object must be str, bytes or bytearray, '
[2025-03-01T17:16:21.320+0000] {subprocess.py:93} INFO - TypeError: the JSON object must be str, bytes or bytearray, not NoneType
[2025-03-01T17:16:21.362+0000] {subprocess.py:93} INFO - 2025-03-01 17:16:21 [root] INFO: URL: https://www.thegioididong.com/ban-phim/ban-phim-co-khong-day-akko-3108-rf-dragon-ball-z-cream-blue
[2025-03-01T17:16:21.372+0000] {subprocess.py:93} INFO - 2025-03-01 17:16:21 [root] INFO: cnt: 50
[2025-03-01T17:16:21.652+0000] {subprocess.py:93} INFO - 2025-03-01 17:16:21 [root] INFO: URL: https://www.thegioididong.com/ban-phim/ban-phim-co-khong-day-akko-3087-rf-dragon-ball-z-goku-cream-yellow
[2025-03-01T17:16:21.662+0000] {subprocess.py:93} INFO - 2025-03-01 17:16:21 [root] INFO: cnt: 51
[2025-03-01T17:16:21.929+0000] {subprocess.py:93} INFO - 2025-03-01 17:16:21 [root] INFO: URL: https://www.thegioididong.com/op-lung-flipcover/op-lung-iphone-15-nhua-cung-vien-deo-jincase-jcs1601-trong
[2025-03-01T17:16:21.938+0000] {subprocess.py:93} INFO - 2025-03-01 17:16:21 [root] INFO: cnt: 52
[2025-03-01T17:16:22.141+0000] {subprocess.py:93} INFO - 2025-03-01 17:16:22 [root] INFO: URL: https://www.thegioididong.com/mieng-dan-man-hinh/mieng-dan-kinh-cuong-luc-ipad-air-13-inch-2024-jcpal
[2025-03-01T17:16:22.148+0000] {subprocess.py:93} INFO - 2025-03-01 17:16:22 [root] INFO: cnt: 53
[2025-03-01T17:16:22.441+0000] {subprocess.py:93} INFO - 2025-03-01 17:16:22 [root] INFO: URL: https://www.thegioididong.com/mieng-dan-man-hinh/mieng-dan-kinh-cuong-luc-ipad-air-11-inch-2024-jcpal-iclara
[2025-03-01T17:16:22.451+0000] {subprocess.py:93} INFO - 2025-03-01 17:16:22 [root] INFO: cnt: 54
[2025-03-01T17:16:22.724+0000] {subprocess.py:93} INFO - 2025-03-01 17:16:22 [root] INFO: URL: https://www.thegioididong.com/mieng-dan-man-hinh/mieng-dan-kinh-cuong-luc-ipad-pro-13-inch-2024-jcpal-iclara
[2025-03-01T17:16:22.731+0000] {subprocess.py:93} INFO - 2025-03-01 17:16:22 [root] INFO: cnt: 55
[2025-03-01T17:16:22.992+0000] {subprocess.py:93} INFO - 2025-03-01 17:16:22 [root] INFO: URL: https://www.thegioididong.com/mieng-dan-man-hinh/mieng-dan-kinh-cuong-luc-ipad-pro-11-inch-2024-jcpal-iclara
[2025-03-01T17:16:23.000+0000] {subprocess.py:93} INFO - 2025-03-01 17:16:23 [root] INFO: cnt: 56
[2025-03-01T17:16:23.204+0000] {subprocess.py:93} INFO - 2025-03-01 17:16:23 [root] INFO: URL: https://www.thegioididong.com/mieng-dan-man-hinh/mieng-dan-kinh-cuong-luc-iphone-16-pro-max-mipow-bj604-cr
[2025-03-01T17:16:23.214+0000] {subprocess.py:93} INFO - 2025-03-01 17:16:23 [root] INFO: cnt: 57
[2025-03-01T17:16:23.451+0000] {subprocess.py:93} INFO - 2025-03-01 17:16:23 [root] INFO: URL: https://www.thegioididong.com/mieng-dan-man-hinh/mieng-dan-kinh-cuong-luc-chong-nhin-trom-samsung-galaxy-s25-ultra-uniq
[2025-03-01T17:16:23.462+0000] {subprocess.py:93} INFO - 2025-03-01 17:16:23 [root] INFO: cnt: 58
[2025-03-01T17:16:23.675+0000] {subprocess.py:93} INFO - 2025-03-01 17:16:23 [root] INFO: URL: https://www.thegioididong.com/mieng-dan-man-hinh/mieng-dan-kinh-cuong-luc-samsung-galaxy-s25-ultra-uniq
[2025-03-01T17:16:23.684+0000] {subprocess.py:93} INFO - 2025-03-01 17:16:23 [root] INFO: cnt: 59
[2025-03-01T17:16:23.932+0000] {subprocess.py:93} INFO - 2025-03-01 17:16:23 [root] INFO: URL: https://www.thegioididong.com/mieng-dan-man-hinh/mieng-dan-kinh-cuong-luc-samsung-galaxy-s25-plus-uniq
[2025-03-01T17:16:23.940+0000] {subprocess.py:93} INFO - 2025-03-01 17:16:23 [root] INFO: cnt: 60
[2025-03-01T17:16:24.159+0000] {subprocess.py:93} INFO - 2025-03-01 17:16:24 [root] INFO: URL: https://www.thegioididong.com/mieng-dan-man-hinh/mieng-dan-kinh-cuong-luc-samsung-galaxy-s25-uniq
[2025-03-01T17:16:24.170+0000] {subprocess.py:93} INFO - 2025-03-01 17:16:24 [root] INFO: cnt: 61
[2025-03-01T17:16:24.603+0000] {subprocess.py:93} INFO - 2025-03-01 17:16:24 [root] INFO: URL: https://www.thegioididong.com/op-lung-flipcover/op-lung-galaxy-s25-nhua-pc-tpu-samsung-x-otterbox-react-magnet-trong
[2025-03-01T17:16:24.615+0000] {subprocess.py:93} INFO - 2025-03-01 17:16:24 [root] INFO: cnt: 62
[2025-03-01T17:16:24.641+0000] {subprocess.py:93} INFO - 2025-03-01 17:16:24 [root] INFO: URL: https://www.thegioididong.com/op-lung-flipcover/op-lung-magsafe-galaxy-s25-ultra-nhua-deo-tpu-samsung-x-spigen-enzo-aramid-den
[2025-03-01T17:16:24.648+0000] {subprocess.py:93} INFO - 2025-03-01 17:16:24 [root] INFO: cnt: 63
[2025-03-01T17:16:24.946+0000] {subprocess.py:93} INFO - 2025-03-01 17:16:24 [root] INFO: URL: https://www.thegioididong.com/op-lung-flipcover/op-lung-magsafe-galaxy-s25-plus-nhua-deo-tpu-samsung-x-spigen-enzo-aramid-den
[2025-03-01T17:16:24.955+0000] {subprocess.py:93} INFO - 2025-03-01 17:16:24 [root] INFO: cnt: 64
[2025-03-01T17:16:25.182+0000] {subprocess.py:93} INFO - 2025-03-01 17:16:25 [root] INFO: URL: https://www.thegioididong.com/op-lung-flipcover/op-lung-magsafe-galaxy-s25-nhua-deo-tpu-samsung-x-spigen-enzo-aramid-den
[2025-03-01T17:16:25.194+0000] {subprocess.py:93} INFO - 2025-03-01 17:16:25 [root] INFO: cnt: 65
[2025-03-01T17:16:25.424+0000] {subprocess.py:93} INFO - 2025-03-01 17:16:25 [root] INFO: URL: https://www.thegioididong.com/op-lung-flipcover/op-lung-magsafe-galaxy-s25-ultra-nhua-pc-tpu-samsung-trong
[2025-03-01T17:16:25.437+0000] {subprocess.py:93} INFO - 2025-03-01 17:16:25 [root] INFO: cnt: 66
[2025-03-01T17:16:25.693+0000] {subprocess.py:93} INFO - 2025-03-01 17:16:25 [root] INFO: URL: https://www.thegioididong.com/man-hinh-may-tinh/acer-sa272u-e-27-inch-2k-ips-100hz-4ms-trang
[2025-03-01T17:16:25.705+0000] {subprocess.py:93} INFO - 2025-03-01 17:16:25 [root] INFO: cnt: 67
[2025-03-01T17:16:25.917+0000] {subprocess.py:93} INFO - 2025-03-01 17:16:25 [root] INFO: URL: https://www.thegioididong.com/man-hinh-may-tinh/xiaomi-a27qi-27-inch-2k-ips-100hz-6ms
[2025-03-01T17:16:25.929+0000] {subprocess.py:93} INFO - 2025-03-01 17:16:25 [root] INFO: cnt: 68
[2025-03-01T17:16:26.367+0000] {subprocess.py:93} INFO - 2025-03-01 17:16:26 [root] INFO: URL: https://www.thegioididong.com/man-hinh-may-tinh/acer-sa272u-e-27-inch-2k-ips-100hz-4ms
[2025-03-01T17:16:26.376+0000] {subprocess.py:93} INFO - 2025-03-01 17:16:26 [root] INFO: cnt: 69
[2025-03-01T17:16:26.481+0000] {subprocess.py:93} INFO - 2025-03-01 17:16:26 [root] INFO: URL: https://www.thegioididong.com/man-hinh-may-tinh/acer-ek251q-g-24-5-inch-fhd-ips-120hz-4ms
[2025-03-01T17:16:26.496+0000] {subprocess.py:93} INFO - 2025-03-01 17:16:26 [root] INFO: cnt: 70
[2025-03-01T17:16:26.602+0000] {subprocess.py:93} INFO - 2025-03-01 17:16:26 [root] INFO: URL: https://www.thegioididong.com/man-hinh-may-tinh/acer-ed320q-x-31-5-inch-fhd-va-240hz-5ms
[2025-03-01T17:16:26.616+0000] {subprocess.py:93} INFO - 2025-03-01 17:16:26 [root] INFO: cnt: 71
[2025-03-01T17:16:26.784+0000] {subprocess.py:93} INFO - 2025-03-01 17:16:26 [root] INFO: URL: https://www.thegioididong.com/man-hinh-may-tinh/acer-ek241y-g-23-8-inch-fhd-ips-120hz-4ms
[2025-03-01T17:16:26.796+0000] {subprocess.py:93} INFO - 2025-03-01 17:16:26 [root] INFO: cnt: 72
[2025-03-01T17:16:26.988+0000] {subprocess.py:93} INFO - 2025-03-01 17:16:26 [root] INFO: URL: https://www.thegioididong.com/man-hinh-may-tinh/acer-ek221q-e3-21-5-inch-fhd-ips-100hz-5ms
[2025-03-01T17:16:26.997+0000] {subprocess.py:93} INFO - 2025-03-01 17:16:26 [root] INFO: cnt: 73
[2025-03-01T17:16:27.162+0000] {subprocess.py:93} INFO - 2025-03-01 17:16:27 [root] INFO: URL: https://www.thegioididong.com/man-hinh-may-tinh/acer-nitro-kg270-x1-27-inch-fhd-ips-200hz-4ms
[2025-03-01T17:16:27.177+0000] {subprocess.py:93} INFO - 2025-03-01 17:16:27 [root] INFO: cnt: 74
[2025-03-01T17:16:27.357+0000] {subprocess.py:93} INFO - 2025-03-01 17:16:27 [root] INFO: URL: https://www.thegioididong.com/man-hinh-may-tinh/acer-nitro-kg240y-x1-23-8-inch-fhd-ips-200hz-4ms
[2025-03-01T17:16:27.369+0000] {subprocess.py:93} INFO - 2025-03-01 17:16:27 [root] INFO: cnt: 75
[2025-03-01T17:16:27.521+0000] {subprocess.py:93} INFO - 2025-03-01 17:16:27 [root] INFO: URL: https://www.thegioididong.com/may-tinh-de-ban/asus-aio-a3402wvak-i5-1335u-23-8-inch-wpc104w
[2025-03-01T17:16:27.537+0000] {subprocess.py:93} INFO - 2025-03-01 17:16:27 [root] INFO: cnt: 76
[2025-03-01T17:16:27.702+0000] {subprocess.py:93} INFO - 2025-03-01 17:16:27 [root] INFO: URL: https://www.thegioididong.com/may-tinh-de-ban/asus-s500se-i3-13100-8gb-512gb-s500se-313100070w
[2025-03-01T17:16:27.713+0000] {subprocess.py:93} INFO - 2025-03-01 17:16:27 [root] INFO: cnt: 77
[2025-03-01T17:16:28.031+0000] {subprocess.py:93} INFO - 2025-03-01 17:16:28 [root] INFO: URL: https://www.thegioididong.com/may-tinh-de-ban/asus-s500se-i3-13100-8gb-256gb-s500se-313100069w
[2025-03-01T17:16:28.040+0000] {subprocess.py:93} INFO - 2025-03-01 17:16:28 [root] INFO: cnt: 78
[2025-03-01T17:16:28.295+0000] {subprocess.py:93} INFO - 2025-03-01 17:16:28 [root] INFO: URL: https://www.thegioididong.com/may-tinh-de-ban/minipc-singpc-i12450h682-w-i5-12450h
[2025-03-01T17:16:28.304+0000] {subprocess.py:93} INFO - 2025-03-01 17:16:28 [root] INFO: cnt: 79
[2025-03-01T17:16:28.560+0000] {subprocess.py:93} INFO - 2025-03-01 17:16:28 [root] INFO: URL: https://www.thegioididong.com/dong-ho-thong-minh/huawei-watch-gt-5-41mm-vien-thep-day-milanese
[2025-03-01T17:16:28.577+0000] {subprocess.py:93} INFO - 2025-03-01 17:16:28 [root] INFO: cnt: 80
[2025-03-01T17:16:45.434+0000] {subprocess.py:93} INFO - 2025-03-01 17:16:45 [scrapy.core.engine] INFO: Closing spider (finished)
[2025-03-01T17:16:45.435+0000] {subprocess.py:93} INFO - 2025-03-01 17:16:45 [root] INFO: Spider closed: finished
[2025-03-01T17:16:45.460+0000] {subprocess.py:93} INFO - 2025-03-01 17:16:45 [scrapy.statscollectors] INFO: Dumping Scrapy stats:
[2025-03-01T17:16:45.460+0000] {subprocess.py:93} INFO - {'downloader/request_bytes': 192400,
[2025-03-01T17:16:45.461+0000] {subprocess.py:93} INFO -  'downloader/request_count': 191,
[2025-03-01T17:16:45.462+0000] {subprocess.py:93} INFO -  'downloader/request_method_count/GET': 191,
[2025-03-01T17:16:45.462+0000] {subprocess.py:93} INFO -  'downloader/response_bytes': 12746085,
[2025-03-01T17:16:45.463+0000] {subprocess.py:93} INFO -  'downloader/response_count': 191,
[2025-03-01T17:16:45.464+0000] {subprocess.py:93} INFO -  'downloader/response_status_count/200': 191,
[2025-03-01T17:16:45.464+0000] {subprocess.py:93} INFO -  'elapsed_time_seconds': 45.901798,
[2025-03-01T17:16:45.465+0000] {subprocess.py:93} INFO -  'finish_reason': 'finished',
[2025-03-01T17:16:45.465+0000] {subprocess.py:93} INFO -  'finish_time': datetime.datetime(2025, 3, 1, 17, 16, 45, 434648, tzinfo=datetime.timezone.utc),
[2025-03-01T17:16:45.466+0000] {subprocess.py:93} INFO -  'httpcompression/response_bytes': 48963406,
[2025-03-01T17:16:45.466+0000] {subprocess.py:93} INFO -  'httpcompression/response_count': 191,
[2025-03-01T17:16:45.467+0000] {subprocess.py:93} INFO -  'items_per_minute': None,
[2025-03-01T17:16:45.467+0000] {subprocess.py:93} INFO -  'log_count/ERROR': 7,
[2025-03-01T17:16:45.468+0000] {subprocess.py:93} INFO -  'log_count/INFO': 352,
[2025-03-01T17:16:45.469+0000] {subprocess.py:93} INFO -  'memusage/max': 179580928,
[2025-03-01T17:16:45.469+0000] {subprocess.py:93} INFO -  'memusage/startup': 179580928,
[2025-03-01T17:16:45.470+0000] {subprocess.py:93} INFO -  'request_depth_max': 2,
[2025-03-01T17:16:45.470+0000] {subprocess.py:93} INFO -  'response_received_count': 191,
[2025-03-01T17:16:45.471+0000] {subprocess.py:93} INFO -  'responses_per_minute': None,
[2025-03-01T17:16:45.472+0000] {subprocess.py:93} INFO -  'scheduler/dequeued': 191,
[2025-03-01T17:16:45.472+0000] {subprocess.py:93} INFO -  'scheduler/dequeued/memory': 191,
[2025-03-01T17:16:45.473+0000] {subprocess.py:93} INFO -  'scheduler/enqueued': 191,
[2025-03-01T17:16:45.473+0000] {subprocess.py:93} INFO -  'scheduler/enqueued/memory': 191,
[2025-03-01T17:16:45.474+0000] {subprocess.py:93} INFO -  'spider_exceptions/TypeError': 7,
[2025-03-01T17:16:45.475+0000] {subprocess.py:93} INFO -  'start_time': datetime.datetime(2025, 3, 1, 17, 15, 59, 532850, tzinfo=datetime.timezone.utc)}
[2025-03-01T17:16:45.475+0000] {subprocess.py:93} INFO - 2025-03-01 17:16:45 [scrapy.core.engine] INFO: Spider closed (finished)
[2025-03-01T17:16:45.493+0000] {subprocess.py:93} INFO - <module 'posixpath' (frozen)>
[2025-03-01T17:16:45.494+0000] {subprocess.py:93} INFO - Tp /opt/crawler/tgdd_crawler/tgdd_crawler/crawler/tgdd_crawler/tgdd_crawler/metadata.json khng tn ti.
[2025-03-01T17:16:45.665+0000] {subprocess.py:97} INFO - Command exited with return code 0
[2025-03-01T17:16:45.666+0000] {taskinstance.py:441} INFO - ::group::Post task execution logs
[2025-03-01T17:16:45.691+0000] {taskinstance.py:1206} INFO - Marking task as SUCCESS. dag_id=crawl_thegioididong_daily, task_id=crawl, run_id=manual__2025-03-01T17:15:56.848057+00:00, execution_date=20250301T171556, start_date=20250301T171557, end_date=20250301T171645
[2025-03-01T17:16:45.722+0000] {local_task_job_runner.py:243} INFO - Task exited with return code 0
[2025-03-01T17:16:45.739+0000] {taskinstance.py:3503} INFO - 1 downstream tasks scheduled from follow-on schedule check
[2025-03-01T17:16:45.741+0000] {local_task_job_runner.py:222} INFO - ::endgroup::
