[2025-03-01T16:33:30.015+0000] {local_task_job_runner.py:120} INFO - ::group::Pre task execution logs
[2025-03-01T16:33:30.108+0000] {taskinstance.py:2076} INFO - Dependencies all met for dep_context=non-requeueable deps ti=<TaskInstance: normalize_thegioididong_daily.normalize_task manual__2025-03-01T16:33:28.115610+00:00 [queued]>
[2025-03-01T16:33:30.178+0000] {taskinstance.py:2076} INFO - Dependencies all met for dep_context=requeueable deps ti=<TaskInstance: normalize_thegioididong_daily.normalize_task manual__2025-03-01T16:33:28.115610+00:00 [queued]>
[2025-03-01T16:33:30.179+0000] {taskinstance.py:2306} INFO - Starting attempt 1 of 1
[2025-03-01T16:33:30.242+0000] {taskinstance.py:2330} INFO - Executing <Task(PythonOperator): normalize_task> on 2025-03-01 16:33:28.115610+00:00
[2025-03-01T16:33:30.258+0000] {warnings.py:112} WARNING - /home/***/.local/lib/python3.12/site-packages/***/task/task_runner/standard_task_runner.py:62: DeprecationWarning: This process (pid=248) is multi-threaded, use of fork() may lead to deadlocks in the child.
  pid = os.fork()

[2025-03-01T16:33:30.258+0000] {standard_task_runner.py:90} INFO - Running: ['***', 'tasks', 'run', 'normalize_thegioididong_daily', 'normalize_task', 'manual__2025-03-01T16:33:28.115610+00:00', '--job-id', '156', '--raw', '--subdir', 'DAGS_FOLDER/normalize_daily_tgdd.py', '--cfg-path', '/tmp/tmpkqloap8h']
[2025-03-01T16:33:30.262+0000] {standard_task_runner.py:64} INFO - Started process 249 to run task
[2025-03-01T16:33:30.263+0000] {standard_task_runner.py:91} INFO - Job 156: Subtask normalize_task
[2025-03-01T16:33:30.391+0000] {task_command.py:426} INFO - Running <TaskInstance: normalize_thegioididong_daily.normalize_task manual__2025-03-01T16:33:28.115610+00:00 [running]> on host 934a1bc80592
[2025-03-01T16:33:30.663+0000] {taskinstance.py:2648} INFO - Exporting env vars: AIRFLOW_CTX_DAG_OWNER='***' AIRFLOW_CTX_DAG_ID='normalize_thegioididong_daily' AIRFLOW_CTX_TASK_ID='normalize_task' AIRFLOW_CTX_EXECUTION_DATE='2025-03-01T16:33:28.115610+00:00' AIRFLOW_CTX_TRY_NUMBER='1' AIRFLOW_CTX_DAG_RUN_ID='manual__2025-03-01T16:33:28.115610+00:00'
[2025-03-01T16:33:30.665+0000] {taskinstance.py:430} INFO - ::endgroup::
[2025-03-01T16:33:30.701+0000] {logging_mixin.py:188} INFO - ['/home/***/.local/bin', '/usr/local/lib/python312.zip', '/usr/local/lib/python3.12', '/usr/local/lib/python3.12/lib-dynload', '/home/***/.local/lib/python3.12/site-packages', '/opt/***/dags', '/opt/***/config', '/opt/***/plugins']
[2025-03-01T16:33:30.702+0000] {python.py:237} INFO - Done. Returned value was: None
[2025-03-01T16:33:30.706+0000] {taskinstance.py:441} INFO - ::group::Post task execution logs
[2025-03-01T16:33:30.720+0000] {taskinstance.py:1206} INFO - Marking task as SUCCESS. dag_id=normalize_thegioididong_daily, task_id=normalize_task, run_id=manual__2025-03-01T16:33:28.115610+00:00, execution_date=20250301T163328, start_date=20250301T163330, end_date=20250301T163330
[2025-03-01T16:33:30.765+0000] {local_task_job_runner.py:243} INFO - Task exited with return code 0
[2025-03-01T16:33:30.784+0000] {taskinstance.py:3503} INFO - 0 downstream tasks scheduled from follow-on schedule check
[2025-03-01T16:33:30.787+0000] {local_task_job_runner.py:222} INFO - ::endgroup::
